+++ Source 'observed-CH3OHvt=0' added
 |- Component added to 'observed-CH3OHvt=0' (observed-CH3OHvt=0-c1)
 ---+ Model: mol_list = ['CH3OHvt=0'] @ spa_form=('normal', 65.796408742044, 48.64087135869447, 0.9024194474009821), spe_form=('skew', 8, 0), z=0.0, grad=('linear', 0.9024194474009821, 131.83884676125766)
+++ Source 'observed-SO2v=0' added
 |- Component added to 'observed-SO2v=0' (observed-SO2v=0-c1)
 ---+ Model: mol_list = ['SO2v=0'] @ spa_form=('normal', 75.750613122488, 99.42887825880791, 0.08635133327806871), spe_form=('skew', 8, 0), z=0.0, grad=('linear', 0.08635133327806871, 17.816275055441842)
+++ Source 'observed-33SO2' added
 |- Component added to 'observed-33SO2' (observed-33SO2-c1)
 ---+ Model: mol_list = ['33SO2'] @ spa_form=('normal', 139.1407609301591, 67.53383116385307, 2.397636398259822), spe_form=('skew', 8, 0), z=0.0, grad=('linear', 2.397636398259822, 69.92369926993237)
+++ Source 'observed-HC15Nv=0' added
 |- Component added to 'observed-HC15Nv=0' (observed-HC15Nv=0-c1)
 ---+ Model: mol_list = ['HC15Nv=0'] @ spa_form=('normal', 54.78424317173908, 53.467855436182425, 0.8726651946020338), spe_form=('skew', 8, 0), z=0.0, grad=('linear', 0.8726651946020338, 70.99725503836126)
+++ Source 'observed-H13CNv=0' added
 |- Component added to 'observed-H13CNv=0' (observed-H13CNv=0-c1)
 ---+ Model: mol_list = ['H13CNv=0'] @ spa_form=('normal', 132.20199225859616, 55.26063565791711, 2.140714892798423), spe_form=('skew', 8, 0), z=0.0, grad=('linear', 2.140714892798423, 50.78183317492224)
+++ Source 'observed-H2C34S' added
 |- Component added to 'observed-H2C34S' (observed-H2C34S-c1)
 ---+ Model: mol_list = ['H2C34S'] @ spa_form=('normal', 67.83654728669279, 85.8859305961715, 0.3277239878552885), spe_form=('skew', 8, 0), z=0.0, grad=('linear', 0.3277239878552885, 22.513724200720997)
+++ Source 'observed-H2C18O' added
 |- Component added to 'observed-H2C18O' (observed-H2C18O-c1)
 ---+ Model: mol_list = ['H2C18O'] @ spa_form=('normal', 69.13895171022176, 95.40988952450743, 0.35235124156429287), spe_form=('skew', 8, 0), z=0.0, grad=('linear', 0.35235124156429287, 102.41379774384441)
+++ Source 'observed-H213CO' added
 |- Component added to 'observed-H213CO' (observed-H213CO-c1)
 ---+ Model: mol_list = ['H213CO'] @ spa_form=('normal', 88.54511841728547, 74.76897500550854, 0.2864733122179269), spe_form=('skew', 8, 0), z=0.0, grad=('linear', 0.2864733122179269, 42.02359153600596)
[*] Generating cube observerd
  |- Angular Coordinates (deg): ra=0 dec=0
  |- FOV (arcsec): ra=[-0.002777777777777778, 0.002777777777777778] dec=[-0.002777777777777778, 0.002777777777777778]
!!! WARNING: max ALMA bandwidth exceeded
  |- Spectral (MHz): center=277000 bandwidth=[275000.0, 279000.0]
  |- Cube size: 2 x 2 x 4000 
  |- Band: 7
*** Source: observed-H2C18O
  |- Projecting observed-H2C18O-c1
   --+ Generating template image
   --+ Generating template line distribution
   --+ Loading and correcting lines
      |- Projecting Formaldehyde (H2C18O) around 277062.652 Mhz, at 0.267824829298 K
      |- Projecting Formaldehyde (H2C18O) around 277562.802 Mhz, at 0.313731422682 K
      |- Projecting Formaldehyde (H2C18O) around 277675.2025 Mhz, at 0.382259569102 K
      |- Projecting Formaldehyde (H2C18O) around 277678.1029 Mhz, at 0.382259569102 K
      |- Projecting Formaldehyde (H2C18O) around 277853.3599 Mhz, at 0.193683783025 K
      |- Projecting Formaldehyde (H2C18O) around 278145.446 Mhz, at 0.31374602199 K
*** Source: observed-H13CNv=0
  |- Projecting observed-H13CNv=0-c1
   --+ Generating template image
   --+ Generating template line distribution
   --+ Loading and correcting lines
*** Source: observed-H2C34S
  |- Projecting observed-H2C34S-c1
   --+ Generating template image
   --+ Generating template line distribution
   --+ Loading and correcting lines
      |- Projecting Thioformaldehyde (H2C34S) around 277295.9149 Mhz, at 0.535845638839 K
*** Source: observed-33SO2
  |- Projecting observed-33SO2-c1
   --+ Generating template image
   --+ Generating template line distribution
   --+ Loading and correcting lines
      |- Projecting Sulfur Dioxide (33SO2) around 275160.7805 Mhz, at 0.123724481527 K
      |- Projecting Sulfur Dioxide (33SO2) around 275160.8324 Mhz, at 0.123724481527 K
      |- Projecting Sulfur Dioxide (33SO2) around 275160.9909 Mhz, at 0.123724539266 K
      |- Projecting Sulfur Dioxide (33SO2) around 275161.0124 Mhz, at 0.123724539266 K
      |- Projecting Sulfur Dioxide (33SO2) around 275828.2515 Mhz, at 0.528920887855 K
      |- Projecting Sulfur Dioxide (33SO2) around 275828.3672 Mhz, at 0.528920887855 K
      |- Projecting Sulfur Dioxide (33SO2) around 275831.1722 Mhz, at 0.528920887855 K
      |- Projecting Sulfur Dioxide (33SO2) around 275831.2604 Mhz, at 0.528921134685 K
      |- Projecting Sulfur Dioxide (33SO2) around 276035.3021 Mhz, at 0.145151342136 K
      |- Projecting Sulfur Dioxide (33SO2) around 276035.3702 Mhz, at 0.145151342136 K
      |- Projecting Sulfur Dioxide (33SO2) around 276037.6419 Mhz, at 0.14515126956 K
      |- Projecting Sulfur Dioxide (33SO2) around 276037.6851 Mhz, at 0.145151342136 K
*** Source: observed-CH3OHvt=0
  |- Projecting observed-CH3OHvt=0-c1
   --+ Generating template image
   --+ Generating template line distribution
   --+ Loading and correcting lines
      |- Projecting Methanol (CH3OHvt=0) around 276648.18 Mhz, at 0.412326269079 K
      |- Projecting Methanol (CH3OHvt=0) around 276925.919 Mhz, at 0.297750280765 K
      |- Projecting Methanol (CH3OHvt=0) around 277940.773 Mhz, at 0.132336406922 K
      |- Projecting Methanol (CH3OHvt=0) around 278186.616 Mhz, at 0.132341484326 K
      |- Projecting Methanol (CH3OHvt=0) around 278304.51 Mhz, at 0.2153673521 K
      |- Projecting Methanol (CH3OHvt=0) around 278342.257 Mhz, at 0.166553062308 K
      |- Projecting Methanol (CH3OHvt=0) around 278480.23 Mhz, at 0.184477096554 K
      |- Projecting Methanol (CH3OHvt=0) around 278599.055 Mhz, at 0.38866258813 K
      |- Projecting Methanol (CH3OHvt=0) around 278672.92 Mhz, at 0.202964438628 K
      |- Projecting Methanol (CH3OHvt=0) around 278723.25 Mhz, at 0.202966387096 K
*** Source: observed-HC15Nv=0
  |- Projecting observed-HC15Nv=0-c1
   --+ Generating template image
   --+ Generating template line distribution
   --+ Loading and correcting lines
*** Source: observed-H213CO
  |- Projecting observed-H213CO-c1
   --+ Generating template image
   --+ Generating template line distribution
   --+ Loading and correcting lines
*** Source: observed-SO2v=0
  |- Projecting observed-SO2v=0-c1
   --+ Generating template image
   --+ Generating template line distribution
   --+ Loading and correcting lines
      |- Projecting Sulfur dioxide (SO2v=0) around 275240.184 Mhz, at 1.07244381026 K
      |- Projecting Sulfur dioxide (SO2v=0) around 275375.7013 Mhz, at 0.507007514372 K
      |- Projecting Sulfur dioxide (SO2v=0) around 276254.5765 Mhz, at 1.06163776714 K
      |- Projecting Sulfur dioxide (SO2v=0) around 276301.2521 Mhz, at 0.170989278903 K
      |- Projecting Sulfur dioxide (SO2v=0) around 276558.3672 Mhz, at 0.410524232189 K
      |- Projecting Sulfur dioxide (SO2v=0) around 278250.9723 Mhz, at 1.84092398698 K
   -++ Saving FITS: data/cube_variable_width_79.fits
