+++ Source 'observed-SO2v=0' added
 |- Component added to 'observed-SO2v=0' (observed-SO2v=0-c1)
 ---+ Model: mol_list = ['SO2v=0'] @ spa_form=('normal', 104.66889771993687, 68.01253789188283, 2.775720098770142), spe_form=('skew', 8, 0), z=0.0, grad=('linear', 2.775720098770142, 31.562114431499623)
+++ Source 'observed-33SO2' added
 |- Component added to 'observed-33SO2' (observed-33SO2-c1)
 ---+ Model: mol_list = ['33SO2'] @ spa_form=('normal', 109.82615518356914, 77.25802433623619, 2.6161786625083243), spe_form=('skew', 8, 0), z=0.0, grad=('linear', 2.6161786625083243, 79.95055500220023)
+++ Source 'observed-SO2v2=1' added
 |- Component added to 'observed-SO2v2=1' (observed-SO2v2=1-c1)
 ---+ Model: mol_list = ['SO2v2=1'] @ spa_form=('normal', 137.01782323570487, 55.46546374695044, 0.48894673904926056), spe_form=('skew', 8, 0), z=0.0, grad=('linear', 0.48894673904926056, 71.57243732995174)
+++ Source 'observed-H13CNv2=1' added
 |- Component added to 'observed-H13CNv2=1' (observed-H13CNv2=1-c1)
 ---+ Model: mol_list = ['H13CNv2=1'] @ spa_form=('normal', 121.00789186513458, 97.24631326158072, 2.9304580436083656), spe_form=('skew', 8, 0), z=0.0, grad=('linear', 2.9304580436083656, 149.69178518979845)
+++ Source 'observed-H2C34S' added
 |- Component added to 'observed-H2C34S' (observed-H2C34S-c1)
 ---+ Model: mol_list = ['H2C34S'] @ spa_form=('normal', 73.48646189323779, 90.19148263659197, 0.5163998351060286), spe_form=('skew', 8, 0), z=0.0, grad=('linear', 0.5163998351060286, 83.2702806233816)
+++ Source 'observed-H2C18O' added
 |- Component added to 'observed-H2C18O' (observed-H2C18O-c1)
 ---+ Model: mol_list = ['H2C18O'] @ spa_form=('normal', 95.02646612301022, 95.95658764825774, 1.2084636663544277), spe_form=('skew', 8, 0), z=0.0, grad=('linear', 1.2084636663544277, 78.80794563982185)
+++ Source 'observed-H213CO' added
 |- Component added to 'observed-H213CO' (observed-H213CO-c1)
 ---+ Model: mol_list = ['H213CO'] @ spa_form=('normal', 65.55408684508076, 55.340897928577554, 0.2761273289926905), spe_form=('skew', 8, 0), z=0.0, grad=('linear', 0.2761273289926905, 67.60263838209644)
[*] Generating cube observerd
  |- Angular Coordinates (deg): ra=0 dec=0
  |- FOV (arcsec): ra=[-0.002777777777777778, 0.002777777777777778] dec=[-0.002777777777777778, 0.002777777777777778]
!!! WARNING: max ALMA bandwidth exceeded
  |- Spectral (MHz): center=604000 bandwidth=[602000.0, 606000.0]
  |- Cube size: 2 x 2 x 4000 
  |- Band: 9
*** Source: observed-H2C18O
  |- Projecting observed-H2C18O-c1
   --+ Generating template image
   --+ Generating template line distribution
   --+ Loading and correcting lines
      |- Projecting Formaldehyde (H2C18O) around 603231.51 Mhz, at 0.781089524219 K
*** Source: observed-H13CNv2=1
  |- Projecting observed-H13CNv2=1-c1
   --+ Generating template image
   --+ Generating template line distribution
   --+ Loading and correcting lines
*** Source: observed-H2C34S
  |- Projecting observed-H2C34S-c1
   --+ Generating template image
   --+ Generating template line distribution
   --+ Loading and correcting lines
*** Source: observed-33SO2
  |- Projecting observed-33SO2-c1
   --+ Generating template image
   --+ Generating template line distribution
   --+ Loading and correcting lines
      |- Projecting Sulfur Dioxide (33SO2) around 602337.0627 Mhz, at 0.806550466288 K
      |- Projecting Sulfur Dioxide (33SO2) around 602338.0039 Mhz, at 0.806550466288 K
      |- Projecting Sulfur Dioxide (33SO2) around 602348.9212 Mhz, at 0.806549686623 K
      |- Projecting Sulfur Dioxide (33SO2) around 602349.8184 Mhz, at 0.806549283348 K
      |- Projecting Sulfur Dioxide (33SO2) around 602488.3231 Mhz, at 0.961510453185 K
      |- Projecting Sulfur Dioxide (33SO2) around 602499.1576 Mhz, at 0.961509042971 K
      |- Projecting Sulfur Dioxide (33SO2) around 603112.9816 Mhz, at 1.08750385021 K
      |- Projecting Sulfur Dioxide (33SO2) around 603113.1191 Mhz, at 1.08750385021 K
      |- Projecting Sulfur Dioxide (33SO2) around 603113.2126 Mhz, at 1.08750385021 K
      |- Projecting Sulfur Dioxide (33SO2) around 603113.2683 Mhz, at 1.08750385021 K
      |- Projecting Sulfur Dioxide (33SO2) around 604736.5656 Mhz, at 0.601153135584 K
      |- Projecting Sulfur Dioxide (33SO2) around 604736.767 Mhz, at 0.601153135584 K
      |- Projecting Sulfur Dioxide (33SO2) around 604736.8741 Mhz, at 0.601153135584 K
      |- Projecting Sulfur Dioxide (33SO2) around 604736.8962 Mhz, at 0.601153135584 K
      |- Projecting Sulfur Dioxide (33SO2) around 604736.926 Mhz, at 0.601153135584 K
      |- Projecting Sulfur Dioxide (33SO2) around 604736.9663 Mhz, at 0.601153135584 K
      |- Projecting Sulfur Dioxide (33SO2) around 604736.9892 Mhz, at 0.601153135584 K
      |- Projecting Sulfur Dioxide (33SO2) around 605162.1267 Mhz, at 0.672885626913 K
      |- Projecting Sulfur Dioxide (33SO2) around 605162.2359 Mhz, at 0.672885626913 K
      |- Projecting Sulfur Dioxide (33SO2) around 605162.3107 Mhz, at 0.672885626913 K
      |- Projecting Sulfur Dioxide (33SO2) around 605162.3529 Mhz, at 0.672885626913 K
      |- Projecting Sulfur Dioxide (33SO2) around 605357.5302 Mhz, at 0.690226476156 K
      |- Projecting Sulfur Dioxide (33SO2) around 605366.9145 Mhz, at 0.690226476156 K
      |- Projecting Sulfur Dioxide (33SO2) around 605367.499 Mhz, at 0.690227488489 K
      |- Projecting Sulfur Dioxide (33SO2) around 605367.499 Mhz, at 0.690227488489 K
      |- Projecting Sulfur Dioxide (33SO2) around 605367.499 Mhz, at 0.690226476156 K
      |- Projecting Sulfur Dioxide (33SO2) around 605367.499 Mhz, at 0.690226476156 K
      |- Projecting Sulfur Dioxide (33SO2) around 605377.1052 Mhz, at 0.690227488489 K
*** Source: observed-SO2v2=1
  |- Projecting observed-SO2v2=1-c1
   --+ Generating template image
   --+ Generating template line distribution
   --+ Loading and correcting lines
*** Source: observed-H213CO
  |- Projecting observed-H213CO-c1
   --+ Generating template image
   --+ Generating template line distribution
   --+ Loading and correcting lines
      |- Projecting Formaldehyde (H213CO) around 602083.584 Mhz, at 0.743585628815 K
*** Source: observed-SO2v=0
  |- Projecting observed-SO2v=0-c1
   --+ Generating template image
   --+ Generating template line distribution
   --+ Loading and correcting lines
      |- Projecting Sulfur dioxide (SO2v=0) around 604367.4364 Mhz, at 0.783506068671 K
      |- Projecting Sulfur dioxide (SO2v=0) around 604406.5377 Mhz, at 0.746983906476 K
      |- Projecting Sulfur dioxide (SO2v=0) around 605532.5228 Mhz, at 0.949167141919 K
   -++ Saving FITS: data/cube_fixed_width_2.fits
