+++ Source 'observed-CH3OHvt=0' added
 |- Component added to 'observed-CH3OHvt=0' (observed-CH3OHvt=0-c1)
 ---+ Model: mol_list = ['CH3OHvt=0'] @ spa_form=('normal', 140.1356125978221, 41.698920685048726, 0.2659833311189245), spe_form=('skew', 8, 0), z=0.0, grad=('linear', 0.2659833311189245, 121.38297532139194)
+++ Source 'observed-33SO2' added
 |- Component added to 'observed-33SO2' (observed-33SO2-c1)
 ---+ Model: mol_list = ['33SO2'] @ spa_form=('normal', 69.18786588869348, 55.49178943856626, 2.4997450042005775), spe_form=('skew', 8, 0), z=0.0, grad=('linear', 2.4997450042005775, 25.87311406206215)
+++ Source 'observed-OS18O' added
 |- Component added to 'observed-OS18O' (observed-OS18O-c1)
 ---+ Model: mol_list = ['OS18O'] @ spa_form=('normal', 142.46775150638138, 67.47924948220148, 0.2950328173451514), spe_form=('skew', 8, 0), z=0.0, grad=('linear', 0.2950328173451514, 76.66525038141188)
+++ Source 'observed-OS17O' added
 |- Component added to 'observed-OS17O' (observed-OS17O-c1)
 ---+ Model: mol_list = ['OS17O'] @ spa_form=('normal', 65.27459427890557, 95.11022235288819, 2.042858995099473), spe_form=('skew', 8, 0), z=0.0, grad=('linear', 2.042858995099473, 124.32336099960915)
+++ Source 'observed-H13CNv2=1' added
 |- Component added to 'observed-H13CNv2=1' (observed-H13CNv2=1-c1)
 ---+ Model: mol_list = ['H13CNv2=1'] @ spa_form=('normal', 80.6699905831846, 87.432252100381, 1.2024596058362014), spe_form=('skew', 8, 0), z=0.0, grad=('linear', 1.2024596058362014, 70.97916629566325)
+++ Source 'observed-H13CNv=0' added
 |- Component added to 'observed-H13CNv=0' (observed-H13CNv=0-c1)
 ---+ Model: mol_list = ['H13CNv=0'] @ spa_form=('normal', 141.46856619648963, 83.98774865683295, 1.0590474398262408), spe_form=('skew', 8, 0), z=0.0, grad=('linear', 1.0590474398262408, 137.96074759402705)
+++ Source 'observed-H213CS' added
 |- Component added to 'observed-H213CS' (observed-H213CS-c1)
 ---+ Model: mol_list = ['H213CS'] @ spa_form=('normal', 126.6694773708032, 83.08487907272885, 1.5345327797226531), spe_form=('skew', 8, 0), z=0.0, grad=('linear', 1.5345327797226531, 101.20431343980792)
+++ Source 'observed-H2C34S' added
 |- Component added to 'observed-H2C34S' (observed-H2C34S-c1)
 ---+ Model: mol_list = ['H2C34S'] @ spa_form=('normal', 67.54788646158768, 76.0040864785625, 2.1660420476213718), spe_form=('skew', 8, 0), z=0.0, grad=('linear', 2.1660420476213718, 60.50935895446675)
+++ Source 'observed-H2C18O' added
 |- Component added to 'observed-H2C18O' (observed-H2C18O-c1)
 ---+ Model: mol_list = ['H2C18O'] @ spa_form=('normal', 86.70307804204042, 96.83651491274011, 2.835123730702476), spe_form=('skew', 8, 0), z=0.0, grad=('linear', 2.835123730702476, 59.998359960177204)
+++ Source 'observed-H213CO' added
 |- Component added to 'observed-H213CO' (observed-H213CO-c1)
 ---+ Model: mol_list = ['H213CO'] @ spa_form=('normal', 94.40778470978864, 65.23623186404427, 1.1500752631897033), spe_form=('skew', 8, 0), z=0.0, grad=('linear', 1.1500752631897033, 116.35244869948525)
[*] Generating cube observerd
  |- Angular Coordinates (deg): ra=0 dec=0
  |- FOV (arcsec): ra=[-0.002777777777777778, 0.002777777777777778] dec=[-0.002777777777777778, 0.002777777777777778]
!!! WARNING: max ALMA bandwidth exceeded
  |- Spectral (MHz): center=604000 bandwidth=[602000.0, 606000.0]
  |- Cube size: 2 x 2 x 4000 
  |- Band: 9
*** Source: observed-OS18O
  |- Projecting observed-OS18O-c1
   --+ Generating template image
   --+ Generating template line distribution
   --+ Loading and correcting lines
      |- Projecting Sulfur Dioxide (OS18O) around 602313.3835 Mhz, at 1.16175333755 K
      |- Projecting Sulfur Dioxide (OS18O) around 603090.155 Mhz, at 0.947143747488 K
      |- Projecting Sulfur Dioxide (OS18O) around 603608.7849 Mhz, at 0.813410341647 K
      |- Projecting Sulfur Dioxide (OS18O) around 605850.3965 Mhz, at 0.526259958057 K
*** Source: observed-H2C18O
  |- Projecting observed-H2C18O-c1
   --+ Generating template image
   --+ Generating template line distribution
   --+ Loading and correcting lines
      |- Projecting Formaldehyde (H2C18O) around 603231.51 Mhz, at 1.04650001276 K
*** Source: observed-H213CS
  |- Projecting observed-H213CS-c1
   --+ Generating template image
   --+ Generating template line distribution
   --+ Loading and correcting lines
*** Source: observed-H13CNv2=1
  |- Projecting observed-H13CNv2=1-c1
   --+ Generating template image
   --+ Generating template line distribution
   --+ Loading and correcting lines
*** Source: observed-H2C34S
  |- Projecting observed-H2C34S-c1
   --+ Generating template image
   --+ Generating template line distribution
   --+ Loading and correcting lines
      |- Projecting Thioformaldehyde (H2C34S) around 604710.9998 Mhz, at 1.04728331846 K
*** Source: observed-33SO2
  |- Projecting observed-33SO2-c1
   --+ Generating template image
   --+ Generating template line distribution
   --+ Loading and correcting lines
      |- Projecting Sulfur Dioxide (33SO2) around 602337.0627 Mhz, at 0.684920665782 K
      |- Projecting Sulfur Dioxide (33SO2) around 602338.0039 Mhz, at 0.684920665782 K
      |- Projecting Sulfur Dioxide (33SO2) around 602348.9212 Mhz, at 0.684920003693 K
      |- Projecting Sulfur Dioxide (33SO2) around 602349.8184 Mhz, at 0.684919661233 K
      |- Projecting Sulfur Dioxide (33SO2) around 602488.3231 Mhz, at 0.816512304286 K
      |- Projecting Sulfur Dioxide (33SO2) around 602499.1576 Mhz, at 0.816511106736 K
      |- Projecting Sulfur Dioxide (33SO2) around 603112.9816 Mhz, at 0.923505586151 K
      |- Projecting Sulfur Dioxide (33SO2) around 603113.1191 Mhz, at 0.923505586151 K
      |- Projecting Sulfur Dioxide (33SO2) around 603113.2126 Mhz, at 0.923505586151 K
      |- Projecting Sulfur Dioxide (33SO2) around 603113.2683 Mhz, at 0.923505586151 K
      |- Projecting Sulfur Dioxide (33SO2) around 604736.5656 Mhz, at 0.510497759373 K
      |- Projecting Sulfur Dioxide (33SO2) around 604736.767 Mhz, at 0.510497759373 K
      |- Projecting Sulfur Dioxide (33SO2) around 604736.8741 Mhz, at 0.510497759373 K
      |- Projecting Sulfur Dioxide (33SO2) around 604736.8962 Mhz, at 0.510497759373 K
      |- Projecting Sulfur Dioxide (33SO2) around 604736.926 Mhz, at 0.510497759373 K
      |- Projecting Sulfur Dioxide (33SO2) around 604736.9663 Mhz, at 0.510497759373 K
      |- Projecting Sulfur Dioxide (33SO2) around 604736.9892 Mhz, at 0.510497759373 K
      |- Projecting Sulfur Dioxide (33SO2) around 605162.1267 Mhz, at 0.571412814007 K
      |- Projecting Sulfur Dioxide (33SO2) around 605162.2359 Mhz, at 0.571412814007 K
      |- Projecting Sulfur Dioxide (33SO2) around 605162.3107 Mhz, at 0.571412814007 K
      |- Projecting Sulfur Dioxide (33SO2) around 605162.3529 Mhz, at 0.571412814007 K
      |- Projecting Sulfur Dioxide (33SO2) around 605357.5302 Mhz, at 0.586138620396 K
      |- Projecting Sulfur Dioxide (33SO2) around 605366.9145 Mhz, at 0.586138620396 K
      |- Projecting Sulfur Dioxide (33SO2) around 605367.499 Mhz, at 0.586139480066 K
      |- Projecting Sulfur Dioxide (33SO2) around 605367.499 Mhz, at 0.586139480066 K
      |- Projecting Sulfur Dioxide (33SO2) around 605367.499 Mhz, at 0.586138620396 K
      |- Projecting Sulfur Dioxide (33SO2) around 605367.499 Mhz, at 0.586138620396 K
      |- Projecting Sulfur Dioxide (33SO2) around 605377.1052 Mhz, at 0.586139480066 K
*** Source: observed-OS17O
  |- Projecting observed-OS17O-c1
   --+ Generating template image
   --+ Generating template line distribution
   --+ Loading and correcting lines
      |- Projecting Sulfur Dioxide (OS17O) around 604501.9322 Mhz, at 0.554153406806 K
*** Source: observed-CH3OHvt=0
  |- Projecting observed-CH3OHvt=0-c1
   --+ Generating template image
   --+ Generating template line distribution
   --+ Loading and correcting lines
      |- Projecting Methanol (CH3OHvt=0) around 602233.197 Mhz, at 0.660090666242 K
      |- Projecting Methanol (CH3OHvt=0) around 605587.005 Mhz, at 0.587865843966 K
*** Source: observed-H13CNv=0
  |- Projecting observed-H13CNv=0-c1
   --+ Generating template image
   --+ Generating template line distribution
   --+ Loading and correcting lines
*** Source: observed-H213CO
  |- Projecting observed-H213CO-c1
   --+ Generating template image
   --+ Generating template line distribution
   --+ Loading and correcting lines
      |- Projecting Formaldehyde (H213CO) around 602083.584 Mhz, at 0.9071480277 K
   -++ Saving FITS: data/cube_fixed_width_6.fits
