+++ Source 'observed-33SO2' added
 |- Component added to 'observed-33SO2' (observed-33SO2-c1)
 ---+ Model: mol_list = ['33SO2'] @ spa_form=('normal', 55.475555893077164, 99.52741415529599, 2.471905390071832), spe_form=('skew', 8, 0), z=0.0, grad=('linear', 2.471905390071832, 45.458626958030294)
+++ Source 'observed-34SO2v=0' added
 |- Component added to 'observed-34SO2v=0' (observed-34SO2v=0-c1)
 ---+ Model: mol_list = ['34SO2v=0'] @ spa_form=('normal', 138.37569978465643, 67.82523418617168, 1.5848799004762932), spe_form=('skew', 8, 0), z=0.0, grad=('linear', 1.5848799004762932, 53.433635927777225)
+++ Source 'observed-SO2v2=1' added
 |- Component added to 'observed-SO2v2=1' (observed-SO2v2=1-c1)
 ---+ Model: mol_list = ['SO2v2=1'] @ spa_form=('normal', 99.04450909470975, 70.13195480676077, 0.7924162941685472), spe_form=('skew', 8, 0), z=0.0, grad=('linear', 0.7924162941685472, 93.36825744278697)
+++ Source 'observed-OS17O' added
 |- Component added to 'observed-OS17O' (observed-OS17O-c1)
 ---+ Model: mol_list = ['OS17O'] @ spa_form=('normal', 112.12086616101206, 65.34261949347813, 2.348303589105643), spe_form=('skew', 8, 0), z=0.0, grad=('linear', 2.348303589105643, 83.05409528249466)
+++ Source 'observed-HC15Nv=0' added
 |- Component added to 'observed-HC15Nv=0' (observed-HC15Nv=0-c1)
 ---+ Model: mol_list = ['HC15Nv=0'] @ spa_form=('normal', 58.948423277270464, 69.21749385087006, 2.037045042058899), spe_form=('skew', 8, 0), z=0.0, grad=('linear', 2.037045042058899, 31.171170517964615)
+++ Source 'observed-H213CS' added
 |- Component added to 'observed-H213CS' (observed-H213CS-c1)
 ---+ Model: mol_list = ['H213CS'] @ spa_form=('normal', 137.39330556975102, 73.67115604114665, 2.393887184184675), spe_form=('skew', 8, 0), z=0.0, grad=('linear', 2.393887184184675, 68.74754099272657)
+++ Source 'observed-H2C18O' added
 |- Component added to 'observed-H2C18O' (observed-H2C18O-c1)
 ---+ Model: mol_list = ['H2C18O'] @ spa_form=('normal', 119.25444587386261, 44.649905821233034, 3.0117182848697825), spe_form=('skew', 8, 0), z=0.0, grad=('linear', 3.0117182848697825, 26.373487057602347)
[*] Generating cube observerd
  |- Angular Coordinates (deg): ra=0 dec=0
  |- FOV (arcsec): ra=[-0.002777777777777778, 0.002777777777777778] dec=[-0.002777777777777778, 0.002777777777777778]
!!! WARNING: max ALMA bandwidth exceeded
  |- Spectral (MHz): center=277000 bandwidth=[275000.0, 279000.0]
  |- Cube size: 2 x 2 x 4000 
  |- Band: 7
*** Source: observed-H2C18O
  |- Projecting observed-H2C18O-c1
   --+ Generating template image
   --+ Generating template line distribution
   --+ Loading and correcting lines
      |- Projecting Formaldehyde (H2C18O) around 277062.652 Mhz, at 0.721452588216 K
      |- Projecting Formaldehyde (H2C18O) around 277562.802 Mhz, at 0.845113380607 K
      |- Projecting Formaldehyde (H2C18O) around 277675.2025 Mhz, at 1.0297109354 K
      |- Projecting Formaldehyde (H2C18O) around 277678.1029 Mhz, at 1.0297109354 K
      |- Projecting Formaldehyde (H2C18O) around 277853.3599 Mhz, at 0.521735295883 K
      |- Projecting Formaldehyde (H2C18O) around 278145.446 Mhz, at 0.845152707465 K
*** Source: observed-H213CS
  |- Projecting observed-H213CS-c1
   --+ Generating template image
   --+ Generating template line distribution
   --+ Loading and correcting lines
*** Source: observed-OS17O
  |- Projecting observed-OS17O-c1
   --+ Generating template image
   --+ Generating template line distribution
   --+ Loading and correcting lines
      |- Projecting Sulfur Dioxide (OS17O) around 275054.7862 Mhz, at 0.39939552936 K
      |- Projecting Sulfur Dioxide (OS17O) around 275142.6319 Mhz, at 0.496689505875 K
      |- Projecting Sulfur Dioxide (OS17O) around 275151.3474 Mhz, at 0.496688777397 K
      |- Projecting Sulfur Dioxide (OS17O) around 275431.4561 Mhz, at 0.436377965369 K
      |- Projecting Sulfur Dioxide (OS17O) around 275846.0173 Mhz, at 0.138860374395 K
      |- Projecting Sulfur Dioxide (OS17O) around 276201.24 Mhz, at 0.293766909345 K
      |- Projecting Sulfur Dioxide (OS17O) around 277061.5867 Mhz, at 0.369845935184 K
      |- Projecting Sulfur Dioxide (OS17O) around 277365.4535 Mhz, at 0.45943577515 K
*** Source: observed-33SO2
  |- Projecting observed-33SO2-c1
   --+ Generating template image
   --+ Generating template line distribution
   --+ Loading and correcting lines
      |- Projecting Sulfur Dioxide (33SO2) around 275828.2515 Mhz, at 0.158089194584 K
      |- Projecting Sulfur Dioxide (33SO2) around 275828.3672 Mhz, at 0.158089194584 K
      |- Projecting Sulfur Dioxide (33SO2) around 275831.1722 Mhz, at 0.158089194584 K
      |- Projecting Sulfur Dioxide (33SO2) around 275831.2604 Mhz, at 0.158089268359 K
*** Source: observed-34SO2v=0
  |- Projecting observed-34SO2v=0-c1
   --+ Generating template image
   --+ Generating template line distribution
   --+ Loading and correcting lines
      |- Projecting Sulfur Dioxide (34SO2v=0) around 275434.2181 Mhz, at 1.48138846642 K
      |- Projecting Sulfur Dioxide (34SO2v=0) around 276483.977 Mhz, at 1.24574536099 K
      |- Projecting Sulfur Dioxide (34SO2v=0) around 276999.6054 Mhz, at 0.655802720839 K
      |- Projecting Sulfur Dioxide (34SO2v=0) around 277150.575 Mhz, at 0.731713770283 K
      |- Projecting Sulfur Dioxide (34SO2v=0) around 277470.0761 Mhz, at 0.391915169991 K
      |- Projecting Sulfur Dioxide (34SO2v=0) around 277475.9774 Mhz, at 0.191436899275 K
      |- Projecting Sulfur Dioxide (34SO2v=0) around 278835.2175 Mhz, at 0.821370987377 K
*** Source: observed-HC15Nv=0
  |- Projecting observed-HC15Nv=0-c1
   --+ Generating template image
   --+ Generating template line distribution
   --+ Loading and correcting lines
*** Source: observed-SO2v2=1
  |- Projecting observed-SO2v2=1-c1
   --+ Generating template image
   --+ Generating template line distribution
   --+ Loading and correcting lines
      |- Projecting Sulfur dioxide (SO2v2=1) around 275061.7269 Mhz, at 0.132356724626 K
      |- Projecting Sulfur dioxide (SO2v2=1) around 278849.6017 Mhz, at 0.123395462089 K
   -++ Saving FITS: data/cube_variable_width_98.fits
