+++ Source 'observed-33SO2' added
 |- Component added to 'observed-33SO2' (observed-33SO2-c1)
 ---+ Model: mol_list = ['33SO2'] @ spa_form=('normal', 79.55427093082135, 52.45414632979026, 0.5993614233666437), spe_form=('skew', 8, 0), z=0.0, grad=('linear', 0.5993614233666437, 125.11234214417956)
+++ Source 'observed-34SO2v=0' added
 |- Component added to 'observed-34SO2v=0' (observed-34SO2v=0-c1)
 ---+ Model: mol_list = ['34SO2v=0'] @ spa_form=('normal', 62.63610614397113, 76.29404642911116, 2.2029577192888734), spe_form=('skew', 8, 0), z=0.0, grad=('linear', 2.2029577192888734, 81.38033044940731)
+++ Source 'observed-SO2v2=1' added
 |- Component added to 'observed-SO2v2=1' (observed-SO2v2=1-c1)
 ---+ Model: mol_list = ['SO2v2=1'] @ spa_form=('normal', 114.41881350826954, 47.962575744815254, 1.9302969817970457), spe_form=('skew', 8, 0), z=0.0, grad=('linear', 1.9302969817970457, 92.20508554079059)
+++ Source 'observed-OS17O' added
 |- Component added to 'observed-OS17O' (observed-OS17O-c1)
 ---+ Model: mol_list = ['OS17O'] @ spa_form=('normal', 87.98513762641522, 90.25543461097294, 2.111580367482861), spe_form=('skew', 8, 0), z=0.0, grad=('linear', 2.111580367482861, 41.880509126686206)
+++ Source 'observed-HC15Nv=0' added
 |- Component added to 'observed-HC15Nv=0' (observed-HC15Nv=0-c1)
 ---+ Model: mol_list = ['HC15Nv=0'] @ spa_form=('normal', 59.234702626317706, 86.45936021533205, 2.869645171659398), spe_form=('skew', 8, 0), z=0.0, grad=('linear', 2.869645171659398, 124.91407993201358)
+++ Source 'observed-H213CS' added
 |- Component added to 'observed-H213CS' (observed-H213CS-c1)
 ---+ Model: mol_list = ['H213CS'] @ spa_form=('normal', 98.95144170493995, 84.05616726360506, 2.979540197353445), spe_form=('skew', 8, 0), z=0.0, grad=('linear', 2.979540197353445, 70.47069280874398)
+++ Source 'observed-H2C18O' added
 |- Component added to 'observed-H2C18O' (observed-H2C18O-c1)
 ---+ Model: mol_list = ['H2C18O'] @ spa_form=('normal', 128.18293015821897, 65.66344335034744, 1.0763494330008576), spe_form=('skew', 8, 0), z=0.0, grad=('linear', 1.0763494330008576, 39.92068874265041)
[*] Generating cube observerd
  |- Angular Coordinates (deg): ra=0 dec=0
  |- FOV (arcsec): ra=[-0.002777777777777778, 0.002777777777777778] dec=[-0.002777777777777778, 0.002777777777777778]
!!! WARNING: max ALMA bandwidth exceeded
  |- Spectral (MHz): center=604000 bandwidth=[602000.0, 606000.0]
  |- Cube size: 2 x 2 x 4000 
  |- Band: 9
*** Source: observed-H2C18O
  |- Projecting observed-H2C18O-c1
   --+ Generating template image
   --+ Generating template line distribution
   --+ Loading and correcting lines
*** Source: observed-H213CS
  |- Projecting observed-H213CS-c1
   --+ Generating template image
   --+ Generating template line distribution
   --+ Loading and correcting lines
*** Source: observed-OS17O
  |- Projecting observed-OS17O-c1
   --+ Generating template image
   --+ Generating template line distribution
   --+ Loading and correcting lines
      |- Projecting Sulfur Dioxide (OS17O) around 604501.9322 Mhz, at 0.702389796323 K
*** Source: observed-33SO2
  |- Projecting observed-33SO2-c1
   --+ Generating template image
   --+ Generating template line distribution
   --+ Loading and correcting lines
      |- Projecting Sulfur Dioxide (33SO2) around 602337.0627 Mhz, at 0.761138995836 K
      |- Projecting Sulfur Dioxide (33SO2) around 602338.0039 Mhz, at 0.761138995836 K
      |- Projecting Sulfur Dioxide (33SO2) around 602348.9212 Mhz, at 0.761138260068 K
      |- Projecting Sulfur Dioxide (33SO2) around 602349.8184 Mhz, at 0.761137879499 K
      |- Projecting Sulfur Dioxide (33SO2) around 602488.3231 Mhz, at 0.907374220724 K
      |- Projecting Sulfur Dioxide (33SO2) around 602499.1576 Mhz, at 0.907372889909 K
      |- Projecting Sulfur Dioxide (33SO2) around 603112.9816 Mhz, at 1.02627377098 K
      |- Projecting Sulfur Dioxide (33SO2) around 603113.1191 Mhz, at 1.02627377098 K
      |- Projecting Sulfur Dioxide (33SO2) around 603113.2126 Mhz, at 1.02627377098 K
      |- Projecting Sulfur Dioxide (33SO2) around 603113.2683 Mhz, at 1.02627377098 K
      |- Projecting Sulfur Dioxide (33SO2) around 604736.5656 Mhz, at 0.56730621714 K
      |- Projecting Sulfur Dioxide (33SO2) around 604736.767 Mhz, at 0.56730621714 K
      |- Projecting Sulfur Dioxide (33SO2) around 604736.8741 Mhz, at 0.56730621714 K
      |- Projecting Sulfur Dioxide (33SO2) around 604736.8962 Mhz, at 0.56730621714 K
      |- Projecting Sulfur Dioxide (33SO2) around 604736.926 Mhz, at 0.56730621714 K
      |- Projecting Sulfur Dioxide (33SO2) around 604736.9663 Mhz, at 0.56730621714 K
      |- Projecting Sulfur Dioxide (33SO2) around 604736.9892 Mhz, at 0.56730621714 K
      |- Projecting Sulfur Dioxide (33SO2) around 605162.1267 Mhz, at 0.634999930925 K
      |- Projecting Sulfur Dioxide (33SO2) around 605162.2359 Mhz, at 0.634999930925 K
      |- Projecting Sulfur Dioxide (33SO2) around 605162.3107 Mhz, at 0.634999930925 K
      |- Projecting Sulfur Dioxide (33SO2) around 605162.3529 Mhz, at 0.634999930925 K
      |- Projecting Sulfur Dioxide (33SO2) around 605357.5302 Mhz, at 0.651364432754 K
      |- Projecting Sulfur Dioxide (33SO2) around 605366.9145 Mhz, at 0.651364432754 K
      |- Projecting Sulfur Dioxide (33SO2) around 605367.499 Mhz, at 0.651365388089 K
      |- Projecting Sulfur Dioxide (33SO2) around 605367.499 Mhz, at 0.651365388089 K
      |- Projecting Sulfur Dioxide (33SO2) around 605367.499 Mhz, at 0.651364432754 K
      |- Projecting Sulfur Dioxide (33SO2) around 605367.499 Mhz, at 0.651364432754 K
      |- Projecting Sulfur Dioxide (33SO2) around 605377.1052 Mhz, at 0.651365388089 K
*** Source: observed-34SO2v=0
  |- Projecting observed-34SO2v=0-c1
   --+ Generating template image
   --+ Generating template line distribution
   --+ Loading and correcting lines
*** Source: observed-HC15Nv=0
  |- Projecting observed-HC15Nv=0-c1
   --+ Generating template image
   --+ Generating template line distribution
   --+ Loading and correcting lines
      |- Projecting Hydrogen Cyanide (HC15Nv=0) around 602274.1332 Mhz, at 0.884340376035 K
*** Source: observed-SO2v2=1
  |- Projecting observed-SO2v2=1-c1
   --+ Generating template image
   --+ Generating template line distribution
   --+ Loading and correcting lines
   -++ Saving FITS: data/cube_variable_width_48.fits
