+++ Source 'observed-HC15Nv=0' added
 |- Component added to 'observed-HC15Nv=0' (observed-HC15Nv=0-c1)
 ---+ Model: mol_list = ['HC15Nv=0'] @ spa_form=('normal', 87.68260420381273, 78.74317155181457, 0.19086113604735883), spe_form=('skew', 8, 0), z=0.0, grad=('linear', 0.19086113604735883, 47.221455896888514)
+++ Source 'observed-H2C18O' added
 |- Component added to 'observed-H2C18O' (observed-H2C18O-c1)
 ---+ Model: mol_list = ['H2C18O'] @ spa_form=('normal', 141.90238547076953, 64.31780192477207, 2.712500507211777), spe_form=('skew', 8, 0), z=0.0, grad=('linear', 2.712500507211777, 108.57543085640457)
+++ Source 'observed-H213CO' added
 |- Component added to 'observed-H213CO' (observed-H213CO-c1)
 ---+ Model: mol_list = ['H213CO'] @ spa_form=('normal', 83.27908848910778, 99.89734800408695, 3.076164857480843), spe_form=('skew', 8, 0), z=0.0, grad=('linear', 3.076164857480843, 88.58025781103494)
[*] Generating cube observerd
  |- Angular Coordinates (deg): ra=0 dec=0
  |- FOV (arcsec): ra=[-0.002777777777777778, 0.002777777777777778] dec=[-0.002777777777777778, 0.002777777777777778]
!!! WARNING: max ALMA bandwidth exceeded
  |- Spectral (MHz): center=277000 bandwidth=[275000.0, 279000.0]
  |- Cube size: 2 x 2 x 4000 
  |- Band: 7
*** Source: observed-H213CO
  |- Projecting observed-H213CO-c1
   --+ Generating template image
   --+ Generating template line distribution
   --+ Loading and correcting lines
*** Source: observed-H2C18O
  |- Projecting observed-H2C18O-c1
   --+ Generating template image
   --+ Generating template line distribution
   --+ Loading and correcting lines
      |- Projecting Formaldehyde (H2C18O) around 277062.652 Mhz, at 0.373507353477 K
      |- Projecting Formaldehyde (H2C18O) around 277562.802 Mhz, at 0.437528490901 K
      |- Projecting Formaldehyde (H2C18O) around 277675.2025 Mhz, at 0.533097548763 K
      |- Projecting Formaldehyde (H2C18O) around 277678.1029 Mhz, at 0.533097548763 K
      |- Projecting Formaldehyde (H2C18O) around 277853.3599 Mhz, at 0.270110569653 K
      |- Projecting Formaldehyde (H2C18O) around 278145.446 Mhz, at 0.437548851034 K
*** Source: observed-HC15Nv=0
  |- Projecting observed-HC15Nv=0-c1
   --+ Generating template image
   --+ Generating template line distribution
   --+ Loading and correcting lines
   -++ Saving FITS: data/cube_variable_width_95.fits
