+++ Source 'observed-SO2v=0' added
 |- Component added to 'observed-SO2v=0' (observed-SO2v=0-c1)
 ---+ Model: mol_list = ['SO2v=0'] @ spa_form=('normal', 74.73941410628743, 71.60414690040506, 0.5273975854726872), spe_form=('skew', 8, 0), z=0.0, grad=('linear', 0.5273975854726872, 142.6642488224053)
+++ Source 'observed-33SO2' added
 |- Component added to 'observed-33SO2' (observed-33SO2-c1)
 ---+ Model: mol_list = ['33SO2'] @ spa_form=('normal', 61.47823049347818, 69.48426413307008, 0.3190003977388149), spe_form=('skew', 8, 0), z=0.0, grad=('linear', 0.3190003977388149, 38.386223253146696)
+++ Source 'observed-SO2v2=1' added
 |- Component added to 'observed-SO2v2=1' (observed-SO2v2=1-c1)
 ---+ Model: mol_list = ['SO2v2=1'] @ spa_form=('normal', 65.95701387170854, 52.768814157447096, 2.6714353058742977), spe_form=('skew', 8, 0), z=0.0, grad=('linear', 2.6714353058742977, 93.94593552261586)
+++ Source 'observed-HC15Nv=0' added
 |- Component added to 'observed-HC15Nv=0' (observed-HC15Nv=0-c1)
 ---+ Model: mol_list = ['HC15Nv=0'] @ spa_form=('normal', 76.06418910555989, 50.440210336257664, 3.10042062185502), spe_form=('skew', 8, 0), z=0.0, grad=('linear', 3.10042062185502, 147.2334850683542)
[*] Generating cube observerd
  |- Angular Coordinates (deg): ra=0 dec=0
  |- FOV (arcsec): ra=[-0.002777777777777778, 0.002777777777777778] dec=[-0.002777777777777778, 0.002777777777777778]
!!! WARNING: max ALMA bandwidth exceeded
  |- Spectral (MHz): center=604000 bandwidth=[602000.0, 606000.0]
  |- Cube size: 2 x 2 x 4000 
  |- Band: 9
*** Source: observed-SO2v2=1
  |- Projecting observed-SO2v2=1-c1
   --+ Generating template image
   --+ Generating template line distribution
   --+ Loading and correcting lines
*** Source: observed-33SO2
  |- Projecting observed-33SO2-c1
   --+ Generating template image
   --+ Generating template line distribution
   --+ Loading and correcting lines
      |- Projecting Sulfur Dioxide (33SO2) around 603112.9816 Mhz, at 0.499075155792 K
      |- Projecting Sulfur Dioxide (33SO2) around 603113.1191 Mhz, at 0.499075155792 K
      |- Projecting Sulfur Dioxide (33SO2) around 603113.2126 Mhz, at 0.499075155792 K
      |- Projecting Sulfur Dioxide (33SO2) around 603113.2683 Mhz, at 0.499075155792 K
*** Source: observed-HC15Nv=0
  |- Projecting observed-HC15Nv=0-c1
   --+ Generating template image
   --+ Generating template line distribution
   --+ Loading and correcting lines
      |- Projecting Hydrogen Cyanide (HC15Nv=0) around 602274.1332 Mhz, at 0.934749285753 K
*** Source: observed-SO2v=0
  |- Projecting observed-SO2v=0-c1
   --+ Generating template image
   --+ Generating template line distribution
   --+ Loading and correcting lines
      |- Projecting Sulfur dioxide (SO2v=0) around 604367.4364 Mhz, at 0.748501934961 K
      |- Projecting Sulfur dioxide (SO2v=0) around 604406.5377 Mhz, at 0.713611446979 K
      |- Projecting Sulfur dioxide (SO2v=0) around 605532.5228 Mhz, at 0.906761888306 K
   -++ Saving FITS: data/cube_fixed_width_1.fits
