+++ Source 'observed-CH3OHvt=0' added
 |- Component added to 'observed-CH3OHvt=0' (observed-CH3OHvt=0-c1)
 ---+ Model: mol_list = ['CH3OHvt=0'] @ spa_form=('normal', 90.55609120160099, 66.3059475157248, 2.5477372298741727), spe_form=('skew', 8, 0), z=0.0, grad=('linear', 2.5477372298741727, 82.03669397831518)
+++ Source 'observed-SO2v=0' added
 |- Component added to 'observed-SO2v=0' (observed-SO2v=0-c1)
 ---+ Model: mol_list = ['SO2v=0'] @ spa_form=('normal', 122.43513544045598, 81.39364906438985, 0.12343932045425086), spe_form=('skew', 8, 0), z=0.0, grad=('linear', 0.12343932045425086, 145.50583216078527)
+++ Source 'observed-34SO2v=0' added
 |- Component added to 'observed-34SO2v=0' (observed-34SO2v=0-c1)
 ---+ Model: mol_list = ['34SO2v=0'] @ spa_form=('normal', 120.41362807611495, 53.335613300259865, 3.051779929687373), spe_form=('skew', 8, 0), z=0.0, grad=('linear', 3.051779929687373, 55.133615494021086)
+++ Source 'observed-OS18O' added
 |- Component added to 'observed-OS18O' (observed-OS18O-c1)
 ---+ Model: mol_list = ['OS18O'] @ spa_form=('normal', 72.38033962992449, 99.83473529694095, 0.18495681824671611), spe_form=('skew', 8, 0), z=0.0, grad=('linear', 0.18495681824671611, 32.524826333051266)
+++ Source 'observed-OS17O' added
 |- Component added to 'observed-OS17O' (observed-OS17O-c1)
 ---+ Model: mol_list = ['OS17O'] @ spa_form=('normal', 129.81560346442748, 57.48316306681973, 1.342221744886179), spe_form=('skew', 8, 0), z=0.0, grad=('linear', 1.342221744886179, 19.41228050645897)
+++ Source 'observed-H2C34S' added
 |- Component added to 'observed-H2C34S' (observed-H2C34S-c1)
 ---+ Model: mol_list = ['H2C34S'] @ spa_form=('normal', 73.15505101682822, 79.11156373288527, 1.02301613370374), spe_form=('skew', 8, 0), z=0.0, grad=('linear', 1.02301613370374, 46.42954569092037)
+++ Source 'observed-H2C18O' added
 |- Component added to 'observed-H2C18O' (observed-H2C18O-c1)
 ---+ Model: mol_list = ['H2C18O'] @ spa_form=('normal', 139.7766364406927, 52.658047106297474, 2.9817937411935187), spe_form=('skew', 8, 0), z=0.0, grad=('linear', 2.9817937411935187, 60.042248496811375)
[*] Generating cube observerd
  |- Angular Coordinates (deg): ra=0 dec=0
  |- FOV (arcsec): ra=[-0.002777777777777778, 0.002777777777777778] dec=[-0.002777777777777778, 0.002777777777777778]
!!! WARNING: max ALMA bandwidth exceeded
  |- Spectral (MHz): center=604000 bandwidth=[602000.0, 606000.0]
  |- Cube size: 2 x 2 x 4000 
  |- Band: 9
*** Source: observed-OS18O
  |- Projecting observed-OS18O-c1
   --+ Generating template image
   --+ Generating template line distribution
   --+ Loading and correcting lines
      |- Projecting Sulfur Dioxide (OS18O) around 602313.3835 Mhz, at 1.0029605435 K
      |- Projecting Sulfur Dioxide (OS18O) around 603090.155 Mhz, at 0.81768459539 K
      |- Projecting Sulfur Dioxide (OS18O) around 603608.7849 Mhz, at 0.702230371958 K
*** Source: observed-H2C18O
  |- Projecting observed-H2C18O-c1
   --+ Generating template image
   --+ Generating template line distribution
   --+ Loading and correcting lines
      |- Projecting Formaldehyde (H2C18O) around 603231.51 Mhz, at 0.916941867492 K
*** Source: observed-34SO2v=0
  |- Projecting observed-34SO2v=0-c1
   --+ Generating template image
   --+ Generating template line distribution
   --+ Loading and correcting lines
      |- Projecting Sulfur Dioxide (34SO2v=0) around 604376.563 Mhz, at 0.494439049618 K
      |- Projecting Sulfur Dioxide (34SO2v=0) around 605499.8855 Mhz, at 0.518856276131 K
*** Source: observed-H2C34S
  |- Projecting observed-H2C34S-c1
   --+ Generating template image
   --+ Generating template line distribution
   --+ Loading and correcting lines
      |- Projecting Thioformaldehyde (H2C34S) around 604710.9998 Mhz, at 0.9623048873 K
*** Source: observed-OS17O
  |- Projecting observed-OS17O-c1
   --+ Generating template image
   --+ Generating template line distribution
   --+ Loading and correcting lines
      |- Projecting Sulfur Dioxide (OS17O) around 603105.7123 Mhz, at 0.742081418292 K
      |- Projecting Sulfur Dioxide (OS17O) around 603106.5013 Mhz, at 0.742081418292 K
      |- Projecting Sulfur Dioxide (OS17O) around 604501.9322 Mhz, at 1.18657750799 K
      |- Projecting Sulfur Dioxide (OS17O) around 605172.0102 Mhz, at 0.761377682187 K
      |- Projecting Sulfur Dioxide (OS17O) around 605172.0102 Mhz, at 0.761377682187 K
      |- Projecting Sulfur Dioxide (OS17O) around 605240.925 Mhz, at 0.790136328771 K
      |- Projecting Sulfur Dioxide (OS17O) around 605724.232 Mhz, at 0.514111995588 K
*** Source: observed-CH3OHvt=0
  |- Projecting observed-CH3OHvt=0-c1
   --+ Generating template image
   --+ Generating template line distribution
   --+ Loading and correcting lines
*** Source: observed-SO2v=0
  |- Projecting observed-SO2v=0-c1
   --+ Generating template image
   --+ Generating template line distribution
   --+ Loading and correcting lines
   -++ Saving FITS: data/cube_fixed_width_21.fits
