+++ Source 'observed-CH3OHvt=0' added
 |- Component added to 'observed-CH3OHvt=0' (observed-CH3OHvt=0-c1)
 ---+ Model: mol_list = ['CH3OHvt=0'] @ spa_form=('normal', 84.7240875423399, 59.040254156596674, 2.1449778817678595), spe_form=('skew', 8, 0), z=0.0, grad=('linear', 2.1449778817678595, 133.9985317636469)
+++ Source 'observed-34SO2v=0' added
 |- Component added to 'observed-34SO2v=0' (observed-34SO2v=0-c1)
 ---+ Model: mol_list = ['34SO2v=0'] @ spa_form=('normal', 104.53374851385587, 57.01386608689357, 2.7870892329042682), spe_form=('skew', 8, 0), z=0.0, grad=('linear', 2.7870892329042682, 104.72140586825398)
+++ Source 'observed-OS18O' added
 |- Component added to 'observed-OS18O' (observed-OS18O-c1)
 ---+ Model: mol_list = ['OS18O'] @ spa_form=('normal', 78.4103236079984, 71.1259612329256, 1.829877652094844), spe_form=('skew', 8, 0), z=0.0, grad=('linear', 1.829877652094844, 85.23264920864446)
+++ Source 'observed-HC15Nv=0' added
 |- Component added to 'observed-HC15Nv=0' (observed-HC15Nv=0-c1)
 ---+ Model: mol_list = ['HC15Nv=0'] @ spa_form=('normal', 84.91935844818335, 42.81071127674725, 1.290068746800324), spe_form=('skew', 8, 0), z=0.0, grad=('linear', 1.290068746800324, 51.51286895096092)
+++ Source 'observed-H13CNv2=1' added
 |- Component added to 'observed-H13CNv2=1' (observed-H13CNv2=1-c1)
 ---+ Model: mol_list = ['H13CNv2=1'] @ spa_form=('normal', 82.75125489354204, 66.90785356974332, 0.938583906521945), spe_form=('skew', 8, 0), z=0.0, grad=('linear', 0.938583906521945, 94.31323589214023)
+++ Source 'observed-H13CNv=0' added
 |- Component added to 'observed-H13CNv=0' (observed-H13CNv=0-c1)
 ---+ Model: mol_list = ['H13CNv=0'] @ spa_form=('normal', 75.84232572984963, 81.19691574779482, 1.7930012380175224), spe_form=('skew', 8, 0), z=0.0, grad=('linear', 1.7930012380175224, 42.910338662572094)
[*] Generating cube observerd
  |- Angular Coordinates (deg): ra=0 dec=0
  |- FOV (arcsec): ra=[-0.002777777777777778, 0.002777777777777778] dec=[-0.002777777777777778, 0.002777777777777778]
!!! WARNING: max ALMA bandwidth exceeded
  |- Spectral (MHz): center=277000 bandwidth=[275000.0, 279000.0]
  |- Cube size: 2 x 2 x 4000 
  |- Band: 7
*** Source: observed-OS18O
  |- Projecting observed-OS18O-c1
   --+ Generating template image
   --+ Generating template line distribution
   --+ Loading and correcting lines
      |- Projecting Sulfur Dioxide (OS18O) around 275207.6031 Mhz, at 0.366505119827 K
      |- Projecting Sulfur Dioxide (OS18O) around 275282.0764 Mhz, at 0.67914937143 K
      |- Projecting Sulfur Dioxide (OS18O) around 275454.6038 Mhz, at 0.305433523957 K
      |- Projecting Sulfur Dioxide (OS18O) around 275552.9984 Mhz, at 0.842534005545 K
      |- Projecting Sulfur Dioxide (OS18O) around 275646.3336 Mhz, at 0.150637736359 K
      |- Projecting Sulfur Dioxide (OS18O) around 276002.289 Mhz, at 0.889248766832 K
      |- Projecting Sulfur Dioxide (OS18O) around 276274.7786 Mhz, at 0.545780942345 K
      |- Projecting Sulfur Dioxide (OS18O) around 276277.2242 Mhz, at 0.36020543594 K
      |- Projecting Sulfur Dioxide (OS18O) around 277080.9497 Mhz, at 0.591181922036 K
      |- Projecting Sulfur Dioxide (OS18O) around 277088.3147 Mhz, at 0.591181330855 K
      |- Projecting Sulfur Dioxide (OS18O) around 278393.6459 Mhz, at 0.407135718581 K
*** Source: observed-H13CNv2=1
  |- Projecting observed-H13CNv2=1-c1
   --+ Generating template image
   --+ Generating template line distribution
   --+ Loading and correcting lines
*** Source: observed-34SO2v=0
  |- Projecting observed-34SO2v=0-c1
   --+ Generating template image
   --+ Generating template line distribution
   --+ Loading and correcting lines
      |- Projecting Sulfur Dioxide (34SO2v=0) around 275434.2181 Mhz, at 1.68965339916 K
      |- Projecting Sulfur Dioxide (34SO2v=0) around 276483.977 Mhz, at 1.42088178179 K
      |- Projecting Sulfur Dioxide (34SO2v=0) around 276999.6054 Mhz, at 0.748000488437 K
      |- Projecting Sulfur Dioxide (34SO2v=0) around 277150.575 Mhz, at 0.834583694418 K
      |- Projecting Sulfur Dioxide (34SO2v=0) around 277470.0761 Mhz, at 0.447013605256 K
      |- Projecting Sulfur Dioxide (34SO2v=0) around 277475.9774 Mhz, at 0.218350564297 K
      |- Projecting Sulfur Dioxide (34SO2v=0) around 278835.2175 Mhz, at 0.936845609544 K
*** Source: observed-CH3OHvt=0
  |- Projecting observed-CH3OHvt=0-c1
   --+ Generating template image
   --+ Generating template line distribution
   --+ Loading and correcting lines
      |- Projecting Methanol (CH3OHvt=0) around 275663.705 Mhz, at 0.200777476298 K
      |- Projecting Methanol (CH3OHvt=0) around 276648.18 Mhz, at 1.22192351167 K
      |- Projecting Methanol (CH3OHvt=0) around 276925.919 Mhz, at 0.882379067153 K
      |- Projecting Methanol (CH3OHvt=0) around 277940.773 Mhz, at 0.392177213032 K
      |- Projecting Methanol (CH3OHvt=0) around 278186.616 Mhz, at 0.392192259853 K
      |- Projecting Methanol (CH3OHvt=0) around 278304.51 Mhz, at 0.638238334328 K
      |- Projecting Methanol (CH3OHvt=0) around 278342.257 Mhz, at 0.493577824254 K
      |- Projecting Methanol (CH3OHvt=0) around 278480.23 Mhz, at 0.546695465577 K
      |- Projecting Methanol (CH3OHvt=0) around 278599.055 Mhz, at 1.15179650232 K
      |- Projecting Methanol (CH3OHvt=0) around 278672.92 Mhz, at 0.601482462289 K
      |- Projecting Methanol (CH3OHvt=0) around 278723.25 Mhz, at 0.601488236549 K
      |- Projecting Methanol (CH3OHvt=0) around 278965.129 Mhz, at 0.307315859925 K
*** Source: observed-HC15Nv=0
  |- Projecting observed-HC15Nv=0-c1
   --+ Generating template image
   --+ Generating template line distribution
   --+ Loading and correcting lines
*** Source: observed-H13CNv=0
  |- Projecting observed-H13CNv=0-c1
   --+ Generating template image
   --+ Generating template line distribution
   --+ Loading and correcting lines
   -++ Saving FITS: data/cube_fixed_width_61.fits
