+++ Source 'observed-SO2v=0' added
 |- Component added to 'observed-SO2v=0' (observed-SO2v=0-c1)
 ---+ Model: mol_list = ['SO2v=0'] @ spa_form=('normal', 121.38359579161224, 76.43773779036884, 2.5434151913038576), spe_form=('skew', 8, 0), z=0.0, grad=('linear', 2.5434151913038576, 79.1166289591411)
+++ Source 'observed-34SO2v=0' added
 |- Component added to 'observed-34SO2v=0' (observed-34SO2v=0-c1)
 ---+ Model: mol_list = ['34SO2v=0'] @ spa_form=('normal', 135.93421154733113, 70.73284968237701, 0.510920462643634), spe_form=('skew', 8, 0), z=0.0, grad=('linear', 0.510920462643634, 80.32900528335074)
+++ Source 'observed-SO2v2=1' added
 |- Component added to 'observed-SO2v2=1' (observed-SO2v2=1-c1)
 ---+ Model: mol_list = ['SO2v2=1'] @ spa_form=('normal', 137.20062541841634, 94.10240403242187, 3.0118821900460095), spe_form=('skew', 8, 0), z=0.0, grad=('linear', 3.0118821900460095, 54.59521747048989)
+++ Source 'observed-OS18O' added
 |- Component added to 'observed-OS18O' (observed-OS18O-c1)
 ---+ Model: mol_list = ['OS18O'] @ spa_form=('normal', 80.02644891573301, 73.36357470511882, 2.2899984702357523), spe_form=('skew', 8, 0), z=0.0, grad=('linear', 2.2899984702357523, 18.03357475460134)
+++ Source 'observed-OS17O' added
 |- Component added to 'observed-OS17O' (observed-OS17O-c1)
 ---+ Model: mol_list = ['OS17O'] @ spa_form=('normal', 79.29576204994629, 44.75235371096265, 1.9712944854113388), spe_form=('skew', 8, 0), z=0.0, grad=('linear', 1.9712944854113388, 74.3851146952999)
+++ Source 'observed-HC15Nv=0' added
 |- Component added to 'observed-HC15Nv=0' (observed-HC15Nv=0-c1)
 ---+ Model: mol_list = ['HC15Nv=0'] @ spa_form=('normal', 97.21720974275217, 70.38552690475296, 1.0333035949955), spe_form=('skew', 8, 0), z=0.0, grad=('linear', 1.0333035949955, 136.65954761961572)
+++ Source 'observed-H13CNv2=1' added
 |- Component added to 'observed-H13CNv2=1' (observed-H13CNv2=1-c1)
 ---+ Model: mol_list = ['H13CNv2=1'] @ spa_form=('normal', 68.77116169187133, 77.91957741168373, 2.1123792497674767), spe_form=('skew', 8, 0), z=0.0, grad=('linear', 2.1123792497674767, 134.65858216389387)
+++ Source 'observed-H213CS' added
 |- Component added to 'observed-H213CS' (observed-H213CS-c1)
 ---+ Model: mol_list = ['H213CS'] @ spa_form=('normal', 82.16122872507194, 48.44676774169031, 1.1295098694717627), spe_form=('skew', 8, 0), z=0.0, grad=('linear', 1.1295098694717627, 44.41242308084247)
+++ Source 'observed-H2C34S' added
 |- Component added to 'observed-H2C34S' (observed-H2C34S-c1)
 ---+ Model: mol_list = ['H2C34S'] @ spa_form=('normal', 61.653152314989825, 86.21651505125607, 2.3504628358722117), spe_form=('skew', 8, 0), z=0.0, grad=('linear', 2.3504628358722117, 49.15471708431038)
[*] Generating cube observerd
  |- Angular Coordinates (deg): ra=0 dec=0
  |- FOV (arcsec): ra=[-0.002777777777777778, 0.002777777777777778] dec=[-0.002777777777777778, 0.002777777777777778]
!!! WARNING: max ALMA bandwidth exceeded
  |- Spectral (MHz): center=604000 bandwidth=[602000.0, 606000.0]
  |- Cube size: 2 x 2 x 4000 
  |- Band: 9
*** Source: observed-OS18O
  |- Projecting observed-OS18O-c1
   --+ Generating template image
   --+ Generating template line distribution
   --+ Loading and correcting lines
      |- Projecting Sulfur Dioxide (OS18O) around 602313.3835 Mhz, at 0.80769216349 K
      |- Projecting Sulfur Dioxide (OS18O) around 603090.155 Mhz, at 0.658487957658 K
      |- Projecting Sulfur Dioxide (OS18O) around 603608.7849 Mhz, at 0.565511746269 K
*** Source: observed-H213CS
  |- Projecting observed-H213CS-c1
   --+ Generating template image
   --+ Generating template line distribution
   --+ Loading and correcting lines
      |- Projecting Thioformaldehyde (H213CS) around 602149.9892 Mhz, at 1.18272459958 K
*** Source: observed-H13CNv2=1
  |- Projecting observed-H13CNv2=1-c1
   --+ Generating template image
   --+ Generating template line distribution
   --+ Loading and correcting lines
*** Source: observed-34SO2v=0
  |- Projecting observed-34SO2v=0-c1
   --+ Generating template image
   --+ Generating template line distribution
   --+ Loading and correcting lines
*** Source: observed-OS17O
  |- Projecting observed-OS17O-c1
   --+ Generating template image
   --+ Generating template line distribution
   --+ Loading and correcting lines
      |- Projecting Sulfur Dioxide (OS17O) around 603105.7123 Mhz, at 0.733967643794 K
      |- Projecting Sulfur Dioxide (OS17O) around 603106.5013 Mhz, at 0.733967643794 K
      |- Projecting Sulfur Dioxide (OS17O) around 604501.9322 Mhz, at 1.17360369934 K
      |- Projecting Sulfur Dioxide (OS17O) around 605172.0102 Mhz, at 0.753052926077 K
      |- Projecting Sulfur Dioxide (OS17O) around 605172.0102 Mhz, at 0.753052926077 K
      |- Projecting Sulfur Dioxide (OS17O) around 605240.925 Mhz, at 0.781497131189 K
      |- Projecting Sulfur Dioxide (OS17O) around 605724.232 Mhz, at 0.508490794604 K
*** Source: observed-HC15Nv=0
  |- Projecting observed-HC15Nv=0-c1
   --+ Generating template image
   --+ Generating template line distribution
   --+ Loading and correcting lines
      |- Projecting Hydrogen Cyanide (HC15Nv=0) around 602274.1332 Mhz, at 0.827519555763 K
*** Source: observed-SO2v2=1
  |- Projecting observed-SO2v2=1-c1
   --+ Generating template image
   --+ Generating template line distribution
   --+ Loading and correcting lines
*** Source: observed-H2C34S
  |- Projecting observed-H2C34S-c1
   --+ Generating template image
   --+ Generating template line distribution
   --+ Loading and correcting lines
      |- Projecting Thioformaldehyde (H2C34S) around 604710.9998 Mhz, at 1.48254976427 K
*** Source: observed-SO2v=0
  |- Projecting observed-SO2v=0-c1
   --+ Generating template image
   --+ Generating template line distribution
   --+ Loading and correcting lines
      |- Projecting Sulfur dioxide (SO2v=0) around 604367.4364 Mhz, at 0.646146349015 K
      |- Projecting Sulfur dioxide (SO2v=0) around 604406.5377 Mhz, at 0.616027039536 K
      |- Projecting Sulfur dioxide (SO2v=0) around 605532.5228 Mhz, at 0.782764687957 K
   -++ Saving FITS: data/cube_variable_width_25.fits
