+++ Source 'observed-CH3OHvt=0' added
 |- Component added to 'observed-CH3OHvt=0' (observed-CH3OHvt=0-c1)
 ---+ Model: mol_list = ['CH3OHvt=0'] @ spa_form=('normal', 110.93828406790789, 74.25343867416984, 2.296413290347213), spe_form=('skew', 8, 0), z=0.0, grad=('linear', 2.296413290347213, 108.09077743317275)
+++ Source 'observed-SO2v=0' added
 |- Component added to 'observed-SO2v=0' (observed-SO2v=0-c1)
 ---+ Model: mol_list = ['SO2v=0'] @ spa_form=('normal', 68.7716367746208, 84.63492814642203, 1.9502716860447407), spe_form=('skew', 8, 0), z=0.0, grad=('linear', 1.9502716860447407, 75.7632733126144)
+++ Source 'observed-34SO2v=0' added
 |- Component added to 'observed-34SO2v=0' (observed-34SO2v=0-c1)
 ---+ Model: mol_list = ['34SO2v=0'] @ spa_form=('normal', 103.54770801654595, 43.715513857998594, 2.1746866399304725), spe_form=('skew', 8, 0), z=0.0, grad=('linear', 2.1746866399304725, 74.01201010344394)
+++ Source 'observed-HC15Nv=0' added
 |- Component added to 'observed-HC15Nv=0' (observed-HC15Nv=0-c1)
 ---+ Model: mol_list = ['HC15Nv=0'] @ spa_form=('normal', 103.97108254886207, 43.648594429169584, 0.37573804339193173), spe_form=('skew', 8, 0), z=0.0, grad=('linear', 0.37573804339193173, 22.243726182959442)
+++ Source 'observed-H13CNv2=1' added
 |- Component added to 'observed-H13CNv2=1' (observed-H13CNv2=1-c1)
 ---+ Model: mol_list = ['H13CNv2=1'] @ spa_form=('normal', 84.49971478871656, 89.4416439789788, 2.429442617645343), spe_form=('skew', 8, 0), z=0.0, grad=('linear', 2.429442617645343, 13.310788679436518)
+++ Source 'observed-H2C18O' added
 |- Component added to 'observed-H2C18O' (observed-H2C18O-c1)
 ---+ Model: mol_list = ['H2C18O'] @ spa_form=('normal', 73.08166039956298, 61.81179578227251, 2.895344819396573), spe_form=('skew', 8, 0), z=0.0, grad=('linear', 2.895344819396573, 79.46986390204638)
[*] Generating cube observerd
  |- Angular Coordinates (deg): ra=0 dec=0
  |- FOV (arcsec): ra=[-0.002777777777777778, 0.002777777777777778] dec=[-0.002777777777777778, 0.002777777777777778]
!!! WARNING: max ALMA bandwidth exceeded
  |- Spectral (MHz): center=604000 bandwidth=[602000.0, 606000.0]
  |- Cube size: 2 x 2 x 4000 
  |- Band: 9
*** Source: observed-H2C18O
  |- Projecting observed-H2C18O-c1
   --+ Generating template image
   --+ Generating template line distribution
   --+ Loading and correcting lines
      |- Projecting Formaldehyde (H2C18O) around 603231.51 Mhz, at 0.54691229477 K
*** Source: observed-H13CNv2=1
  |- Projecting observed-H13CNv2=1-c1
   --+ Generating template image
   --+ Generating template line distribution
   --+ Loading and correcting lines
*** Source: observed-34SO2v=0
  |- Projecting observed-34SO2v=0-c1
   --+ Generating template image
   --+ Generating template line distribution
   --+ Loading and correcting lines
*** Source: observed-CH3OHvt=0
  |- Projecting observed-CH3OHvt=0-c1
   --+ Generating template image
   --+ Generating template line distribution
   --+ Loading and correcting lines
      |- Projecting Methanol (CH3OHvt=0) around 602233.197 Mhz, at 0.698060096841 K
      |- Projecting Methanol (CH3OHvt=0) around 605587.005 Mhz, at 0.621680791677 K
*** Source: observed-HC15Nv=0
  |- Projecting observed-HC15Nv=0-c1
   --+ Generating template image
   --+ Generating template line distribution
   --+ Loading and correcting lines
      |- Projecting Hydrogen Cyanide (HC15Nv=0) around 602274.1332 Mhz, at 0.773711873724 K
*** Source: observed-SO2v=0
  |- Projecting observed-SO2v=0-c1
   --+ Generating template image
   --+ Generating template line distribution
   --+ Loading and correcting lines
      |- Projecting Sulfur dioxide (SO2v=0) around 604367.4364 Mhz, at 0.738084716796 K
      |- Projecting Sulfur dioxide (SO2v=0) around 604406.5377 Mhz, at 0.7036798145 K
      |- Projecting Sulfur dioxide (SO2v=0) around 605532.5228 Mhz, at 0.894142099401 K
   -++ Saving FITS: data/cube_variable_width_37.fits
