+++ Source 'observed-CH3OHvt=0' added
 |- Component added to 'observed-CH3OHvt=0' (observed-CH3OHvt=0-c1)
 ---+ Model: mol_list = ['CH3OHvt=0'] @ spa_form=('normal', 107.10328043046674, 67.37409220761427, 0.6796540042908447), spe_form=('skew', 8, 0), z=0.0, grad=('linear', 0.6796540042908447, 17.6425223752645)
+++ Source 'observed-33SO2' added
 |- Component added to 'observed-33SO2' (observed-33SO2-c1)
 ---+ Model: mol_list = ['33SO2'] @ spa_form=('normal', 117.77061470091076, 60.047764916907596, 0.37865392735071257), spe_form=('skew', 8, 0), z=0.0, grad=('linear', 0.37865392735071257, 26.444013035354086)
+++ Source 'observed-SO2v2=1' added
 |- Component added to 'observed-SO2v2=1' (observed-SO2v2=1-c1)
 ---+ Model: mol_list = ['SO2v2=1'] @ spa_form=('normal', 50.157362399554586, 44.3540098294672, 2.1994828065331093), spe_form=('skew', 8, 0), z=0.0, grad=('linear', 2.1994828065331093, 28.94102107897876)
+++ Source 'observed-H13CNv2=1' added
 |- Component added to 'observed-H13CNv2=1' (observed-H13CNv2=1-c1)
 ---+ Model: mol_list = ['H13CNv2=1'] @ spa_form=('normal', 72.24166298748005, 44.937453652501745, 1.7004701895311392), spe_form=('skew', 8, 0), z=0.0, grad=('linear', 1.7004701895311392, 61.14836168344865)
+++ Source 'observed-H213CS' added
 |- Component added to 'observed-H213CS' (observed-H213CS-c1)
 ---+ Model: mol_list = ['H213CS'] @ spa_form=('normal', 83.40322497252784, 51.32217564315792, 1.1116151208878304), spe_form=('skew', 8, 0), z=0.0, grad=('linear', 1.1116151208878304, 133.74375195565057)
+++ Source 'observed-H2C34S' added
 |- Component added to 'observed-H2C34S' (observed-H2C34S-c1)
 ---+ Model: mol_list = ['H2C34S'] @ spa_form=('normal', 101.32746737877223, 50.667818071911555, 0.6889349512141673), spe_form=('skew', 8, 0), z=0.0, grad=('linear', 0.6889349512141673, 137.847198221238)
+++ Source 'observed-H2C18O' added
 |- Component added to 'observed-H2C18O' (observed-H2C18O-c1)
 ---+ Model: mol_list = ['H2C18O'] @ spa_form=('normal', 68.30910748056046, 42.63746444630806, 2.521330675042784), spe_form=('skew', 8, 0), z=0.0, grad=('linear', 2.521330675042784, 126.60667490486341)
+++ Source 'observed-H213CO' added
 |- Component added to 'observed-H213CO' (observed-H213CO-c1)
 ---+ Model: mol_list = ['H213CO'] @ spa_form=('normal', 79.45996309422699, 98.68650852787958, 0.20807151334915058), spe_form=('skew', 8, 0), z=0.0, grad=('linear', 0.20807151334915058, 71.4265562316057)
[*] Generating cube observerd
  |- Angular Coordinates (deg): ra=0 dec=0
  |- FOV (arcsec): ra=[-0.002777777777777778, 0.002777777777777778] dec=[-0.002777777777777778, 0.002777777777777778]
!!! WARNING: max ALMA bandwidth exceeded
  |- Spectral (MHz): center=277000 bandwidth=[275000.0, 279000.0]
  |- Cube size: 2 x 2 x 4000 
  |- Band: 7
*** Source: observed-H2C18O
  |- Projecting observed-H2C18O-c1
   --+ Generating template image
   --+ Generating template line distribution
   --+ Loading and correcting lines
      |- Projecting Formaldehyde (H2C18O) around 277062.652 Mhz, at 0.35161128993 K
      |- Projecting Formaldehyde (H2C18O) around 277562.802 Mhz, at 0.411879326162 K
      |- Projecting Formaldehyde (H2C18O) around 277675.2025 Mhz, at 0.501845853995 K
      |- Projecting Formaldehyde (H2C18O) around 277678.1029 Mhz, at 0.501845853995 K
      |- Projecting Formaldehyde (H2C18O) around 277853.3599 Mhz, at 0.254275919698 K
      |- Projecting Formaldehyde (H2C18O) around 278145.446 Mhz, at 0.411898492726 K
*** Source: observed-H213CS
  |- Projecting observed-H213CS-c1
   --+ Generating template image
   --+ Generating template line distribution
   --+ Loading and correcting lines
*** Source: observed-H13CNv2=1
  |- Projecting observed-H13CNv2=1-c1
   --+ Generating template image
   --+ Generating template line distribution
   --+ Loading and correcting lines
*** Source: observed-H2C34S
  |- Projecting observed-H2C34S-c1
   --+ Generating template image
   --+ Generating template line distribution
   --+ Loading and correcting lines
      |- Projecting Thioformaldehyde (H2C34S) around 277295.9149 Mhz, at 0.687368984734 K
*** Source: observed-33SO2
  |- Projecting observed-33SO2-c1
   --+ Generating template image
   --+ Generating template line distribution
   --+ Loading and correcting lines
      |- Projecting Sulfur Dioxide (33SO2) around 275828.2515 Mhz, at 0.394987048126 K
      |- Projecting Sulfur Dioxide (33SO2) around 275828.3672 Mhz, at 0.394987048126 K
      |- Projecting Sulfur Dioxide (33SO2) around 275831.1722 Mhz, at 0.394987048126 K
      |- Projecting Sulfur Dioxide (33SO2) around 275831.2604 Mhz, at 0.394987232454 K
*** Source: observed-CH3OHvt=0
  |- Projecting observed-CH3OHvt=0-c1
   --+ Generating template image
   --+ Generating template line distribution
   --+ Loading and correcting lines
      |- Projecting Methanol (CH3OHvt=0) around 276648.18 Mhz, at 0.175652961396 K
      |- Projecting Methanol (CH3OHvt=0) around 276925.919 Mhz, at 0.126843042743 K
      |- Projecting Methanol (CH3OHvt=0) around 278599.055 Mhz, at 0.165572120207 K
*** Source: observed-SO2v2=1
  |- Projecting observed-SO2v2=1-c1
   --+ Generating template image
   --+ Generating template line distribution
   --+ Loading and correcting lines
*** Source: observed-H213CO
  |- Projecting observed-H213CO-c1
   --+ Generating template image
   --+ Generating template line distribution
   --+ Loading and correcting lines
   -++ Saving FITS: data/cube_variable_width_90.fits
