+++ Source 'observed-CH3OHvt=0' added
 |- Component added to 'observed-CH3OHvt=0' (observed-CH3OHvt=0-c1)
 ---+ Model: mol_list = ['CH3OHvt=0'] @ spa_form=('normal', 109.87299778751874, 90.48812875107063, 0.280901319611196), spe_form=('skew', 8, 0), z=0.0, grad=('linear', 0.280901319611196, 142.36673917797933)
+++ Source 'observed-SO2v=0' added
 |- Component added to 'observed-SO2v=0' (observed-SO2v=0-c1)
 ---+ Model: mol_list = ['SO2v=0'] @ spa_form=('normal', 74.73420777003594, 62.2610504083759, 1.4585495575683431), spe_form=('skew', 8, 0), z=0.0, grad=('linear', 1.4585495575683431, 22.72013624294162)
+++ Source 'observed-33SO2' added
 |- Component added to 'observed-33SO2' (observed-33SO2-c1)
 ---+ Model: mol_list = ['33SO2'] @ spa_form=('normal', 125.44116999312406, 60.53622030055685, 0.7960873784246362), spe_form=('skew', 8, 0), z=0.0, grad=('linear', 0.7960873784246362, 38.069280977875856)
+++ Source 'observed-34SO2v=0' added
 |- Component added to 'observed-34SO2v=0' (observed-34SO2v=0-c1)
 ---+ Model: mol_list = ['34SO2v=0'] @ spa_form=('normal', 61.794916248830575, 94.37799392714138, 2.426044061143902), spe_form=('skew', 8, 0), z=0.0, grad=('linear', 2.426044061143902, 41.00397342655306)
+++ Source 'observed-SO2v2=1' added
 |- Component added to 'observed-SO2v2=1' (observed-SO2v2=1-c1)
 ---+ Model: mol_list = ['SO2v2=1'] @ spa_form=('normal', 99.72910286982494, 70.47150764599905, 1.0123221069211874), spe_form=('skew', 8, 0), z=0.0, grad=('linear', 1.0123221069211874, 79.6151891640233)
+++ Source 'observed-OS17O' added
 |- Component added to 'observed-OS17O' (observed-OS17O-c1)
 ---+ Model: mol_list = ['OS17O'] @ spa_form=('normal', 75.41767090072443, 68.29488991477167, 0.07925454070421185), spe_form=('skew', 8, 0), z=0.0, grad=('linear', 0.07925454070421185, 62.73516365030267)
+++ Source 'observed-HC15Nv=0' added
 |- Component added to 'observed-HC15Nv=0' (observed-HC15Nv=0-c1)
 ---+ Model: mol_list = ['HC15Nv=0'] @ spa_form=('normal', 83.9644537076695, 95.91463213530011, 0.8011860228211855), spe_form=('skew', 8, 0), z=0.0, grad=('linear', 0.8011860228211855, 115.93263853334383)
+++ Source 'observed-H13CNv=0' added
 |- Component added to 'observed-H13CNv=0' (observed-H13CNv=0-c1)
 ---+ Model: mol_list = ['H13CNv=0'] @ spa_form=('normal', 84.36277394790314, 93.74777563649347, 0.1405461815750006), spe_form=('skew', 8, 0), z=0.0, grad=('linear', 0.1405461815750006, 138.7847136224895)
+++ Source 'observed-H213CS' added
 |- Component added to 'observed-H213CS' (observed-H213CS-c1)
 ---+ Model: mol_list = ['H213CS'] @ spa_form=('normal', 137.77673430825092, 40.44925150321983, 1.0154101817412509), spe_form=('skew', 8, 0), z=0.0, grad=('linear', 1.0154101817412509, 46.02162497406972)
+++ Source 'observed-H2C34S' added
 |- Component added to 'observed-H2C34S' (observed-H2C34S-c1)
 ---+ Model: mol_list = ['H2C34S'] @ spa_form=('normal', 133.2203532997176, 44.17035563693691, 2.197295362542375), spe_form=('skew', 8, 0), z=0.0, grad=('linear', 2.197295362542375, 131.3270693246812)
+++ Source 'observed-H2C18O' added
 |- Component added to 'observed-H2C18O' (observed-H2C18O-c1)
 ---+ Model: mol_list = ['H2C18O'] @ spa_form=('normal', 53.87855814756853, 68.97885012751689, 0.5185578208426941), spe_form=('skew', 8, 0), z=0.0, grad=('linear', 0.5185578208426941, 53.77529601063349)
[*] Generating cube observerd
  |- Angular Coordinates (deg): ra=0 dec=0
  |- FOV (arcsec): ra=[-0.002777777777777778, 0.002777777777777778] dec=[-0.002777777777777778, 0.002777777777777778]
!!! WARNING: max ALMA bandwidth exceeded
  |- Spectral (MHz): center=604000 bandwidth=[602000.0, 606000.0]
  |- Cube size: 2 x 2 x 4000 
  |- Band: 9
*** Source: observed-H2C18O
  |- Projecting observed-H2C18O-c1
   --+ Generating template image
   --+ Generating template line distribution
   --+ Loading and correcting lines
      |- Projecting Formaldehyde (H2C18O) around 603231.51 Mhz, at 1.11589853982 K
*** Source: observed-H213CS
  |- Projecting observed-H213CS-c1
   --+ Generating template image
   --+ Generating template line distribution
   --+ Loading and correcting lines
      |- Projecting Thioformaldehyde (H213CS) around 602149.9892 Mhz, at 1.17470163083 K
*** Source: observed-H13CNv=0
  |- Projecting observed-H13CNv=0-c1
   --+ Generating template image
   --+ Generating template line distribution
   --+ Loading and correcting lines
*** Source: observed-34SO2v=0
  |- Projecting observed-34SO2v=0-c1
   --+ Generating template image
   --+ Generating template line distribution
   --+ Loading and correcting lines
      |- Projecting Sulfur Dioxide (34SO2v=0) around 604080.004 Mhz, at 0.494837290938 K
      |- Projecting Sulfur Dioxide (34SO2v=0) around 604376.563 Mhz, at 0.678338733442 K
      |- Projecting Sulfur Dioxide (34SO2v=0) around 605499.8855 Mhz, at 0.711837605588 K
*** Source: observed-33SO2
  |- Projecting observed-33SO2-c1
   --+ Generating template image
   --+ Generating template line distribution
   --+ Loading and correcting lines
      |- Projecting Sulfur Dioxide (33SO2) around 603112.9816 Mhz, at 0.499378883172 K
      |- Projecting Sulfur Dioxide (33SO2) around 603113.1191 Mhz, at 0.499378883172 K
      |- Projecting Sulfur Dioxide (33SO2) around 603113.2126 Mhz, at 0.499378883172 K
      |- Projecting Sulfur Dioxide (33SO2) around 603113.2683 Mhz, at 0.499378883172 K
*** Source: observed-OS17O
  |- Projecting observed-OS17O-c1
   --+ Generating template image
   --+ Generating template line distribution
   --+ Loading and correcting lines
*** Source: observed-CH3OHvt=0
  |- Projecting observed-CH3OHvt=0-c1
   --+ Generating template image
   --+ Generating template line distribution
   --+ Loading and correcting lines
      |- Projecting Methanol (CH3OHvt=0) around 602233.197 Mhz, at 0.847938431081 K
      |- Projecting Methanol (CH3OHvt=0) around 605587.005 Mhz, at 0.755159960459 K
*** Source: observed-HC15Nv=0
  |- Projecting observed-HC15Nv=0-c1
   --+ Generating template image
   --+ Generating template line distribution
   --+ Loading and correcting lines
      |- Projecting Hydrogen Cyanide (HC15Nv=0) around 602274.1332 Mhz, at 0.684007973333 K
*** Source: observed-SO2v2=1
  |- Projecting observed-SO2v2=1-c1
   --+ Generating template image
   --+ Generating template line distribution
   --+ Loading and correcting lines
*** Source: observed-H2C34S
  |- Projecting observed-H2C34S-c1
   --+ Generating template image
   --+ Generating template line distribution
   --+ Loading and correcting lines
      |- Projecting Thioformaldehyde (H2C34S) around 604710.9998 Mhz, at 1.24793512831 K
*** Source: observed-SO2v=0
  |- Projecting observed-SO2v=0-c1
   --+ Generating template image
   --+ Generating template line distribution
   --+ Loading and correcting lines
   -++ Saving FITS: data/cube_fixed_width_13.fits
