+++ Source 'observed-SO2v=0' added
 |- Component added to 'observed-SO2v=0' (observed-SO2v=0-c1)
 ---+ Model: mol_list = ['SO2v=0'] @ spa_form=('normal', 118.77320947437809, 82.51457743720016, 0.8070163481137603), spe_form=('skew', 8, 0), z=0.0, grad=('linear', 0.8070163481137603, 80.08994095605853)
+++ Source 'observed-33SO2' added
 |- Component added to 'observed-33SO2' (observed-33SO2-c1)
 ---+ Model: mol_list = ['33SO2'] @ spa_form=('normal', 69.4384532734743, 65.26325331746278, 1.3300864599296647), spe_form=('skew', 8, 0), z=0.0, grad=('linear', 1.3300864599296647, 106.75750753536228)
+++ Source 'observed-34SO2v=0' added
 |- Component added to 'observed-34SO2v=0' (observed-34SO2v=0-c1)
 ---+ Model: mol_list = ['34SO2v=0'] @ spa_form=('normal', 111.70034026368259, 73.50082775289066, 2.542065770966094), spe_form=('skew', 8, 0), z=0.0, grad=('linear', 2.542065770966094, 71.7667331113543)
+++ Source 'observed-OS18O' added
 |- Component added to 'observed-OS18O' (observed-OS18O-c1)
 ---+ Model: mol_list = ['OS18O'] @ spa_form=('normal', 77.58814713600805, 45.127979624899034, 1.417494200737345), spe_form=('skew', 8, 0), z=0.0, grad=('linear', 1.417494200737345, 122.65387117286514)
+++ Source 'observed-HC15Nv=0' added
 |- Component added to 'observed-HC15Nv=0' (observed-HC15Nv=0-c1)
 ---+ Model: mol_list = ['HC15Nv=0'] @ spa_form=('normal', 142.98222912109827, 49.021749466142666, 2.0542803526541897), spe_form=('skew', 8, 0), z=0.0, grad=('linear', 2.0542803526541897, 67.41545430630319)
+++ Source 'observed-H13CNv=0' added
 |- Component added to 'observed-H13CNv=0' (observed-H13CNv=0-c1)
 ---+ Model: mol_list = ['H13CNv=0'] @ spa_form=('normal', 87.90081323949917, 69.59369142266537, 0.16055949632715893), spe_form=('skew', 8, 0), z=0.0, grad=('linear', 0.16055949632715893, 15.372224712826721)
+++ Source 'observed-H2C18O' added
 |- Component added to 'observed-H2C18O' (observed-H2C18O-c1)
 ---+ Model: mol_list = ['H2C18O'] @ spa_form=('normal', 129.11327393550354, 53.15771864661289, 1.2194681559307887), spe_form=('skew', 8, 0), z=0.0, grad=('linear', 1.2194681559307887, 61.086556544521294)
+++ Source 'observed-H213CO' added
 |- Component added to 'observed-H213CO' (observed-H213CO-c1)
 ---+ Model: mol_list = ['H213CO'] @ spa_form=('normal', 130.97810057891508, 67.89815595223281, 1.7227428974276329), spe_form=('skew', 8, 0), z=0.0, grad=('linear', 1.7227428974276329, 100.36904614570247)
[*] Generating cube observerd
  |- Angular Coordinates (deg): ra=0 dec=0
  |- FOV (arcsec): ra=[-0.002777777777777778, 0.002777777777777778] dec=[-0.002777777777777778, 0.002777777777777778]
!!! WARNING: max ALMA bandwidth exceeded
  |- Spectral (MHz): center=604000 bandwidth=[602000.0, 606000.0]
  |- Cube size: 2 x 2 x 4000 
  |- Band: 9
*** Source: observed-OS18O
  |- Projecting observed-OS18O-c1
   --+ Generating template image
   --+ Generating template line distribution
   --+ Loading and correcting lines
*** Source: observed-H2C18O
  |- Projecting observed-H2C18O-c1
   --+ Generating template image
   --+ Generating template line distribution
   --+ Loading and correcting lines
      |- Projecting Formaldehyde (H2C18O) around 603231.51 Mhz, at 0.550524824655 K
*** Source: observed-H13CNv=0
  |- Projecting observed-H13CNv=0-c1
   --+ Generating template image
   --+ Generating template line distribution
   --+ Loading and correcting lines
      |- Projecting Hydrogen Cyanide (H13CNv=0) around 604267.914 Mhz, at 0.575076102058 K
*** Source: observed-33SO2
  |- Projecting observed-33SO2-c1
   --+ Generating template image
   --+ Generating template line distribution
   --+ Loading and correcting lines
      |- Projecting Sulfur Dioxide (33SO2) around 602337.0627 Mhz, at 0.790631440091 K
      |- Projecting Sulfur Dioxide (33SO2) around 602338.0039 Mhz, at 0.790631440091 K
      |- Projecting Sulfur Dioxide (33SO2) around 602348.9212 Mhz, at 0.790630675814 K
      |- Projecting Sulfur Dioxide (33SO2) around 602349.8184 Mhz, at 0.790630280499 K
      |- Projecting Sulfur Dioxide (33SO2) around 602488.3231 Mhz, at 0.942532954897 K
      |- Projecting Sulfur Dioxide (33SO2) around 602499.1576 Mhz, at 0.942531572517 K
      |- Projecting Sulfur Dioxide (33SO2) around 603112.9816 Mhz, at 1.06603959844 K
      |- Projecting Sulfur Dioxide (33SO2) around 603113.1191 Mhz, at 1.06603959844 K
      |- Projecting Sulfur Dioxide (33SO2) around 603113.2126 Mhz, at 1.06603959844 K
      |- Projecting Sulfur Dioxide (33SO2) around 603113.2683 Mhz, at 1.06603959844 K
      |- Projecting Sulfur Dioxide (33SO2) around 604736.5656 Mhz, at 0.589288072065 K
      |- Projecting Sulfur Dioxide (33SO2) around 604736.767 Mhz, at 0.589288072065 K
      |- Projecting Sulfur Dioxide (33SO2) around 604736.8741 Mhz, at 0.589288072065 K
      |- Projecting Sulfur Dioxide (33SO2) around 604736.8962 Mhz, at 0.589288072065 K
      |- Projecting Sulfur Dioxide (33SO2) around 604736.926 Mhz, at 0.589288072065 K
      |- Projecting Sulfur Dioxide (33SO2) around 604736.9663 Mhz, at 0.589288072065 K
      |- Projecting Sulfur Dioxide (33SO2) around 604736.9892 Mhz, at 0.589288072065 K
      |- Projecting Sulfur Dioxide (33SO2) around 605162.1267 Mhz, at 0.659604766793 K
      |- Projecting Sulfur Dioxide (33SO2) around 605162.2359 Mhz, at 0.659604766793 K
      |- Projecting Sulfur Dioxide (33SO2) around 605162.3107 Mhz, at 0.659604766793 K
      |- Projecting Sulfur Dioxide (33SO2) around 605162.3529 Mhz, at 0.659604766793 K
      |- Projecting Sulfur Dioxide (33SO2) around 605357.5302 Mhz, at 0.676603356692 K
      |- Projecting Sulfur Dioxide (33SO2) around 605366.9145 Mhz, at 0.676603356692 K
      |- Projecting Sulfur Dioxide (33SO2) around 605367.499 Mhz, at 0.676604349045 K
      |- Projecting Sulfur Dioxide (33SO2) around 605367.499 Mhz, at 0.676604349045 K
      |- Projecting Sulfur Dioxide (33SO2) around 605367.499 Mhz, at 0.676603356692 K
      |- Projecting Sulfur Dioxide (33SO2) around 605367.499 Mhz, at 0.676603356692 K
      |- Projecting Sulfur Dioxide (33SO2) around 605377.1052 Mhz, at 0.676604349045 K
*** Source: observed-34SO2v=0
  |- Projecting observed-34SO2v=0-c1
   --+ Generating template image
   --+ Generating template line distribution
   --+ Loading and correcting lines
      |- Projecting Sulfur Dioxide (34SO2v=0) around 602815.8891 Mhz, at 0.513243120362 K
      |- Projecting Sulfur Dioxide (34SO2v=0) around 604080.004 Mhz, at 0.799525839832 K
      |- Projecting Sulfur Dioxide (34SO2v=0) around 604376.563 Mhz, at 1.0960155095 K
      |- Projecting Sulfur Dioxide (34SO2v=0) around 605499.8855 Mhz, at 1.15014080356 K
      |- Projecting Sulfur Dioxide (34SO2v=0) around 605924.403 Mhz, at 0.533838140361 K
*** Source: observed-HC15Nv=0
  |- Projecting observed-HC15Nv=0-c1
   --+ Generating template image
   --+ Generating template line distribution
   --+ Loading and correcting lines
      |- Projecting Hydrogen Cyanide (HC15Nv=0) around 602274.1332 Mhz, at 0.700509426824 K
*** Source: observed-H213CO
  |- Projecting observed-H213CO-c1
   --+ Generating template image
   --+ Generating template line distribution
   --+ Loading and correcting lines
      |- Projecting Formaldehyde (H213CO) around 602083.584 Mhz, at 0.524990572234 K
*** Source: observed-SO2v=0
  |- Projecting observed-SO2v=0-c1
   --+ Generating template image
   --+ Generating template line distribution
   --+ Loading and correcting lines
   -++ Saving FITS: data/cube_variable_width_33.fits
