+++ Source 'observed-CH3OHvt=0' added
 |- Component added to 'observed-CH3OHvt=0' (observed-CH3OHvt=0-c1)
 ---+ Model: mol_list = ['CH3OHvt=0'] @ spa_form=('normal', 130.67849535542078, 40.69926986639731, 3.0337632869949034), spe_form=('skew', 8, 0), z=0.0, grad=('linear', 3.0337632869949034, 28.683931152251606)
+++ Source 'observed-SO2v=0' added
 |- Component added to 'observed-SO2v=0' (observed-SO2v=0-c1)
 ---+ Model: mol_list = ['SO2v=0'] @ spa_form=('normal', 132.8037793644089, 98.31976016315349, 1.1128636499262539), spe_form=('skew', 8, 0), z=0.0, grad=('linear', 1.1128636499262539, 136.6329194994484)
+++ Source 'observed-34SO2v=0' added
 |- Component added to 'observed-34SO2v=0' (observed-34SO2v=0-c1)
 ---+ Model: mol_list = ['34SO2v=0'] @ spa_form=('normal', 127.74932029294399, 90.34552203260964, 0.5293376407414455), spe_form=('skew', 8, 0), z=0.0, grad=('linear', 0.5293376407414455, 139.77668996004348)
+++ Source 'observed-OS18O' added
 |- Component added to 'observed-OS18O' (observed-OS18O-c1)
 ---+ Model: mol_list = ['OS18O'] @ spa_form=('normal', 92.88510642753792, 44.3983637042702, 2.8689238377428268), spe_form=('skew', 8, 0), z=0.0, grad=('linear', 2.8689238377428268, 116.7043380684834)
+++ Source 'observed-OS17O' added
 |- Component added to 'observed-OS17O' (observed-OS17O-c1)
 ---+ Model: mol_list = ['OS17O'] @ spa_form=('normal', 142.68298613395953, 68.50514623329906, 0.9087639682398974), spe_form=('skew', 8, 0), z=0.0, grad=('linear', 0.9087639682398974, 101.2848514599003)
+++ Source 'observed-H2C34S' added
 |- Component added to 'observed-H2C34S' (observed-H2C34S-c1)
 ---+ Model: mol_list = ['H2C34S'] @ spa_form=('normal', 77.0481291732024, 46.69570235946955, 1.209344616107191), spe_form=('skew', 8, 0), z=0.0, grad=('linear', 1.209344616107191, 41.65249832550745)
+++ Source 'observed-H2C18O' added
 |- Component added to 'observed-H2C18O' (observed-H2C18O-c1)
 ---+ Model: mol_list = ['H2C18O'] @ spa_form=('normal', 103.55852613719823, 84.17818118197826, 0.5869136531864387), spe_form=('skew', 8, 0), z=0.0, grad=('linear', 0.5869136531864387, 114.49175584254802)
[*] Generating cube observerd
  |- Angular Coordinates (deg): ra=0 dec=0
  |- FOV (arcsec): ra=[-0.002777777777777778, 0.002777777777777778] dec=[-0.002777777777777778, 0.002777777777777778]
!!! WARNING: max ALMA bandwidth exceeded
  |- Spectral (MHz): center=277000 bandwidth=[275000.0, 279000.0]
  |- Cube size: 2 x 2 x 4000 
  |- Band: 7
*** Source: observed-OS18O
  |- Projecting observed-OS18O-c1
   --+ Generating template image
   --+ Generating template line distribution
   --+ Loading and correcting lines
      |- Projecting Sulfur Dioxide (OS18O) around 275207.6031 Mhz, at 0.674030461292 K
      |- Projecting Sulfur Dioxide (OS18O) around 275282.0764 Mhz, at 1.24900673782 K
      |- Projecting Sulfur Dioxide (OS18O) around 275454.6038 Mhz, at 0.561715206444 K
      |- Projecting Sulfur Dioxide (OS18O) around 275552.9984 Mhz, at 1.54948335969 K
      |- Projecting Sulfur Dioxide (OS18O) around 275646.3336 Mhz, at 0.277034118852 K
      |- Projecting Sulfur Dioxide (OS18O) around 276002.289 Mhz, at 1.6353953167 K
      |- Projecting Sulfur Dioxide (OS18O) around 276274.7786 Mhz, at 1.00373217298 K
      |- Projecting Sulfur Dioxide (OS18O) around 276277.2242 Mhz, at 0.662444869149 K
      |- Projecting Sulfur Dioxide (OS18O) around 276567.9332 Mhz, at 0.125698557277 K
      |- Projecting Sulfur Dioxide (OS18O) around 276568.1446 Mhz, at 0.125698557277 K
      |- Projecting Sulfur Dioxide (OS18O) around 277080.9497 Mhz, at 1.0872279869 K
      |- Projecting Sulfur Dioxide (OS18O) around 277088.3147 Mhz, at 1.08722689967 K
      |- Projecting Sulfur Dioxide (OS18O) around 278393.6459 Mhz, at 0.74875318613 K
*** Source: observed-H2C18O
  |- Projecting observed-H2C18O-c1
   --+ Generating template image
   --+ Generating template line distribution
   --+ Loading and correcting lines
      |- Projecting Formaldehyde (H2C18O) around 277062.652 Mhz, at 0.464742397334 K
      |- Projecting Formaldehyde (H2C18O) around 277562.802 Mhz, at 0.544401704197 K
      |- Projecting Formaldehyde (H2C18O) around 277675.2025 Mhz, at 0.663315007103 K
      |- Projecting Formaldehyde (H2C18O) around 277678.1029 Mhz, at 0.663315007103 K
      |- Projecting Formaldehyde (H2C18O) around 277853.3599 Mhz, at 0.336089323322 K
      |- Projecting Formaldehyde (H2C18O) around 278145.446 Mhz, at 0.544427037613 K
*** Source: observed-34SO2v=0
  |- Projecting observed-34SO2v=0-c1
   --+ Generating template image
   --+ Generating template line distribution
   --+ Loading and correcting lines
      |- Projecting Sulfur Dioxide (34SO2v=0) around 275434.2181 Mhz, at 0.327178896857 K
      |- Projecting Sulfur Dioxide (34SO2v=0) around 276483.977 Mhz, at 0.275134849645 K
      |- Projecting Sulfur Dioxide (34SO2v=0) around 276999.6054 Mhz, at 0.144840341088 K
      |- Projecting Sulfur Dioxide (34SO2v=0) around 277150.575 Mhz, at 0.16160602678 K
      |- Projecting Sulfur Dioxide (34SO2v=0) around 278835.2175 Mhz, at 0.181407685865 K
*** Source: observed-H2C34S
  |- Projecting observed-H2C34S-c1
   --+ Generating template image
   --+ Generating template line distribution
   --+ Loading and correcting lines
      |- Projecting Thioformaldehyde (H2C34S) around 277295.9149 Mhz, at 1.10489155461 K
*** Source: observed-OS17O
  |- Projecting observed-OS17O-c1
   --+ Generating template image
   --+ Generating template line distribution
   --+ Loading and correcting lines
      |- Projecting Sulfur Dioxide (OS17O) around 275054.7862 Mhz, at 0.126902974554 K
      |- Projecting Sulfur Dioxide (OS17O) around 275142.6319 Mhz, at 0.157816928563 K
      |- Projecting Sulfur Dioxide (OS17O) around 275151.3474 Mhz, at 0.157816697098 K
      |- Projecting Sulfur Dioxide (OS17O) around 275431.4561 Mhz, at 0.138653684792 K
      |- Projecting Sulfur Dioxide (OS17O) around 277365.4535 Mhz, at 0.145980017795 K
*** Source: observed-CH3OHvt=0
  |- Projecting observed-CH3OHvt=0-c1
   --+ Generating template image
   --+ Generating template line distribution
   --+ Loading and correcting lines
      |- Projecting Methanol (CH3OHvt=0) around 276648.18 Mhz, at 0.487982928186 K
      |- Projecting Methanol (CH3OHvt=0) around 276925.919 Mhz, at 0.352383694108 K
      |- Projecting Methanol (CH3OHvt=0) around 277940.773 Mhz, at 0.156618465031 K
      |- Projecting Methanol (CH3OHvt=0) around 278186.616 Mhz, at 0.156624474075 K
      |- Projecting Methanol (CH3OHvt=0) around 278304.51 Mhz, at 0.254884539246 K
      |- Projecting Methanol (CH3OHvt=0) around 278342.257 Mhz, at 0.197113444227 K
      |- Projecting Methanol (CH3OHvt=0) around 278480.23 Mhz, at 0.218326312221 K
      |- Projecting Methanol (CH3OHvt=0) around 278599.055 Mhz, at 0.45997726086 K
      |- Projecting Methanol (CH3OHvt=0) around 278672.92 Mhz, at 0.240205847909 K
      |- Projecting Methanol (CH3OHvt=0) around 278723.25 Mhz, at 0.240208153896 K
      |- Projecting Methanol (CH3OHvt=0) around 278965.129 Mhz, at 0.122728543785 K
*** Source: observed-SO2v=0
  |- Projecting observed-SO2v=0-c1
   --+ Generating template image
   --+ Generating template line distribution
   --+ Loading and correcting lines
      |- Projecting Sulfur dioxide (SO2v=0) around 275240.184 Mhz, at 0.262051443844 K
      |- Projecting Sulfur dioxide (SO2v=0) around 275375.7013 Mhz, at 0.123887191021 K
      |- Projecting Sulfur dioxide (SO2v=0) around 276254.5765 Mhz, at 0.259410989235 K
      |- Projecting Sulfur dioxide (SO2v=0) around 278250.9723 Mhz, at 0.449829430857 K
   -++ Saving FITS: data/cube_variable_width_96.fits
