+++ Source 'observed-CH3OHvt=0' added
 |- Component added to 'observed-CH3OHvt=0' (observed-CH3OHvt=0-c1)
 ---+ Model: mol_list = ['CH3OHvt=0'] @ spa_form=('normal', 82.11399419052884, 63.73562859034163, 0.5634422910177443), spe_form=('skew', 8, 0), z=0.0, grad=('linear', 0.5634422910177443, 18.74334215603976)
+++ Source 'observed-33SO2' added
 |- Component added to 'observed-33SO2' (observed-33SO2-c1)
 ---+ Model: mol_list = ['33SO2'] @ spa_form=('normal', 56.472845284450734, 99.32734258504465, 0.5140483440139083), spe_form=('skew', 8, 0), z=0.0, grad=('linear', 0.5140483440139083, 95.44826829898)
+++ Source 'observed-OS18O' added
 |- Component added to 'observed-OS18O' (observed-OS18O-c1)
 ---+ Model: mol_list = ['OS18O'] @ spa_form=('normal', 83.6632320461226, 68.68905165072525, 1.2062082691889593), spe_form=('skew', 8, 0), z=0.0, grad=('linear', 1.2062082691889593, 89.48372140632483)
+++ Source 'observed-OS17O' added
 |- Component added to 'observed-OS17O' (observed-OS17O-c1)
 ---+ Model: mol_list = ['OS17O'] @ spa_form=('normal', 75.59386247728813, 70.03586747932268, 1.6310774013604368), spe_form=('skew', 8, 0), z=0.0, grad=('linear', 1.6310774013604368, 35.06784234397893)
+++ Source 'observed-H13CNv2=1' added
 |- Component added to 'observed-H13CNv2=1' (observed-H13CNv2=1-c1)
 ---+ Model: mol_list = ['H13CNv2=1'] @ spa_form=('normal', 139.051997282091, 70.39905271873693, 0.926536710530984), spe_form=('skew', 8, 0), z=0.0, grad=('linear', 0.926536710530984, 145.7050761402303)
+++ Source 'observed-H13CNv=0' added
 |- Component added to 'observed-H13CNv=0' (observed-H13CNv=0-c1)
 ---+ Model: mol_list = ['H13CNv=0'] @ spa_form=('normal', 138.40569218755826, 59.50851643908215, 2.0595848406682786), spe_form=('skew', 8, 0), z=0.0, grad=('linear', 2.0595848406682786, 105.03342112325612)
+++ Source 'observed-H213CS' added
 |- Component added to 'observed-H213CS' (observed-H213CS-c1)
 ---+ Model: mol_list = ['H213CS'] @ spa_form=('normal', 120.23473470882922, 71.97741902876157, 2.5164667964809144), spe_form=('skew', 8, 0), z=0.0, grad=('linear', 2.5164667964809144, 38.62255029426063)
+++ Source 'observed-H2C34S' added
 |- Component added to 'observed-H2C34S' (observed-H2C34S-c1)
 ---+ Model: mol_list = ['H2C34S'] @ spa_form=('normal', 109.06646123101444, 93.38053158574385, 0.36939033627260054), spe_form=('skew', 8, 0), z=0.0, grad=('linear', 0.36939033627260054, 51.22414501202869)
+++ Source 'observed-H2C18O' added
 |- Component added to 'observed-H2C18O' (observed-H2C18O-c1)
 ---+ Model: mol_list = ['H2C18O'] @ spa_form=('normal', 114.50797377414362, 47.266301971623875, 2.769718886822689), spe_form=('skew', 8, 0), z=0.0, grad=('linear', 2.769718886822689, 50.19063993700402)
+++ Source 'observed-H213CO' added
 |- Component added to 'observed-H213CO' (observed-H213CO-c1)
 ---+ Model: mol_list = ['H213CO'] @ spa_form=('normal', 124.39744090545071, 77.96682962420661, 0.7164626720648872), spe_form=('skew', 8, 0), z=0.0, grad=('linear', 0.7164626720648872, 87.41009013493597)
[*] Generating cube observerd
  |- Angular Coordinates (deg): ra=0 dec=0
  |- FOV (arcsec): ra=[-0.002777777777777778, 0.002777777777777778] dec=[-0.002777777777777778, 0.002777777777777778]
!!! WARNING: max ALMA bandwidth exceeded
  |- Spectral (MHz): center=604000 bandwidth=[602000.0, 606000.0]
  |- Cube size: 2 x 2 x 4000 
  |- Band: 9
*** Source: observed-OS18O
  |- Projecting observed-OS18O-c1
   --+ Generating template image
   --+ Generating template line distribution
   --+ Loading and correcting lines
*** Source: observed-H2C18O
  |- Projecting observed-H2C18O-c1
   --+ Generating template image
   --+ Generating template line distribution
   --+ Loading and correcting lines
*** Source: observed-H213CS
  |- Projecting observed-H213CS-c1
   --+ Generating template image
   --+ Generating template line distribution
   --+ Loading and correcting lines
      |- Projecting Thioformaldehyde (H213CS) around 602149.9892 Mhz, at 1.356371267 K
*** Source: observed-H13CNv2=1
  |- Projecting observed-H13CNv2=1-c1
   --+ Generating template image
   --+ Generating template line distribution
   --+ Loading and correcting lines
*** Source: observed-H2C34S
  |- Projecting observed-H2C34S-c1
   --+ Generating template image
   --+ Generating template line distribution
   --+ Loading and correcting lines
      |- Projecting Thioformaldehyde (H2C34S) around 604710.9998 Mhz, at 0.528645999621 K
*** Source: observed-33SO2
  |- Projecting observed-33SO2-c1
   --+ Generating template image
   --+ Generating template line distribution
   --+ Loading and correcting lines
      |- Projecting Sulfur Dioxide (33SO2) around 602337.0627 Mhz, at 0.918987392033 K
      |- Projecting Sulfur Dioxide (33SO2) around 602338.0039 Mhz, at 0.918987392033 K
      |- Projecting Sulfur Dioxide (33SO2) around 602348.9212 Mhz, at 0.918986503679 K
      |- Projecting Sulfur Dioxide (33SO2) around 602349.8184 Mhz, at 0.918986044186 K
      |- Projecting Sulfur Dioxide (33SO2) around 602488.3231 Mhz, at 1.09554952941 K
      |- Projecting Sulfur Dioxide (33SO2) around 602499.1576 Mhz, at 1.0955479226 K
      |- Projecting Sulfur Dioxide (33SO2) around 603112.9816 Mhz, at 1.23910699815 K
      |- Projecting Sulfur Dioxide (33SO2) around 603113.1191 Mhz, at 1.23910699815 K
      |- Projecting Sulfur Dioxide (33SO2) around 603113.2126 Mhz, at 1.23910699815 K
      |- Projecting Sulfur Dioxide (33SO2) around 603113.2683 Mhz, at 1.23910699815 K
      |- Projecting Sulfur Dioxide (33SO2) around 604736.5656 Mhz, at 0.684956708073 K
      |- Projecting Sulfur Dioxide (33SO2) around 604736.767 Mhz, at 0.684956708073 K
      |- Projecting Sulfur Dioxide (33SO2) around 604736.8741 Mhz, at 0.684956708073 K
      |- Projecting Sulfur Dioxide (33SO2) around 604736.8962 Mhz, at 0.684956708073 K
      |- Projecting Sulfur Dioxide (33SO2) around 604736.926 Mhz, at 0.684956708073 K
      |- Projecting Sulfur Dioxide (33SO2) around 604736.9663 Mhz, at 0.684956708073 K
      |- Projecting Sulfur Dioxide (33SO2) around 604736.9892 Mhz, at 0.684956708073 K
      |- Projecting Sulfur Dioxide (33SO2) around 605162.1267 Mhz, at 0.766689045831 K
      |- Projecting Sulfur Dioxide (33SO2) around 605162.2359 Mhz, at 0.766689045831 K
      |- Projecting Sulfur Dioxide (33SO2) around 605162.3107 Mhz, at 0.766689045831 K
      |- Projecting Sulfur Dioxide (33SO2) around 605162.3529 Mhz, at 0.766689045831 K
      |- Projecting Sulfur Dioxide (33SO2) around 605357.5302 Mhz, at 0.786447290961 K
      |- Projecting Sulfur Dioxide (33SO2) around 605366.9145 Mhz, at 0.786447290961 K
      |- Projecting Sulfur Dioxide (33SO2) around 605367.499 Mhz, at 0.786448444418 K
      |- Projecting Sulfur Dioxide (33SO2) around 605367.499 Mhz, at 0.786448444418 K
      |- Projecting Sulfur Dioxide (33SO2) around 605367.499 Mhz, at 0.786447290961 K
      |- Projecting Sulfur Dioxide (33SO2) around 605367.499 Mhz, at 0.786447290961 K
      |- Projecting Sulfur Dioxide (33SO2) around 605377.1052 Mhz, at 0.786448444418 K
*** Source: observed-OS17O
  |- Projecting observed-OS17O-c1
   --+ Generating template image
   --+ Generating template line distribution
   --+ Loading and correcting lines
*** Source: observed-CH3OHvt=0
  |- Projecting observed-CH3OHvt=0-c1
   --+ Generating template image
   --+ Generating template line distribution
   --+ Loading and correcting lines
      |- Projecting Methanol (CH3OHvt=0) around 602233.197 Mhz, at 1.01008228592 K
      |- Projecting Methanol (CH3OHvt=0) around 604903.184 Mhz, at 0.518367289657 K
      |- Projecting Methanol (CH3OHvt=0) around 605587.005 Mhz, at 0.899562599284 K
*** Source: observed-H13CNv=0
  |- Projecting observed-H13CNv=0-c1
   --+ Generating template image
   --+ Generating template line distribution
   --+ Loading and correcting lines
      |- Projecting Hydrogen Cyanide (H13CNv=0) around 604267.914 Mhz, at 0.747341293115 K
*** Source: observed-H213CO
  |- Projecting observed-H213CO-c1
   --+ Generating template image
   --+ Generating template line distribution
   --+ Loading and correcting lines
   -++ Saving FITS: data/cube_variable_width_31.fits
