+++ Source 'observed-34SO2v=0' added
 |- Component added to 'observed-34SO2v=0' (observed-34SO2v=0-c1)
 ---+ Model: mol_list = ['34SO2v=0'] @ spa_form=('normal', 91.23336560840984, 49.75231673617443, 0.31433309454924563), spe_form=('skew', 8, 0), z=0.0, grad=('linear', 0.31433309454924563, 124.6016864028855)
+++ Source 'observed-OS18O' added
 |- Component added to 'observed-OS18O' (observed-OS18O-c1)
 ---+ Model: mol_list = ['OS18O'] @ spa_form=('normal', 61.822845539546776, 97.09660709098675, 1.3220257194318419), spe_form=('skew', 8, 0), z=0.0, grad=('linear', 1.3220257194318419, 81.24247647862896)
+++ Source 'observed-OS17O' added
 |- Component added to 'observed-OS17O' (observed-OS17O-c1)
 ---+ Model: mol_list = ['OS17O'] @ spa_form=('normal', 80.36245525282811, 59.691396386106064, 0.6766256440705576), spe_form=('skew', 8, 0), z=0.0, grad=('linear', 0.6766256440705576, 123.47201740082632)
+++ Source 'observed-HC15Nv=0' added
 |- Component added to 'observed-HC15Nv=0' (observed-HC15Nv=0-c1)
 ---+ Model: mol_list = ['HC15Nv=0'] @ spa_form=('normal', 141.42552792751252, 80.57495861402514, 1.442994214934916), spe_form=('skew', 8, 0), z=0.0, grad=('linear', 1.442994214934916, 111.26767741818327)
+++ Source 'observed-H13CNv2=1' added
 |- Component added to 'observed-H13CNv2=1' (observed-H13CNv2=1-c1)
 ---+ Model: mol_list = ['H13CNv2=1'] @ spa_form=('normal', 102.75670882856832, 88.5286460429417, 0.3088096255026632), spe_form=('skew', 8, 0), z=0.0, grad=('linear', 0.3088096255026632, 132.92831679454616)
+++ Source 'observed-H13CNv=0' added
 |- Component added to 'observed-H13CNv=0' (observed-H13CNv=0-c1)
 ---+ Model: mol_list = ['H13CNv=0'] @ spa_form=('normal', 73.759894784947, 81.34894346133328, 2.8182947740079642), spe_form=('skew', 8, 0), z=0.0, grad=('linear', 2.8182947740079642, 141.93317381567275)
+++ Source 'observed-H2C18O' added
 |- Component added to 'observed-H2C18O' (observed-H2C18O-c1)
 ---+ Model: mol_list = ['H2C18O'] @ spa_form=('normal', 108.30481301945449, 61.06099194818913, 2.680030182131522), spe_form=('skew', 8, 0), z=0.0, grad=('linear', 2.680030182131522, 117.21971103875498)
+++ Source 'observed-H213CO' added
 |- Component added to 'observed-H213CO' (observed-H213CO-c1)
 ---+ Model: mol_list = ['H213CO'] @ spa_form=('normal', 137.9411529611832, 66.97315387305281, 1.431729558082301), spe_form=('skew', 8, 0), z=0.0, grad=('linear', 1.431729558082301, 98.60385020484648)
[*] Generating cube observerd
  |- Angular Coordinates (deg): ra=0 dec=0
  |- FOV (arcsec): ra=[-0.002777777777777778, 0.002777777777777778] dec=[-0.002777777777777778, 0.002777777777777778]
!!! WARNING: max ALMA bandwidth exceeded
  |- Spectral (MHz): center=277000 bandwidth=[275000.0, 279000.0]
  |- Cube size: 2 x 2 x 4000 
  |- Band: 7
*** Source: observed-OS18O
  |- Projecting observed-OS18O-c1
   --+ Generating template image
   --+ Generating template line distribution
   --+ Loading and correcting lines
      |- Projecting Sulfur Dioxide (OS18O) around 275207.6031 Mhz, at 0.367900115235 K
      |- Projecting Sulfur Dioxide (OS18O) around 275282.0764 Mhz, at 0.681734356476 K
      |- Projecting Sulfur Dioxide (OS18O) around 275454.6038 Mhz, at 0.306596068053 K
      |- Projecting Sulfur Dioxide (OS18O) around 275552.9984 Mhz, at 0.8457408668 K
      |- Projecting Sulfur Dioxide (OS18O) around 275646.3336 Mhz, at 0.151211095199 K
      |- Projecting Sulfur Dioxide (OS18O) around 276002.289 Mhz, at 0.892633434272 K
      |- Projecting Sulfur Dioxide (OS18O) around 276274.7786 Mhz, at 0.547858299159 K
      |- Projecting Sulfur Dioxide (OS18O) around 276277.2242 Mhz, at 0.361576453428 K
      |- Projecting Sulfur Dioxide (OS18O) around 277080.9497 Mhz, at 0.593432084508 K
      |- Projecting Sulfur Dioxide (OS18O) around 277088.3147 Mhz, at 0.593431491076 K
      |- Projecting Sulfur Dioxide (OS18O) around 278393.6459 Mhz, at 0.408685362575 K
*** Source: observed-H2C18O
  |- Projecting observed-H2C18O-c1
   --+ Generating template image
   --+ Generating template line distribution
   --+ Loading and correcting lines
      |- Projecting Formaldehyde (H2C18O) around 277062.652 Mhz, at 0.435168279655 K
      |- Projecting Formaldehyde (H2C18O) around 277562.802 Mhz, at 0.509758426208 K
      |- Projecting Formaldehyde (H2C18O) around 277675.2025 Mhz, at 0.621104620897 K
      |- Projecting Formaldehyde (H2C18O) around 277678.1029 Mhz, at 0.621104620897 K
      |- Projecting Formaldehyde (H2C18O) around 277853.3599 Mhz, at 0.314702109124 K
      |- Projecting Formaldehyde (H2C18O) around 278145.446 Mhz, at 0.509782147519 K
*** Source: observed-H13CNv2=1
  |- Projecting observed-H13CNv2=1-c1
   --+ Generating template image
   --+ Generating template line distribution
   --+ Loading and correcting lines
*** Source: observed-OS17O
  |- Projecting observed-OS17O-c1
   --+ Generating template image
   --+ Generating template line distribution
   --+ Loading and correcting lines
      |- Projecting Sulfur Dioxide (OS17O) around 275054.7862 Mhz, at 0.930753877953 K
      |- Projecting Sulfur Dioxide (OS17O) around 275142.6319 Mhz, at 1.15748837868 K
      |- Projecting Sulfur Dioxide (OS17O) around 275151.3474 Mhz, at 1.15748668103 K
      |- Projecting Sulfur Dioxide (OS17O) around 275431.4561 Mhz, at 1.01693798168 K
      |- Projecting Sulfur Dioxide (OS17O) around 275846.0173 Mhz, at 0.323601098314 K
      |- Projecting Sulfur Dioxide (OS17O) around 276201.24 Mhz, at 0.684596271083 K
      |- Projecting Sulfur Dioxide (OS17O) around 277061.5867 Mhz, at 0.861891316033 K
      |- Projecting Sulfur Dioxide (OS17O) around 277269.543 Mhz, at 0.151961704632 K
      |- Projecting Sulfur Dioxide (OS17O) around 277365.4535 Mhz, at 1.07067204802 K
*** Source: observed-34SO2v=0
  |- Projecting observed-34SO2v=0-c1
   --+ Generating template image
   --+ Generating template line distribution
   --+ Loading and correcting lines
      |- Projecting Sulfur Dioxide (34SO2v=0) around 275434.2181 Mhz, at 0.973320440548 K
      |- Projecting Sulfur Dioxide (34SO2v=0) around 276483.977 Mhz, at 0.818495250272 K
      |- Projecting Sulfur Dioxide (34SO2v=0) around 276999.6054 Mhz, at 0.43088373349 K
      |- Projecting Sulfur Dioxide (34SO2v=0) around 277150.575 Mhz, at 0.480759763823 K
      |- Projecting Sulfur Dioxide (34SO2v=0) around 277470.0761 Mhz, at 0.257501023236 K
      |- Projecting Sulfur Dioxide (34SO2v=0) around 277475.9774 Mhz, at 0.125780273955 K
      |- Projecting Sulfur Dioxide (34SO2v=0) around 278835.2175 Mhz, at 0.539667473731 K
*** Source: observed-HC15Nv=0
  |- Projecting observed-HC15Nv=0-c1
   --+ Generating template image
   --+ Generating template line distribution
   --+ Loading and correcting lines
*** Source: observed-H13CNv=0
  |- Projecting observed-H13CNv=0-c1
   --+ Generating template image
   --+ Generating template line distribution
   --+ Loading and correcting lines
*** Source: observed-H213CO
  |- Projecting observed-H213CO-c1
   --+ Generating template image
   --+ Generating template line distribution
   --+ Loading and correcting lines
   -++ Saving FITS: data/cube_fixed_width_53.fits
