+++ Source 'observed-CH3OHvt=0' added
 |- Component added to 'observed-CH3OHvt=0' (observed-CH3OHvt=0-c1)
 ---+ Model: mol_list = ['CH3OHvt=0'] @ spa_form=('normal', 110.32748038802666, 91.37224677335833, 2.2141561156483216), spe_form=('skew', 8, 0), z=0.0, grad=('linear', 2.2141561156483216, 62.394224438284965)
+++ Source 'observed-SO2v=0' added
 |- Component added to 'observed-SO2v=0' (observed-SO2v=0-c1)
 ---+ Model: mol_list = ['SO2v=0'] @ spa_form=('normal', 145.6055286014344, 60.05273426085365, 2.2338441114032985), spe_form=('skew', 8, 0), z=0.0, grad=('linear', 2.2338441114032985, 64.0322684578895)
+++ Source 'observed-34SO2v=0' added
 |- Component added to 'observed-34SO2v=0' (observed-34SO2v=0-c1)
 ---+ Model: mol_list = ['34SO2v=0'] @ spa_form=('normal', 85.14673940494954, 61.66554152815604, 3.0770079752950443), spe_form=('skew', 8, 0), z=0.0, grad=('linear', 3.0770079752950443, 10.974980577650179)
+++ Source 'observed-HC15Nv=0' added
 |- Component added to 'observed-HC15Nv=0' (observed-HC15Nv=0-c1)
 ---+ Model: mol_list = ['HC15Nv=0'] @ spa_form=('normal', 138.0500220493745, 73.5433525307111, 0.20502731095740886), spe_form=('skew', 8, 0), z=0.0, grad=('linear', 0.20502731095740886, 66.96045524792581)
+++ Source 'observed-H13CNv2=1' added
 |- Component added to 'observed-H13CNv2=1' (observed-H13CNv2=1-c1)
 ---+ Model: mol_list = ['H13CNv2=1'] @ spa_form=('normal', 85.51711671864516, 78.0685587509067, 2.6182187489371187), spe_form=('skew', 8, 0), z=0.0, grad=('linear', 2.6182187489371187, 142.70088990657058)
+++ Source 'observed-H2C18O' added
 |- Component added to 'observed-H2C18O' (observed-H2C18O-c1)
 ---+ Model: mol_list = ['H2C18O'] @ spa_form=('normal', 70.39432833388881, 68.90724929579329, 3.0012985830052217), spe_form=('skew', 8, 0), z=0.0, grad=('linear', 3.0012985830052217, 80.86248752776656)
[*] Generating cube observerd
  |- Angular Coordinates (deg): ra=0 dec=0
  |- FOV (arcsec): ra=[-0.002777777777777778, 0.002777777777777778] dec=[-0.002777777777777778, 0.002777777777777778]
!!! WARNING: max ALMA bandwidth exceeded
  |- Spectral (MHz): center=604000 bandwidth=[602000.0, 606000.0]
  |- Cube size: 2 x 2 x 4000 
  |- Band: 9
*** Source: observed-H2C18O
  |- Projecting observed-H2C18O-c1
   --+ Generating template image
   --+ Generating template line distribution
   --+ Loading and correcting lines
      |- Projecting Formaldehyde (H2C18O) around 603231.51 Mhz, at 0.908180063719 K
*** Source: observed-H13CNv2=1
  |- Projecting observed-H13CNv2=1-c1
   --+ Generating template image
   --+ Generating template line distribution
   --+ Loading and correcting lines
*** Source: observed-34SO2v=0
  |- Projecting observed-34SO2v=0-c1
   --+ Generating template image
   --+ Generating template line distribution
   --+ Loading and correcting lines
      |- Projecting Sulfur Dioxide (34SO2v=0) around 605499.8855 Mhz, at 0.503049657262 K
*** Source: observed-CH3OHvt=0
  |- Projecting observed-CH3OHvt=0-c1
   --+ Generating template image
   --+ Generating template line distribution
   --+ Loading and correcting lines
      |- Projecting Methanol (CH3OHvt=0) around 602233.197 Mhz, at 0.879755698707 K
      |- Projecting Methanol (CH3OHvt=0) around 605587.005 Mhz, at 0.783495893448 K
*** Source: observed-HC15Nv=0
  |- Projecting observed-HC15Nv=0-c1
   --+ Generating template image
   --+ Generating template line distribution
   --+ Loading and correcting lines
*** Source: observed-SO2v=0
  |- Projecting observed-SO2v=0-c1
   --+ Generating template image
   --+ Generating template line distribution
   --+ Loading and correcting lines
      |- Projecting Sulfur dioxide (SO2v=0) around 604367.4364 Mhz, at 0.621276833696 K
      |- Projecting Sulfur dioxide (SO2v=0) around 604406.5377 Mhz, at 0.592316785783 K
      |- Projecting Sulfur dioxide (SO2v=0) around 605532.5228 Mhz, at 0.752636871824 K
   -++ Saving FITS: data/cube_fixed_width_12.fits
