+++ Source 'observed-SO2v=0' added
 |- Component added to 'observed-SO2v=0' (observed-SO2v=0-c1)
 ---+ Model: mol_list = ['SO2v=0'] @ spa_form=('normal', 78.48176441481735, 86.45789721237088, 1.0880787873760958), spe_form=('skew', 8, 0), z=0.0, grad=('linear', 1.0880787873760958, 34.96716346009925)
+++ Source 'observed-33SO2' added
 |- Component added to 'observed-33SO2' (observed-33SO2-c1)
 ---+ Model: mol_list = ['33SO2'] @ spa_form=('normal', 53.07157478163015, 79.00987934926876, 1.1613174384632476), spe_form=('skew', 8, 0), z=0.0, grad=('linear', 1.1613174384632476, 49.971247922392465)
+++ Source 'observed-SO2v2=1' added
 |- Component added to 'observed-SO2v2=1' (observed-SO2v2=1-c1)
 ---+ Model: mol_list = ['SO2v2=1'] @ spa_form=('normal', 93.54841711235886, 54.791248618492055, 1.3287736432279476), spe_form=('skew', 8, 0), z=0.0, grad=('linear', 1.3287736432279476, 123.26257359480374)
+++ Source 'observed-H13CNv2=1' added
 |- Component added to 'observed-H13CNv2=1' (observed-H13CNv2=1-c1)
 ---+ Model: mol_list = ['H13CNv2=1'] @ spa_form=('normal', 110.37601569032473, 98.27574356986821, 1.5341778163822466), spe_form=('skew', 8, 0), z=0.0, grad=('linear', 1.5341778163822466, 53.678046969355584)
+++ Source 'observed-H2C34S' added
 |- Component added to 'observed-H2C34S' (observed-H2C34S-c1)
 ---+ Model: mol_list = ['H2C34S'] @ spa_form=('normal', 83.71790172588207, 59.08283906963942, 0.6451556658122297), spe_form=('skew', 8, 0), z=0.0, grad=('linear', 0.6451556658122297, 100.55421924338619)
+++ Source 'observed-H2C18O' added
 |- Component added to 'observed-H2C18O' (observed-H2C18O-c1)
 ---+ Model: mol_list = ['H2C18O'] @ spa_form=('normal', 130.81867484447582, 76.64773026436349, 1.2023671701052878), spe_form=('skew', 8, 0), z=0.0, grad=('linear', 1.2023671701052878, 45.02575410614445)
+++ Source 'observed-H213CO' added
 |- Component added to 'observed-H213CO' (observed-H213CO-c1)
 ---+ Model: mol_list = ['H213CO'] @ spa_form=('normal', 52.20955926367314, 63.78990711168261, 2.2250385989745403), spe_form=('skew', 8, 0), z=0.0, grad=('linear', 2.2250385989745403, 30.987838553038547)
[*] Generating cube observerd
  |- Angular Coordinates (deg): ra=0 dec=0
  |- FOV (arcsec): ra=[-0.002777777777777778, 0.002777777777777778] dec=[-0.002777777777777778, 0.002777777777777778]
!!! WARNING: max ALMA bandwidth exceeded
  |- Spectral (MHz): center=277000 bandwidth=[275000.0, 279000.0]
  |- Cube size: 2 x 2 x 4000 
  |- Band: 7
*** Source: observed-H2C18O
  |- Projecting observed-H2C18O-c1
   --+ Generating template image
   --+ Generating template line distribution
   --+ Loading and correcting lines
      |- Projecting Formaldehyde (H2C18O) around 277062.652 Mhz, at 0.211187853311 K
      |- Projecting Formaldehyde (H2C18O) around 277562.802 Mhz, at 0.247386569222 K
      |- Projecting Formaldehyde (H2C18O) around 277675.2025 Mhz, at 0.301423053337 K
      |- Projecting Formaldehyde (H2C18O) around 277678.1029 Mhz, at 0.301423053337 K
      |- Projecting Formaldehyde (H2C18O) around 277853.3599 Mhz, at 0.152725430519 K
      |- Projecting Formaldehyde (H2C18O) around 278145.446 Mhz, at 0.247398081212 K
*** Source: observed-H13CNv2=1
  |- Projecting observed-H13CNv2=1-c1
   --+ Generating template image
   --+ Generating template line distribution
   --+ Loading and correcting lines
*** Source: observed-H2C34S
  |- Projecting observed-H2C34S-c1
   --+ Generating template image
   --+ Generating template line distribution
   --+ Loading and correcting lines
      |- Projecting Thioformaldehyde (H2C34S) around 277295.9149 Mhz, at 1.19190381891 K
*** Source: observed-33SO2
  |- Projecting observed-33SO2-c1
   --+ Generating template image
   --+ Generating template line distribution
   --+ Loading and correcting lines
      |- Projecting Sulfur Dioxide (33SO2) around 275160.7805 Mhz, at 0.139031912957 K
      |- Projecting Sulfur Dioxide (33SO2) around 275160.8324 Mhz, at 0.139031912957 K
      |- Projecting Sulfur Dioxide (33SO2) around 275160.9909 Mhz, at 0.139031977838 K
      |- Projecting Sulfur Dioxide (33SO2) around 275161.0124 Mhz, at 0.139031977838 K
      |- Projecting Sulfur Dioxide (33SO2) around 275828.2515 Mhz, at 0.594360000005 K
      |- Projecting Sulfur Dioxide (33SO2) around 275828.3672 Mhz, at 0.594360000005 K
      |- Projecting Sulfur Dioxide (33SO2) around 275831.1722 Mhz, at 0.594360000005 K
      |- Projecting Sulfur Dioxide (33SO2) around 275831.2604 Mhz, at 0.594360277373 K
      |- Projecting Sulfur Dioxide (33SO2) around 276035.3021 Mhz, at 0.163109746077 K
      |- Projecting Sulfur Dioxide (33SO2) around 276035.3702 Mhz, at 0.163109746077 K
      |- Projecting Sulfur Dioxide (33SO2) around 276037.6419 Mhz, at 0.163109664522 K
      |- Projecting Sulfur Dioxide (33SO2) around 276037.6851 Mhz, at 0.163109746077 K
*** Source: observed-SO2v2=1
  |- Projecting observed-SO2v2=1-c1
   --+ Generating template image
   --+ Generating template line distribution
   --+ Loading and correcting lines
      |- Projecting Sulfur dioxide (SO2v2=1) around 275061.7269 Mhz, at 0.276013465047 K
      |- Projecting Sulfur dioxide (SO2v2=1) around 278755.1244 Mhz, at 0.220648385263 K
      |- Projecting Sulfur dioxide (SO2v2=1) around 278849.6017 Mhz, at 0.257325868092 K
*** Source: observed-H213CO
  |- Projecting observed-H213CO-c1
   --+ Generating template image
   --+ Generating template line distribution
   --+ Loading and correcting lines
*** Source: observed-SO2v=0
  |- Projecting observed-SO2v=0-c1
   --+ Generating template image
   --+ Generating template line distribution
   --+ Loading and correcting lines
   -++ Saving FITS: data/cube_fixed_width_52.fits
