+++ Source 'observed-CH3OHvt=0' added
 |- Component added to 'observed-CH3OHvt=0' (observed-CH3OHvt=0-c1)
 ---+ Model: mol_list = ['CH3OHvt=0'] @ spa_form=('normal', 121.1714511386618, 94.589508589683, 1.482925850912623), spe_form=('skew', 8, 0), z=0.0, grad=('linear', 1.482925850912623, 48.265326289251064)
+++ Source 'observed-SO2v=0' added
 |- Component added to 'observed-SO2v=0' (observed-SO2v=0-c1)
 ---+ Model: mol_list = ['SO2v=0'] @ spa_form=('normal', 61.42743348774763, 64.64581147335346, 0.07757040052171514), spe_form=('skew', 8, 0), z=0.0, grad=('linear', 0.07757040052171514, 104.22620811911352)
+++ Source 'observed-33SO2' added
 |- Component added to 'observed-33SO2' (observed-33SO2-c1)
 ---+ Model: mol_list = ['33SO2'] @ spa_form=('normal', 72.03627186581893, 56.884611922789816, 0.3818578025786401), spe_form=('skew', 8, 0), z=0.0, grad=('linear', 0.3818578025786401, 103.999493934512)
+++ Source 'observed-SO2v2=1' added
 |- Component added to 'observed-SO2v2=1' (observed-SO2v2=1-c1)
 ---+ Model: mol_list = ['SO2v2=1'] @ spa_form=('normal', 57.40112544444336, 62.690316558472574, 1.1296666556468837), spe_form=('skew', 8, 0), z=0.0, grad=('linear', 1.1296666556468837, 134.35378661947425)
+++ Source 'observed-HC15Nv=0' added
 |- Component added to 'observed-HC15Nv=0' (observed-HC15Nv=0-c1)
 ---+ Model: mol_list = ['HC15Nv=0'] @ spa_form=('normal', 114.73594879409276, 64.52263016125539, 0.3227540155163864), spe_form=('skew', 8, 0), z=0.0, grad=('linear', 0.3227540155163864, 61.978015093523155)
+++ Source 'observed-H13CNv=0' added
 |- Component added to 'observed-H13CNv=0' (observed-H13CNv=0-c1)
 ---+ Model: mol_list = ['H13CNv=0'] @ spa_form=('normal', 114.01376837879405, 50.41772265714641, 2.852582928776389), spe_form=('skew', 8, 0), z=0.0, grad=('linear', 2.852582928776389, 53.23621009566448)
+++ Source 'observed-H2C34S' added
 |- Component added to 'observed-H2C34S' (observed-H2C34S-c1)
 ---+ Model: mol_list = ['H2C34S'] @ spa_form=('normal', 89.36770831404962, 95.47298867415206, 1.231963374640916), spe_form=('skew', 8, 0), z=0.0, grad=('linear', 1.231963374640916, 71.26600253187226)
[*] Generating cube observerd
  |- Angular Coordinates (deg): ra=0 dec=0
  |- FOV (arcsec): ra=[-0.002777777777777778, 0.002777777777777778] dec=[-0.002777777777777778, 0.002777777777777778]
!!! WARNING: max ALMA bandwidth exceeded
  |- Spectral (MHz): center=277000 bandwidth=[275000.0, 279000.0]
  |- Cube size: 2 x 2 x 4000 
  |- Band: 7
*** Source: observed-H13CNv=0
  |- Projecting observed-H13CNv=0-c1
   --+ Generating template image
   --+ Generating template line distribution
   --+ Loading and correcting lines
*** Source: observed-H2C34S
  |- Projecting observed-H2C34S-c1
   --+ Generating template image
   --+ Generating template line distribution
   --+ Loading and correcting lines
      |- Projecting Thioformaldehyde (H2C34S) around 277295.9149 Mhz, at 1.04432755745 K
*** Source: observed-33SO2
  |- Projecting observed-33SO2-c1
   --+ Generating template image
   --+ Generating template line distribution
   --+ Loading and correcting lines
      |- Projecting Sulfur Dioxide (33SO2) around 275828.2515 Mhz, at 0.429969585575 K
      |- Projecting Sulfur Dioxide (33SO2) around 275828.3672 Mhz, at 0.429969585575 K
      |- Projecting Sulfur Dioxide (33SO2) around 275831.1722 Mhz, at 0.429969585575 K
      |- Projecting Sulfur Dioxide (33SO2) around 275831.2604 Mhz, at 0.429969786227 K
*** Source: observed-CH3OHvt=0
  |- Projecting observed-CH3OHvt=0-c1
   --+ Generating template image
   --+ Generating template line distribution
   --+ Loading and correcting lines
      |- Projecting Methanol (CH3OHvt=0) around 275663.705 Mhz, at 0.15918713833 K
      |- Projecting Methanol (CH3OHvt=0) around 276648.18 Mhz, at 0.968806415277 K
      |- Projecting Methanol (CH3OHvt=0) around 276925.919 Mhz, at 0.699597391163 K
      |- Projecting Methanol (CH3OHvt=0) around 277940.773 Mhz, at 0.310939102393 K
      |- Projecting Methanol (CH3OHvt=0) around 278186.616 Mhz, at 0.310951032318 K
      |- Projecting Methanol (CH3OHvt=0) around 278304.51 Mhz, at 0.506029540202 K
      |- Projecting Methanol (CH3OHvt=0) around 278342.257 Mhz, at 0.391334938733 K
      |- Projecting Methanol (CH3OHvt=0) around 278480.23 Mhz, at 0.433449450147 K
      |- Projecting Methanol (CH3OHvt=0) around 278599.055 Mhz, at 0.913205965749 K
      |- Projecting Methanol (CH3OHvt=0) around 278672.92 Mhz, at 0.476887515935 K
      |- Projecting Methanol (CH3OHvt=0) around 278723.25 Mhz, at 0.476892094077 K
      |- Projecting Methanol (CH3OHvt=0) around 278965.129 Mhz, at 0.24365647585 K
*** Source: observed-HC15Nv=0
  |- Projecting observed-HC15Nv=0-c1
   --+ Generating template image
   --+ Generating template line distribution
   --+ Loading and correcting lines
*** Source: observed-SO2v2=1
  |- Projecting observed-SO2v2=1-c1
   --+ Generating template image
   --+ Generating template line distribution
   --+ Loading and correcting lines
      |- Projecting Sulfur dioxide (SO2v2=1) around 275061.7269 Mhz, at 0.161136683474 K
      |- Projecting Sulfur dioxide (SO2v2=1) around 278755.1244 Mhz, at 0.128814545366 K
      |- Projecting Sulfur dioxide (SO2v2=1) around 278849.6017 Mhz, at 0.150226862842 K
*** Source: observed-SO2v=0
  |- Projecting observed-SO2v=0-c1
   --+ Generating template image
   --+ Generating template line distribution
   --+ Loading and correcting lines
      |- Projecting Sulfur dioxide (SO2v=0) around 275240.184 Mhz, at 0.552362146623 K
      |- Projecting Sulfur dioxide (SO2v=0) around 275375.7013 Mhz, at 0.261134202384 K
      |- Projecting Sulfur dioxide (SO2v=0) around 276254.5765 Mhz, at 0.546796494496 K
      |- Projecting Sulfur dioxide (SO2v=0) around 276558.3672 Mhz, at 0.2114404913 K
      |- Projecting Sulfur dioxide (SO2v=0) around 278250.9723 Mhz, at 0.948167834521 K
   -++ Saving FITS: data/cube_variable_width_85.fits
