+++ Source 'observed-CH3OHvt=0' added
 |- Component added to 'observed-CH3OHvt=0' (observed-CH3OHvt=0-c1)
 ---+ Model: mol_list = ['CH3OHvt=0'] @ spa_form=('normal', 148.97729332304363, 44.267070354682495, 0.1541437492166316), spe_form=('skew', 8, 0), z=0.0, grad=('linear', 0.1541437492166316, 53.615336174656655)
+++ Source 'observed-33SO2' added
 |- Component added to 'observed-33SO2' (observed-33SO2-c1)
 ---+ Model: mol_list = ['33SO2'] @ spa_form=('normal', 62.350194409792124, 81.01375178537324, 2.4872243696594656), spe_form=('skew', 8, 0), z=0.0, grad=('linear', 2.4872243696594656, 34.553410547070015)
+++ Source 'observed-SO2v2=1' added
 |- Component added to 'observed-SO2v2=1' (observed-SO2v2=1-c1)
 ---+ Model: mol_list = ['SO2v2=1'] @ spa_form=('normal', 103.04359116819282, 62.189605034666464, 1.707558926574345), spe_form=('skew', 8, 0), z=0.0, grad=('linear', 1.707558926574345, 102.29345522588748)
+++ Source 'observed-H13CNv2=1' added
 |- Component added to 'observed-H13CNv2=1' (observed-H13CNv2=1-c1)
 ---+ Model: mol_list = ['H13CNv2=1'] @ spa_form=('normal', 142.44504386130393, 49.5908677280196, 3.0377923781933833), spe_form=('skew', 8, 0), z=0.0, grad=('linear', 3.0377923781933833, 80.00497766760297)
+++ Source 'observed-H213CS' added
 |- Component added to 'observed-H213CS' (observed-H213CS-c1)
 ---+ Model: mol_list = ['H213CS'] @ spa_form=('normal', 142.95839383837455, 81.12093352864798, 2.348203799205661), spe_form=('skew', 8, 0), z=0.0, grad=('linear', 2.348203799205661, 108.7040925308523)
+++ Source 'observed-H2C34S' added
 |- Component added to 'observed-H2C34S' (observed-H2C34S-c1)
 ---+ Model: mol_list = ['H2C34S'] @ spa_form=('normal', 61.08806088258836, 92.5852591529848, 2.8936390030486616), spe_form=('skew', 8, 0), z=0.0, grad=('linear', 2.8936390030486616, 81.190315462951)
+++ Source 'observed-H2C18O' added
 |- Component added to 'observed-H2C18O' (observed-H2C18O-c1)
 ---+ Model: mol_list = ['H2C18O'] @ spa_form=('normal', 61.926795237419775, 95.35419045551555, 2.690451497939458), spe_form=('skew', 8, 0), z=0.0, grad=('linear', 2.690451497939458, 148.82750923449584)
+++ Source 'observed-H213CO' added
 |- Component added to 'observed-H213CO' (observed-H213CO-c1)
 ---+ Model: mol_list = ['H213CO'] @ spa_form=('normal', 131.3846878385844, 62.23171038979308, 0.24994007729828827), spe_form=('skew', 8, 0), z=0.0, grad=('linear', 0.24994007729828827, 77.92115412884569)
[*] Generating cube observerd
  |- Angular Coordinates (deg): ra=0 dec=0
  |- FOV (arcsec): ra=[-0.002777777777777778, 0.002777777777777778] dec=[-0.002777777777777778, 0.002777777777777778]
!!! WARNING: max ALMA bandwidth exceeded
  |- Spectral (MHz): center=604000 bandwidth=[602000.0, 606000.0]
  |- Cube size: 2 x 2 x 4000 
  |- Band: 9
*** Source: observed-H2C18O
  |- Projecting observed-H2C18O-c1
   --+ Generating template image
   --+ Generating template line distribution
   --+ Loading and correcting lines
      |- Projecting Formaldehyde (H2C18O) around 603231.51 Mhz, at 0.919900746997 K
*** Source: observed-H213CS
  |- Projecting observed-H213CS-c1
   --+ Generating template image
   --+ Generating template line distribution
   --+ Loading and correcting lines
      |- Projecting Thioformaldehyde (H213CS) around 602149.9892 Mhz, at 1.22682252107 K
*** Source: observed-H13CNv2=1
  |- Projecting observed-H13CNv2=1-c1
   --+ Generating template image
   --+ Generating template line distribution
   --+ Loading and correcting lines
*** Source: observed-H2C34S
  |- Projecting observed-H2C34S-c1
   --+ Generating template image
   --+ Generating template line distribution
   --+ Loading and correcting lines
      |- Projecting Thioformaldehyde (H2C34S) around 604710.9998 Mhz, at 0.993283784902 K
*** Source: observed-33SO2
  |- Projecting observed-33SO2-c1
   --+ Generating template image
   --+ Generating template line distribution
   --+ Loading and correcting lines
      |- Projecting Sulfur Dioxide (33SO2) around 602337.0627 Mhz, at 0.571281342709 K
      |- Projecting Sulfur Dioxide (33SO2) around 602338.0039 Mhz, at 0.571281342709 K
      |- Projecting Sulfur Dioxide (33SO2) around 602348.9212 Mhz, at 0.57128079047 K
      |- Projecting Sulfur Dioxide (33SO2) around 602349.8184 Mhz, at 0.57128050483 K
      |- Projecting Sulfur Dioxide (33SO2) around 602488.3231 Mhz, at 0.681039817945 K
      |- Projecting Sulfur Dioxide (33SO2) around 602499.1576 Mhz, at 0.681038819087 K
      |- Projecting Sulfur Dioxide (33SO2) around 603112.9816 Mhz, at 0.770281198411 K
      |- Projecting Sulfur Dioxide (33SO2) around 603113.1191 Mhz, at 0.770281198411 K
      |- Projecting Sulfur Dioxide (33SO2) around 603113.2126 Mhz, at 0.770281198411 K
      |- Projecting Sulfur Dioxide (33SO2) around 603113.2683 Mhz, at 0.770281198411 K
      |- Projecting Sulfur Dioxide (33SO2) around 605357.5302 Mhz, at 0.488888822898 K
      |- Projecting Sulfur Dioxide (33SO2) around 605366.9145 Mhz, at 0.488888822898 K
      |- Projecting Sulfur Dioxide (33SO2) around 605367.499 Mhz, at 0.488889539936 K
      |- Projecting Sulfur Dioxide (33SO2) around 605367.499 Mhz, at 0.488889539936 K
      |- Projecting Sulfur Dioxide (33SO2) around 605367.499 Mhz, at 0.488888822898 K
      |- Projecting Sulfur Dioxide (33SO2) around 605367.499 Mhz, at 0.488888822898 K
      |- Projecting Sulfur Dioxide (33SO2) around 605377.1052 Mhz, at 0.488889539936 K
*** Source: observed-CH3OHvt=0
  |- Projecting observed-CH3OHvt=0-c1
   --+ Generating template image
   --+ Generating template line distribution
   --+ Loading and correcting lines
      |- Projecting Methanol (CH3OHvt=0) around 602233.197 Mhz, at 0.635069604167 K
      |- Projecting Methanol (CH3OHvt=0) around 605587.005 Mhz, at 0.56558249938 K
*** Source: observed-SO2v2=1
  |- Projecting observed-SO2v2=1-c1
   --+ Generating template image
   --+ Generating template line distribution
   --+ Loading and correcting lines
*** Source: observed-H213CO
  |- Projecting observed-H213CO-c1
   --+ Generating template image
   --+ Generating template line distribution
   --+ Loading and correcting lines
   -++ Saving FITS: data/cube_fixed_width_15.fits
