+++ Source 'observed-CH3OHvt=0' added
 |- Component added to 'observed-CH3OHvt=0' (observed-CH3OHvt=0-c1)
 ---+ Model: mol_list = ['CH3OHvt=0'] @ spa_form=('normal', 130.23784281982282, 45.41510848522592, 0.9902292655156855), spe_form=('skew', 8, 0), z=0.0, grad=('linear', 0.9902292655156855, 139.02793008818134)
+++ Source 'observed-SO2v=0' added
 |- Component added to 'observed-SO2v=0' (observed-SO2v=0-c1)
 ---+ Model: mol_list = ['SO2v=0'] @ spa_form=('normal', 121.28803064573546, 40.43665024526972, 2.4859345696350346), spe_form=('skew', 8, 0), z=0.0, grad=('linear', 2.4859345696350346, 79.90043194956465)
+++ Source 'observed-33SO2' added
 |- Component added to 'observed-33SO2' (observed-33SO2-c1)
 ---+ Model: mol_list = ['33SO2'] @ spa_form=('normal', 54.689856993050846, 68.60826582936035, 3.030400283370746), spe_form=('skew', 8, 0), z=0.0, grad=('linear', 3.030400283370746, 139.4852044902465)
+++ Source 'observed-OS18O' added
 |- Component added to 'observed-OS18O' (observed-OS18O-c1)
 ---+ Model: mol_list = ['OS18O'] @ spa_form=('normal', 85.24488981940611, 53.381931124720595, 0.36464725062760117), spe_form=('skew', 8, 0), z=0.0, grad=('linear', 0.36464725062760117, 106.84590448727043)
+++ Source 'observed-HC15Nv=0' added
 |- Component added to 'observed-HC15Nv=0' (observed-HC15Nv=0-c1)
 ---+ Model: mol_list = ['HC15Nv=0'] @ spa_form=('normal', 136.2624694376006, 92.06739814174603, 1.0359682253515368), spe_form=('skew', 8, 0), z=0.0, grad=('linear', 1.0359682253515368, 148.36523591103037)
+++ Source 'observed-H13CNv2=1' added
 |- Component added to 'observed-H13CNv2=1' (observed-H13CNv2=1-c1)
 ---+ Model: mol_list = ['H13CNv2=1'] @ spa_form=('normal', 108.68088162750027, 42.08890746176511, 1.209538806973554), spe_form=('skew', 8, 0), z=0.0, grad=('linear', 1.209538806973554, 121.56314859426838)
+++ Source 'observed-H213CO' added
 |- Component added to 'observed-H213CO' (observed-H213CO-c1)
 ---+ Model: mol_list = ['H213CO'] @ spa_form=('normal', 98.61041202466913, 81.86531896452126, 1.7219126024230853), spe_form=('skew', 8, 0), z=0.0, grad=('linear', 1.7219126024230853, 39.19692299894865)
[*] Generating cube observerd
  |- Angular Coordinates (deg): ra=0 dec=0
  |- FOV (arcsec): ra=[-0.002777777777777778, 0.002777777777777778] dec=[-0.002777777777777778, 0.002777777777777778]
!!! WARNING: max ALMA bandwidth exceeded
  |- Spectral (MHz): center=277000 bandwidth=[275000.0, 279000.0]
  |- Cube size: 2 x 2 x 4000 
  |- Band: 7
*** Source: observed-OS18O
  |- Projecting observed-OS18O-c1
   --+ Generating template image
   --+ Generating template line distribution
   --+ Loading and correcting lines
      |- Projecting Sulfur Dioxide (OS18O) around 275207.6031 Mhz, at 0.204890046739 K
      |- Projecting Sulfur Dioxide (OS18O) around 275282.0764 Mhz, at 0.379669857056 K
      |- Projecting Sulfur Dioxide (OS18O) around 275454.6038 Mhz, at 0.170748744325 K
      |- Projecting Sulfur Dioxide (OS18O) around 275552.9984 Mhz, at 0.471007968066 K
      |- Projecting Sulfur Dioxide (OS18O) around 276002.289 Mhz, at 0.497123263884 K
      |- Projecting Sulfur Dioxide (OS18O) around 276274.7786 Mhz, at 0.305111925419 K
      |- Projecting Sulfur Dioxide (OS18O) around 276277.2242 Mhz, at 0.201368288225 K
      |- Projecting Sulfur Dioxide (OS18O) around 277080.9497 Mhz, at 0.330492768271 K
      |- Projecting Sulfur Dioxide (OS18O) around 277088.3147 Mhz, at 0.330492437779 K
      |- Projecting Sulfur Dioxide (OS18O) around 278393.6459 Mhz, at 0.227604068528 K
*** Source: observed-H13CNv2=1
  |- Projecting observed-H13CNv2=1-c1
   --+ Generating template image
   --+ Generating template line distribution
   --+ Loading and correcting lines
*** Source: observed-33SO2
  |- Projecting observed-33SO2-c1
   --+ Generating template image
   --+ Generating template line distribution
   --+ Loading and correcting lines
      |- Projecting Sulfur Dioxide (33SO2) around 275828.2515 Mhz, at 0.235600931233 K
      |- Projecting Sulfur Dioxide (33SO2) around 275828.3672 Mhz, at 0.235600931233 K
      |- Projecting Sulfur Dioxide (33SO2) around 275831.1722 Mhz, at 0.235600931233 K
      |- Projecting Sulfur Dioxide (33SO2) around 275831.2604 Mhz, at 0.23560104118 K
*** Source: observed-CH3OHvt=0
  |- Projecting observed-CH3OHvt=0-c1
   --+ Generating template image
   --+ Generating template line distribution
   --+ Loading and correcting lines
      |- Projecting Methanol (CH3OHvt=0) around 275663.705 Mhz, at 0.249596358232 K
      |- Projecting Methanol (CH3OHvt=0) around 276648.18 Mhz, at 1.51903323109 K
      |- Projecting Methanol (CH3OHvt=0) around 276925.919 Mhz, at 1.09692882789 K
      |- Projecting Methanol (CH3OHvt=0) around 277940.773 Mhz, at 0.487534787065 K
      |- Projecting Methanol (CH3OHvt=0) around 278186.616 Mhz, at 0.487553492508 K
      |- Projecting Methanol (CH3OHvt=0) around 278304.51 Mhz, at 0.793425472167 K
      |- Projecting Methanol (CH3OHvt=0) around 278342.257 Mhz, at 0.613590875378 K
      |- Projecting Methanol (CH3OHvt=0) around 278480.23 Mhz, at 0.679624028482 K
      |- Projecting Methanol (CH3OHvt=0) around 278599.055 Mhz, at 1.4318548958 K
      |- Projecting Methanol (CH3OHvt=0) around 278672.92 Mhz, at 0.747732439395 K
      |- Projecting Methanol (CH3OHvt=0) around 278723.25 Mhz, at 0.747739617661 K
      |- Projecting Methanol (CH3OHvt=0) around 278965.129 Mhz, at 0.382039464179 K
*** Source: observed-HC15Nv=0
  |- Projecting observed-HC15Nv=0-c1
   --+ Generating template image
   --+ Generating template line distribution
   --+ Loading and correcting lines
*** Source: observed-H213CO
  |- Projecting observed-H213CO-c1
   --+ Generating template image
   --+ Generating template line distribution
   --+ Loading and correcting lines
*** Source: observed-SO2v=0
  |- Projecting observed-SO2v=0-c1
   --+ Generating template image
   --+ Generating template line distribution
   --+ Loading and correcting lines
      |- Projecting Sulfur dioxide (SO2v=0) around 275240.184 Mhz, at 0.49293532542 K
      |- Projecting Sulfur dioxide (SO2v=0) around 275375.7013 Mhz, at 0.233039634988 K
      |- Projecting Sulfur dioxide (SO2v=0) around 276254.5765 Mhz, at 0.487968463445 K
      |- Projecting Sulfur dioxide (SO2v=0) around 276558.3672 Mhz, at 0.188692306349 K
      |- Projecting Sulfur dioxide (SO2v=0) around 278250.9723 Mhz, at 0.846157585055 K
   -++ Saving FITS: data/cube_fixed_width_72.fits
