+++ Source 'observed-SO2v=0' added
 |- Component added to 'observed-SO2v=0' (observed-SO2v=0-c1)
 ---+ Model: mol_list = ['SO2v=0'] @ spa_form=('normal', 71.02425955086862, 87.57380923310953, 0.2172029482551041), spe_form=('skew', 8, 0), z=0.0, grad=('linear', 0.2172029482551041, 28.542696044187167)
+++ Source 'observed-34SO2v=0' added
 |- Component added to 'observed-34SO2v=0' (observed-34SO2v=0-c1)
 ---+ Model: mol_list = ['34SO2v=0'] @ spa_form=('normal', 60.2825741997128, 88.71155972544418, 1.5122333535995194), spe_form=('skew', 8, 0), z=0.0, grad=('linear', 1.5122333535995194, 105.16305653113696)
+++ Source 'observed-OS18O' added
 |- Component added to 'observed-OS18O' (observed-OS18O-c1)
 ---+ Model: mol_list = ['OS18O'] @ spa_form=('normal', 100.49370885600078, 43.22353441845873, 1.8696085437182828), spe_form=('skew', 8, 0), z=0.0, grad=('linear', 1.8696085437182828, 24.051977850954863)
+++ Source 'observed-H13CNv2=1' added
 |- Component added to 'observed-H13CNv2=1' (observed-H13CNv2=1-c1)
 ---+ Model: mol_list = ['H13CNv2=1'] @ spa_form=('normal', 88.70932305422906, 58.575059360680186, 0.7716184070304722), spe_form=('skew', 8, 0), z=0.0, grad=('linear', 0.7716184070304722, 102.90983812948566)
+++ Source 'observed-H13CNv=0' added
 |- Component added to 'observed-H13CNv=0' (observed-H13CNv=0-c1)
 ---+ Model: mol_list = ['H13CNv=0'] @ spa_form=('normal', 110.55653866028635, 84.00072265129809, 1.5148746180628057), spe_form=('skew', 8, 0), z=0.0, grad=('linear', 1.5148746180628057, 148.09928635271112)
+++ Source 'observed-H213CS' added
 |- Component added to 'observed-H213CS' (observed-H213CS-c1)
 ---+ Model: mol_list = ['H213CS'] @ spa_form=('normal', 114.41913350977009, 66.1684281352542, 0.29619832390952083), spe_form=('skew', 8, 0), z=0.0, grad=('linear', 0.29619832390952083, 40.927931755073644)
+++ Source 'observed-H213CO' added
 |- Component added to 'observed-H213CO' (observed-H213CO-c1)
 ---+ Model: mol_list = ['H213CO'] @ spa_form=('normal', 86.69558673555349, 56.36762922654299, 1.0361736087469335), spe_form=('skew', 8, 0), z=0.0, grad=('linear', 1.0361736087469335, 100.8166669992083)
[*] Generating cube observerd
  |- Angular Coordinates (deg): ra=0 dec=0
  |- FOV (arcsec): ra=[-0.002777777777777778, 0.002777777777777778] dec=[-0.002777777777777778, 0.002777777777777778]
!!! WARNING: max ALMA bandwidth exceeded
  |- Spectral (MHz): center=277000 bandwidth=[275000.0, 279000.0]
  |- Cube size: 2 x 2 x 4000 
  |- Band: 7
*** Source: observed-OS18O
  |- Projecting observed-OS18O-c1
   --+ Generating template image
   --+ Generating template line distribution
   --+ Loading and correcting lines
      |- Projecting Sulfur Dioxide (OS18O) around 275207.6031 Mhz, at 0.237753648864 K
      |- Projecting Sulfur Dioxide (OS18O) around 275282.0764 Mhz, at 0.440567491273 K
      |- Projecting Sulfur Dioxide (OS18O) around 275454.6038 Mhz, at 0.198136208412 K
      |- Projecting Sulfur Dioxide (OS18O) around 275552.9984 Mhz, at 0.546555895876 K
      |- Projecting Sulfur Dioxide (OS18O) around 276002.289 Mhz, at 0.576859988099 K
      |- Projecting Sulfur Dioxide (OS18O) around 276274.7786 Mhz, at 0.354050744459 K
      |- Projecting Sulfur Dioxide (OS18O) around 276277.2242 Mhz, at 0.233667013371 K
      |- Projecting Sulfur Dioxide (OS18O) around 277080.9497 Mhz, at 0.38350258019 K
      |- Projecting Sulfur Dioxide (OS18O) around 277088.3147 Mhz, at 0.383502196687 K
      |- Projecting Sulfur Dioxide (OS18O) around 278393.6459 Mhz, at 0.264110915343 K
*** Source: observed-H213CS
  |- Projecting observed-H213CS-c1
   --+ Generating template image
   --+ Generating template line distribution
   --+ Loading and correcting lines
*** Source: observed-H13CNv2=1
  |- Projecting observed-H13CNv2=1-c1
   --+ Generating template image
   --+ Generating template line distribution
   --+ Loading and correcting lines
*** Source: observed-34SO2v=0
  |- Projecting observed-34SO2v=0-c1
   --+ Generating template image
   --+ Generating template line distribution
   --+ Loading and correcting lines
      |- Projecting Sulfur Dioxide (34SO2v=0) around 275434.2181 Mhz, at 1.57368203322 K
      |- Projecting Sulfur Dioxide (34SO2v=0) around 276483.977 Mhz, at 1.32335787472 K
      |- Projecting Sulfur Dioxide (34SO2v=0) around 276999.6054 Mhz, at 0.696660587357 K
      |- Projecting Sulfur Dioxide (34SO2v=0) around 277150.575 Mhz, at 0.777301052259 K
      |- Projecting Sulfur Dioxide (34SO2v=0) around 277470.0761 Mhz, at 0.416332296046 K
      |- Projecting Sulfur Dioxide (34SO2v=0) around 277475.9774 Mhz, at 0.203363814228 K
      |- Projecting Sulfur Dioxide (34SO2v=0) around 278835.2175 Mhz, at 0.872544099499 K
*** Source: observed-H13CNv=0
  |- Projecting observed-H13CNv=0-c1
   --+ Generating template image
   --+ Generating template line distribution
   --+ Loading and correcting lines
*** Source: observed-H213CO
  |- Projecting observed-H213CO-c1
   --+ Generating template image
   --+ Generating template line distribution
   --+ Loading and correcting lines
*** Source: observed-SO2v=0
  |- Projecting observed-SO2v=0-c1
   --+ Generating template image
   --+ Generating template line distribution
   --+ Loading and correcting lines
      |- Projecting Sulfur dioxide (SO2v=0) around 275240.184 Mhz, at 0.139534703391 K
      |- Projecting Sulfur dioxide (SO2v=0) around 276254.5765 Mhz, at 0.138128738801 K
      |- Projecting Sulfur dioxide (SO2v=0) around 278250.9723 Mhz, at 0.239520970732 K
   -++ Saving FITS: data/cube_fixed_width_66.fits
