+++ Source 'observed-CH3OHvt=0' added
 |- Component added to 'observed-CH3OHvt=0' (observed-CH3OHvt=0-c1)
 ---+ Model: mol_list = ['CH3OHvt=0'] @ spa_form=('normal', 103.16162838181556, 49.77055804898977, 1.5387059047943645), spe_form=('skew', 8, 0), z=0.0, grad=('linear', 1.5387059047943645, 48.51779668598474)
+++ Source 'observed-SO2v=0' added
 |- Component added to 'observed-SO2v=0' (observed-SO2v=0-c1)
 ---+ Model: mol_list = ['SO2v=0'] @ spa_form=('normal', 71.20235552940014, 96.23907937677913, 1.7128869451141788), spe_form=('skew', 8, 0), z=0.0, grad=('linear', 1.7128869451141788, 57.50556128479878)
+++ Source 'observed-34SO2v=0' added
 |- Component added to 'observed-34SO2v=0' (observed-34SO2v=0-c1)
 ---+ Model: mol_list = ['34SO2v=0'] @ spa_form=('normal', 60.904904311365925, 91.39284168113069, 0.11360154742540095), spe_form=('skew', 8, 0), z=0.0, grad=('linear', 0.11360154742540095, 46.612330818736496)
+++ Source 'observed-HC15Nv=0' added
 |- Component added to 'observed-HC15Nv=0' (observed-HC15Nv=0-c1)
 ---+ Model: mol_list = ['HC15Nv=0'] @ spa_form=('normal', 106.38927146278377, 86.37369479824966, 2.868976433266774), spe_form=('skew', 8, 0), z=0.0, grad=('linear', 2.868976433266774, 102.12841748591258)
+++ Source 'observed-H13CNv2=1' added
 |- Component added to 'observed-H13CNv2=1' (observed-H13CNv2=1-c1)
 ---+ Model: mol_list = ['H13CNv2=1'] @ spa_form=('normal', 58.93248827198745, 67.48816966056543, 2.1185261270830757), spe_form=('skew', 8, 0), z=0.0, grad=('linear', 2.1185261270830757, 76.24667890903254)
+++ Source 'observed-H2C18O' added
 |- Component added to 'observed-H2C18O' (observed-H2C18O-c1)
 ---+ Model: mol_list = ['H2C18O'] @ spa_form=('normal', 142.8119149392695, 49.32781066505063, 0.11882560646936685), spe_form=('skew', 8, 0), z=0.0, grad=('linear', 0.11882560646936685, 68.34606790112227)
[*] Generating cube observerd
  |- Angular Coordinates (deg): ra=0 dec=0
  |- FOV (arcsec): ra=[-0.002777777777777778, 0.002777777777777778] dec=[-0.002777777777777778, 0.002777777777777778]
!!! WARNING: max ALMA bandwidth exceeded
  |- Spectral (MHz): center=277000 bandwidth=[275000.0, 279000.0]
  |- Cube size: 2 x 2 x 4000 
  |- Band: 7
*** Source: observed-H2C18O
  |- Projecting observed-H2C18O-c1
   --+ Generating template image
   --+ Generating template line distribution
   --+ Loading and correcting lines
*** Source: observed-H13CNv2=1
  |- Projecting observed-H13CNv2=1-c1
   --+ Generating template image
   --+ Generating template line distribution
   --+ Loading and correcting lines
*** Source: observed-34SO2v=0
  |- Projecting observed-34SO2v=0-c1
   --+ Generating template image
   --+ Generating template line distribution
   --+ Loading and correcting lines
      |- Projecting Sulfur Dioxide (34SO2v=0) around 275434.2181 Mhz, at 0.973925152149 K
      |- Projecting Sulfur Dioxide (34SO2v=0) around 276483.977 Mhz, at 0.819003770953 K
      |- Projecting Sulfur Dioxide (34SO2v=0) around 276999.6054 Mhz, at 0.431151436069 K
      |- Projecting Sulfur Dioxide (34SO2v=0) around 277150.575 Mhz, at 0.481058453746 K
      |- Projecting Sulfur Dioxide (34SO2v=0) around 277470.0761 Mhz, at 0.257661005344 K
      |- Projecting Sulfur Dioxide (34SO2v=0) around 277475.9774 Mhz, at 0.125858419638 K
      |- Projecting Sulfur Dioxide (34SO2v=0) around 278835.2175 Mhz, at 0.540002762263 K
*** Source: observed-CH3OHvt=0
  |- Projecting observed-CH3OHvt=0-c1
   --+ Generating template image
   --+ Generating template line distribution
   --+ Loading and correcting lines
      |- Projecting Methanol (CH3OHvt=0) around 276648.18 Mhz, at 0.131098942794 K
      |- Projecting Methanol (CH3OHvt=0) around 278599.055 Mhz, at 0.123575086596 K
*** Source: observed-HC15Nv=0
  |- Projecting observed-HC15Nv=0-c1
   --+ Generating template image
   --+ Generating template line distribution
   --+ Loading and correcting lines
*** Source: observed-SO2v=0
  |- Projecting observed-SO2v=0-c1
   --+ Generating template image
   --+ Generating template line distribution
   --+ Loading and correcting lines
      |- Projecting Sulfur dioxide (SO2v=0) around 275240.184 Mhz, at 0.434123586155 K
      |- Projecting Sulfur dioxide (SO2v=0) around 275375.7013 Mhz, at 0.205235853143 K
      |- Projecting Sulfur dioxide (SO2v=0) around 276254.5765 Mhz, at 0.429749316709 K
      |- Projecting Sulfur dioxide (SO2v=0) around 276558.3672 Mhz, at 0.1661795706 K
      |- Projecting Sulfur dioxide (SO2v=0) around 278250.9723 Mhz, at 0.745203166283 K
   -++ Saving FITS: data/cube_fixed_width_62.fits
