+++ Source 'observed-CH3OHvt=0' added
 |- Component added to 'observed-CH3OHvt=0' (observed-CH3OHvt=0-c1)
 ---+ Model: mol_list = ['CH3OHvt=0'] @ spa_form=('normal', 100.71062573913014, 92.02897323064113, 2.7376420819115777), spe_form=('skew', 8, 0), z=0.0, grad=('linear', 2.7376420819115777, 95.46457161255631)
+++ Source 'observed-SO2v=0' added
 |- Component added to 'observed-SO2v=0' (observed-SO2v=0-c1)
 ---+ Model: mol_list = ['SO2v=0'] @ spa_form=('normal', 131.4027274402028, 65.7970860513535, 2.7102574063424), spe_form=('skew', 8, 0), z=0.0, grad=('linear', 2.7102574063424, 140.5902037170546)
+++ Source 'observed-33SO2' added
 |- Component added to 'observed-33SO2' (observed-33SO2-c1)
 ---+ Model: mol_list = ['33SO2'] @ spa_form=('normal', 81.37839524580164, 48.96378762051903, 0.2776035327962236), spe_form=('skew', 8, 0), z=0.0, grad=('linear', 0.2776035327962236, 99.48844253684246)
+++ Source 'observed-SO2v2=1' added
 |- Component added to 'observed-SO2v2=1' (observed-SO2v2=1-c1)
 ---+ Model: mol_list = ['SO2v2=1'] @ spa_form=('normal', 88.75356100779354, 95.80741629717909, 0.7832236041907277), spe_form=('skew', 8, 0), z=0.0, grad=('linear', 0.7832236041907277, 58.16450565910498)
+++ Source 'observed-HC15Nv=0' added
 |- Component added to 'observed-HC15Nv=0' (observed-HC15Nv=0-c1)
 ---+ Model: mol_list = ['HC15Nv=0'] @ spa_form=('normal', 107.40184784385605, 92.18486687215088, 1.44408626753467), spe_form=('skew', 8, 0), z=0.0, grad=('linear', 1.44408626753467, 75.45121263620622)
+++ Source 'observed-H13CNv=0' added
 |- Component added to 'observed-H13CNv=0' (observed-H13CNv=0-c1)
 ---+ Model: mol_list = ['H13CNv=0'] @ spa_form=('normal', 52.55209565403529, 53.065900742475776, 2.9332182482846756), spe_form=('skew', 8, 0), z=0.0, grad=('linear', 2.9332182482846756, 52.6346419115233)
+++ Source 'observed-H2C34S' added
 |- Component added to 'observed-H2C34S' (observed-H2C34S-c1)
 ---+ Model: mol_list = ['H2C34S'] @ spa_form=('normal', 71.20183291920343, 70.21983419214496, 2.424900008871877), spe_form=('skew', 8, 0), z=0.0, grad=('linear', 2.424900008871877, 70.96677100637818)
[*] Generating cube observerd
  |- Angular Coordinates (deg): ra=0 dec=0
  |- FOV (arcsec): ra=[-0.002777777777777778, 0.002777777777777778] dec=[-0.002777777777777778, 0.002777777777777778]
!!! WARNING: max ALMA bandwidth exceeded
  |- Spectral (MHz): center=604000 bandwidth=[602000.0, 606000.0]
  |- Cube size: 2 x 2 x 4000 
  |- Band: 9
*** Source: observed-H13CNv=0
  |- Projecting observed-H13CNv=0-c1
   --+ Generating template image
   --+ Generating template line distribution
   --+ Loading and correcting lines
*** Source: observed-H2C34S
  |- Projecting observed-H2C34S-c1
   --+ Generating template image
   --+ Generating template line distribution
   --+ Loading and correcting lines
*** Source: observed-33SO2
  |- Projecting observed-33SO2-c1
   --+ Generating template image
   --+ Generating template line distribution
   --+ Loading and correcting lines
      |- Projecting Sulfur Dioxide (33SO2) around 602337.0627 Mhz, at 1.14396821823 K
      |- Projecting Sulfur Dioxide (33SO2) around 602338.0039 Mhz, at 1.14396821823 K
      |- Projecting Sulfur Dioxide (33SO2) around 602348.9212 Mhz, at 1.1439671124 K
      |- Projecting Sulfur Dioxide (33SO2) around 602349.8184 Mhz, at 1.14396654041 K
      |- Projecting Sulfur Dioxide (33SO2) around 602488.3231 Mhz, at 1.36375520927 K
      |- Projecting Sulfur Dioxide (33SO2) around 602499.1576 Mhz, at 1.3637532091 K
      |- Projecting Sulfur Dioxide (33SO2) around 603112.9816 Mhz, at 1.54245753223 K
      |- Projecting Sulfur Dioxide (33SO2) around 603113.1191 Mhz, at 1.54245753223 K
      |- Projecting Sulfur Dioxide (33SO2) around 603113.2126 Mhz, at 1.54245753223 K
      |- Projecting Sulfur Dioxide (33SO2) around 603113.2683 Mhz, at 1.54245753223 K
      |- Projecting Sulfur Dioxide (33SO2) around 604736.5656 Mhz, at 0.85264358542 K
      |- Projecting Sulfur Dioxide (33SO2) around 604736.767 Mhz, at 0.85264358542 K
      |- Projecting Sulfur Dioxide (33SO2) around 604736.8741 Mhz, at 0.85264358542 K
      |- Projecting Sulfur Dioxide (33SO2) around 604736.8962 Mhz, at 0.85264358542 K
      |- Projecting Sulfur Dioxide (33SO2) around 604736.926 Mhz, at 0.85264358542 K
      |- Projecting Sulfur Dioxide (33SO2) around 604736.9663 Mhz, at 0.85264358542 K
      |- Projecting Sulfur Dioxide (33SO2) around 604736.9892 Mhz, at 0.85264358542 K
      |- Projecting Sulfur Dioxide (33SO2) around 605162.1267 Mhz, at 0.95438513009 K
      |- Projecting Sulfur Dioxide (33SO2) around 605162.2359 Mhz, at 0.95438513009 K
      |- Projecting Sulfur Dioxide (33SO2) around 605162.3107 Mhz, at 0.95438513009 K
      |- Projecting Sulfur Dioxide (33SO2) around 605162.3529 Mhz, at 0.95438513009 K
      |- Projecting Sulfur Dioxide (33SO2) around 605357.5302 Mhz, at 0.978980466948 K
      |- Projecting Sulfur Dioxide (33SO2) around 605366.9145 Mhz, at 0.978980466948 K
      |- Projecting Sulfur Dioxide (33SO2) around 605367.499 Mhz, at 0.978981902787 K
      |- Projecting Sulfur Dioxide (33SO2) around 605367.499 Mhz, at 0.978981902787 K
      |- Projecting Sulfur Dioxide (33SO2) around 605367.499 Mhz, at 0.978980466948 K
      |- Projecting Sulfur Dioxide (33SO2) around 605367.499 Mhz, at 0.978980466948 K
      |- Projecting Sulfur Dioxide (33SO2) around 605377.1052 Mhz, at 0.978981902787 K
*** Source: observed-CH3OHvt=0
  |- Projecting observed-CH3OHvt=0-c1
   --+ Generating template image
   --+ Generating template line distribution
   --+ Loading and correcting lines
*** Source: observed-HC15Nv=0
  |- Projecting observed-HC15Nv=0-c1
   --+ Generating template image
   --+ Generating template line distribution
   --+ Loading and correcting lines
*** Source: observed-SO2v2=1
  |- Projecting observed-SO2v2=1-c1
   --+ Generating template image
   --+ Generating template line distribution
   --+ Loading and correcting lines
*** Source: observed-SO2v=0
  |- Projecting observed-SO2v=0-c1
   --+ Generating template image
   --+ Generating template line distribution
   --+ Loading and correcting lines
      |- Projecting Sulfur dioxide (SO2v=0) around 604367.4364 Mhz, at 0.539424118695 K
      |- Projecting Sulfur dioxide (SO2v=0) around 604406.5377 Mhz, at 0.514279533422 K
      |- Projecting Sulfur dioxide (SO2v=0) around 605532.5228 Mhz, at 0.653477579175 K
   -++ Saving FITS: data/cube_fixed_width_10.fits
