+++ Source 'observed-CH3OHvt=0' added
 |- Component added to 'observed-CH3OHvt=0' (observed-CH3OHvt=0-c1)
 ---+ Model: mol_list = ['CH3OHvt=0'] @ spa_form=('normal', 123.24407630155999, 53.16266790547644, 2.1346893247944947), spe_form=('skew', 8, 0), z=0.0, grad=('linear', 2.1346893247944947, 96.38050509610524)
+++ Source 'observed-33SO2' added
 |- Component added to 'observed-33SO2' (observed-33SO2-c1)
 ---+ Model: mol_list = ['33SO2'] @ spa_form=('normal', 70.98261800895528, 96.99538697245691, 2.5668336025683303), spe_form=('skew', 8, 0), z=0.0, grad=('linear', 2.5668336025683303, 105.25607904163974)
+++ Source 'observed-SO2v2=1' added
 |- Component added to 'observed-SO2v2=1' (observed-SO2v2=1-c1)
 ---+ Model: mol_list = ['SO2v2=1'] @ spa_form=('normal', 121.21101250610893, 63.42659786211484, 1.5490511943084904), spe_form=('skew', 8, 0), z=0.0, grad=('linear', 1.5490511943084904, 49.396711869901516)
+++ Source 'observed-H13CNv2=1' added
 |- Component added to 'observed-H13CNv2=1' (observed-H13CNv2=1-c1)
 ---+ Model: mol_list = ['H13CNv2=1'] @ spa_form=('normal', 128.98990919328776, 55.768026802559035, 2.3805112119544782), spe_form=('skew', 8, 0), z=0.0, grad=('linear', 2.3805112119544782, 100.54439158886251)
+++ Source 'observed-H213CS' added
 |- Component added to 'observed-H213CS' (observed-H213CS-c1)
 ---+ Model: mol_list = ['H213CS'] @ spa_form=('normal', 97.89944463079715, 41.739798070342225, 1.619170103753186), spe_form=('skew', 8, 0), z=0.0, grad=('linear', 1.619170103753186, 37.48412705130735)
+++ Source 'observed-H2C34S' added
 |- Component added to 'observed-H2C34S' (observed-H2C34S-c1)
 ---+ Model: mol_list = ['H2C34S'] @ spa_form=('normal', 51.18821255347796, 79.61840023592416, 2.3080706514460907), spe_form=('skew', 8, 0), z=0.0, grad=('linear', 2.3080706514460907, 146.2014511499976)
+++ Source 'observed-H2C18O' added
 |- Component added to 'observed-H2C18O' (observed-H2C18O-c1)
 ---+ Model: mol_list = ['H2C18O'] @ spa_form=('normal', 92.99754568389108, 51.574938196472985, 2.2364449212245585), spe_form=('skew', 8, 0), z=0.0, grad=('linear', 2.2364449212245585, 54.984736100493535)
+++ Source 'observed-H213CO' added
 |- Component added to 'observed-H213CO' (observed-H213CO-c1)
 ---+ Model: mol_list = ['H213CO'] @ spa_form=('normal', 80.02336693181276, 80.59281971231823, 1.9307415569177369), spe_form=('skew', 8, 0), z=0.0, grad=('linear', 1.9307415569177369, 86.78668607197253)
[*] Generating cube observerd
  |- Angular Coordinates (deg): ra=0 dec=0
  |- FOV (arcsec): ra=[-0.002777777777777778, 0.002777777777777778] dec=[-0.002777777777777778, 0.002777777777777778]
!!! WARNING: max ALMA bandwidth exceeded
  |- Spectral (MHz): center=604000 bandwidth=[602000.0, 606000.0]
  |- Cube size: 2 x 2 x 4000 
  |- Band: 9
*** Source: observed-H2C18O
  |- Projecting observed-H2C18O-c1
   --+ Generating template image
   --+ Generating template line distribution
   --+ Loading and correcting lines
*** Source: observed-H213CS
  |- Projecting observed-H213CS-c1
   --+ Generating template image
   --+ Generating template line distribution
   --+ Loading and correcting lines
      |- Projecting Thioformaldehyde (H213CS) around 602149.9892 Mhz, at 1.65241587526 K
*** Source: observed-H13CNv2=1
  |- Projecting observed-H13CNv2=1-c1
   --+ Generating template image
   --+ Generating template line distribution
   --+ Loading and correcting lines
*** Source: observed-H2C34S
  |- Projecting observed-H2C34S-c1
   --+ Generating template image
   --+ Generating template line distribution
   --+ Loading and correcting lines
      |- Projecting Thioformaldehyde (H2C34S) around 604710.9998 Mhz, at 1.46613176361 K
*** Source: observed-33SO2
  |- Projecting observed-33SO2-c1
   --+ Generating template image
   --+ Generating template line distribution
   --+ Loading and correcting lines
*** Source: observed-CH3OHvt=0
  |- Projecting observed-CH3OHvt=0-c1
   --+ Generating template image
   --+ Generating template line distribution
   --+ Loading and correcting lines
      |- Projecting Methanol (CH3OHvt=0) around 602233.197 Mhz, at 0.716118535572 K
      |- Projecting Methanol (CH3OHvt=0) around 605587.005 Mhz, at 0.637763338922 K
*** Source: observed-SO2v2=1
  |- Projecting observed-SO2v2=1-c1
   --+ Generating template image
   --+ Generating template line distribution
   --+ Loading and correcting lines
*** Source: observed-H213CO
  |- Projecting observed-H213CO-c1
   --+ Generating template image
   --+ Generating template line distribution
   --+ Loading and correcting lines
      |- Projecting Formaldehyde (H213CO) around 602083.584 Mhz, at 1.04467117251 K
   -++ Saving FITS: data/cube_variable_width_40.fits
