+++ Source 'observed-CH3OHvt=0' added
 |- Component added to 'observed-CH3OHvt=0' (observed-CH3OHvt=0-c1)
 ---+ Model: mol_list = ['CH3OHvt=0'] @ spa_form=('normal', 89.3184947352587, 60.03870596936906, 2.721603441131842), spe_form=('skew', 8, 0), z=0.0, grad=('linear', 2.721603441131842, 10.2978943079907)
+++ Source 'observed-33SO2' added
 |- Component added to 'observed-33SO2' (observed-33SO2-c1)
 ---+ Model: mol_list = ['33SO2'] @ spa_form=('normal', 58.25101601900901, 92.04121901415091, 1.6516724988682112), spe_form=('skew', 8, 0), z=0.0, grad=('linear', 1.6516724988682112, 149.34112101858503)
+++ Source 'observed-SO2v2=1' added
 |- Component added to 'observed-SO2v2=1' (observed-SO2v2=1-c1)
 ---+ Model: mol_list = ['SO2v2=1'] @ spa_form=('normal', 122.8922389999714, 93.62399062295654, 1.300544932559684), spe_form=('skew', 8, 0), z=0.0, grad=('linear', 1.300544932559684, 125.54736709832805)
+++ Source 'observed-H13CNv2=1' added
 |- Component added to 'observed-H13CNv2=1' (observed-H13CNv2=1-c1)
 ---+ Model: mol_list = ['H13CNv2=1'] @ spa_form=('normal', 128.08254605242723, 78.57781004371856, 3.1020467596834984), spe_form=('skew', 8, 0), z=0.0, grad=('linear', 3.1020467596834984, 144.12535454979707)
+++ Source 'observed-H213CS' added
 |- Component added to 'observed-H213CS' (observed-H213CS-c1)
 ---+ Model: mol_list = ['H213CS'] @ spa_form=('normal', 141.02781486978995, 65.57511952272694, 0.5915548573583591), spe_form=('skew', 8, 0), z=0.0, grad=('linear', 0.5915548573583591, 27.045538993548725)
+++ Source 'observed-H2C34S' added
 |- Component added to 'observed-H2C34S' (observed-H2C34S-c1)
 ---+ Model: mol_list = ['H2C34S'] @ spa_form=('normal', 92.44868238576205, 57.23579776830893, 1.419290392937018), spe_form=('skew', 8, 0), z=0.0, grad=('linear', 1.419290392937018, 18.9718970611083)
+++ Source 'observed-H2C18O' added
 |- Component added to 'observed-H2C18O' (observed-H2C18O-c1)
 ---+ Model: mol_list = ['H2C18O'] @ spa_form=('normal', 108.66836097162394, 88.18818145638033, 0.5661853760662295), spe_form=('skew', 8, 0), z=0.0, grad=('linear', 0.5661853760662295, 42.481349101105025)
+++ Source 'observed-H213CO' added
 |- Component added to 'observed-H213CO' (observed-H213CO-c1)
 ---+ Model: mol_list = ['H213CO'] @ spa_form=('normal', 121.94300135011765, 66.24642820692881, 0.8090845271865845), spe_form=('skew', 8, 0), z=0.0, grad=('linear', 0.8090845271865845, 96.51101551087385)
[*] Generating cube observerd
  |- Angular Coordinates (deg): ra=0 dec=0
  |- FOV (arcsec): ra=[-0.002777777777777778, 0.002777777777777778] dec=[-0.002777777777777778, 0.002777777777777778]
!!! WARNING: max ALMA bandwidth exceeded
  |- Spectral (MHz): center=277000 bandwidth=[275000.0, 279000.0]
  |- Cube size: 2 x 2 x 4000 
  |- Band: 7
*** Source: observed-H2C18O
  |- Projecting observed-H2C18O-c1
   --+ Generating template image
   --+ Generating template line distribution
   --+ Loading and correcting lines
*** Source: observed-H213CS
  |- Projecting observed-H213CS-c1
   --+ Generating template image
   --+ Generating template line distribution
   --+ Loading and correcting lines
*** Source: observed-H13CNv2=1
  |- Projecting observed-H13CNv2=1-c1
   --+ Generating template image
   --+ Generating template line distribution
   --+ Loading and correcting lines
*** Source: observed-H2C34S
  |- Projecting observed-H2C34S-c1
   --+ Generating template image
   --+ Generating template line distribution
   --+ Loading and correcting lines
      |- Projecting Thioformaldehyde (H2C34S) around 277295.9149 Mhz, at 1.09103332483 K
*** Source: observed-33SO2
  |- Projecting observed-33SO2-c1
   --+ Generating template image
   --+ Generating template line distribution
   --+ Loading and correcting lines
      |- Projecting Sulfur Dioxide (33SO2) around 275828.2515 Mhz, at 0.362608691759 K
      |- Projecting Sulfur Dioxide (33SO2) around 275828.3672 Mhz, at 0.362608691759 K
      |- Projecting Sulfur Dioxide (33SO2) around 275831.1722 Mhz, at 0.362608691759 K
      |- Projecting Sulfur Dioxide (33SO2) around 275831.2604 Mhz, at 0.362608860976 K
*** Source: observed-CH3OHvt=0
  |- Projecting observed-CH3OHvt=0-c1
   --+ Generating template image
   --+ Generating template line distribution
   --+ Loading and correcting lines
      |- Projecting Methanol (CH3OHvt=0) around 276648.18 Mhz, at 0.491196044639 K
      |- Projecting Methanol (CH3OHvt=0) around 276925.919 Mhz, at 0.354703959388 K
      |- Projecting Methanol (CH3OHvt=0) around 277940.773 Mhz, at 0.157649717023 K
      |- Projecting Methanol (CH3OHvt=0) around 278186.616 Mhz, at 0.157655765634 K
      |- Projecting Methanol (CH3OHvt=0) around 278304.51 Mhz, at 0.256562822767 K
      |- Projecting Methanol (CH3OHvt=0) around 278342.257 Mhz, at 0.198411334818 K
      |- Projecting Methanol (CH3OHvt=0) around 278480.23 Mhz, at 0.21976387863 K
      |- Projecting Methanol (CH3OHvt=0) around 278599.055 Mhz, at 0.463005974407 K
      |- Projecting Methanol (CH3OHvt=0) around 278672.92 Mhz, at 0.241787479801 K
      |- Projecting Methanol (CH3OHvt=0) around 278723.25 Mhz, at 0.241789800972 K
      |- Projecting Methanol (CH3OHvt=0) around 278965.129 Mhz, at 0.123536648087 K
*** Source: observed-SO2v2=1
  |- Projecting observed-SO2v2=1-c1
   --+ Generating template image
   --+ Generating template line distribution
   --+ Loading and correcting lines
*** Source: observed-H213CO
  |- Projecting observed-H213CO-c1
   --+ Generating template image
   --+ Generating template line distribution
   --+ Loading and correcting lines
   -++ Saving FITS: data/cube_fixed_width_65.fits
