+++ Source 'observed-CH3OHvt=0' added
 |- Component added to 'observed-CH3OHvt=0' (observed-CH3OHvt=0-c1)
 ---+ Model: mol_list = ['CH3OHvt=0'] @ spa_form=('normal', 108.25104784229185, 48.176678943826786, 2.1379007483769636), spe_form=('skew', 8, 0), z=0.0, grad=('linear', 2.1379007483769636, 95.66514589082045)
+++ Source 'observed-SO2v=0' added
 |- Component added to 'observed-SO2v=0' (observed-SO2v=0-c1)
 ---+ Model: mol_list = ['SO2v=0'] @ spa_form=('normal', 145.51694700757832, 83.40915029989544, 1.459822982887203), spe_form=('skew', 8, 0), z=0.0, grad=('linear', 1.459822982887203, 56.60897667178152)
+++ Source 'observed-33SO2' added
 |- Component added to 'observed-33SO2' (observed-33SO2-c1)
 ---+ Model: mol_list = ['33SO2'] @ spa_form=('normal', 63.944605446440484, 74.52803587387957, 0.5283072024543362), spe_form=('skew', 8, 0), z=0.0, grad=('linear', 0.5283072024543362, 32.89489513103673)
+++ Source 'observed-OS18O' added
 |- Component added to 'observed-OS18O' (observed-OS18O-c1)
 ---+ Model: mol_list = ['OS18O'] @ spa_form=('normal', 106.74032865408597, 58.45224062401864, 2.5005728856284284), spe_form=('skew', 8, 0), z=0.0, grad=('linear', 2.5005728856284284, 115.87532728536863)
+++ Source 'observed-HC15Nv=0' added
 |- Component added to 'observed-HC15Nv=0' (observed-HC15Nv=0-c1)
 ---+ Model: mol_list = ['HC15Nv=0'] @ spa_form=('normal', 54.30218818941089, 65.25800519416714, 0.7363893413023764), spe_form=('skew', 8, 0), z=0.0, grad=('linear', 0.7363893413023764, 77.70243604663258)
+++ Source 'observed-H13CNv2=1' added
 |- Component added to 'observed-H13CNv2=1' (observed-H13CNv2=1-c1)
 ---+ Model: mol_list = ['H13CNv2=1'] @ spa_form=('normal', 71.95181098204347, 59.4779525340704, 2.4563310379273475), spe_form=('skew', 8, 0), z=0.0, grad=('linear', 2.4563310379273475, 25.281812352802582)
+++ Source 'observed-H213CO' added
 |- Component added to 'observed-H213CO' (observed-H213CO-c1)
 ---+ Model: mol_list = ['H213CO'] @ spa_form=('normal', 137.10589145976385, 52.35448713466914, 1.2497663349871309), spe_form=('skew', 8, 0), z=0.0, grad=('linear', 1.2497663349871309, 148.49244012761432)
[*] Generating cube observerd
  |- Angular Coordinates (deg): ra=0 dec=0
  |- FOV (arcsec): ra=[-0.002777777777777778, 0.002777777777777778] dec=[-0.002777777777777778, 0.002777777777777778]
!!! WARNING: max ALMA bandwidth exceeded
  |- Spectral (MHz): center=277000 bandwidth=[275000.0, 279000.0]
  |- Cube size: 2 x 2 x 4000 
  |- Band: 7
*** Source: observed-OS18O
  |- Projecting observed-OS18O-c1
   --+ Generating template image
   --+ Generating template line distribution
   --+ Loading and correcting lines
      |- Projecting Sulfur Dioxide (OS18O) around 275207.6031 Mhz, at 0.583567308746 K
      |- Projecting Sulfur Dioxide (OS18O) around 275282.0764 Mhz, at 1.08137471888 K
      |- Projecting Sulfur Dioxide (OS18O) around 275454.6038 Mhz, at 0.486326138255 K
      |- Projecting Sulfur Dioxide (OS18O) around 275552.9984 Mhz, at 1.34152369379 K
      |- Projecting Sulfur Dioxide (OS18O) around 275646.3336 Mhz, at 0.239852743242 K
      |- Projecting Sulfur Dioxide (OS18O) around 276002.289 Mhz, at 1.41590521276 K
      |- Projecting Sulfur Dioxide (OS18O) around 276274.7786 Mhz, at 0.869019008081 K
      |- Projecting Sulfur Dioxide (OS18O) around 276277.2242 Mhz, at 0.573536645126 K
      |- Projecting Sulfur Dioxide (OS18O) around 277080.9497 Mhz, at 0.941308659985 K
      |- Projecting Sulfur Dioxide (OS18O) around 277088.3147 Mhz, at 0.941307718677 K
      |- Projecting Sulfur Dioxide (OS18O) around 278393.6459 Mhz, at 0.648261327696 K
*** Source: observed-H13CNv2=1
  |- Projecting observed-H13CNv2=1-c1
   --+ Generating template image
   --+ Generating template line distribution
   --+ Loading and correcting lines
*** Source: observed-33SO2
  |- Projecting observed-33SO2-c1
   --+ Generating template image
   --+ Generating template line distribution
   --+ Loading and correcting lines
      |- Projecting Sulfur Dioxide (33SO2) around 275160.7805 Mhz, at 0.128267817821 K
      |- Projecting Sulfur Dioxide (33SO2) around 275160.8324 Mhz, at 0.128267817821 K
      |- Projecting Sulfur Dioxide (33SO2) around 275160.9909 Mhz, at 0.128267877679 K
      |- Projecting Sulfur Dioxide (33SO2) around 275161.0124 Mhz, at 0.128267877679 K
      |- Projecting Sulfur Dioxide (33SO2) around 275828.2515 Mhz, at 0.548343603848 K
      |- Projecting Sulfur Dioxide (33SO2) around 275828.3672 Mhz, at 0.548343603848 K
      |- Projecting Sulfur Dioxide (33SO2) around 275831.1722 Mhz, at 0.548343603848 K
      |- Projecting Sulfur Dioxide (33SO2) around 275831.2604 Mhz, at 0.548343859742 K
      |- Projecting Sulfur Dioxide (33SO2) around 276035.3021 Mhz, at 0.150481502769 K
      |- Projecting Sulfur Dioxide (33SO2) around 276035.3702 Mhz, at 0.150481502769 K
      |- Projecting Sulfur Dioxide (33SO2) around 276037.6419 Mhz, at 0.150481427528 K
      |- Projecting Sulfur Dioxide (33SO2) around 276037.6851 Mhz, at 0.150481502769 K
*** Source: observed-CH3OHvt=0
  |- Projecting observed-CH3OHvt=0-c1
   --+ Generating template image
   --+ Generating template line distribution
   --+ Loading and correcting lines
      |- Projecting Methanol (CH3OHvt=0) around 276648.18 Mhz, at 0.562458469289 K
      |- Projecting Methanol (CH3OHvt=0) around 276925.919 Mhz, at 0.406164194979 K
      |- Projecting Methanol (CH3OHvt=0) around 277940.773 Mhz, at 0.180521442484 K
      |- Projecting Methanol (CH3OHvt=0) around 278186.616 Mhz, at 0.180528368623 K
      |- Projecting Methanol (CH3OHvt=0) around 278304.51 Mhz, at 0.293784801699 K
      |- Projecting Methanol (CH3OHvt=0) around 278342.257 Mhz, at 0.227196731099 K
      |- Projecting Methanol (CH3OHvt=0) around 278480.23 Mhz, at 0.251647089036 K
      |- Projecting Methanol (CH3OHvt=0) around 278599.055 Mhz, at 0.530178600741 K
      |- Projecting Methanol (CH3OHvt=0) around 278672.92 Mhz, at 0.276865860925 K
      |- Projecting Methanol (CH3OHvt=0) around 278723.25 Mhz, at 0.27686851885 K
      |- Projecting Methanol (CH3OHvt=0) around 278965.129 Mhz, at 0.141459270168 K
*** Source: observed-HC15Nv=0
  |- Projecting observed-HC15Nv=0-c1
   --+ Generating template image
   --+ Generating template line distribution
   --+ Loading and correcting lines
*** Source: observed-H213CO
  |- Projecting observed-H213CO-c1
   --+ Generating template image
   --+ Generating template line distribution
   --+ Loading and correcting lines
*** Source: observed-SO2v=0
  |- Projecting observed-SO2v=0-c1
   --+ Generating template image
   --+ Generating template line distribution
   --+ Loading and correcting lines
      |- Projecting Sulfur dioxide (SO2v=0) around 275240.184 Mhz, at 0.647629241341 K
      |- Projecting Sulfur dioxide (SO2v=0) around 275375.7013 Mhz, at 0.306172583353 K
      |- Projecting Sulfur dioxide (SO2v=0) around 276254.5765 Mhz, at 0.641103669147 K
      |- Projecting Sulfur dioxide (SO2v=0) around 276558.3672 Mhz, at 0.247908090384 K
      |- Projecting Sulfur dioxide (SO2v=0) around 278250.9723 Mhz, at 1.11170039274 K
   -++ Saving FITS: data/cube_variable_width_97.fits
