+++ Source 'observed-OS17O' added
 |- Component added to 'observed-OS17O' (observed-OS17O-c1)
 ---+ Model: mol_list = ['OS17O'] @ spa_form=('normal', 87.36216032483819, 81.5106538533521, 2.0732423597422374), spe_form=('skew', 8, 0), z=0.0, grad=('linear', 2.0732423597422374, 46.00267119054966)
+++ Source 'observed-HC15Nv=0' added
 |- Component added to 'observed-HC15Nv=0' (observed-HC15Nv=0-c1)
 ---+ Model: mol_list = ['HC15Nv=0'] @ spa_form=('normal', 138.00088885166764, 58.250964584703794, 2.3285134897862174), spe_form=('skew', 8, 0), z=0.0, grad=('linear', 2.3285134897862174, 132.53345778192568)
+++ Source 'observed-H13CNv2=1' added
 |- Component added to 'observed-H13CNv2=1' (observed-H13CNv2=1-c1)
 ---+ Model: mol_list = ['H13CNv2=1'] @ spa_form=('normal', 73.68263135525319, 81.60276047779628, 1.4937904669771591), spe_form=('skew', 8, 0), z=0.0, grad=('linear', 1.4937904669771591, 100.30409341569624)
+++ Source 'observed-H13CNv=0' added
 |- Component added to 'observed-H13CNv=0' (observed-H13CNv=0-c1)
 ---+ Model: mol_list = ['H13CNv=0'] @ spa_form=('normal', 74.48074095526165, 59.918081478486, 0.7995302154047843), spe_form=('skew', 8, 0), z=0.0, grad=('linear', 0.7995302154047843, 108.23756927206809)
+++ Source 'observed-H213CS' added
 |- Component added to 'observed-H213CS' (observed-H213CS-c1)
 ---+ Model: mol_list = ['H213CS'] @ spa_form=('normal', 89.87364324661473, 52.2124099862692, 2.274094207726592), spe_form=('skew', 8, 0), z=0.0, grad=('linear', 2.274094207726592, 11.747822750707153)
+++ Source 'observed-H2C34S' added
 |- Component added to 'observed-H2C34S' (observed-H2C34S-c1)
 ---+ Model: mol_list = ['H2C34S'] @ spa_form=('normal', 139.52804995596188, 58.98432440847739, 0.08527411787406014), spe_form=('skew', 8, 0), z=0.0, grad=('linear', 0.08527411787406014, 57.59275570988347)
+++ Source 'observed-H2C18O' added
 |- Component added to 'observed-H2C18O' (observed-H2C18O-c1)
 ---+ Model: mol_list = ['H2C18O'] @ spa_form=('normal', 55.70118391496786, 76.40083156238208, 0.2011644037786185), spe_form=('skew', 8, 0), z=0.0, grad=('linear', 0.2011644037786185, 120.60454873881581)
[*] Generating cube observerd
  |- Angular Coordinates (deg): ra=0 dec=0
  |- FOV (arcsec): ra=[-0.002777777777777778, 0.002777777777777778] dec=[-0.002777777777777778, 0.002777777777777778]
!!! WARNING: max ALMA bandwidth exceeded
  |- Spectral (MHz): center=604000 bandwidth=[602000.0, 606000.0]
  |- Cube size: 2 x 2 x 4000 
  |- Band: 9
*** Source: observed-H2C18O
  |- Projecting observed-H2C18O-c1
   --+ Generating template image
   --+ Generating template line distribution
   --+ Loading and correcting lines
      |- Projecting Formaldehyde (H2C18O) around 603231.51 Mhz, at 0.562728208191 K
*** Source: observed-H213CS
  |- Projecting observed-H213CS-c1
   --+ Generating template image
   --+ Generating template line distribution
   --+ Loading and correcting lines
*** Source: observed-H13CNv2=1
  |- Projecting observed-H13CNv2=1-c1
   --+ Generating template image
   --+ Generating template line distribution
   --+ Loading and correcting lines
*** Source: observed-H2C34S
  |- Projecting observed-H2C34S-c1
   --+ Generating template image
   --+ Generating template line distribution
   --+ Loading and correcting lines
      |- Projecting Thioformaldehyde (H2C34S) around 604710.9998 Mhz, at 1.5953728579 K
*** Source: observed-OS17O
  |- Projecting observed-OS17O-c1
   --+ Generating template image
   --+ Generating template line distribution
   --+ Loading and correcting lines
      |- Projecting Sulfur Dioxide (OS17O) around 603105.7123 Mhz, at 0.586248049922 K
      |- Projecting Sulfur Dioxide (OS17O) around 603106.5013 Mhz, at 0.586248049922 K
      |- Projecting Sulfur Dioxide (OS17O) around 604501.9322 Mhz, at 0.937402194682 K
      |- Projecting Sulfur Dioxide (OS17O) around 605172.0102 Mhz, at 0.601492195376 K
      |- Projecting Sulfur Dioxide (OS17O) around 605172.0102 Mhz, at 0.601492195376 K
      |- Projecting Sulfur Dioxide (OS17O) around 605240.925 Mhz, at 0.624211670709 K
*** Source: observed-HC15Nv=0
  |- Projecting observed-HC15Nv=0-c1
   --+ Generating template image
   --+ Generating template line distribution
   --+ Loading and correcting lines
*** Source: observed-H13CNv=0
  |- Projecting observed-H13CNv=0-c1
   --+ Generating template image
   --+ Generating template line distribution
   --+ Loading and correcting lines
   -++ Saving FITS: data/cube_variable_width_32.fits
