+++ Source 'observed-CH3OHvt=0' added
 |- Component added to 'observed-CH3OHvt=0' (observed-CH3OHvt=0-c1)
 ---+ Model: mol_list = ['CH3OHvt=0'] @ spa_form=('normal', 109.81843179225501, 89.78469620506104, 1.7342344083104884), spe_form=('skew', 8, 0), z=0.0, grad=('linear', 1.7342344083104884, 41.65150276779164)
+++ Source 'observed-SO2v=0' added
 |- Component added to 'observed-SO2v=0' (observed-SO2v=0-c1)
 ---+ Model: mol_list = ['SO2v=0'] @ spa_form=('normal', 88.8422995475737, 45.263685852853484, 0.6132408967582197), spe_form=('skew', 8, 0), z=0.0, grad=('linear', 0.6132408967582197, 36.0016887022002)
+++ Source 'observed-34SO2v=0' added
 |- Component added to 'observed-34SO2v=0' (observed-34SO2v=0-c1)
 ---+ Model: mol_list = ['34SO2v=0'] @ spa_form=('normal', 143.0426367196735, 53.34669188780106, 0.33230025288374), spe_form=('skew', 8, 0), z=0.0, grad=('linear', 0.33230025288374, 142.56326703605197)
+++ Source 'observed-SO2v2=1' added
 |- Component added to 'observed-SO2v2=1' (observed-SO2v2=1-c1)
 ---+ Model: mol_list = ['SO2v2=1'] @ spa_form=('normal', 122.32165536790338, 79.461142638969, 1.1223792756279538), spe_form=('skew', 8, 0), z=0.0, grad=('linear', 1.1223792756279538, 100.22921610388204)
+++ Source 'observed-OS18O' added
 |- Component added to 'observed-OS18O' (observed-OS18O-c1)
 ---+ Model: mol_list = ['OS18O'] @ spa_form=('normal', 115.5332882683979, 83.62714508683186, 2.471550800434599), spe_form=('skew', 8, 0), z=0.0, grad=('linear', 2.471550800434599, 90.14501584021794)
+++ Source 'observed-OS17O' added
 |- Component added to 'observed-OS17O' (observed-OS17O-c1)
 ---+ Model: mol_list = ['OS17O'] @ spa_form=('normal', 126.0414582024683, 77.17601483969167, 0.5952795849678408), spe_form=('skew', 8, 0), z=0.0, grad=('linear', 0.5952795849678408, 29.338485643819855)
+++ Source 'observed-HC15Nv=0' added
 |- Component added to 'observed-HC15Nv=0' (observed-HC15Nv=0-c1)
 ---+ Model: mol_list = ['HC15Nv=0'] @ spa_form=('normal', 139.67523638901145, 75.78487608574007, 1.0182955868417753), spe_form=('skew', 8, 0), z=0.0, grad=('linear', 1.0182955868417753, 85.93203352654778)
+++ Source 'observed-H13CNv2=1' added
 |- Component added to 'observed-H13CNv2=1' (observed-H13CNv2=1-c1)
 ---+ Model: mol_list = ['H13CNv2=1'] @ spa_form=('normal', 81.84159811932788, 44.28990538242266, 2.5517897090916706), spe_form=('skew', 8, 0), z=0.0, grad=('linear', 2.5517897090916706, 15.849587452067482)
+++ Source 'observed-H13CNv=0' added
 |- Component added to 'observed-H13CNv=0' (observed-H13CNv=0-c1)
 ---+ Model: mol_list = ['H13CNv=0'] @ spa_form=('normal', 122.18393994412142, 97.07949035433467, 2.8272305762952032), spe_form=('skew', 8, 0), z=0.0, grad=('linear', 2.8272305762952032, 117.95485165131909)
+++ Source 'observed-H213CS' added
 |- Component added to 'observed-H213CS' (observed-H213CS-c1)
 ---+ Model: mol_list = ['H213CS'] @ spa_form=('normal', 54.52123912078262, 80.72375609863406, 0.4491633753735402), spe_form=('skew', 8, 0), z=0.0, grad=('linear', 0.4491633753735402, 123.2660622291949)
+++ Source 'observed-H2C34S' added
 |- Component added to 'observed-H2C34S' (observed-H2C34S-c1)
 ---+ Model: mol_list = ['H2C34S'] @ spa_form=('normal', 81.1917781019426, 55.22554061021235, 3.042653861170044), spe_form=('skew', 8, 0), z=0.0, grad=('linear', 3.042653861170044, 140.21352753891338)
+++ Source 'observed-H213CO' added
 |- Component added to 'observed-H213CO' (observed-H213CO-c1)
 ---+ Model: mol_list = ['H213CO'] @ spa_form=('normal', 126.29305394153172, 79.5676021272206, 2.521761107068329), spe_form=('skew', 8, 0), z=0.0, grad=('linear', 2.521761107068329, 76.18788638198315)
[*] Generating cube observerd
  |- Angular Coordinates (deg): ra=0 dec=0
  |- FOV (arcsec): ra=[-0.002777777777777778, 0.002777777777777778] dec=[-0.002777777777777778, 0.002777777777777778]
!!! WARNING: max ALMA bandwidth exceeded
  |- Spectral (MHz): center=604000 bandwidth=[602000.0, 606000.0]
  |- Cube size: 2 x 2 x 4000 
  |- Band: 9
*** Source: observed-OS18O
  |- Projecting observed-OS18O-c1
   --+ Generating template image
   --+ Generating template line distribution
   --+ Loading and correcting lines
*** Source: observed-H13CNv=0
  |- Projecting observed-H13CNv=0-c1
   --+ Generating template image
   --+ Generating template line distribution
   --+ Loading and correcting lines
      |- Projecting Hydrogen Cyanide (H13CNv=0) around 604267.914 Mhz, at 0.527208925994 K
*** Source: observed-H213CS
  |- Projecting observed-H213CS-c1
   --+ Generating template image
   --+ Generating template line distribution
   --+ Loading and correcting lines
      |- Projecting Thioformaldehyde (H213CS) around 602149.9892 Mhz, at 0.896484036057 K
*** Source: observed-H13CNv2=1
  |- Projecting observed-H13CNv2=1-c1
   --+ Generating template image
   --+ Generating template line distribution
   --+ Loading and correcting lines
*** Source: observed-34SO2v=0
  |- Projecting observed-34SO2v=0-c1
   --+ Generating template image
   --+ Generating template line distribution
   --+ Loading and correcting lines
      |- Projecting Sulfur Dioxide (34SO2v=0) around 602815.8891 Mhz, at 0.582690449314 K
      |- Projecting Sulfur Dioxide (34SO2v=0) around 604080.004 Mhz, at 0.907710307974 K
      |- Projecting Sulfur Dioxide (34SO2v=0) around 604376.563 Mhz, at 1.24431822726 K
      |- Projecting Sulfur Dioxide (34SO2v=0) around 605499.8855 Mhz, at 1.3057672573 K
      |- Projecting Sulfur Dioxide (34SO2v=0) around 605924.403 Mhz, at 0.606072197613 K
*** Source: observed-OS17O
  |- Projecting observed-OS17O-c1
   --+ Generating template image
   --+ Generating template line distribution
   --+ Loading and correcting lines
      |- Projecting Sulfur Dioxide (OS17O) around 603105.7123 Mhz, at 0.891050680318 K
      |- Projecting Sulfur Dioxide (OS17O) around 603106.5013 Mhz, at 0.891050680318 K
      |- Projecting Sulfur Dioxide (OS17O) around 604501.9322 Mhz, at 1.42477721404 K
      |- Projecting Sulfur Dioxide (OS17O) around 605172.0102 Mhz, at 0.91422057603 K
      |- Projecting Sulfur Dioxide (OS17O) around 605172.0102 Mhz, at 0.91422057603 K
      |- Projecting Sulfur Dioxide (OS17O) around 605240.925 Mhz, at 0.948752382071 K
      |- Projecting Sulfur Dioxide (OS17O) around 605724.232 Mhz, at 0.617317496621 K
*** Source: observed-CH3OHvt=0
  |- Projecting observed-CH3OHvt=0-c1
   --+ Generating template image
   --+ Generating template line distribution
   --+ Loading and correcting lines
*** Source: observed-HC15Nv=0
  |- Projecting observed-HC15Nv=0-c1
   --+ Generating template image
   --+ Generating template line distribution
   --+ Loading and correcting lines
*** Source: observed-SO2v2=1
  |- Projecting observed-SO2v2=1-c1
   --+ Generating template image
   --+ Generating template line distribution
   --+ Loading and correcting lines
*** Source: observed-H2C34S
  |- Projecting observed-H2C34S-c1
   --+ Generating template image
   --+ Generating template line distribution
   --+ Loading and correcting lines
      |- Projecting Thioformaldehyde (H2C34S) around 604710.9998 Mhz, at 0.880534014676 K
*** Source: observed-H213CO
  |- Projecting observed-H213CO-c1
   --+ Generating template image
   --+ Generating template line distribution
   --+ Loading and correcting lines
      |- Projecting Formaldehyde (H213CO) around 602083.584 Mhz, at 0.678926431786 K
*** Source: observed-SO2v=0
  |- Projecting observed-SO2v=0-c1
   --+ Generating template image
   --+ Generating template line distribution
   --+ Loading and correcting lines
      |- Projecting Sulfur dioxide (SO2v=0) around 604367.4364 Mhz, at 0.86784743274 K
      |- Projecting Sulfur dioxide (SO2v=0) around 604406.5377 Mhz, at 0.827393802619 K
      |- Projecting Sulfur dioxide (SO2v=0) around 605532.5228 Mhz, at 1.05134127264 K
   -++ Saving FITS: data/cube_variable_width_30.fits
