+++ Source 'observed-SO2v=0' added
 |- Component added to 'observed-SO2v=0' (observed-SO2v=0-c1)
 ---+ Model: mol_list = ['SO2v=0'] @ spa_form=('normal', 140.41972379683787, 85.87170895654913, 0.47466240009467164), spe_form=('skew', 8, 0), z=0.0, grad=('linear', 0.47466240009467164, 100.00038310591043)
+++ Source 'observed-33SO2' added
 |- Component added to 'observed-33SO2' (observed-33SO2-c1)
 ---+ Model: mol_list = ['33SO2'] @ spa_form=('normal', 84.46476919795109, 49.99096904774483, 1.921411301641477), spe_form=('skew', 8, 0), z=0.0, grad=('linear', 1.921411301641477, 118.14272129085214)
+++ Source 'observed-H213CS' added
 |- Component added to 'observed-H213CS' (observed-H213CS-c1)
 ---+ Model: mol_list = ['H213CS'] @ spa_form=('normal', 129.1691012321636, 60.45627141343367, 1.9923816161391366), spe_form=('skew', 8, 0), z=0.0, grad=('linear', 1.9923816161391366, 133.69297580793506)
[*] Generating cube observerd
  |- Angular Coordinates (deg): ra=0 dec=0
  |- FOV (arcsec): ra=[-0.002777777777777778, 0.002777777777777778] dec=[-0.002777777777777778, 0.002777777777777778]
!!! WARNING: max ALMA bandwidth exceeded
  |- Spectral (MHz): center=604000 bandwidth=[602000.0, 606000.0]
  |- Cube size: 2 x 2 x 4000 
  |- Band: 9
*** Source: observed-33SO2
  |- Projecting observed-33SO2-c1
   --+ Generating template image
   --+ Generating template line distribution
   --+ Loading and correcting lines
      |- Projecting Sulfur Dioxide (33SO2) around 602337.0627 Mhz, at 1.06044122525 K
      |- Projecting Sulfur Dioxide (33SO2) around 602338.0039 Mhz, at 1.06044122525 K
      |- Projecting Sulfur Dioxide (33SO2) around 602348.9212 Mhz, at 1.06044020015 K
      |- Projecting Sulfur Dioxide (33SO2) around 602349.8184 Mhz, at 1.06043966993 K
      |- Projecting Sulfur Dioxide (33SO2) around 602488.3231 Mhz, at 1.26418043964 K
      |- Projecting Sulfur Dioxide (33SO2) around 602499.1576 Mhz, at 1.26417858551 K
      |- Projecting Sulfur Dioxide (33SO2) around 603112.9816 Mhz, at 1.4298347885 K
      |- Projecting Sulfur Dioxide (33SO2) around 603113.1191 Mhz, at 1.4298347885 K
      |- Projecting Sulfur Dioxide (33SO2) around 603113.2126 Mhz, at 1.4298347885 K
      |- Projecting Sulfur Dioxide (33SO2) around 603113.2683 Mhz, at 1.4298347885 K
      |- Projecting Sulfur Dioxide (33SO2) around 604736.5656 Mhz, at 0.790387699598 K
      |- Projecting Sulfur Dioxide (33SO2) around 604736.767 Mhz, at 0.790387699598 K
      |- Projecting Sulfur Dioxide (33SO2) around 604736.8741 Mhz, at 0.790387699598 K
      |- Projecting Sulfur Dioxide (33SO2) around 604736.8962 Mhz, at 0.790387699598 K
      |- Projecting Sulfur Dioxide (33SO2) around 604736.926 Mhz, at 0.790387699598 K
      |- Projecting Sulfur Dioxide (33SO2) around 604736.9663 Mhz, at 0.790387699598 K
      |- Projecting Sulfur Dioxide (33SO2) around 604736.9892 Mhz, at 0.790387699598 K
      |- Projecting Sulfur Dioxide (33SO2) around 605162.1267 Mhz, at 0.884700571729 K
      |- Projecting Sulfur Dioxide (33SO2) around 605162.2359 Mhz, at 0.884700571729 K
      |- Projecting Sulfur Dioxide (33SO2) around 605162.3107 Mhz, at 0.884700571729 K
      |- Projecting Sulfur Dioxide (33SO2) around 605162.3529 Mhz, at 0.884700571729 K
      |- Projecting Sulfur Dioxide (33SO2) around 605357.5302 Mhz, at 0.907500076766 K
      |- Projecting Sulfur Dioxide (33SO2) around 605366.9145 Mhz, at 0.907500076766 K
      |- Projecting Sulfur Dioxide (33SO2) around 605367.499 Mhz, at 0.907501407767 K
      |- Projecting Sulfur Dioxide (33SO2) around 605367.499 Mhz, at 0.907501407767 K
      |- Projecting Sulfur Dioxide (33SO2) around 605367.499 Mhz, at 0.907500076766 K
      |- Projecting Sulfur Dioxide (33SO2) around 605367.499 Mhz, at 0.907500076766 K
      |- Projecting Sulfur Dioxide (33SO2) around 605377.1052 Mhz, at 0.907501407767 K
*** Source: observed-H213CS
  |- Projecting observed-H213CS-c1
   --+ Generating template image
   --+ Generating template line distribution
   --+ Loading and correcting lines
*** Source: observed-SO2v=0
  |- Projecting observed-SO2v=0-c1
   --+ Generating template image
   --+ Generating template line distribution
   --+ Loading and correcting lines
      |- Projecting Sulfur dioxide (SO2v=0) around 604367.4364 Mhz, at 0.671402976266 K
      |- Projecting Sulfur dioxide (SO2v=0) around 604406.5377 Mhz, at 0.640106360479 K
      |- Projecting Sulfur dioxide (SO2v=0) around 605532.5228 Mhz, at 0.813361465265 K
   -++ Saving FITS: data/cube_variable_width_34.fits
