+++ Source 'observed-SO2v=0' added
 |- Component added to 'observed-SO2v=0' (observed-SO2v=0-c1)
 ---+ Model: mol_list = ['SO2v=0'] @ spa_form=('normal', 75.8471339112896, 54.50122978940749, 2.271265387539092), spe_form=('skew', 8, 0), z=0.0, grad=('linear', 2.271265387539092, 55.19318494764927)
+++ Source 'observed-33SO2' added
 |- Component added to 'observed-33SO2' (observed-33SO2-c1)
 ---+ Model: mol_list = ['33SO2'] @ spa_form=('normal', 89.41795512904262, 49.25660100365276, 2.614939465944321), spe_form=('skew', 8, 0), z=0.0, grad=('linear', 2.614939465944321, 65.19723278422815)
+++ Source 'observed-SO2v2=1' added
 |- Component added to 'observed-SO2v2=1' (observed-SO2v2=1-c1)
 ---+ Model: mol_list = ['SO2v2=1'] @ spa_form=('normal', 73.01675232589048, 75.66383284629714, 0.9209293172800687), spe_form=('skew', 8, 0), z=0.0, grad=('linear', 0.9209293172800687, 138.7054306050225)
+++ Source 'observed-H13CNv2=1' added
 |- Component added to 'observed-H13CNv2=1' (observed-H13CNv2=1-c1)
 ---+ Model: mol_list = ['H13CNv2=1'] @ spa_form=('normal', 63.15404693482816, 46.033687176576116, 2.5991804740631244), spe_form=('skew', 8, 0), z=0.0, grad=('linear', 2.5991804740631244, 66.28899982773385)
+++ Source 'observed-H2C34S' added
 |- Component added to 'observed-H2C34S' (observed-H2C34S-c1)
 ---+ Model: mol_list = ['H2C34S'] @ spa_form=('normal', 133.39948172692647, 86.18723540865558, 0.19242055307598285), spe_form=('skew', 8, 0), z=0.0, grad=('linear', 0.19242055307598285, 23.821148742959004)
+++ Source 'observed-H2C18O' added
 |- Component added to 'observed-H2C18O' (observed-H2C18O-c1)
 ---+ Model: mol_list = ['H2C18O'] @ spa_form=('normal', 72.12565314196905, 68.07857563975585, 1.3385371901539782), spe_form=('skew', 8, 0), z=0.0, grad=('linear', 1.3385371901539782, 88.95738546677748)
+++ Source 'observed-H213CO' added
 |- Component added to 'observed-H213CO' (observed-H213CO-c1)
 ---+ Model: mol_list = ['H213CO'] @ spa_form=('normal', 57.98921359619871, 40.53527756023391, 2.673272605923951), spe_form=('skew', 8, 0), z=0.0, grad=('linear', 2.673272605923951, 73.66736311871409)
[*] Generating cube observerd
  |- Angular Coordinates (deg): ra=0 dec=0
  |- FOV (arcsec): ra=[-0.002777777777777778, 0.002777777777777778] dec=[-0.002777777777777778, 0.002777777777777778]
!!! WARNING: max ALMA bandwidth exceeded
  |- Spectral (MHz): center=277000 bandwidth=[275000.0, 279000.0]
  |- Cube size: 2 x 2 x 4000 
  |- Band: 7
*** Source: observed-H2C18O
  |- Projecting observed-H2C18O-c1
   --+ Generating template image
   --+ Generating template line distribution
   --+ Loading and correcting lines
      |- Projecting Formaldehyde (H2C18O) around 277062.652 Mhz, at 0.637013451466 K
      |- Projecting Formaldehyde (H2C18O) around 277562.802 Mhz, at 0.746200928867 K
      |- Projecting Formaldehyde (H2C18O) around 277675.2025 Mhz, at 0.909193102476 K
      |- Projecting Formaldehyde (H2C18O) around 277678.1029 Mhz, at 0.909193102476 K
      |- Projecting Formaldehyde (H2C18O) around 277853.3599 Mhz, at 0.460671161224 K
      |- Projecting Formaldehyde (H2C18O) around 278145.446 Mhz, at 0.746235652892 K
*** Source: observed-H13CNv2=1
  |- Projecting observed-H13CNv2=1-c1
   --+ Generating template image
   --+ Generating template line distribution
   --+ Loading and correcting lines
*** Source: observed-H2C34S
  |- Projecting observed-H2C34S-c1
   --+ Generating template image
   --+ Generating template line distribution
   --+ Loading and correcting lines
      |- Projecting Thioformaldehyde (H2C34S) around 277295.9149 Mhz, at 1.10075437683 K
*** Source: observed-33SO2
  |- Projecting observed-33SO2-c1
   --+ Generating template image
   --+ Generating template line distribution
   --+ Loading and correcting lines
      |- Projecting Sulfur Dioxide (33SO2) around 275160.7805 Mhz, at 0.150839622975 K
      |- Projecting Sulfur Dioxide (33SO2) around 275160.8324 Mhz, at 0.150839622975 K
      |- Projecting Sulfur Dioxide (33SO2) around 275160.9909 Mhz, at 0.150839693367 K
      |- Projecting Sulfur Dioxide (33SO2) around 275161.0124 Mhz, at 0.150839693367 K
      |- Projecting Sulfur Dioxide (33SO2) around 275828.2515 Mhz, at 0.644837839065 K
      |- Projecting Sulfur Dioxide (33SO2) around 275828.3672 Mhz, at 0.644837839065 K
      |- Projecting Sulfur Dioxide (33SO2) around 275831.1722 Mhz, at 0.644837839065 K
      |- Projecting Sulfur Dioxide (33SO2) around 275831.2604 Mhz, at 0.644838139989 K
      |- Projecting Sulfur Dioxide (33SO2) around 276035.3021 Mhz, at 0.176962339642 K
      |- Projecting Sulfur Dioxide (33SO2) around 276035.3702 Mhz, at 0.176962339642 K
      |- Projecting Sulfur Dioxide (33SO2) around 276037.6419 Mhz, at 0.176962251161 K
      |- Projecting Sulfur Dioxide (33SO2) around 276037.6851 Mhz, at 0.176962339642 K
*** Source: observed-SO2v2=1
  |- Projecting observed-SO2v2=1-c1
   --+ Generating template image
   --+ Generating template line distribution
   --+ Loading and correcting lines
      |- Projecting Sulfur dioxide (SO2v2=1) around 275061.7269 Mhz, at 0.28370931388 K
      |- Projecting Sulfur dioxide (SO2v2=1) around 278755.1244 Mhz, at 0.226800536637 K
      |- Projecting Sulfur dioxide (SO2v2=1) around 278849.6017 Mhz, at 0.264500666544 K
*** Source: observed-H213CO
  |- Projecting observed-H213CO-c1
   --+ Generating template image
   --+ Generating template line distribution
   --+ Loading and correcting lines
*** Source: observed-SO2v=0
  |- Projecting observed-SO2v=0-c1
   --+ Generating template image
   --+ Generating template line distribution
   --+ Loading and correcting lines
      |- Projecting Sulfur dioxide (SO2v=0) around 275240.184 Mhz, at 0.457742792505 K
      |- Projecting Sulfur dioxide (SO2v=0) around 275375.7013 Mhz, at 0.216402046643 K
      |- Projecting Sulfur dioxide (SO2v=0) around 276254.5765 Mhz, at 0.45313053375 K
      |- Projecting Sulfur dioxide (SO2v=0) around 276558.3672 Mhz, at 0.175220842935 K
      |- Projecting Sulfur dioxide (SO2v=0) around 278250.9723 Mhz, at 0.78574716785 K
   -++ Saving FITS: data/cube_variable_width_77.fits
