+++ Source 'observed-OS17O' added
 |- Component added to 'observed-OS17O' (observed-OS17O-c1)
 ---+ Model: mol_list = ['OS17O'] @ spa_form=('normal', 136.25633599846333, 66.63145645562959, 1.9017383541821717), spe_form=('skew', 8, 0), z=0.0, grad=('linear', 1.9017383541821717, 134.0752763502596)
+++ Source 'observed-HC15Nv=0' added
 |- Component added to 'observed-HC15Nv=0' (observed-HC15Nv=0-c1)
 ---+ Model: mol_list = ['HC15Nv=0'] @ spa_form=('normal', 83.38201687863058, 94.32576338926404, 1.1873893153677861), spe_form=('skew', 8, 0), z=0.0, grad=('linear', 1.1873893153677861, 64.21378153205237)
+++ Source 'observed-H13CNv2=1' added
 |- Component added to 'observed-H13CNv2=1' (observed-H13CNv2=1-c1)
 ---+ Model: mol_list = ['H13CNv2=1'] @ spa_form=('normal', 62.647525712003414, 52.506615741167515, 1.7328125549016418), spe_form=('skew', 8, 0), z=0.0, grad=('linear', 1.7328125549016418, 53.392577731466105)
+++ Source 'observed-H13CNv=0' added
 |- Component added to 'observed-H13CNv=0' (observed-H13CNv=0-c1)
 ---+ Model: mol_list = ['H13CNv=0'] @ spa_form=('normal', 116.55664373592877, 77.64568119194858, 0.49224911303161556), spe_form=('skew', 8, 0), z=0.0, grad=('linear', 0.49224911303161556, 95.74267412282022)
+++ Source 'observed-H213CS' added
 |- Component added to 'observed-H213CS' (observed-H213CS-c1)
 ---+ Model: mol_list = ['H213CS'] @ spa_form=('normal', 71.2692789912388, 64.9223684199747, 2.75536690846555), spe_form=('skew', 8, 0), z=0.0, grad=('linear', 2.75536690846555, 79.87838574910599)
+++ Source 'observed-H2C34S' added
 |- Component added to 'observed-H2C34S' (observed-H2C34S-c1)
 ---+ Model: mol_list = ['H2C34S'] @ spa_form=('normal', 95.10260739642172, 40.074181163640255, 1.4719368117505436), spe_form=('skew', 8, 0), z=0.0, grad=('linear', 1.4719368117505436, 113.66805420910832)
+++ Source 'observed-H2C18O' added
 |- Component added to 'observed-H2C18O' (observed-H2C18O-c1)
 ---+ Model: mol_list = ['H2C18O'] @ spa_form=('normal', 105.45036019887209, 51.83129185912235, 2.024609194082091), spe_form=('skew', 8, 0), z=0.0, grad=('linear', 2.024609194082091, 95.05068407655675)
[*] Generating cube observerd
  |- Angular Coordinates (deg): ra=0 dec=0
  |- FOV (arcsec): ra=[-0.002777777777777778, 0.002777777777777778] dec=[-0.002777777777777778, 0.002777777777777778]
!!! WARNING: max ALMA bandwidth exceeded
  |- Spectral (MHz): center=277000 bandwidth=[275000.0, 279000.0]
  |- Cube size: 2 x 2 x 4000 
  |- Band: 7
*** Source: observed-H2C18O
  |- Projecting observed-H2C18O-c1
   --+ Generating template image
   --+ Generating template line distribution
   --+ Loading and correcting lines
      |- Projecting Formaldehyde (H2C18O) around 277062.652 Mhz, at 0.662920309459 K
      |- Projecting Formaldehyde (H2C18O) around 277562.802 Mhz, at 0.77654835945 K
      |- Projecting Formaldehyde (H2C18O) around 277675.2025 Mhz, at 0.946169302178 K
      |- Projecting Formaldehyde (H2C18O) around 277678.1029 Mhz, at 0.946169302178 K
      |- Projecting Formaldehyde (H2C18O) around 277853.3599 Mhz, at 0.479406310895 K
      |- Projecting Formaldehyde (H2C18O) around 278145.446 Mhz, at 0.776584495675 K
*** Source: observed-H213CS
  |- Projecting observed-H213CS-c1
   --+ Generating template image
   --+ Generating template line distribution
   --+ Loading and correcting lines
*** Source: observed-H13CNv2=1
  |- Projecting observed-H13CNv2=1-c1
   --+ Generating template image
   --+ Generating template line distribution
   --+ Loading and correcting lines
*** Source: observed-H2C34S
  |- Projecting observed-H2C34S-c1
   --+ Generating template image
   --+ Generating template line distribution
   --+ Loading and correcting lines
      |- Projecting Thioformaldehyde (H2C34S) around 277295.9149 Mhz, at 0.383980272249 K
*** Source: observed-OS17O
  |- Projecting observed-OS17O-c1
   --+ Generating template image
   --+ Generating template line distribution
   --+ Loading and correcting lines
      |- Projecting Sulfur Dioxide (OS17O) around 275054.7862 Mhz, at 0.776724244962 K
      |- Projecting Sulfur Dioxide (OS17O) around 275142.6319 Mhz, at 0.965936654446 K
      |- Projecting Sulfur Dioxide (OS17O) around 275151.3474 Mhz, at 0.96593523774 K
      |- Projecting Sulfur Dioxide (OS17O) around 275431.4561 Mhz, at 0.848645817875 K
      |- Projecting Sulfur Dioxide (OS17O) around 275846.0173 Mhz, at 0.270048639829 K
      |- Projecting Sulfur Dioxide (OS17O) around 276201.24 Mhz, at 0.571303041928 K
      |- Projecting Sulfur Dioxide (OS17O) around 277061.5867 Mhz, at 0.719257687282 K
      |- Projecting Sulfur Dioxide (OS17O) around 277269.543 Mhz, at 0.126813697036 K
      |- Projecting Sulfur Dioxide (OS17O) around 277365.4535 Mhz, at 0.893487481279 K
*** Source: observed-HC15Nv=0
  |- Projecting observed-HC15Nv=0-c1
   --+ Generating template image
   --+ Generating template line distribution
   --+ Loading and correcting lines
*** Source: observed-H13CNv=0
  |- Projecting observed-H13CNv=0-c1
   --+ Generating template image
   --+ Generating template line distribution
   --+ Loading and correcting lines
   -++ Saving FITS: data/cube_fixed_width_57.fits
