+++ Source 'observed-CH3OHvt=0' added
 |- Component added to 'observed-CH3OHvt=0' (observed-CH3OHvt=0-c1)
 ---+ Model: mol_list = ['CH3OHvt=0'] @ spa_form=('normal', 125.77829985939589, 53.63543055096913, 0.21162477012440126), spe_form=('skew', 8, 0), z=0.0, grad=('linear', 0.21162477012440126, 128.790216388305)
+++ Source 'observed-SO2v=0' added
 |- Component added to 'observed-SO2v=0' (observed-SO2v=0-c1)
 ---+ Model: mol_list = ['SO2v=0'] @ spa_form=('normal', 114.43689478332924, 98.40970475411821, 1.2618822496122966), spe_form=('skew', 8, 0), z=0.0, grad=('linear', 1.2618822496122966, 13.048663617651444)
+++ Source 'observed-33SO2' added
 |- Component added to 'observed-33SO2' (observed-33SO2-c1)
 ---+ Model: mol_list = ['33SO2'] @ spa_form=('normal', 77.38737435165191, 94.25239044557716, 2.652737934076736), spe_form=('skew', 8, 0), z=0.0, grad=('linear', 2.652737934076736, 136.13626149810977)
+++ Source 'observed-34SO2v=0' added
 |- Component added to 'observed-34SO2v=0' (observed-34SO2v=0-c1)
 ---+ Model: mol_list = ['34SO2v=0'] @ spa_form=('normal', 115.33470061322583, 66.74358595500986, 1.9172858616654218), spe_form=('skew', 8, 0), z=0.0, grad=('linear', 1.9172858616654218, 111.23307871303832)
+++ Source 'observed-OS17O' added
 |- Component added to 'observed-OS17O' (observed-OS17O-c1)
 ---+ Model: mol_list = ['OS17O'] @ spa_form=('normal', 143.35720561747877, 91.97010672795486, 0.7493585471491778), spe_form=('skew', 8, 0), z=0.0, grad=('linear', 0.7493585471491778, 37.261285241484885)
+++ Source 'observed-HC15Nv=0' added
 |- Component added to 'observed-HC15Nv=0' (observed-HC15Nv=0-c1)
 ---+ Model: mol_list = ['HC15Nv=0'] @ spa_form=('normal', 75.42014603859279, 51.322076619472284, 2.327972592740575), spe_form=('skew', 8, 0), z=0.0, grad=('linear', 2.327972592740575, 31.044141006270824)
+++ Source 'observed-H13CNv=0' added
 |- Component added to 'observed-H13CNv=0' (observed-H13CNv=0-c1)
 ---+ Model: mol_list = ['H13CNv=0'] @ spa_form=('normal', 96.34082826677627, 58.17463384021775, 3.136486840767109), spe_form=('skew', 8, 0), z=0.0, grad=('linear', 3.136486840767109, 60.37399019230628)
+++ Source 'observed-H2C34S' added
 |- Component added to 'observed-H2C34S' (observed-H2C34S-c1)
 ---+ Model: mol_list = ['H2C34S'] @ spa_form=('normal', 107.61759877995294, 54.538874857153644, 2.4958570062730203), spe_form=('skew', 8, 0), z=0.0, grad=('linear', 2.4958570062730203, 37.7107645947292)
+++ Source 'observed-H213CO' added
 |- Component added to 'observed-H213CO' (observed-H213CO-c1)
 ---+ Model: mol_list = ['H213CO'] @ spa_form=('normal', 121.49412238268506, 84.58734633989758, 2.189540610274557), spe_form=('skew', 8, 0), z=0.0, grad=('linear', 2.189540610274557, 79.0160301440774)
[*] Generating cube observerd
  |- Angular Coordinates (deg): ra=0 dec=0
  |- FOV (arcsec): ra=[-0.002777777777777778, 0.002777777777777778] dec=[-0.002777777777777778, 0.002777777777777778]
!!! WARNING: max ALMA bandwidth exceeded
  |- Spectral (MHz): center=277000 bandwidth=[275000.0, 279000.0]
  |- Cube size: 2 x 2 x 4000 
  |- Band: 7
*** Source: observed-H13CNv=0
  |- Projecting observed-H13CNv=0-c1
   --+ Generating template image
   --+ Generating template line distribution
   --+ Loading and correcting lines
*** Source: observed-34SO2v=0
  |- Projecting observed-34SO2v=0-c1
   --+ Generating template image
   --+ Generating template line distribution
   --+ Loading and correcting lines
      |- Projecting Sulfur Dioxide (34SO2v=0) around 275434.2181 Mhz, at 1.05877476257 K
      |- Projecting Sulfur Dioxide (34SO2v=0) around 276483.977 Mhz, at 0.890356431626 K
      |- Projecting Sulfur Dioxide (34SO2v=0) around 276999.6054 Mhz, at 0.468713903066 K
      |- Projecting Sulfur Dioxide (34SO2v=0) around 277150.575 Mhz, at 0.522968884236 K
      |- Projecting Sulfur Dioxide (34SO2v=0) around 277470.0761 Mhz, at 0.280108763138 K
      |- Projecting Sulfur Dioxide (34SO2v=0) around 277475.9774 Mhz, at 0.136823366843 K
      |- Projecting Sulfur Dioxide (34SO2v=0) around 278835.2175 Mhz, at 0.587048496635 K
*** Source: observed-33SO2
  |- Projecting observed-33SO2-c1
   --+ Generating template image
   --+ Generating template line distribution
   --+ Loading and correcting lines
      |- Projecting Sulfur Dioxide (33SO2) around 275160.7805 Mhz, at 0.176916790742 K
      |- Projecting Sulfur Dioxide (33SO2) around 275160.8324 Mhz, at 0.176916790742 K
      |- Projecting Sulfur Dioxide (33SO2) around 275160.9909 Mhz, at 0.176916873304 K
      |- Projecting Sulfur Dioxide (33SO2) around 275161.0124 Mhz, at 0.176916873304 K
      |- Projecting Sulfur Dioxide (33SO2) around 275828.2515 Mhz, at 0.756317463453 K
      |- Projecting Sulfur Dioxide (33SO2) around 275828.3672 Mhz, at 0.756317463453 K
      |- Projecting Sulfur Dioxide (33SO2) around 275831.1722 Mhz, at 0.756317463453 K
      |- Projecting Sulfur Dioxide (33SO2) around 275831.2604 Mhz, at 0.756317816402 K
      |- Projecting Sulfur Dioxide (33SO2) around 276035.3021 Mhz, at 0.207555605048 K
      |- Projecting Sulfur Dioxide (33SO2) around 276035.3702 Mhz, at 0.207555605048 K
      |- Projecting Sulfur Dioxide (33SO2) around 276037.6419 Mhz, at 0.20755550127 K
      |- Projecting Sulfur Dioxide (33SO2) around 276037.6851 Mhz, at 0.207555605048 K
*** Source: observed-OS17O
  |- Projecting observed-OS17O-c1
   --+ Generating template image
   --+ Generating template line distribution
   --+ Loading and correcting lines
      |- Projecting Sulfur Dioxide (OS17O) around 275054.7862 Mhz, at 0.693235263004 K
      |- Projecting Sulfur Dioxide (OS17O) around 275142.6319 Mhz, at 0.862109500293 K
      |- Projecting Sulfur Dioxide (OS17O) around 275151.3474 Mhz, at 0.862108235867 K
      |- Projecting Sulfur Dioxide (OS17O) around 275431.4561 Mhz, at 0.75742608856 K
      |- Projecting Sulfur Dioxide (OS17O) around 275846.0173 Mhz, at 0.241021496457 K
      |- Projecting Sulfur Dioxide (OS17O) around 276201.24 Mhz, at 0.509894492279 K
      |- Projecting Sulfur Dioxide (OS17O) around 277061.5867 Mhz, at 0.641945703696 K
      |- Projecting Sulfur Dioxide (OS17O) around 277365.4535 Mhz, at 0.797447785481 K
*** Source: observed-CH3OHvt=0
  |- Projecting observed-CH3OHvt=0-c1
   --+ Generating template image
   --+ Generating template line distribution
   --+ Loading and correcting lines
      |- Projecting Methanol (CH3OHvt=0) around 276648.18 Mhz, at 0.204544369482 K
      |- Projecting Methanol (CH3OHvt=0) around 276925.919 Mhz, at 0.147706192909 K
      |- Projecting Methanol (CH3OHvt=0) around 278599.055 Mhz, at 0.192805431019 K
*** Source: observed-HC15Nv=0
  |- Projecting observed-HC15Nv=0-c1
   --+ Generating template image
   --+ Generating template line distribution
   --+ Loading and correcting lines
*** Source: observed-H2C34S
  |- Projecting observed-H2C34S-c1
   --+ Generating template image
   --+ Generating template line distribution
   --+ Loading and correcting lines
      |- Projecting Thioformaldehyde (H2C34S) around 277295.9149 Mhz, at 1.18114327482 K
*** Source: observed-H213CO
  |- Projecting observed-H213CO-c1
   --+ Generating template image
   --+ Generating template line distribution
   --+ Loading and correcting lines
*** Source: observed-SO2v=0
  |- Projecting observed-SO2v=0-c1
   --+ Generating template image
   --+ Generating template line distribution
   --+ Loading and correcting lines
      |- Projecting Sulfur dioxide (SO2v=0) around 275240.184 Mhz, at 1.08844148602 K
      |- Projecting Sulfur dioxide (SO2v=0) around 275375.7013 Mhz, at 0.514570560332 K
      |- Projecting Sulfur dioxide (SO2v=0) around 276254.5765 Mhz, at 1.07747424884 K
      |- Projecting Sulfur dioxide (SO2v=0) around 276301.2521 Mhz, at 0.17353993099 K
      |- Projecting Sulfur dioxide (SO2v=0) around 276558.3672 Mhz, at 0.416648034199 K
      |- Projecting Sulfur dioxide (SO2v=0) around 278250.9723 Mhz, at 1.86838510408 K
   -++ Saving FITS: data/cube_variable_width_99.fits
