+++ Source 'observed-SO2v=0' added
 |- Component added to 'observed-SO2v=0' (observed-SO2v=0-c1)
 ---+ Model: mol_list = ['SO2v=0'] @ spa_form=('normal', 75.07964118307007, 60.98588937098647, 2.432602511636402), spe_form=('skew', 8, 0), z=0.0, grad=('linear', 2.432602511636402, 100.78768139954161)
+++ Source 'observed-34SO2v=0' added
 |- Component added to 'observed-34SO2v=0' (observed-34SO2v=0-c1)
 ---+ Model: mol_list = ['34SO2v=0'] @ spa_form=('normal', 144.90858347267545, 74.33608396411375, 0.7968136911700099), spe_form=('skew', 8, 0), z=0.0, grad=('linear', 0.7968136911700099, 113.6944921787679)
+++ Source 'observed-OS18O' added
 |- Component added to 'observed-OS18O' (observed-OS18O-c1)
 ---+ Model: mol_list = ['OS18O'] @ spa_form=('normal', 149.04868486625048, 73.37647955939634, 2.693801832695491), spe_form=('skew', 8, 0), z=0.0, grad=('linear', 2.693801832695491, 12.139589875754053)
+++ Source 'observed-H13CNv2=1' added
 |- Component added to 'observed-H13CNv2=1' (observed-H13CNv2=1-c1)
 ---+ Model: mol_list = ['H13CNv2=1'] @ spa_form=('normal', 86.1275719890142, 92.04972017900417, 2.7904389586699843), spe_form=('skew', 8, 0), z=0.0, grad=('linear', 2.7904389586699843, 41.586870920594706)
+++ Source 'observed-H13CNv=0' added
 |- Component added to 'observed-H13CNv=0' (observed-H13CNv=0-c1)
 ---+ Model: mol_list = ['H13CNv=0'] @ spa_form=('normal', 76.38552668497125, 77.70465863712755, 2.0380781020976397), spe_form=('skew', 8, 0), z=0.0, grad=('linear', 2.0380781020976397, 90.44159288421683)
+++ Source 'observed-H213CS' added
 |- Component added to 'observed-H213CS' (observed-H213CS-c1)
 ---+ Model: mol_list = ['H213CS'] @ spa_form=('normal', 109.33067673570895, 89.92898213121728, 2.266385583720701), spe_form=('skew', 8, 0), z=0.0, grad=('linear', 2.266385583720701, 89.09299931421114)
+++ Source 'observed-H213CO' added
 |- Component added to 'observed-H213CO' (observed-H213CO-c1)
 ---+ Model: mol_list = ['H213CO'] @ spa_form=('normal', 79.08250250986723, 59.71640127730042, 1.9790033143978347), spe_form=('skew', 8, 0), z=0.0, grad=('linear', 1.9790033143978347, 32.93765484722542)
[*] Generating cube observerd
  |- Angular Coordinates (deg): ra=0 dec=0
  |- FOV (arcsec): ra=[-0.002777777777777778, 0.002777777777777778] dec=[-0.002777777777777778, 0.002777777777777778]
!!! WARNING: max ALMA bandwidth exceeded
  |- Spectral (MHz): center=604000 bandwidth=[602000.0, 606000.0]
  |- Cube size: 2 x 2 x 4000 
  |- Band: 9
*** Source: observed-OS18O
  |- Projecting observed-OS18O-c1
   --+ Generating template image
   --+ Generating template line distribution
   --+ Loading and correcting lines
*** Source: observed-H213CS
  |- Projecting observed-H213CS-c1
   --+ Generating template image
   --+ Generating template line distribution
   --+ Loading and correcting lines
      |- Projecting Thioformaldehyde (H213CS) around 602149.9892 Mhz, at 0.551599539111 K
*** Source: observed-H13CNv2=1
  |- Projecting observed-H13CNv2=1-c1
   --+ Generating template image
   --+ Generating template line distribution
   --+ Loading and correcting lines
*** Source: observed-34SO2v=0
  |- Projecting observed-34SO2v=0-c1
   --+ Generating template image
   --+ Generating template line distribution
   --+ Loading and correcting lines
      |- Projecting Sulfur Dioxide (34SO2v=0) around 602815.8891 Mhz, at 0.546770813815 K
      |- Projecting Sulfur Dioxide (34SO2v=0) around 604080.004 Mhz, at 0.851755000248 K
      |- Projecting Sulfur Dioxide (34SO2v=0) around 604376.563 Mhz, at 1.16761290762 K
      |- Projecting Sulfur Dioxide (34SO2v=0) around 605499.8855 Mhz, at 1.22527394565 K
      |- Projecting Sulfur Dioxide (34SO2v=0) around 605924.403 Mhz, at 0.568711206971 K
*** Source: observed-H13CNv=0
  |- Projecting observed-H13CNv=0-c1
   --+ Generating template image
   --+ Generating template line distribution
   --+ Loading and correcting lines
      |- Projecting Hydrogen Cyanide (H13CNv=0) around 604267.914 Mhz, at 0.619005599939 K
*** Source: observed-H213CO
  |- Projecting observed-H213CO-c1
   --+ Generating template image
   --+ Generating template line distribution
   --+ Loading and correcting lines
*** Source: observed-SO2v=0
  |- Projecting observed-SO2v=0-c1
   --+ Generating template image
   --+ Generating template line distribution
   --+ Loading and correcting lines
      |- Projecting Sulfur dioxide (SO2v=0) around 605532.5228 Mhz, at 0.51808805337 K
   -++ Saving FITS: data/cube_fixed_width_16.fits
