+++ Source 'observed-34SO2v=0' added
 |- Component added to 'observed-34SO2v=0' (observed-34SO2v=0-c1)
 ---+ Model: mol_list = ['34SO2v=0'] @ spa_form=('normal', 92.0690129152362, 74.45053965262801, 2.7857274311895903), spe_form=('skew', 8, 0), z=0.0, grad=('linear', 2.7857274311895903, 39.888297153402576)
+++ Source 'observed-OS18O' added
 |- Component added to 'observed-OS18O' (observed-OS18O-c1)
 ---+ Model: mol_list = ['OS18O'] @ spa_form=('normal', 74.57561628256715, 86.73466300023395, 2.7057429444420413), spe_form=('skew', 8, 0), z=0.0, grad=('linear', 2.7057429444420413, 140.74973298228514)
+++ Source 'observed-OS17O' added
 |- Component added to 'observed-OS17O' (observed-OS17O-c1)
 ---+ Model: mol_list = ['OS17O'] @ spa_form=('normal', 118.49883440755366, 80.21387928063655, 2.6099585568904855), spe_form=('skew', 8, 0), z=0.0, grad=('linear', 2.6099585568904855, 91.9417220379168)
+++ Source 'observed-HC15Nv=0' added
 |- Component added to 'observed-HC15Nv=0' (observed-HC15Nv=0-c1)
 ---+ Model: mol_list = ['HC15Nv=0'] @ spa_form=('normal', 91.99140083716802, 49.49026873667948, 0.034037007460580776), spe_form=('skew', 8, 0), z=0.0, grad=('linear', 0.034037007460580776, 47.3382092852556)
+++ Source 'observed-H13CNv2=1' added
 |- Component added to 'observed-H13CNv2=1' (observed-H13CNv2=1-c1)
 ---+ Model: mol_list = ['H13CNv2=1'] @ spa_form=('normal', 139.2752323814884, 98.73968354471862, 0.6970596891789572), spe_form=('skew', 8, 0), z=0.0, grad=('linear', 0.6970596891789572, 15.67359646668357)
+++ Source 'observed-H13CNv=0' added
 |- Component added to 'observed-H13CNv=0' (observed-H13CNv=0-c1)
 ---+ Model: mol_list = ['H13CNv=0'] @ spa_form=('normal', 60.98142791212694, 72.72240164235141, 1.1745474004153957), spe_form=('skew', 8, 0), z=0.0, grad=('linear', 1.1745474004153957, 66.10813100792302)
+++ Source 'observed-H2C18O' added
 |- Component added to 'observed-H2C18O' (observed-H2C18O-c1)
 ---+ Model: mol_list = ['H2C18O'] @ spa_form=('normal', 52.66570722136269, 56.20484622900068, 2.878706634960249), spe_form=('skew', 8, 0), z=0.0, grad=('linear', 2.878706634960249, 148.5984706062912)
+++ Source 'observed-H213CO' added
 |- Component added to 'observed-H213CO' (observed-H213CO-c1)
 ---+ Model: mol_list = ['H213CO'] @ spa_form=('normal', 94.09026600544664, 93.68757102494888, 1.8854472771164024), spe_form=('skew', 8, 0), z=0.0, grad=('linear', 1.8854472771164024, 32.096654944554885)
[*] Generating cube observerd
  |- Angular Coordinates (deg): ra=0 dec=0
  |- FOV (arcsec): ra=[-0.002777777777777778, 0.002777777777777778] dec=[-0.002777777777777778, 0.002777777777777778]
!!! WARNING: max ALMA bandwidth exceeded
  |- Spectral (MHz): center=604000 bandwidth=[602000.0, 606000.0]
  |- Cube size: 2 x 2 x 4000 
  |- Band: 9
*** Source: observed-OS18O
  |- Projecting observed-OS18O-c1
   --+ Generating template image
   --+ Generating template line distribution
   --+ Loading and correcting lines
      |- Projecting Sulfur Dioxide (OS18O) around 602313.3835 Mhz, at 1.08912832658 K
      |- Projecting Sulfur Dioxide (OS18O) around 603090.155 Mhz, at 0.887934685781 K
      |- Projecting Sulfur Dioxide (OS18O) around 603608.7849 Mhz, at 0.762561393703 K
      |- Projecting Sulfur Dioxide (OS18O) around 605850.3965 Mhz, at 0.493361722268 K
*** Source: observed-H2C18O
  |- Projecting observed-H2C18O-c1
   --+ Generating template image
   --+ Generating template line distribution
   --+ Loading and correcting lines
      |- Projecting Formaldehyde (H2C18O) around 603231.51 Mhz, at 1.10952951292 K
*** Source: observed-H13CNv2=1
  |- Projecting observed-H13CNv2=1-c1
   --+ Generating template image
   --+ Generating template line distribution
   --+ Loading and correcting lines
*** Source: observed-OS17O
  |- Projecting observed-OS17O-c1
   --+ Generating template image
   --+ Generating template line distribution
   --+ Loading and correcting lines
*** Source: observed-34SO2v=0
  |- Projecting observed-34SO2v=0-c1
   --+ Generating template image
   --+ Generating template line distribution
   --+ Loading and correcting lines
      |- Projecting Sulfur Dioxide (34SO2v=0) around 605499.8855 Mhz, at 0.490342873771 K
*** Source: observed-HC15Nv=0
  |- Projecting observed-HC15Nv=0-c1
   --+ Generating template image
   --+ Generating template line distribution
   --+ Loading and correcting lines
*** Source: observed-H13CNv=0
  |- Projecting observed-H13CNv=0-c1
   --+ Generating template image
   --+ Generating template line distribution
   --+ Loading and correcting lines
      |- Projecting Hydrogen Cyanide (H13CNv=0) around 604267.914 Mhz, at 0.706510077148 K
*** Source: observed-H213CO
  |- Projecting observed-H213CO-c1
   --+ Generating template image
   --+ Generating template line distribution
   --+ Loading and correcting lines
      |- Projecting Formaldehyde (H213CO) around 602083.584 Mhz, at 0.680252065163 K
   -++ Saving FITS: data/cube_variable_width_28.fits
