+++ Source 'observed-CH3OHvt=0' added
 |- Component added to 'observed-CH3OHvt=0' (observed-CH3OHvt=0-c1)
 ---+ Model: mol_list = ['CH3OHvt=0'] @ spa_form=('normal', 97.84553772012583, 55.04841342356518, 0.5381196947080045), spe_form=('skew', 8, 0), z=0.0, grad=('linear', 0.5381196947080045, 48.68294300204351)
+++ Source 'observed-SO2v=0' added
 |- Component added to 'observed-SO2v=0' (observed-SO2v=0-c1)
 ---+ Model: mol_list = ['SO2v=0'] @ spa_form=('normal', 138.53516631299328, 78.27866507315866, 2.9184746301147007), spe_form=('skew', 8, 0), z=0.0, grad=('linear', 2.9184746301147007, 110.54451571714135)
+++ Source 'observed-33SO2' added
 |- Component added to 'observed-33SO2' (observed-33SO2-c1)
 ---+ Model: mol_list = ['33SO2'] @ spa_form=('normal', 129.54115006118127, 60.10214120251606, 2.560385192916364), spe_form=('skew', 8, 0), z=0.0, grad=('linear', 2.560385192916364, 119.62736662314343)
+++ Source 'observed-OS18O' added
 |- Component added to 'observed-OS18O' (observed-OS18O-c1)
 ---+ Model: mol_list = ['OS18O'] @ spa_form=('normal', 70.92514346307347, 77.60727451615821, 0.42257458330586967), spe_form=('skew', 8, 0), z=0.0, grad=('linear', 0.42257458330586967, 23.082320884335246)
+++ Source 'observed-HC15Nv=0' added
 |- Component added to 'observed-HC15Nv=0' (observed-HC15Nv=0-c1)
 ---+ Model: mol_list = ['HC15Nv=0'] @ spa_form=('normal', 65.52548430469697, 96.82250827914557, 0.7290515354929715), spe_form=('skew', 8, 0), z=0.0, grad=('linear', 0.7290515354929715, 89.47845826404931)
+++ Source 'observed-H13CNv2=1' added
 |- Component added to 'observed-H13CNv2=1' (observed-H13CNv2=1-c1)
 ---+ Model: mol_list = ['H13CNv2=1'] @ spa_form=('normal', 119.26147316816711, 57.34900642207165, 1.2538914208128227), spe_form=('skew', 8, 0), z=0.0, grad=('linear', 1.2538914208128227, 27.774452131133778)
+++ Source 'observed-H213CO' added
 |- Component added to 'observed-H213CO' (observed-H213CO-c1)
 ---+ Model: mol_list = ['H213CO'] @ spa_form=('normal', 87.21304139572288, 55.9783855110861, 2.880415344872498), spe_form=('skew', 8, 0), z=0.0, grad=('linear', 2.880415344872498, 86.93449519752053)
[*] Generating cube observerd
  |- Angular Coordinates (deg): ra=0 dec=0
  |- FOV (arcsec): ra=[-0.002777777777777778, 0.002777777777777778] dec=[-0.002777777777777778, 0.002777777777777778]
!!! WARNING: max ALMA bandwidth exceeded
  |- Spectral (MHz): center=604000 bandwidth=[602000.0, 606000.0]
  |- Cube size: 2 x 2 x 4000 
  |- Band: 9
*** Source: observed-OS18O
  |- Projecting observed-OS18O-c1
   --+ Generating template image
   --+ Generating template line distribution
   --+ Loading and correcting lines
      |- Projecting Sulfur Dioxide (OS18O) around 602313.3835 Mhz, at 1.25541011433 K
      |- Projecting Sulfur Dioxide (OS18O) around 603090.155 Mhz, at 1.0234993969 K
      |- Projecting Sulfur Dioxide (OS18O) around 603608.7849 Mhz, at 0.878984838692 K
      |- Projecting Sulfur Dioxide (OS18O) around 605850.3965 Mhz, at 0.568685324809 K
*** Source: observed-H13CNv2=1
  |- Projecting observed-H13CNv2=1-c1
   --+ Generating template image
   --+ Generating template line distribution
   --+ Loading and correcting lines
*** Source: observed-33SO2
  |- Projecting observed-33SO2-c1
   --+ Generating template image
   --+ Generating template line distribution
   --+ Loading and correcting lines
*** Source: observed-CH3OHvt=0
  |- Projecting observed-CH3OHvt=0-c1
   --+ Generating template image
   --+ Generating template line distribution
   --+ Loading and correcting lines
*** Source: observed-HC15Nv=0
  |- Projecting observed-HC15Nv=0-c1
   --+ Generating template image
   --+ Generating template line distribution
   --+ Loading and correcting lines
      |- Projecting Hydrogen Cyanide (HC15Nv=0) around 602274.1332 Mhz, at 0.511375592718 K
*** Source: observed-H213CO
  |- Projecting observed-H213CO-c1
   --+ Generating template image
   --+ Generating template line distribution
   --+ Loading and correcting lines
*** Source: observed-SO2v=0
  |- Projecting observed-SO2v=0-c1
   --+ Generating template image
   --+ Generating template line distribution
   --+ Loading and correcting lines
      |- Projecting Sulfur dioxide (SO2v=0) around 604367.4364 Mhz, at 0.70611761465 K
      |- Projecting Sulfur dioxide (SO2v=0) around 604406.5377 Mhz, at 0.673202819114 K
      |- Projecting Sulfur dioxide (SO2v=0) around 605532.5228 Mhz, at 0.855416013934 K
   -++ Saving FITS: data/cube_variable_width_47.fits
