+++ Source 'observed-SO2v=0' added
 |- Component added to 'observed-SO2v=0' (observed-SO2v=0-c1)
 ---+ Model: mol_list = ['SO2v=0'] @ spa_form=('normal', 119.43272434028422, 92.33435658434036, 2.9533113387349386), spe_form=('skew', 8, 1), z=0.0, grad=('linear', 2.9533113387349386, 26.57133206746027)
+++ Source 'observed-33SO2' added
 |- Component added to 'observed-33SO2' (observed-33SO2-c1)
 ---+ Model: mol_list = ['33SO2'] @ spa_form=('normal', 60.10105548613682, 90.53186979529326, 0.2788383267938798), spe_form=('skew', 8, 1), z=0.0, grad=('linear', 0.2788383267938798, 57.32581403962467)
+++ Source 'observed-34SO2v=0' added
 |- Component added to 'observed-34SO2v=0' (observed-34SO2v=0-c1)
 ---+ Model: mol_list = ['34SO2v=0'] @ spa_form=('normal', 119.26205610956511, 83.49072403329775, 0.9248340357300656), spe_form=('skew', 8, 1), z=0.0, grad=('linear', 0.9248340357300656, 70.4674097039962)
+++ Source 'observed-OS18O' added
 |- Component added to 'observed-OS18O' (observed-OS18O-c1)
 ---+ Model: mol_list = ['OS18O'] @ spa_form=('normal', 94.44991317514692, 53.19207670155867, 1.9219792275411611), spe_form=('skew', 8, 1), z=0.0, grad=('linear', 1.9219792275411611, 111.11078819724253)
+++ Source 'observed-HC15Nv=0' added
 |- Component added to 'observed-HC15Nv=0' (observed-HC15Nv=0-c1)
 ---+ Model: mol_list = ['HC15Nv=0'] @ spa_form=('normal', 126.25373638532668, 73.68881892066948, 1.8229068375893371), spe_form=('skew', 8, 1), z=0.0, grad=('linear', 1.8229068375893371, 13.740927919755372)
+++ Source 'observed-H13CNv=0' added
 |- Component added to 'observed-H13CNv=0' (observed-H13CNv=0-c1)
 ---+ Model: mol_list = ['H13CNv=0'] @ spa_form=('normal', 148.32070232000177, 84.56034744192485, 2.3535578088100584), spe_form=('skew', 8, 1), z=0.0, grad=('linear', 2.3535578088100584, 134.7053416381287)
+++ Source 'observed-H2C18O' added
 |- Component added to 'observed-H2C18O' (observed-H2C18O-c1)
 ---+ Model: mol_list = ['H2C18O'] @ spa_form=('normal', 120.99798151112722, 51.644898592687866, 2.2591963038615592), spe_form=('skew', 8, 1), z=0.0, grad=('linear', 2.2591963038615592, 70.65564578322011)
+++ Source 'observed-H213CO' added
 |- Component added to 'observed-H213CO' (observed-H213CO-c1)
 ---+ Model: mol_list = ['H213CO'] @ spa_form=('normal', 58.0346789145252, 63.40063997900655, 0.7342413608432846), spe_form=('skew', 8, 1), z=0.0, grad=('linear', 0.7342413608432846, 127.5542342908014)
[*] Generating cube observerd
  |- Angular Coordinates (deg): ra=0 dec=0
  |- FOV (arcsec): ra=[-0.002777777777777778, 0.002777777777777778] dec=[-0.002777777777777778, 0.002777777777777778]
!!! WARNING: max ALMA bandwidth exceeded
  |- Spectral (MHz): center=604000 bandwidth=[602000.0, 606000.0]
  |- Cube size: 2 x 2 x 4000 
  |- Band: 9
*** Source: observed-OS18O
  |- Projecting observed-OS18O-c1
   --+ Generating template image
   --+ Generating template line distribution
   --+ Loading and correcting lines
      |- Projecting Sulfur Dioxide (OS18O) around 602313.3835 Mhz, at 0.793694716665 K
      |- Projecting Sulfur Dioxide (OS18O) around 603090.155 Mhz, at 0.647076245884 K
      |- Projecting Sulfur Dioxide (OS18O) around 603608.7849 Mhz, at 0.555711328541 K
*** Source: observed-H2C18O
  |- Projecting observed-H2C18O-c1
   --+ Generating template image
   --+ Generating template line distribution
   --+ Loading and correcting lines
      |- Projecting Formaldehyde (H2C18O) around 603231.51 Mhz, at 0.718847311074 K
*** Source: observed-H13CNv=0
  |- Projecting observed-H13CNv=0-c1
   --+ Generating template image
   --+ Generating template line distribution
   --+ Loading and correcting lines
*** Source: observed-33SO2
  |- Projecting observed-33SO2-c1
   --+ Generating template image
   --+ Generating template line distribution
   --+ Loading and correcting lines
      |- Projecting Sulfur Dioxide (33SO2) around 602337.0627 Mhz, at 0.497568302814 K
      |- Projecting Sulfur Dioxide (33SO2) around 602338.0039 Mhz, at 0.497568302814 K
      |- Projecting Sulfur Dioxide (33SO2) around 602348.9212 Mhz, at 0.497567821832 K
      |- Projecting Sulfur Dioxide (33SO2) around 602349.8184 Mhz, at 0.497567573048 K
      |- Projecting Sulfur Dioxide (33SO2) around 602488.3231 Mhz, at 0.59316452513 K
      |- Projecting Sulfur Dioxide (33SO2) around 602499.1576 Mhz, at 0.593163655156 K
      |- Projecting Sulfur Dioxide (33SO2) around 603112.9816 Mhz, at 0.67089099526 K
      |- Projecting Sulfur Dioxide (33SO2) around 603113.1191 Mhz, at 0.67089099526 K
      |- Projecting Sulfur Dioxide (33SO2) around 603113.2126 Mhz, at 0.67089099526 K
      |- Projecting Sulfur Dioxide (33SO2) around 603113.2683 Mhz, at 0.67089099526 K
*** Source: observed-34SO2v=0
  |- Projecting observed-34SO2v=0-c1
   --+ Generating template image
   --+ Generating template line distribution
   --+ Loading and correcting lines
*** Source: observed-HC15Nv=0
  |- Projecting observed-HC15Nv=0-c1
   --+ Generating template image
   --+ Generating template line distribution
   --+ Loading and correcting lines
*** Source: observed-H213CO
  |- Projecting observed-H213CO-c1
   --+ Generating template image
   --+ Generating template line distribution
   --+ Loading and correcting lines
      |- Projecting Formaldehyde (H213CO) around 602083.584 Mhz, at 0.949406162099 K
*** Source: observed-SO2v=0
  |- Projecting observed-SO2v=0-c1
   --+ Generating template image
   --+ Generating template line distribution
   --+ Loading and correcting lines
      |- Projecting Sulfur dioxide (SO2v=0) around 604367.4364 Mhz, at 0.80113878429 K
      |- Projecting Sulfur dioxide (SO2v=0) around 604406.5377 Mhz, at 0.763794694957 K
      |- Projecting Sulfur dioxide (SO2v=0) around 605532.5228 Mhz, at 0.970528041288 K
   -++ Saving FITS: data-skew/cube_variable_width_33.fits
