+++ Source 'observed-34SO2v=0' added
 |- Component added to 'observed-34SO2v=0' (observed-34SO2v=0-c1)
 ---+ Model: mol_list = ['34SO2v=0'] @ spa_form=('normal', 106.7545726072373, 96.70555670233747, 0.038638779748590306), spe_form=('skew', 8, 1), z=0.0, grad=('linear', 0.038638779748590306, 32.168593120652716)
+++ Source 'observed-OS18O' added
 |- Component added to 'observed-OS18O' (observed-OS18O-c1)
 ---+ Model: mol_list = ['OS18O'] @ spa_form=('normal', 101.6653412414785, 85.30205082174037, 1.9678608698473437), spe_form=('skew', 8, 1), z=0.0, grad=('linear', 1.9678608698473437, 145.38284356664923)
+++ Source 'observed-OS17O' added
 |- Component added to 'observed-OS17O' (observed-OS17O-c1)
 ---+ Model: mol_list = ['OS17O'] @ spa_form=('normal', 124.8678703829533, 57.61500426562512, 0.7769092362221205), spe_form=('skew', 8, 1), z=0.0, grad=('linear', 0.7769092362221205, 51.641794477795486)
+++ Source 'observed-HC15Nv=0' added
 |- Component added to 'observed-HC15Nv=0' (observed-HC15Nv=0-c1)
 ---+ Model: mol_list = ['HC15Nv=0'] @ spa_form=('normal', 85.66573835201885, 40.945034594458456, 2.738922769382117), spe_form=('skew', 8, 1), z=0.0, grad=('linear', 2.738922769382117, 97.55192381083288)
+++ Source 'observed-H13CNv2=1' added
 |- Component added to 'observed-H13CNv2=1' (observed-H13CNv2=1-c1)
 ---+ Model: mol_list = ['H13CNv2=1'] @ spa_form=('normal', 102.07385712515801, 96.77896938209778, 0.687237618326673), spe_form=('skew', 8, 1), z=0.0, grad=('linear', 0.687237618326673, 14.643350338748107)
+++ Source 'observed-H13CNv=0' added
 |- Component added to 'observed-H13CNv=0' (observed-H13CNv=0-c1)
 ---+ Model: mol_list = ['H13CNv=0'] @ spa_form=('normal', 64.29449137370146, 87.8770250933039, 2.5178888769515737), spe_form=('skew', 8, 1), z=0.0, grad=('linear', 2.5178888769515737, 78.45487002464536)
+++ Source 'observed-H2C18O' added
 |- Component added to 'observed-H2C18O' (observed-H2C18O-c1)
 ---+ Model: mol_list = ['H2C18O'] @ spa_form=('normal', 140.46622927427455, 62.49792530436463, 0.8294866172883785), spe_form=('skew', 8, 1), z=0.0, grad=('linear', 0.8294866172883785, 53.89203899891174)
+++ Source 'observed-H213CO' added
 |- Component added to 'observed-H213CO' (observed-H213CO-c1)
 ---+ Model: mol_list = ['H213CO'] @ spa_form=('normal', 130.68080783692972, 66.60536365075879, 0.7613361542436252), spe_form=('skew', 8, 1), z=0.0, grad=('linear', 0.7613361542436252, 84.20648946398849)
[*] Generating cube observerd
  |- Angular Coordinates (deg): ra=0 dec=0
  |- FOV (arcsec): ra=[-0.002777777777777778, 0.002777777777777778] dec=[-0.002777777777777778, 0.002777777777777778]
!!! WARNING: max ALMA bandwidth exceeded
  |- Spectral (MHz): center=604000 bandwidth=[602000.0, 606000.0]
  |- Cube size: 2 x 2 x 4000 
  |- Band: 9
*** Source: observed-OS18O
  |- Projecting observed-OS18O-c1
   --+ Generating template image
   --+ Generating template line distribution
   --+ Loading and correcting lines
      |- Projecting Sulfur Dioxide (OS18O) around 602313.3835 Mhz, at 0.972479030279 K
      |- Projecting Sulfur Dioxide (OS18O) around 603090.155 Mhz, at 0.792833903138 K
      |- Projecting Sulfur Dioxide (OS18O) around 603608.7849 Mhz, at 0.680888511096 K
*** Source: observed-H2C18O
  |- Projecting observed-H2C18O-c1
   --+ Generating template image
   --+ Generating template line distribution
   --+ Loading and correcting lines
*** Source: observed-H13CNv2=1
  |- Projecting observed-H13CNv2=1-c1
   --+ Generating template image
   --+ Generating template line distribution
   --+ Loading and correcting lines
*** Source: observed-OS17O
  |- Projecting observed-OS17O-c1
   --+ Generating template image
   --+ Generating template line distribution
   --+ Loading and correcting lines
      |- Projecting Sulfur Dioxide (OS17O) around 603105.7123 Mhz, at 0.877462112035 K
      |- Projecting Sulfur Dioxide (OS17O) around 603106.5013 Mhz, at 0.877462112035 K
      |- Projecting Sulfur Dioxide (OS17O) around 604501.9322 Mhz, at 1.40304928892 K
      |- Projecting Sulfur Dioxide (OS17O) around 605172.0102 Mhz, at 0.900278665656 K
      |- Projecting Sulfur Dioxide (OS17O) around 605172.0102 Mhz, at 0.900278665656 K
      |- Projecting Sulfur Dioxide (OS17O) around 605240.925 Mhz, at 0.934283859896 K
      |- Projecting Sulfur Dioxide (OS17O) around 605724.232 Mhz, at 0.607903373339 K
*** Source: observed-34SO2v=0
  |- Projecting observed-34SO2v=0-c1
   --+ Generating template image
   --+ Generating template line distribution
   --+ Loading and correcting lines
      |- Projecting Sulfur Dioxide (34SO2v=0) around 602815.8891 Mhz, at 0.677850378052 K
      |- Projecting Sulfur Dioxide (34SO2v=0) around 604080.004 Mhz, at 1.05594964899 K
      |- Projecting Sulfur Dioxide (34SO2v=0) around 604376.563 Mhz, at 1.44752944168 K
      |- Projecting Sulfur Dioxide (34SO2v=0) around 605499.8855 Mhz, at 1.51901379205 K
      |- Projecting Sulfur Dioxide (34SO2v=0) around 605924.403 Mhz, at 0.70505062982 K
*** Source: observed-HC15Nv=0
  |- Projecting observed-HC15Nv=0-c1
   --+ Generating template image
   --+ Generating template line distribution
   --+ Loading and correcting lines
      |- Projecting Hydrogen Cyanide (HC15Nv=0) around 602274.1332 Mhz, at 0.823048946238 K
*** Source: observed-H13CNv=0
  |- Projecting observed-H13CNv=0-c1
   --+ Generating template image
   --+ Generating template line distribution
   --+ Loading and correcting lines
      |- Projecting Hydrogen Cyanide (H13CNv=0) around 604267.914 Mhz, at 0.542044188778 K
*** Source: observed-H213CO
  |- Projecting observed-H213CO-c1
   --+ Generating template image
   --+ Generating template line distribution
   --+ Loading and correcting lines
      |- Projecting Formaldehyde (H213CO) around 602083.584 Mhz, at 0.806853583133 K
   -++ Saving FITS: data-skew/cube_fixed_width_3.fits
