+++ Source 'observed-CH3OHvt=0' added
 |- Component added to 'observed-CH3OHvt=0' (observed-CH3OHvt=0-c1)
 ---+ Model: mol_list = ['CH3OHvt=0'] @ spa_form=('normal', 99.49471520778583, 76.45578126406133, 2.418096936344728), spe_form=('skew', 8, 1), z=0.0, grad=('linear', 2.418096936344728, 12.981727284988287)
+++ Source 'observed-SO2v=0' added
 |- Component added to 'observed-SO2v=0' (observed-SO2v=0-c1)
 ---+ Model: mol_list = ['SO2v=0'] @ spa_form=('normal', 144.78307256468602, 74.27621993594617, 0.049065476849119834), spe_form=('skew', 8, 1), z=0.0, grad=('linear', 0.049065476849119834, 25.007891626674166)
+++ Source 'observed-33SO2' added
 |- Component added to 'observed-33SO2' (observed-33SO2-c1)
 ---+ Model: mol_list = ['33SO2'] @ spa_form=('normal', 96.11653226499322, 70.76466765615447, 0.8810066697212556), spe_form=('skew', 8, 1), z=0.0, grad=('linear', 0.8810066697212556, 63.65148939221481)
+++ Source 'observed-HC15Nv=0' added
 |- Component added to 'observed-HC15Nv=0' (observed-HC15Nv=0-c1)
 ---+ Model: mol_list = ['HC15Nv=0'] @ spa_form=('normal', 123.7844949919473, 72.4478417709849, 3.0169111303063607), spe_form=('skew', 8, 1), z=0.0, grad=('linear', 3.0169111303063607, 102.30819837161425)
+++ Source 'observed-H13CNv=0' added
 |- Component added to 'observed-H13CNv=0' (observed-H13CNv=0-c1)
 ---+ Model: mol_list = ['H13CNv=0'] @ spa_form=('normal', 123.5175913134706, 68.65795202374287, 2.593946743962115), spe_form=('skew', 8, 1), z=0.0, grad=('linear', 2.593946743962115, 66.92594518820337)
+++ Source 'observed-H2C34S' added
 |- Component added to 'observed-H2C34S' (observed-H2C34S-c1)
 ---+ Model: mol_list = ['H2C34S'] @ spa_form=('normal', 116.97191537294668, 59.260107689820885, 2.2007236457984374), spe_form=('skew', 8, 1), z=0.0, grad=('linear', 2.2007236457984374, 68.88046306351194)
+++ Source 'observed-H2C18O' added
 |- Component added to 'observed-H2C18O' (observed-H2C18O-c1)
 ---+ Model: mol_list = ['H2C18O'] @ spa_form=('normal', 54.69747404187659, 45.437130601653124, 2.8959562060332704), spe_form=('skew', 8, 1), z=0.0, grad=('linear', 2.8959562060332704, 127.99044591354071)
+++ Source 'observed-H213CO' added
 |- Component added to 'observed-H213CO' (observed-H213CO-c1)
 ---+ Model: mol_list = ['H213CO'] @ spa_form=('normal', 90.37379046188047, 55.33932967309546, 1.2521818130471642), spe_form=('skew', 8, 1), z=0.0, grad=('linear', 1.2521818130471642, 82.61366556791643)
[*] Generating cube observerd
  |- Angular Coordinates (deg): ra=0 dec=0
  |- FOV (arcsec): ra=[-0.002777777777777778, 0.002777777777777778] dec=[-0.002777777777777778, 0.002777777777777778]
!!! WARNING: max ALMA bandwidth exceeded
  |- Spectral (MHz): center=277000 bandwidth=[275000.0, 279000.0]
  |- Cube size: 2 x 2 x 4000 
  |- Band: 7
*** Source: observed-H2C18O
  |- Projecting observed-H2C18O-c1
   --+ Generating template image
   --+ Generating template line distribution
   --+ Loading and correcting lines
      |- Projecting Formaldehyde (H2C18O) around 277062.652 Mhz, at 0.641707132912 K
      |- Projecting Formaldehyde (H2C18O) around 277562.802 Mhz, at 0.751699132158 K
      |- Projecting Formaldehyde (H2C18O) around 277675.2025 Mhz, at 0.915892274662 K
      |- Projecting Formaldehyde (H2C18O) around 277678.1029 Mhz, at 0.915892274662 K
      |- Projecting Formaldehyde (H2C18O) around 277853.3599 Mhz, at 0.46406550663 K
      |- Projecting Formaldehyde (H2C18O) around 278145.446 Mhz, at 0.751734112038 K
*** Source: observed-H13CNv=0
  |- Projecting observed-H13CNv=0-c1
   --+ Generating template image
   --+ Generating template line distribution
   --+ Loading and correcting lines
*** Source: observed-H2C34S
  |- Projecting observed-H2C34S-c1
   --+ Generating template image
   --+ Generating template line distribution
   --+ Loading and correcting lines
      |- Projecting Thioformaldehyde (H2C34S) around 277295.9149 Mhz, at 0.736560346969 K
*** Source: observed-33SO2
  |- Projecting observed-33SO2-c1
   --+ Generating template image
   --+ Generating template line distribution
   --+ Loading and correcting lines
      |- Projecting Sulfur Dioxide (33SO2) around 275828.2515 Mhz, at 0.154531627545 K
      |- Projecting Sulfur Dioxide (33SO2) around 275828.3672 Mhz, at 0.154531627545 K
      |- Projecting Sulfur Dioxide (33SO2) around 275831.1722 Mhz, at 0.154531627545 K
      |- Projecting Sulfur Dioxide (33SO2) around 275831.2604 Mhz, at 0.154531699659 K
*** Source: observed-CH3OHvt=0
  |- Projecting observed-CH3OHvt=0-c1
   --+ Generating template image
   --+ Generating template line distribution
   --+ Loading and correcting lines
      |- Projecting Methanol (CH3OHvt=0) around 275663.705 Mhz, at 0.173847697172 K
      |- Projecting Methanol (CH3OHvt=0) around 276648.18 Mhz, at 1.05802997697 K
      |- Projecting Methanol (CH3OHvt=0) around 276925.919 Mhz, at 0.764027776847 K
      |- Projecting Methanol (CH3OHvt=0) around 277940.773 Mhz, at 0.339575467457 K
      |- Projecting Methanol (CH3OHvt=0) around 278186.616 Mhz, at 0.339588496086 K
      |- Projecting Methanol (CH3OHvt=0) around 278304.51 Mhz, at 0.552633027943 K
      |- Projecting Methanol (CH3OHvt=0) around 278342.257 Mhz, at 0.427375469119 K
      |- Projecting Methanol (CH3OHvt=0) around 278480.23 Mhz, at 0.473368574489 K
      |- Projecting Methanol (CH3OHvt=0) around 278599.055 Mhz, at 0.997308927431 K
      |- Projecting Methanol (CH3OHvt=0) around 278672.92 Mhz, at 0.520807128798 K
      |- Projecting Methanol (CH3OHvt=0) around 278723.25 Mhz, at 0.52081212857 K
      |- Projecting Methanol (CH3OHvt=0) around 278965.129 Mhz, at 0.266096354717 K
*** Source: observed-HC15Nv=0
  |- Projecting observed-HC15Nv=0-c1
   --+ Generating template image
   --+ Generating template line distribution
   --+ Loading and correcting lines
*** Source: observed-H213CO
  |- Projecting observed-H213CO-c1
   --+ Generating template image
   --+ Generating template line distribution
   --+ Loading and correcting lines
*** Source: observed-SO2v=0
  |- Projecting observed-SO2v=0-c1
   --+ Generating template image
   --+ Generating template line distribution
   --+ Loading and correcting lines
      |- Projecting Sulfur dioxide (SO2v=0) around 275240.184 Mhz, at 1.03096086854 K
      |- Projecting Sulfur dioxide (SO2v=0) around 275375.7013 Mhz, at 0.487396078353 K
      |- Projecting Sulfur dioxide (SO2v=0) around 276254.5765 Mhz, at 1.02057281138 K
      |- Projecting Sulfur dioxide (SO2v=0) around 276301.2521 Mhz, at 0.16437528363 K
      |- Projecting Sulfur dioxide (SO2v=0) around 276558.3672 Mhz, at 0.39464484286 K
      |- Projecting Sulfur dioxide (SO2v=0) around 278250.9723 Mhz, at 1.76971564792 K
   -++ Saving FITS: data-skew/cube_fixed_width_54.fits
