+++ Source 'observed-CH3OHvt=0' added
 |- Component added to 'observed-CH3OHvt=0' (observed-CH3OHvt=0-c1)
 ---+ Model: mol_list = ['CH3OHvt=0'] @ spa_form=('normal', 56.06700404641066, 98.34590303280349, 0.8845236918536602), spe_form=('skew', 8, 1), z=0.0, grad=('linear', 0.8845236918536602, 21.850528142309628)
+++ Source 'observed-SO2v=0' added
 |- Component added to 'observed-SO2v=0' (observed-SO2v=0-c1)
 ---+ Model: mol_list = ['SO2v=0'] @ spa_form=('normal', 74.48841977739423, 43.98513929232427, 2.875371208154748), spe_form=('skew', 8, 1), z=0.0, grad=('linear', 2.875371208154748, 62.29738466414452)
+++ Source 'observed-33SO2' added
 |- Component added to 'observed-33SO2' (observed-33SO2-c1)
 ---+ Model: mol_list = ['33SO2'] @ spa_form=('normal', 125.79672489193618, 48.46090807136227, 1.0820777104106627), spe_form=('skew', 8, 1), z=0.0, grad=('linear', 1.0820777104106627, 84.5029927533132)
+++ Source 'observed-34SO2v=0' added
 |- Component added to 'observed-34SO2v=0' (observed-34SO2v=0-c1)
 ---+ Model: mol_list = ['34SO2v=0'] @ spa_form=('normal', 92.15490035400393, 67.1344927760596, 1.978520511500298), spe_form=('skew', 8, 1), z=0.0, grad=('linear', 1.978520511500298, 141.46277093876859)
+++ Source 'observed-OS17O' added
 |- Component added to 'observed-OS17O' (observed-OS17O-c1)
 ---+ Model: mol_list = ['OS17O'] @ spa_form=('normal', 138.49528170863766, 81.81570525835804, 2.5756898459414197), spe_form=('skew', 8, 1), z=0.0, grad=('linear', 2.5756898459414197, 47.92424011956402)
+++ Source 'observed-HC15Nv=0' added
 |- Component added to 'observed-HC15Nv=0' (observed-HC15Nv=0-c1)
 ---+ Model: mol_list = ['HC15Nv=0'] @ spa_form=('normal', 145.3108025281336, 80.55707438106151, 2.669385932925207), spe_form=('skew', 8, 1), z=0.0, grad=('linear', 2.669385932925207, 143.7240476875755)
+++ Source 'observed-H13CNv=0' added
 |- Component added to 'observed-H13CNv=0' (observed-H13CNv=0-c1)
 ---+ Model: mol_list = ['H13CNv=0'] @ spa_form=('normal', 71.27882572893705, 49.92594455237099, 2.0340833327173096), spe_form=('skew', 8, 1), z=0.0, grad=('linear', 2.0340833327173096, 134.90472613362653)
+++ Source 'observed-H2C34S' added
 |- Component added to 'observed-H2C34S' (observed-H2C34S-c1)
 ---+ Model: mol_list = ['H2C34S'] @ spa_form=('normal', 103.3512546652961, 60.05268566048072, 1.8605262804771527), spe_form=('skew', 8, 1), z=0.0, grad=('linear', 1.8605262804771527, 24.658789964533383)
+++ Source 'observed-H213CO' added
 |- Component added to 'observed-H213CO' (observed-H213CO-c1)
 ---+ Model: mol_list = ['H213CO'] @ spa_form=('normal', 106.13651673693508, 62.37959093564314, 2.270455905187083), spe_form=('skew', 8, 1), z=0.0, grad=('linear', 2.270455905187083, 65.91967587047483)
[*] Generating cube observerd
  |- Angular Coordinates (deg): ra=0 dec=0
  |- FOV (arcsec): ra=[-0.002777777777777778, 0.002777777777777778] dec=[-0.002777777777777778, 0.002777777777777778]
!!! WARNING: max ALMA bandwidth exceeded
  |- Spectral (MHz): center=277000 bandwidth=[275000.0, 279000.0]
  |- Cube size: 2 x 2 x 4000 
  |- Band: 7
*** Source: observed-H13CNv=0
  |- Projecting observed-H13CNv=0-c1
   --+ Generating template image
   --+ Generating template line distribution
   --+ Loading and correcting lines
*** Source: observed-34SO2v=0
  |- Projecting observed-34SO2v=0-c1
   --+ Generating template image
   --+ Generating template line distribution
   --+ Loading and correcting lines
      |- Projecting Sulfur Dioxide (34SO2v=0) around 275434.2181 Mhz, at 1.50423433996 K
      |- Projecting Sulfur Dioxide (34SO2v=0) around 276483.977 Mhz, at 1.26495716237 K
      |- Projecting Sulfur Dioxide (34SO2v=0) around 276999.6054 Mhz, at 0.665916466402 K
      |- Projecting Sulfur Dioxide (34SO2v=0) around 277150.575 Mhz, at 0.742998210957 K
      |- Projecting Sulfur Dioxide (34SO2v=0) around 277470.0761 Mhz, at 0.397959259449 K
      |- Projecting Sulfur Dioxide (34SO2v=0) around 277475.9774 Mhz, at 0.194389226293 K
      |- Projecting Sulfur Dioxide (34SO2v=0) around 278835.2175 Mhz, at 0.834038115638 K
*** Source: observed-33SO2
  |- Projecting observed-33SO2-c1
   --+ Generating template image
   --+ Generating template line distribution
   --+ Loading and correcting lines
      |- Projecting Sulfur Dioxide (33SO2) around 275160.7805 Mhz, at 0.128279550412 K
      |- Projecting Sulfur Dioxide (33SO2) around 275160.8324 Mhz, at 0.128279550412 K
      |- Projecting Sulfur Dioxide (33SO2) around 275160.9909 Mhz, at 0.128279610276 K
      |- Projecting Sulfur Dioxide (33SO2) around 275161.0124 Mhz, at 0.128279610276 K
      |- Projecting Sulfur Dioxide (33SO2) around 275828.2515 Mhz, at 0.548393760557 K
      |- Projecting Sulfur Dioxide (33SO2) around 275828.3672 Mhz, at 0.548393760557 K
      |- Projecting Sulfur Dioxide (33SO2) around 275831.1722 Mhz, at 0.548393760557 K
      |- Projecting Sulfur Dioxide (33SO2) around 275831.2604 Mhz, at 0.548394016474 K
      |- Projecting Sulfur Dioxide (33SO2) around 276035.3021 Mhz, at 0.150495267235 K
      |- Projecting Sulfur Dioxide (33SO2) around 276035.3702 Mhz, at 0.150495267235 K
      |- Projecting Sulfur Dioxide (33SO2) around 276037.6419 Mhz, at 0.150495191987 K
      |- Projecting Sulfur Dioxide (33SO2) around 276037.6851 Mhz, at 0.150495267235 K
*** Source: observed-OS17O
  |- Projecting observed-OS17O-c1
   --+ Generating template image
   --+ Generating template line distribution
   --+ Loading and correcting lines
      |- Projecting Sulfur Dioxide (OS17O) around 275054.7862 Mhz, at 0.932593044808 K
      |- Projecting Sulfur Dioxide (OS17O) around 275142.6319 Mhz, at 1.15977557222 K
      |- Projecting Sulfur Dioxide (OS17O) around 275151.3474 Mhz, at 1.15977387122 K
      |- Projecting Sulfur Dioxide (OS17O) around 275431.4561 Mhz, at 1.01894744807 K
      |- Projecting Sulfur Dioxide (OS17O) around 275846.0173 Mhz, at 0.324240533108 K
      |- Projecting Sulfur Dioxide (OS17O) around 276201.24 Mhz, at 0.68594903125 K
      |- Projecting Sulfur Dioxide (OS17O) around 277061.5867 Mhz, at 0.863594410674 K
      |- Projecting Sulfur Dioxide (OS17O) around 277269.543 Mhz, at 0.152261980502 K
      |- Projecting Sulfur Dioxide (OS17O) around 277365.4535 Mhz, at 1.07278769276 K
*** Source: observed-CH3OHvt=0
  |- Projecting observed-CH3OHvt=0-c1
   --+ Generating template image
   --+ Generating template line distribution
   --+ Loading and correcting lines
      |- Projecting Methanol (CH3OHvt=0) around 275663.705 Mhz, at 0.236522875114 K
      |- Projecting Methanol (CH3OHvt=0) around 276648.18 Mhz, at 1.43946854736 K
      |- Projecting Methanol (CH3OHvt=0) around 276925.919 Mhz, at 1.03947334009 K
      |- Projecting Methanol (CH3OHvt=0) around 277940.773 Mhz, at 0.461998445696 K
      |- Projecting Methanol (CH3OHvt=0) around 278186.616 Mhz, at 0.462016171376 K
      |- Projecting Methanol (CH3OHvt=0) around 278304.51 Mhz, at 0.751867035219 K
      |- Projecting Methanol (CH3OHvt=0) around 278342.257 Mhz, at 0.581451905052 K
      |- Projecting Methanol (CH3OHvt=0) around 278480.23 Mhz, at 0.644026340575 K
      |- Projecting Methanol (CH3OHvt=0) around 278599.055 Mhz, at 1.3568564826 K
      |- Projecting Methanol (CH3OHvt=0) around 278672.92 Mhz, at 0.708567335013 K
      |- Projecting Methanol (CH3OHvt=0) around 278723.25 Mhz, at 0.708574137292 K
      |- Projecting Methanol (CH3OHvt=0) around 278965.129 Mhz, at 0.362028809694 K
*** Source: observed-HC15Nv=0
  |- Projecting observed-HC15Nv=0-c1
   --+ Generating template image
   --+ Generating template line distribution
   --+ Loading and correcting lines
*** Source: observed-H2C34S
  |- Projecting observed-H2C34S-c1
   --+ Generating template image
   --+ Generating template line distribution
   --+ Loading and correcting lines
      |- Projecting Thioformaldehyde (H2C34S) around 277295.9149 Mhz, at 0.343456567976 K
*** Source: observed-H213CO
  |- Projecting observed-H213CO-c1
   --+ Generating template image
   --+ Generating template line distribution
   --+ Loading and correcting lines
*** Source: observed-SO2v=0
  |- Projecting observed-SO2v=0-c1
   --+ Generating template image
   --+ Generating template line distribution
   --+ Loading and correcting lines
      |- Projecting Sulfur dioxide (SO2v=0) around 275240.184 Mhz, at 0.550590365927 K
      |- Projecting Sulfur dioxide (SO2v=0) around 275375.7013 Mhz, at 0.260296577029 K
      |- Projecting Sulfur dioxide (SO2v=0) around 276254.5765 Mhz, at 0.545042566426 K
      |- Projecting Sulfur dioxide (SO2v=0) around 276558.3672 Mhz, at 0.210762265641 K
      |- Projecting Sulfur dioxide (SO2v=0) around 278250.9723 Mhz, at 0.945126450393 K
   -++ Saving FITS: data-skew/cube_variable_width_99.fits
