+++ Source 'observed-SO2v=0' added
 |- Component added to 'observed-SO2v=0' (observed-SO2v=0-c1)
 ---+ Model: mol_list = ['SO2v=0'] @ spa_form=('normal', 131.0528065465429, 57.50202452190591, 2.8192097131617024), spe_form=('skew', 8, 1), z=0.0, grad=('linear', 2.8192097131617024, 108.52780494939171)
+++ Source 'observed-33SO2' added
 |- Component added to 'observed-33SO2' (observed-33SO2-c1)
 ---+ Model: mol_list = ['33SO2'] @ spa_form=('normal', 67.1039284272798, 89.77260500967648, 1.2540544106012979), spe_form=('skew', 8, 1), z=0.0, grad=('linear', 1.2540544106012979, 35.64488035140229)
+++ Source 'observed-H213CS' added
 |- Component added to 'observed-H213CS' (observed-H213CS-c1)
 ---+ Model: mol_list = ['H213CS'] @ spa_form=('normal', 102.78288048786756, 80.21612902677236, 1.7964109852690098), spe_form=('skew', 8, 1), z=0.0, grad=('linear', 1.7964109852690098, 108.23696081199796)
[*] Generating cube observerd
  |- Angular Coordinates (deg): ra=0 dec=0
  |- FOV (arcsec): ra=[-0.002777777777777778, 0.002777777777777778] dec=[-0.002777777777777778, 0.002777777777777778]
!!! WARNING: max ALMA bandwidth exceeded
  |- Spectral (MHz): center=277000 bandwidth=[275000.0, 279000.0]
  |- Cube size: 2 x 2 x 4000 
  |- Band: 7
*** Source: observed-33SO2
  |- Projecting observed-33SO2-c1
   --+ Generating template image
   --+ Generating template line distribution
   --+ Loading and correcting lines
      |- Projecting Sulfur Dioxide (33SO2) around 275828.2515 Mhz, at 0.284197659379 K
      |- Projecting Sulfur Dioxide (33SO2) around 275828.3672 Mhz, at 0.284197659379 K
      |- Projecting Sulfur Dioxide (33SO2) around 275831.1722 Mhz, at 0.284197659379 K
      |- Projecting Sulfur Dioxide (33SO2) around 275831.2604 Mhz, at 0.284197792005 K
*** Source: observed-H213CS
  |- Projecting observed-H213CS-c1
   --+ Generating template image
   --+ Generating template line distribution
   --+ Loading and correcting lines
*** Source: observed-SO2v=0
  |- Projecting observed-SO2v=0-c1
   --+ Generating template image
   --+ Generating template line distribution
   --+ Loading and correcting lines
      |- Projecting Sulfur dioxide (SO2v=0) around 275240.184 Mhz, at 0.517187766746 K
      |- Projecting Sulfur dioxide (SO2v=0) around 275375.7013 Mhz, at 0.244505196052 K
      |- Projecting Sulfur dioxide (SO2v=0) around 276254.5765 Mhz, at 0.511976534927 K
      |- Projecting Sulfur dioxide (SO2v=0) around 276558.3672 Mhz, at 0.197975976746 K
      |- Projecting Sulfur dioxide (SO2v=0) around 278250.9723 Mhz, at 0.887788578261 K
   -++ Saving FITS: data-skew/cube_fixed_width_59.fits
