+++ Source 'observed-CH3OHvt=0' added
 |- Component added to 'observed-CH3OHvt=0' (observed-CH3OHvt=0-c1)
 ---+ Model: mol_list = ['CH3OHvt=0'] @ spa_form=('normal', 105.30155690204903, 87.4583459923387, 0.29087227481742606), spe_form=('skew', 8, 1), z=0.0, grad=('linear', 0.29087227481742606, 38.35334200781987)
+++ Source 'observed-33SO2' added
 |- Component added to 'observed-33SO2' (observed-33SO2-c1)
 ---+ Model: mol_list = ['33SO2'] @ spa_form=('normal', 133.68203552157013, 60.278338325928715, 3.0198728966828736), spe_form=('skew', 8, 1), z=0.0, grad=('linear', 3.0198728966828736, 42.17722522548839)
+++ Source 'observed-OS18O' added
 |- Component added to 'observed-OS18O' (observed-OS18O-c1)
 ---+ Model: mol_list = ['OS18O'] @ spa_form=('normal', 76.71607222348653, 64.48495461217247, 2.8869484985764764), spe_form=('skew', 8, 1), z=0.0, grad=('linear', 2.8869484985764764, 108.2804066580947)
+++ Source 'observed-OS17O' added
 |- Component added to 'observed-OS17O' (observed-OS17O-c1)
 ---+ Model: mol_list = ['OS17O'] @ spa_form=('normal', 61.375736708178465, 78.94041065252387, 0.055759338492335435), spe_form=('skew', 8, 1), z=0.0, grad=('linear', 0.055759338492335435, 70.62763220897483)
+++ Source 'observed-H13CNv2=1' added
 |- Component added to 'observed-H13CNv2=1' (observed-H13CNv2=1-c1)
 ---+ Model: mol_list = ['H13CNv2=1'] @ spa_form=('normal', 145.37191544115717, 64.21208310391859, 1.3397226168112335), spe_form=('skew', 8, 1), z=0.0, grad=('linear', 1.3397226168112335, 33.01011303891317)
+++ Source 'observed-H13CNv=0' added
 |- Component added to 'observed-H13CNv=0' (observed-H13CNv=0-c1)
 ---+ Model: mol_list = ['H13CNv=0'] @ spa_form=('normal', 135.26000116766835, 56.82619144886884, 0.37161334226134435), spe_form=('skew', 8, 1), z=0.0, grad=('linear', 0.37161334226134435, 75.22616976739982)
+++ Source 'observed-H213CS' added
 |- Component added to 'observed-H213CS' (observed-H213CS-c1)
 ---+ Model: mol_list = ['H213CS'] @ spa_form=('normal', 104.89377489447453, 50.31606270249915, 1.943277652287049), spe_form=('skew', 8, 1), z=0.0, grad=('linear', 1.943277652287049, 99.62821198235905)
+++ Source 'observed-H2C34S' added
 |- Component added to 'observed-H2C34S' (observed-H2C34S-c1)
 ---+ Model: mol_list = ['H2C34S'] @ spa_form=('normal', 98.20818786018773, 50.26574686018847, 1.8427514494817487), spe_form=('skew', 8, 1), z=0.0, grad=('linear', 1.8427514494817487, 93.9829132516413)
+++ Source 'observed-H2C18O' added
 |- Component added to 'observed-H2C18O' (observed-H2C18O-c1)
 ---+ Model: mol_list = ['H2C18O'] @ spa_form=('normal', 134.05616987766183, 82.30836377456636, 0.803525348762729), spe_form=('skew', 8, 1), z=0.0, grad=('linear', 0.803525348762729, 80.75315694513434)
+++ Source 'observed-H213CO' added
 |- Component added to 'observed-H213CO' (observed-H213CO-c1)
 ---+ Model: mol_list = ['H213CO'] @ spa_form=('normal', 99.02630943986789, 41.52480824643899, 2.8338185831512264), spe_form=('skew', 8, 1), z=0.0, grad=('linear', 2.8338185831512264, 50.556821836102785)
[*] Generating cube observerd
  |- Angular Coordinates (deg): ra=0 dec=0
  |- FOV (arcsec): ra=[-0.002777777777777778, 0.002777777777777778] dec=[-0.002777777777777778, 0.002777777777777778]
!!! WARNING: max ALMA bandwidth exceeded
  |- Spectral (MHz): center=604000 bandwidth=[602000.0, 606000.0]
  |- Cube size: 2 x 2 x 4000 
  |- Band: 9
*** Source: observed-OS18O
  |- Projecting observed-OS18O-c1
   --+ Generating template image
   --+ Generating template line distribution
   --+ Loading and correcting lines
      |- Projecting Sulfur Dioxide (OS18O) around 602313.3835 Mhz, at 0.505813803066 K
*** Source: observed-H2C18O
  |- Projecting observed-H2C18O-c1
   --+ Generating template image
   --+ Generating template line distribution
   --+ Loading and correcting lines
      |- Projecting Formaldehyde (H2C18O) around 603231.51 Mhz, at 1.04041690094 K
*** Source: observed-H213CS
  |- Projecting observed-H213CS-c1
   --+ Generating template image
   --+ Generating template line distribution
   --+ Loading and correcting lines
      |- Projecting Thioformaldehyde (H213CS) around 602149.9892 Mhz, at 1.04236006538 K
*** Source: observed-H13CNv2=1
  |- Projecting observed-H13CNv2=1-c1
   --+ Generating template image
   --+ Generating template line distribution
   --+ Loading and correcting lines
*** Source: observed-H2C34S
  |- Projecting observed-H2C34S-c1
   --+ Generating template image
   --+ Generating template line distribution
   --+ Loading and correcting lines
      |- Projecting Thioformaldehyde (H2C34S) around 604710.9998 Mhz, at 0.588279121857 K
*** Source: observed-33SO2
  |- Projecting observed-33SO2-c1
   --+ Generating template image
   --+ Generating template line distribution
   --+ Loading and correcting lines
      |- Projecting Sulfur Dioxide (33SO2) around 602337.0627 Mhz, at 1.10610496997 K
      |- Projecting Sulfur Dioxide (33SO2) around 602338.0039 Mhz, at 1.10610496997 K
      |- Projecting Sulfur Dioxide (33SO2) around 602348.9212 Mhz, at 1.10610390074 K
      |- Projecting Sulfur Dioxide (33SO2) around 602349.8184 Mhz, at 1.10610334769 K
      |- Projecting Sulfur Dioxide (33SO2) around 602488.3231 Mhz, at 1.31861741503 K
      |- Projecting Sulfur Dioxide (33SO2) around 602499.1576 Mhz, at 1.31861548106 K
      |- Projecting Sulfur Dioxide (33SO2) around 603112.9816 Mhz, at 1.49140501911 K
      |- Projecting Sulfur Dioxide (33SO2) around 603113.1191 Mhz, at 1.49140501911 K
      |- Projecting Sulfur Dioxide (33SO2) around 603113.2126 Mhz, at 1.49140501911 K
      |- Projecting Sulfur Dioxide (33SO2) around 603113.2683 Mhz, at 1.49140501911 K
      |- Projecting Sulfur Dioxide (33SO2) around 604736.5656 Mhz, at 0.824422647779 K
      |- Projecting Sulfur Dioxide (33SO2) around 604736.767 Mhz, at 0.824422647779 K
      |- Projecting Sulfur Dioxide (33SO2) around 604736.8741 Mhz, at 0.824422647779 K
      |- Projecting Sulfur Dioxide (33SO2) around 604736.8962 Mhz, at 0.824422647779 K
      |- Projecting Sulfur Dioxide (33SO2) around 604736.926 Mhz, at 0.824422647779 K
      |- Projecting Sulfur Dioxide (33SO2) around 604736.9663 Mhz, at 0.824422647779 K
      |- Projecting Sulfur Dioxide (33SO2) around 604736.9892 Mhz, at 0.824422647779 K
      |- Projecting Sulfur Dioxide (33SO2) around 605162.1267 Mhz, at 0.922796734068 K
      |- Projecting Sulfur Dioxide (33SO2) around 605162.2359 Mhz, at 0.922796734068 K
      |- Projecting Sulfur Dioxide (33SO2) around 605162.3107 Mhz, at 0.922796734068 K
      |- Projecting Sulfur Dioxide (33SO2) around 605162.3529 Mhz, at 0.922796734068 K
      |- Projecting Sulfur Dioxide (33SO2) around 605357.5302 Mhz, at 0.946578010422 K
      |- Projecting Sulfur Dioxide (33SO2) around 605366.9145 Mhz, at 0.946578010422 K
      |- Projecting Sulfur Dioxide (33SO2) around 605367.499 Mhz, at 0.946579398738 K
      |- Projecting Sulfur Dioxide (33SO2) around 605367.499 Mhz, at 0.946579398738 K
      |- Projecting Sulfur Dioxide (33SO2) around 605367.499 Mhz, at 0.946578010422 K
      |- Projecting Sulfur Dioxide (33SO2) around 605367.499 Mhz, at 0.946578010422 K
      |- Projecting Sulfur Dioxide (33SO2) around 605377.1052 Mhz, at 0.946579398738 K
*** Source: observed-OS17O
  |- Projecting observed-OS17O-c1
   --+ Generating template image
   --+ Generating template line distribution
   --+ Loading and correcting lines
      |- Projecting Sulfur Dioxide (OS17O) around 603105.7123 Mhz, at 0.490764229269 K
      |- Projecting Sulfur Dioxide (OS17O) around 603106.5013 Mhz, at 0.490764229269 K
      |- Projecting Sulfur Dioxide (OS17O) around 604501.9322 Mhz, at 0.784724939639 K
      |- Projecting Sulfur Dioxide (OS17O) around 605172.0102 Mhz, at 0.503525519129 K
      |- Projecting Sulfur Dioxide (OS17O) around 605172.0102 Mhz, at 0.503525519129 K
      |- Projecting Sulfur Dioxide (OS17O) around 605240.925 Mhz, at 0.522544611479 K
*** Source: observed-CH3OHvt=0
  |- Projecting observed-CH3OHvt=0-c1
   --+ Generating template image
   --+ Generating template line distribution
   --+ Loading and correcting lines
      |- Projecting Methanol (CH3OHvt=0) around 602233.197 Mhz, at 0.510586555963 K
*** Source: observed-H13CNv=0
  |- Projecting observed-H13CNv=0-c1
   --+ Generating template image
   --+ Generating template line distribution
   --+ Loading and correcting lines
*** Source: observed-H213CO
  |- Projecting observed-H213CO-c1
   --+ Generating template image
   --+ Generating template line distribution
   --+ Loading and correcting lines
      |- Projecting Formaldehyde (H213CO) around 602083.584 Mhz, at 0.779938470249 K
   -++ Saving FITS: data-skew/cube_fixed_width_6.fits
