+++ Source 'observed-SO2v=0' added
 |- Component added to 'observed-SO2v=0' (observed-SO2v=0-c1)
 ---+ Model: mol_list = ['SO2v=0'] @ spa_form=('normal', 53.19097387330542, 71.25970851887803, 0.46319118794214625), spe_form=('skew', 8, 1), z=0.0, grad=('linear', 0.46319118794214625, 10.039441307526191)
+++ Source 'observed-33SO2' added
 |- Component added to 'observed-33SO2' (observed-33SO2-c1)
 ---+ Model: mol_list = ['33SO2'] @ spa_form=('normal', 116.80316892651496, 60.639802382347455, 1.2988852141773137), spe_form=('skew', 8, 1), z=0.0, grad=('linear', 1.2988852141773137, 63.222346007439334)
+++ Source 'observed-H213CS' added
 |- Component added to 'observed-H213CS' (observed-H213CS-c1)
 ---+ Model: mol_list = ['H213CS'] @ spa_form=('normal', 124.26023591327215, 75.88471355223807, 2.732874798845699), spe_form=('skew', 8, 1), z=0.0, grad=('linear', 2.732874798845699, 147.35834240559188)
[*] Generating cube observerd
  |- Angular Coordinates (deg): ra=0 dec=0
  |- FOV (arcsec): ra=[-0.002777777777777778, 0.002777777777777778] dec=[-0.002777777777777778, 0.002777777777777778]
!!! WARNING: max ALMA bandwidth exceeded
  |- Spectral (MHz): center=277000 bandwidth=[275000.0, 279000.0]
  |- Cube size: 2 x 2 x 4000 
  |- Band: 7
*** Source: observed-33SO2
  |- Projecting observed-33SO2-c1
   --+ Generating template image
   --+ Generating template line distribution
   --+ Loading and correcting lines
      |- Projecting Sulfur Dioxide (33SO2) around 275828.2515 Mhz, at 0.381798508295 K
      |- Projecting Sulfur Dioxide (33SO2) around 275828.3672 Mhz, at 0.381798508295 K
      |- Projecting Sulfur Dioxide (33SO2) around 275831.1722 Mhz, at 0.381798508295 K
      |- Projecting Sulfur Dioxide (33SO2) around 275831.2604 Mhz, at 0.381798686468 K
*** Source: observed-H213CS
  |- Projecting observed-H213CS-c1
   --+ Generating template image
   --+ Generating template line distribution
   --+ Loading and correcting lines
*** Source: observed-SO2v=0
  |- Projecting observed-SO2v=0-c1
   --+ Generating template image
   --+ Generating template line distribution
   --+ Loading and correcting lines
      |- Projecting Sulfur dioxide (SO2v=0) around 275240.184 Mhz, at 1.0050718915 K
      |- Projecting Sulfur dioxide (SO2v=0) around 275375.7013 Mhz, at 0.475156830224 K
      |- Projecting Sulfur dioxide (SO2v=0) around 276254.5765 Mhz, at 0.994944694072 K
      |- Projecting Sulfur dioxide (SO2v=0) around 276301.2521 Mhz, at 0.160247573187 K
      |- Projecting Sulfur dioxide (SO2v=0) around 276558.3672 Mhz, at 0.384734717667 K
      |- Projecting Sulfur dioxide (SO2v=0) around 278250.9723 Mhz, at 1.72527542796 K
   -++ Saving FITS: data-skew/cube_variable_width_84.fits
