+++ Source 'observed-CH3OHvt=0' added
 |- Component added to 'observed-CH3OHvt=0' (observed-CH3OHvt=0-c1)
 ---+ Model: mol_list = ['CH3OHvt=0'] @ spa_form=('normal', 51.52530384277386, 67.4771414396657, 0.5109957550150637), spe_form=('skew', 8, 1), z=0.0, grad=('linear', 0.5109957550150637, 68.85810991946451)
+++ Source 'observed-SO2v=0' added
 |- Component added to 'observed-SO2v=0' (observed-SO2v=0-c1)
 ---+ Model: mol_list = ['SO2v=0'] @ spa_form=('normal', 145.4275075338074, 84.2599600772229, 2.1819367069080244), spe_form=('skew', 8, 1), z=0.0, grad=('linear', 2.1819367069080244, 42.83803537690433)
+++ Source 'observed-33SO2' added
 |- Component added to 'observed-33SO2' (observed-33SO2-c1)
 ---+ Model: mol_list = ['33SO2'] @ spa_form=('normal', 122.0209222780255, 46.594371902618505, 0.9767029721953184), spe_form=('skew', 8, 1), z=0.0, grad=('linear', 0.9767029721953184, 36.807737246220356)
+++ Source 'observed-SO2v2=1' added
 |- Component added to 'observed-SO2v2=1' (observed-SO2v2=1-c1)
 ---+ Model: mol_list = ['SO2v2=1'] @ spa_form=('normal', 50.96900096909827, 84.14455057039677, 1.7737342541337784), spe_form=('skew', 8, 1), z=0.0, grad=('linear', 1.7737342541337784, 32.31020879988577)
+++ Source 'observed-HC15Nv=0' added
 |- Component added to 'observed-HC15Nv=0' (observed-HC15Nv=0-c1)
 ---+ Model: mol_list = ['HC15Nv=0'] @ spa_form=('normal', 62.86832064221246, 78.82796642979405, 0.45985508452643176), spe_form=('skew', 8, 1), z=0.0, grad=('linear', 0.45985508452643176, 102.1084983229016)
+++ Source 'observed-H13CNv=0' added
 |- Component added to 'observed-H13CNv=0' (observed-H13CNv=0-c1)
 ---+ Model: mol_list = ['H13CNv=0'] @ spa_form=('normal', 137.19696870088669, 93.7583374118091, 1.180928461383232), spe_form=('skew', 8, 1), z=0.0, grad=('linear', 1.180928461383232, 30.14389204648391)
+++ Source 'observed-H2C34S' added
 |- Component added to 'observed-H2C34S' (observed-H2C34S-c1)
 ---+ Model: mol_list = ['H2C34S'] @ spa_form=('normal', 83.06911410804696, 53.39618835635928, 1.9564387724064587), spe_form=('skew', 8, 1), z=0.0, grad=('linear', 1.9564387724064587, 23.469628824901875)
[*] Generating cube observerd
  |- Angular Coordinates (deg): ra=0 dec=0
  |- FOV (arcsec): ra=[-0.002777777777777778, 0.002777777777777778] dec=[-0.002777777777777778, 0.002777777777777778]
!!! WARNING: max ALMA bandwidth exceeded
  |- Spectral (MHz): center=277000 bandwidth=[275000.0, 279000.0]
  |- Cube size: 2 x 2 x 4000 
  |- Band: 7
*** Source: observed-H13CNv=0
  |- Projecting observed-H13CNv=0-c1
   --+ Generating template image
   --+ Generating template line distribution
   --+ Loading and correcting lines
*** Source: observed-H2C34S
  |- Projecting observed-H2C34S-c1
   --+ Generating template image
   --+ Generating template line distribution
   --+ Loading and correcting lines
      |- Projecting Thioformaldehyde (H2C34S) around 277295.9149 Mhz, at 0.445652060959 K
*** Source: observed-33SO2
  |- Projecting observed-33SO2-c1
   --+ Generating template image
   --+ Generating template line distribution
   --+ Loading and correcting lines
      |- Projecting Sulfur Dioxide (33SO2) around 275828.2515 Mhz, at 0.296556391691 K
      |- Projecting Sulfur Dioxide (33SO2) around 275828.3672 Mhz, at 0.296556391691 K
      |- Projecting Sulfur Dioxide (33SO2) around 275831.1722 Mhz, at 0.296556391691 K
      |- Projecting Sulfur Dioxide (33SO2) around 275831.2604 Mhz, at 0.296556530084 K
*** Source: observed-CH3OHvt=0
  |- Projecting observed-CH3OHvt=0-c1
   --+ Generating template image
   --+ Generating template line distribution
   --+ Loading and correcting lines
      |- Projecting Methanol (CH3OHvt=0) around 275663.705 Mhz, at 0.143625205558 K
      |- Projecting Methanol (CH3OHvt=0) around 276648.18 Mhz, at 0.874097128696 K
      |- Projecting Methanol (CH3OHvt=0) around 276925.919 Mhz, at 0.631205637386 K
      |- Projecting Methanol (CH3OHvt=0) around 277940.773 Mhz, at 0.280542090055 K
      |- Projecting Methanol (CH3OHvt=0) around 278186.616 Mhz, at 0.280552853726 K
      |- Projecting Methanol (CH3OHvt=0) around 278304.51 Mhz, at 0.456560734065 K
      |- Projecting Methanol (CH3OHvt=0) around 278342.257 Mhz, at 0.353078531388 K
      |- Projecting Methanol (CH3OHvt=0) around 278480.23 Mhz, at 0.391075981572 K
      |- Projecting Methanol (CH3OHvt=0) around 278599.055 Mhz, at 0.823932108605 K
      |- Projecting Methanol (CH3OHvt=0) around 278672.92 Mhz, at 0.430267597134 K
      |- Projecting Methanol (CH3OHvt=0) around 278723.25 Mhz, at 0.430271727723 K
      |- Projecting Methanol (CH3OHvt=0) around 278965.129 Mhz, at 0.21983692776 K
*** Source: observed-HC15Nv=0
  |- Projecting observed-HC15Nv=0-c1
   --+ Generating template image
   --+ Generating template line distribution
   --+ Loading and correcting lines
*** Source: observed-SO2v2=1
  |- Projecting observed-SO2v2=1-c1
   --+ Generating template image
   --+ Generating template line distribution
   --+ Loading and correcting lines
      |- Projecting Sulfur dioxide (SO2v2=1) around 275061.7269 Mhz, at 0.274115904773 K
      |- Projecting Sulfur dioxide (SO2v2=1) around 278755.1244 Mhz, at 0.219131453434 K
      |- Projecting Sulfur dioxide (SO2v2=1) around 278849.6017 Mhz, at 0.25555678286 K
*** Source: observed-SO2v=0
  |- Projecting observed-SO2v=0-c1
   --+ Generating template image
   --+ Generating template line distribution
   --+ Loading and correcting lines
      |- Projecting Sulfur dioxide (SO2v=0) around 275240.184 Mhz, at 0.164097375327 K
      |- Projecting Sulfur dioxide (SO2v=0) around 276254.5765 Mhz, at 0.162443914981 K
      |- Projecting Sulfur dioxide (SO2v=0) around 278250.9723 Mhz, at 0.281684496242 K
   -++ Saving FITS: data-skew/cube_fixed_width_60.fits
