+++ Source 'observed-CH3OHvt=0' added
 |- Component added to 'observed-CH3OHvt=0' (observed-CH3OHvt=0-c1)
 ---+ Model: mol_list = ['CH3OHvt=0'] @ spa_form=('normal', 117.07957804515857, 97.42007811055502, 0.4077741897896475), spe_form=('skew', 8, 1), z=0.0, grad=('linear', 0.4077741897896475, 85.26246866011542)
+++ Source 'observed-SO2v=0' added
 |- Component added to 'observed-SO2v=0' (observed-SO2v=0-c1)
 ---+ Model: mol_list = ['SO2v=0'] @ spa_form=('normal', 61.15965574730482, 74.44943483023694, 1.5392977712441593), spe_form=('skew', 8, 1), z=0.0, grad=('linear', 1.5392977712441593, 109.26303324373113)
+++ Source 'observed-33SO2' added
 |- Component added to 'observed-33SO2' (observed-33SO2-c1)
 ---+ Model: mol_list = ['33SO2'] @ spa_form=('normal', 51.76121654925823, 70.95008713894345, 1.4464032724584959), spe_form=('skew', 8, 1), z=0.0, grad=('linear', 1.4464032724584959, 21.10319366184509)
+++ Source 'observed-SO2v2=1' added
 |- Component added to 'observed-SO2v2=1' (observed-SO2v2=1-c1)
 ---+ Model: mol_list = ['SO2v2=1'] @ spa_form=('normal', 57.297933345139015, 84.80534720854816, 1.4779650726226161), spe_form=('skew', 8, 1), z=0.0, grad=('linear', 1.4779650726226161, 133.27803154273374)
+++ Source 'observed-OS17O' added
 |- Component added to 'observed-OS17O' (observed-OS17O-c1)
 ---+ Model: mol_list = ['OS17O'] @ spa_form=('normal', 92.8527567941862, 61.80580115340304, 0.8262155939242711), spe_form=('skew', 8, 1), z=0.0, grad=('linear', 0.8262155939242711, 140.19529680529547)
+++ Source 'observed-H13CNv2=1' added
 |- Component added to 'observed-H13CNv2=1' (observed-H13CNv2=1-c1)
 ---+ Model: mol_list = ['H13CNv2=1'] @ spa_form=('normal', 87.17141766804983, 55.4460626852269, 1.2052858379550835), spe_form=('skew', 8, 1), z=0.0, grad=('linear', 1.2052858379550835, 55.73646372093366)
+++ Source 'observed-H13CNv=0' added
 |- Component added to 'observed-H13CNv=0' (observed-H13CNv=0-c1)
 ---+ Model: mol_list = ['H13CNv=0'] @ spa_form=('normal', 62.46241500117349, 99.02859466826231, 0.32285484199303793), spe_form=('skew', 8, 1), z=0.0, grad=('linear', 0.32285484199303793, 148.96071709494905)
+++ Source 'observed-H213CO' added
 |- Component added to 'observed-H213CO' (observed-H213CO-c1)
 ---+ Model: mol_list = ['H213CO'] @ spa_form=('normal', 54.05736402194141, 66.54246013212922, 0.5798508029003862), spe_form=('skew', 8, 1), z=0.0, grad=('linear', 0.5798508029003862, 27.360672881206863)
[*] Generating cube observerd
  |- Angular Coordinates (deg): ra=0 dec=0
  |- FOV (arcsec): ra=[-0.002777777777777778, 0.002777777777777778] dec=[-0.002777777777777778, 0.002777777777777778]
!!! WARNING: max ALMA bandwidth exceeded
  |- Spectral (MHz): center=604000 bandwidth=[602000.0, 606000.0]
  |- Cube size: 2 x 2 x 4000 
  |- Band: 9
*** Source: observed-H13CNv=0
  |- Projecting observed-H13CNv=0-c1
   --+ Generating template image
   --+ Generating template line distribution
   --+ Loading and correcting lines
*** Source: observed-H13CNv2=1
  |- Projecting observed-H13CNv2=1-c1
   --+ Generating template image
   --+ Generating template line distribution
   --+ Loading and correcting lines
*** Source: observed-33SO2
  |- Projecting observed-33SO2-c1
   --+ Generating template image
   --+ Generating template line distribution
   --+ Loading and correcting lines
      |- Projecting Sulfur Dioxide (33SO2) around 602337.0627 Mhz, at 0.88672979587 K
      |- Projecting Sulfur Dioxide (33SO2) around 602338.0039 Mhz, at 0.88672979587 K
      |- Projecting Sulfur Dioxide (33SO2) around 602348.9212 Mhz, at 0.886728938698 K
      |- Projecting Sulfur Dioxide (33SO2) around 602349.8184 Mhz, at 0.886728495333 K
      |- Projecting Sulfur Dioxide (33SO2) around 602488.3231 Mhz, at 1.05709438345 K
      |- Projecting Sulfur Dioxide (33SO2) around 602499.1576 Mhz, at 1.05709283304 K
      |- Projecting Sulfur Dioxide (33SO2) around 603112.9816 Mhz, at 1.19561280715 K
      |- Projecting Sulfur Dioxide (33SO2) around 603113.1191 Mhz, at 1.19561280715 K
      |- Projecting Sulfur Dioxide (33SO2) around 603113.2126 Mhz, at 1.19561280715 K
      |- Projecting Sulfur Dioxide (33SO2) around 603113.2683 Mhz, at 1.19561280715 K
      |- Projecting Sulfur Dioxide (33SO2) around 604736.5656 Mhz, at 0.6609138789 K
      |- Projecting Sulfur Dioxide (33SO2) around 604736.767 Mhz, at 0.6609138789 K
      |- Projecting Sulfur Dioxide (33SO2) around 604736.8741 Mhz, at 0.6609138789 K
      |- Projecting Sulfur Dioxide (33SO2) around 604736.8962 Mhz, at 0.6609138789 K
      |- Projecting Sulfur Dioxide (33SO2) around 604736.926 Mhz, at 0.6609138789 K
      |- Projecting Sulfur Dioxide (33SO2) around 604736.9663 Mhz, at 0.6609138789 K
      |- Projecting Sulfur Dioxide (33SO2) around 604736.9892 Mhz, at 0.6609138789 K
      |- Projecting Sulfur Dioxide (33SO2) around 605162.1267 Mhz, at 0.73977731033 K
      |- Projecting Sulfur Dioxide (33SO2) around 605162.2359 Mhz, at 0.73977731033 K
      |- Projecting Sulfur Dioxide (33SO2) around 605162.3107 Mhz, at 0.73977731033 K
      |- Projecting Sulfur Dioxide (33SO2) around 605162.3529 Mhz, at 0.73977731033 K
      |- Projecting Sulfur Dioxide (33SO2) around 605357.5302 Mhz, at 0.758842016573 K
      |- Projecting Sulfur Dioxide (33SO2) around 605366.9145 Mhz, at 0.758842016573 K
      |- Projecting Sulfur Dioxide (33SO2) around 605367.499 Mhz, at 0.758843129542 K
      |- Projecting Sulfur Dioxide (33SO2) around 605367.499 Mhz, at 0.758843129542 K
      |- Projecting Sulfur Dioxide (33SO2) around 605367.499 Mhz, at 0.758842016573 K
      |- Projecting Sulfur Dioxide (33SO2) around 605367.499 Mhz, at 0.758842016573 K
      |- Projecting Sulfur Dioxide (33SO2) around 605377.1052 Mhz, at 0.758843129542 K
*** Source: observed-OS17O
  |- Projecting observed-OS17O-c1
   --+ Generating template image
   --+ Generating template line distribution
   --+ Loading and correcting lines
      |- Projecting Sulfur Dioxide (OS17O) around 603105.7123 Mhz, at 0.809276772169 K
      |- Projecting Sulfur Dioxide (OS17O) around 603106.5013 Mhz, at 0.809276772169 K
      |- Projecting Sulfur Dioxide (OS17O) around 604501.9322 Mhz, at 1.29402191178 K
      |- Projecting Sulfur Dioxide (OS17O) around 605172.0102 Mhz, at 0.830320309677 K
      |- Projecting Sulfur Dioxide (OS17O) around 605172.0102 Mhz, at 0.830320309677 K
      |- Projecting Sulfur Dioxide (OS17O) around 605240.925 Mhz, at 0.861683047115 K
      |- Projecting Sulfur Dioxide (OS17O) around 605724.232 Mhz, at 0.560664754658 K
*** Source: observed-CH3OHvt=0
  |- Projecting observed-CH3OHvt=0-c1
   --+ Generating template image
   --+ Generating template line distribution
   --+ Loading and correcting lines
      |- Projecting Methanol (CH3OHvt=0) around 602233.197 Mhz, at 0.927517462017 K
      |- Projecting Methanol (CH3OHvt=0) around 605587.005 Mhz, at 0.826031730923 K
*** Source: observed-SO2v2=1
  |- Projecting observed-SO2v2=1-c1
   --+ Generating template image
   --+ Generating template line distribution
   --+ Loading and correcting lines
*** Source: observed-H213CO
  |- Projecting observed-H213CO-c1
   --+ Generating template image
   --+ Generating template line distribution
   --+ Loading and correcting lines
*** Source: observed-SO2v=0
  |- Projecting observed-SO2v=0-c1
   --+ Generating template image
   --+ Generating template line distribution
   --+ Loading and correcting lines
      |- Projecting Sulfur dioxide (SO2v=0) around 604367.4364 Mhz, at 0.585470183535 K
      |- Projecting Sulfur dioxide (SO2v=0) around 604406.5377 Mhz, at 0.558179218144 K
      |- Projecting Sulfur dioxide (SO2v=0) around 605532.5228 Mhz, at 0.709259421215 K
   -++ Saving FITS: data-skew/cube_variable_width_44.fits
