+++ Source 'observed-CH3OHvt=0' added
 |- Component added to 'observed-CH3OHvt=0' (observed-CH3OHvt=0-c1)
 ---+ Model: mol_list = ['CH3OHvt=0'] @ spa_form=('normal', 78.64920767132946, 46.479689550201044, 0.1319535737516977), spe_form=('skew', 8, 1), z=0.0, grad=('linear', 0.1319535737516977, 89.02240686301887)
+++ Source 'observed-34SO2v=0' added
 |- Component added to 'observed-34SO2v=0' (observed-34SO2v=0-c1)
 ---+ Model: mol_list = ['34SO2v=0'] @ spa_form=('normal', 122.06749396626587, 56.6492196997418, 2.361728506255042), spe_form=('skew', 8, 1), z=0.0, grad=('linear', 2.361728506255042, 104.83321232557354)
+++ Source 'observed-OS18O' added
 |- Component added to 'observed-OS18O' (observed-OS18O-c1)
 ---+ Model: mol_list = ['OS18O'] @ spa_form=('normal', 71.18856847900076, 58.07481277559249, 0.897243266880509), spe_form=('skew', 8, 1), z=0.0, grad=('linear', 0.897243266880509, 138.62390010114973)
+++ Source 'observed-HC15Nv=0' added
 |- Component added to 'observed-HC15Nv=0' (observed-HC15Nv=0-c1)
 ---+ Model: mol_list = ['HC15Nv=0'] @ spa_form=('normal', 96.54501318614157, 99.97174358136482, 1.2000059619028411), spe_form=('skew', 8, 1), z=0.0, grad=('linear', 1.2000059619028411, 124.0503199882239)
+++ Source 'observed-H13CNv2=1' added
 |- Component added to 'observed-H13CNv2=1' (observed-H13CNv2=1-c1)
 ---+ Model: mol_list = ['H13CNv2=1'] @ spa_form=('normal', 61.32786562387854, 97.88417262469227, 0.5382728136038164), spe_form=('skew', 8, 1), z=0.0, grad=('linear', 0.5382728136038164, 48.04230749089873)
+++ Source 'observed-H13CNv=0' added
 |- Component added to 'observed-H13CNv=0' (observed-H13CNv=0-c1)
 ---+ Model: mol_list = ['H13CNv=0'] @ spa_form=('normal', 112.26573945283013, 76.08743695295074, 1.1957193362800869), spe_form=('skew', 8, 1), z=0.0, grad=('linear', 1.1957193362800869, 108.02706765328172)
[*] Generating cube observerd
  |- Angular Coordinates (deg): ra=0 dec=0
  |- FOV (arcsec): ra=[-0.002777777777777778, 0.002777777777777778] dec=[-0.002777777777777778, 0.002777777777777778]
!!! WARNING: max ALMA bandwidth exceeded
  |- Spectral (MHz): center=604000 bandwidth=[602000.0, 606000.0]
  |- Cube size: 2 x 2 x 4000 
  |- Band: 9
*** Source: observed-OS18O
  |- Projecting observed-OS18O-c1
   --+ Generating template image
   --+ Generating template line distribution
   --+ Loading and correcting lines
*** Source: observed-H13CNv2=1
  |- Projecting observed-H13CNv2=1-c1
   --+ Generating template image
   --+ Generating template line distribution
   --+ Loading and correcting lines
*** Source: observed-34SO2v=0
  |- Projecting observed-34SO2v=0-c1
   --+ Generating template image
   --+ Generating template line distribution
   --+ Loading and correcting lines
      |- Projecting Sulfur Dioxide (34SO2v=0) around 604080.004 Mhz, at 0.676378005602 K
      |- Projecting Sulfur Dioxide (34SO2v=0) around 604376.563 Mhz, at 0.927200532478 K
      |- Projecting Sulfur Dioxide (34SO2v=0) around 605499.8855 Mhz, at 0.972989119448 K
*** Source: observed-CH3OHvt=0
  |- Projecting observed-CH3OHvt=0-c1
   --+ Generating template image
   --+ Generating template line distribution
   --+ Loading and correcting lines
*** Source: observed-HC15Nv=0
  |- Projecting observed-HC15Nv=0-c1
   --+ Generating template image
   --+ Generating template line distribution
   --+ Loading and correcting lines
      |- Projecting Hydrogen Cyanide (HC15Nv=0) around 602274.1332 Mhz, at 0.651557405332 K
*** Source: observed-H13CNv=0
  |- Projecting observed-H13CNv=0-c1
   --+ Generating template image
   --+ Generating template line distribution
   --+ Loading and correcting lines
      |- Projecting Hydrogen Cyanide (H13CNv=0) around 604267.914 Mhz, at 0.719887228575 K
   -++ Saving FITS: data-skew/cube_fixed_width_11.fits
