+++ Source 'observed-SO2v=0' added
 |- Component added to 'observed-SO2v=0' (observed-SO2v=0-c1)
 ---+ Model: mol_list = ['SO2v=0'] @ spa_form=('normal', 118.732080599615, 75.58845155187265, 2.329858089060651), spe_form=('skew', 8, 1), z=0.0, grad=('linear', 2.329858089060651, 15.20186311231004)
+++ Source 'observed-34SO2v=0' added
 |- Component added to 'observed-34SO2v=0' (observed-34SO2v=0-c1)
 ---+ Model: mol_list = ['34SO2v=0'] @ spa_form=('normal', 109.66615057266104, 79.10052473905273, 0.4367131126899777), spe_form=('skew', 8, 1), z=0.0, grad=('linear', 0.4367131126899777, 128.38402147151461)
+++ Source 'observed-SO2v2=1' added
 |- Component added to 'observed-SO2v2=1' (observed-SO2v2=1-c1)
 ---+ Model: mol_list = ['SO2v2=1'] @ spa_form=('normal', 100.1275580118596, 94.61714191213443, 2.886307952927055), spe_form=('skew', 8, 1), z=0.0, grad=('linear', 2.886307952927055, 43.879441887518695)
+++ Source 'observed-OS18O' added
 |- Component added to 'observed-OS18O' (observed-OS18O-c1)
 ---+ Model: mol_list = ['OS18O'] @ spa_form=('normal', 148.2062453900362, 56.82578748003198, 0.781722066255652), spe_form=('skew', 8, 1), z=0.0, grad=('linear', 0.781722066255652, 57.677850133028386)
+++ Source 'observed-OS17O' added
 |- Component added to 'observed-OS17O' (observed-OS17O-c1)
 ---+ Model: mol_list = ['OS17O'] @ spa_form=('normal', 106.91477681263822, 56.45172726501072, 1.8554965978327738), spe_form=('skew', 8, 1), z=0.0, grad=('linear', 1.8554965978327738, 139.7550057861408)
+++ Source 'observed-HC15Nv=0' added
 |- Component added to 'observed-HC15Nv=0' (observed-HC15Nv=0-c1)
 ---+ Model: mol_list = ['HC15Nv=0'] @ spa_form=('normal', 95.93221559396159, 60.740895534728864, 1.322022961260506), spe_form=('skew', 8, 1), z=0.0, grad=('linear', 1.322022961260506, 146.20340365245593)
+++ Source 'observed-H13CNv2=1' added
 |- Component added to 'observed-H13CNv2=1' (observed-H13CNv2=1-c1)
 ---+ Model: mol_list = ['H13CNv2=1'] @ spa_form=('normal', 107.08852238341123, 92.42362012191177, 1.2421872455323615), spe_form=('skew', 8, 1), z=0.0, grad=('linear', 1.2421872455323615, 13.118533369471827)
+++ Source 'observed-H213CS' added
 |- Component added to 'observed-H213CS' (observed-H213CS-c1)
 ---+ Model: mol_list = ['H213CS'] @ spa_form=('normal', 75.60160894369592, 71.03704226435195, 2.1647803455411934), spe_form=('skew', 8, 1), z=0.0, grad=('linear', 2.1647803455411934, 149.81571144924925)
+++ Source 'observed-H2C34S' added
 |- Component added to 'observed-H2C34S' (observed-H2C34S-c1)
 ---+ Model: mol_list = ['H2C34S'] @ spa_form=('normal', 136.39165556644463, 88.91331032184343, 2.508690575915227), spe_form=('skew', 8, 1), z=0.0, grad=('linear', 2.508690575915227, 23.208502867211184)
[*] Generating cube observerd
  |- Angular Coordinates (deg): ra=0 dec=0
  |- FOV (arcsec): ra=[-0.002777777777777778, 0.002777777777777778] dec=[-0.002777777777777778, 0.002777777777777778]
!!! WARNING: max ALMA bandwidth exceeded
  |- Spectral (MHz): center=277000 bandwidth=[275000.0, 279000.0]
  |- Cube size: 2 x 2 x 4000 
  |- Band: 7
*** Source: observed-OS18O
  |- Projecting observed-OS18O-c1
   --+ Generating template image
   --+ Generating template line distribution
   --+ Loading and correcting lines
      |- Projecting Sulfur Dioxide (OS18O) around 275207.6031 Mhz, at 0.549461900923 K
      |- Projecting Sulfur Dioxide (OS18O) around 275282.0764 Mhz, at 1.01817596658 K
      |- Projecting Sulfur Dioxide (OS18O) around 275454.6038 Mhz, at 0.457903793426 K
      |- Projecting Sulfur Dioxide (OS18O) around 275552.9984 Mhz, at 1.26312106226 K
      |- Projecting Sulfur Dioxide (OS18O) around 275646.3336 Mhz, at 0.22583503611 K
      |- Projecting Sulfur Dioxide (OS18O) around 276002.289 Mhz, at 1.33315550421 K
      |- Projecting Sulfur Dioxide (OS18O) around 276274.7786 Mhz, at 0.818230954617 K
      |- Projecting Sulfur Dioxide (OS18O) around 276277.2242 Mhz, at 0.540017459095 K
      |- Projecting Sulfur Dioxide (OS18O) around 277080.9497 Mhz, at 0.886295784427 K
      |- Projecting Sulfur Dioxide (OS18O) around 277088.3147 Mhz, at 0.886294898131 K
      |- Projecting Sulfur Dioxide (OS18O) around 278393.6459 Mhz, at 0.610375009142 K
*** Source: observed-H213CS
  |- Projecting observed-H213CS-c1
   --+ Generating template image
   --+ Generating template line distribution
   --+ Loading and correcting lines
*** Source: observed-H13CNv2=1
  |- Projecting observed-H13CNv2=1-c1
   --+ Generating template image
   --+ Generating template line distribution
   --+ Loading and correcting lines
*** Source: observed-34SO2v=0
  |- Projecting observed-34SO2v=0-c1
   --+ Generating template image
   --+ Generating template line distribution
   --+ Loading and correcting lines
      |- Projecting Sulfur Dioxide (34SO2v=0) around 275434.2181 Mhz, at 1.64039127567 K
      |- Projecting Sulfur Dioxide (34SO2v=0) around 276483.977 Mhz, at 1.37945573912 K
      |- Projecting Sulfur Dioxide (34SO2v=0) around 276999.6054 Mhz, at 0.726192410841 K
      |- Projecting Sulfur Dioxide (34SO2v=0) around 277150.575 Mhz, at 0.810251269174 K
      |- Projecting Sulfur Dioxide (34SO2v=0) around 277470.0761 Mhz, at 0.433980849876 K
      |- Projecting Sulfur Dioxide (34SO2v=0) around 277475.9774 Mhz, at 0.211984517586 K
      |- Projecting Sulfur Dioxide (34SO2v=0) around 278835.2175 Mhz, at 0.9095317213 K
*** Source: observed-OS17O
  |- Projecting observed-OS17O-c1
   --+ Generating template image
   --+ Generating template line distribution
   --+ Loading and correcting lines
      |- Projecting Sulfur Dioxide (OS17O) around 275054.7862 Mhz, at 0.488658605659 K
      |- Projecting Sulfur Dioxide (OS17O) around 275142.6319 Mhz, at 0.607697341467 K
      |- Projecting Sulfur Dioxide (OS17O) around 275151.3474 Mhz, at 0.607696450179 K
      |- Projecting Sulfur Dioxide (OS17O) around 275431.4561 Mhz, at 0.533906447174 K
      |- Projecting Sulfur Dioxide (OS17O) around 275846.0173 Mhz, at 0.169895033733 K
      |- Projecting Sulfur Dioxide (OS17O) around 276201.24 Mhz, at 0.359422471602 K
      |- Projecting Sulfur Dioxide (OS17O) around 277061.5867 Mhz, at 0.452504812173 K
      |- Projecting Sulfur Dioxide (OS17O) around 277365.4535 Mhz, at 0.562117572108 K
*** Source: observed-HC15Nv=0
  |- Projecting observed-HC15Nv=0-c1
   --+ Generating template image
   --+ Generating template line distribution
   --+ Loading and correcting lines
*** Source: observed-SO2v2=1
  |- Projecting observed-SO2v2=1-c1
   --+ Generating template image
   --+ Generating template line distribution
   --+ Loading and correcting lines
      |- Projecting Sulfur dioxide (SO2v2=1) around 275061.7269 Mhz, at 0.338999652236 K
      |- Projecting Sulfur dioxide (SO2v2=1) around 276760.8235 Mhz, at 0.120150879423 K
      |- Projecting Sulfur dioxide (SO2v2=1) around 278755.1244 Mhz, at 0.271000278403 K
      |- Projecting Sulfur dioxide (SO2v2=1) around 278849.6017 Mhz, at 0.316047551447 K
*** Source: observed-H2C34S
  |- Projecting observed-H2C34S-c1
   --+ Generating template image
   --+ Generating template line distribution
   --+ Loading and correcting lines
      |- Projecting Thioformaldehyde (H2C34S) around 277295.9149 Mhz, at 0.120121759121 K
*** Source: observed-SO2v=0
  |- Projecting observed-SO2v=0-c1
   --+ Generating template image
   --+ Generating template line distribution
   --+ Loading and correcting lines
      |- Projecting Sulfur dioxide (SO2v=0) around 275240.184 Mhz, at 0.296224892973 K
      |- Projecting Sulfur dioxide (SO2v=0) around 275375.7013 Mhz, at 0.140042998285 K
      |- Projecting Sulfur dioxide (SO2v=0) around 276254.5765 Mhz, at 0.293240103526 K
      |- Projecting Sulfur dioxide (SO2v=0) around 278250.9723 Mhz, at 0.508490520246 K
   -++ Saving FITS: data-skew/cube_variable_width_75.fits
