+++ Source 'observed-CH3OHvt=0' added
 |- Component added to 'observed-CH3OHvt=0' (observed-CH3OHvt=0-c1)
 ---+ Model: mol_list = ['CH3OHvt=0'] @ spa_form=('normal', 149.8615497362917, 75.71872490735745, 0.8195006006944886), spe_form=('skew', 8, 1), z=0.0, grad=('linear', 0.8195006006944886, 20.517829225146624)
+++ Source 'observed-SO2v=0' added
 |- Component added to 'observed-SO2v=0' (observed-SO2v=0-c1)
 ---+ Model: mol_list = ['SO2v=0'] @ spa_form=('normal', 83.78634263723308, 52.252175395737154, 1.804652570612503), spe_form=('skew', 8, 1), z=0.0, grad=('linear', 1.804652570612503, 83.88425338715912)
+++ Source 'observed-34SO2v=0' added
 |- Component added to 'observed-34SO2v=0' (observed-34SO2v=0-c1)
 ---+ Model: mol_list = ['34SO2v=0'] @ spa_form=('normal', 101.88927323636265, 73.50395399841953, 2.4758213062390593), spe_form=('skew', 8, 1), z=0.0, grad=('linear', 2.4758213062390593, 133.61939345556175)
+++ Source 'observed-OS18O' added
 |- Component added to 'observed-OS18O' (observed-OS18O-c1)
 ---+ Model: mol_list = ['OS18O'] @ spa_form=('normal', 78.46367163324423, 56.226210967087844, 2.773455915173945), spe_form=('skew', 8, 1), z=0.0, grad=('linear', 2.773455915173945, 130.69419497494502)
+++ Source 'observed-OS17O' added
 |- Component added to 'observed-OS17O' (observed-OS17O-c1)
 ---+ Model: mol_list = ['OS17O'] @ spa_form=('normal', 76.2614460804704, 77.76384482520547, 2.0487719689159505), spe_form=('skew', 8, 1), z=0.0, grad=('linear', 2.0487719689159505, 134.13417198269616)
+++ Source 'observed-H2C34S' added
 |- Component added to 'observed-H2C34S' (observed-H2C34S-c1)
 ---+ Model: mol_list = ['H2C34S'] @ spa_form=('normal', 137.9295449276452, 47.16639438043504, 1.5325267954495436), spe_form=('skew', 8, 1), z=0.0, grad=('linear', 1.5325267954495436, 29.125284921814327)
+++ Source 'observed-H2C18O' added
 |- Component added to 'observed-H2C18O' (observed-H2C18O-c1)
 ---+ Model: mol_list = ['H2C18O'] @ spa_form=('normal', 142.857200928985, 89.18372089148326, 2.9096261395002814), spe_form=('skew', 8, 1), z=0.0, grad=('linear', 2.9096261395002814, 142.95375832109738)
[*] Generating cube observerd
  |- Angular Coordinates (deg): ra=0 dec=0
  |- FOV (arcsec): ra=[-0.002777777777777778, 0.002777777777777778] dec=[-0.002777777777777778, 0.002777777777777778]
!!! WARNING: max ALMA bandwidth exceeded
  |- Spectral (MHz): center=277000 bandwidth=[275000.0, 279000.0]
  |- Cube size: 2 x 2 x 4000 
  |- Band: 7
*** Source: observed-OS18O
  |- Projecting observed-OS18O-c1
   --+ Generating template image
   --+ Generating template line distribution
   --+ Loading and correcting lines
      |- Projecting Sulfur Dioxide (OS18O) around 275207.6031 Mhz, at 0.329265034762 K
      |- Projecting Sulfur Dioxide (OS18O) around 275282.0764 Mhz, at 0.610141930618 K
      |- Projecting Sulfur Dioxide (OS18O) around 275454.6038 Mhz, at 0.274398840405 K
      |- Projecting Sulfur Dioxide (OS18O) around 275552.9984 Mhz, at 0.756925275028 K
      |- Projecting Sulfur Dioxide (OS18O) around 275646.3336 Mhz, at 0.135331641539 K
      |- Projecting Sulfur Dioxide (OS18O) around 276002.289 Mhz, at 0.798893413171 K
      |- Projecting Sulfur Dioxide (OS18O) around 276274.7786 Mhz, at 0.490324885607 K
      |- Projecting Sulfur Dioxide (OS18O) around 276277.2242 Mhz, at 0.323605453158 K
      |- Projecting Sulfur Dioxide (OS18O) around 277080.9497 Mhz, at 0.53111273371 K
      |- Projecting Sulfur Dioxide (OS18O) around 277088.3147 Mhz, at 0.531112202598 K
      |- Projecting Sulfur Dioxide (OS18O) around 278393.6459 Mhz, at 0.365767213824 K
*** Source: observed-H2C18O
  |- Projecting observed-H2C18O-c1
   --+ Generating template image
   --+ Generating template line distribution
   --+ Loading and correcting lines
      |- Projecting Formaldehyde (H2C18O) around 277062.652 Mhz, at 0.539297954535 K
      |- Projecting Formaldehyde (H2C18O) around 277562.802 Mhz, at 0.631736478539 K
      |- Projecting Formaldehyde (H2C18O) around 277675.2025 Mhz, at 0.769726258236 K
      |- Projecting Formaldehyde (H2C18O) around 277678.1029 Mhz, at 0.769726258236 K
      |- Projecting Formaldehyde (H2C18O) around 277853.3599 Mhz, at 0.3900059165 K
      |- Projecting Formaldehyde (H2C18O) around 278145.446 Mhz, at 0.631765876027 K
*** Source: observed-34SO2v=0
  |- Projecting observed-34SO2v=0-c1
   --+ Generating template image
   --+ Generating template line distribution
   --+ Loading and correcting lines
      |- Projecting Sulfur Dioxide (34SO2v=0) around 275434.2181 Mhz, at 1.28525724842 K
      |- Projecting Sulfur Dioxide (34SO2v=0) around 276483.977 Mhz, at 1.08081255605 K
      |- Projecting Sulfur Dioxide (34SO2v=0) around 276999.6054 Mhz, at 0.568976483613 K
      |- Projecting Sulfur Dioxide (34SO2v=0) around 277150.575 Mhz, at 0.634837146595 K
      |- Projecting Sulfur Dioxide (34SO2v=0) around 277470.0761 Mhz, at 0.340026822412 K
      |- Projecting Sulfur Dioxide (34SO2v=0) around 277475.9774 Mhz, at 0.166091250192 K
      |- Projecting Sulfur Dioxide (34SO2v=0) around 278835.2175 Mhz, at 0.712624027453 K
*** Source: observed-H2C34S
  |- Projecting observed-H2C34S-c1
   --+ Generating template image
   --+ Generating template line distribution
   --+ Loading and correcting lines
      |- Projecting Thioformaldehyde (H2C34S) around 277295.9149 Mhz, at 1.18671049268 K
*** Source: observed-OS17O
  |- Projecting observed-OS17O-c1
   --+ Generating template image
   --+ Generating template line distribution
   --+ Loading and correcting lines
      |- Projecting Sulfur Dioxide (OS17O) around 275054.7862 Mhz, at 0.173886591727 K
      |- Projecting Sulfur Dioxide (OS17O) around 275142.6319 Mhz, at 0.21624589905 K
      |- Projecting Sulfur Dioxide (OS17O) around 275151.3474 Mhz, at 0.216245581889 K
      |- Projecting Sulfur Dioxide (OS17O) around 275431.4561 Mhz, at 0.189987797871 K
      |- Projecting Sulfur Dioxide (OS17O) around 276201.24 Mhz, at 0.127898593932 K
      |- Projecting Sulfur Dioxide (OS17O) around 277061.5867 Mhz, at 0.161021454687 K
      |- Projecting Sulfur Dioxide (OS17O) around 277365.4535 Mhz, at 0.20002657813 K
*** Source: observed-CH3OHvt=0
  |- Projecting observed-CH3OHvt=0-c1
   --+ Generating template image
   --+ Generating template line distribution
   --+ Loading and correcting lines
      |- Projecting Methanol (CH3OHvt=0) around 275663.705 Mhz, at 0.149043482566 K
      |- Projecting Methanol (CH3OHvt=0) around 276648.18 Mhz, at 0.907072541035 K
      |- Projecting Methanol (CH3OHvt=0) around 276925.919 Mhz, at 0.655017940939 K
      |- Projecting Methanol (CH3OHvt=0) around 277940.773 Mhz, at 0.291125571907 K
      |- Projecting Methanol (CH3OHvt=0) around 278186.616 Mhz, at 0.291136741639 K
      |- Projecting Methanol (CH3OHvt=0) around 278304.51 Mhz, at 0.473784539028 K
      |- Projecting Methanol (CH3OHvt=0) around 278342.257 Mhz, at 0.366398458634 K
      |- Projecting Methanol (CH3OHvt=0) around 278480.23 Mhz, at 0.405829366894 K
      |- Projecting Methanol (CH3OHvt=0) around 278599.055 Mhz, at 0.855015039927 K
      |- Projecting Methanol (CH3OHvt=0) around 278672.92 Mhz, at 0.446499490554 K
      |- Projecting Methanol (CH3OHvt=0) around 278723.25 Mhz, at 0.44650377697 K
      |- Projecting Methanol (CH3OHvt=0) around 278965.129 Mhz, at 0.228130300547 K
*** Source: observed-SO2v=0
  |- Projecting observed-SO2v=0-c1
   --+ Generating template image
   --+ Generating template line distribution
   --+ Loading and correcting lines
      |- Projecting Sulfur dioxide (SO2v=0) around 275240.184 Mhz, at 0.46497529701 K
      |- Projecting Sulfur dioxide (SO2v=0) around 275375.7013 Mhz, at 0.219821278585 K
      |- Projecting Sulfur dioxide (SO2v=0) around 276254.5765 Mhz, at 0.46029016287 K
      |- Projecting Sulfur dioxide (SO2v=0) around 276558.3672 Mhz, at 0.177989396709 K
      |- Projecting Sulfur dioxide (SO2v=0) around 278250.9723 Mhz, at 0.798162262144 K
   -++ Saving FITS: data-skew/cube_variable_width_96.fits
