+++ Source 'observed-33SO2' added
 |- Component added to 'observed-33SO2' (observed-33SO2-c1)
 ---+ Model: mol_list = ['33SO2'] @ spa_form=('normal', 123.38879776998509, 54.93182398639217, 2.567278476260844), spe_form=('skew', 8, 1), z=0.0, grad=('linear', 2.567278476260844, 32.80065779227117)
+++ Source 'observed-34SO2v=0' added
 |- Component added to 'observed-34SO2v=0' (observed-34SO2v=0-c1)
 ---+ Model: mol_list = ['34SO2v=0'] @ spa_form=('normal', 60.3909667968675, 51.67884912935108, 1.9066609653822655), spe_form=('skew', 8, 1), z=0.0, grad=('linear', 1.9066609653822655, 27.017232216926757)
+++ Source 'observed-SO2v2=1' added
 |- Component added to 'observed-SO2v2=1' (observed-SO2v2=1-c1)
 ---+ Model: mol_list = ['SO2v2=1'] @ spa_form=('normal', 108.57264725059721, 53.04853053702818, 1.1072840842748126), spe_form=('skew', 8, 1), z=0.0, grad=('linear', 1.1072840842748126, 44.73583062459899)
+++ Source 'observed-OS17O' added
 |- Component added to 'observed-OS17O' (observed-OS17O-c1)
 ---+ Model: mol_list = ['OS17O'] @ spa_form=('normal', 123.3563780990776, 47.056522296062816, 1.6670916029318776), spe_form=('skew', 8, 1), z=0.0, grad=('linear', 1.6670916029318776, 65.33753317473824)
+++ Source 'observed-HC15Nv=0' added
 |- Component added to 'observed-HC15Nv=0' (observed-HC15Nv=0-c1)
 ---+ Model: mol_list = ['HC15Nv=0'] @ spa_form=('normal', 136.06110677965825, 45.55941067260528, 3.0971190085367355), spe_form=('skew', 8, 1), z=0.0, grad=('linear', 3.0971190085367355, 115.5059704283362)
+++ Source 'observed-H213CS' added
 |- Component added to 'observed-H213CS' (observed-H213CS-c1)
 ---+ Model: mol_list = ['H213CS'] @ spa_form=('normal', 125.18040251831665, 48.09649495990808, 1.216359109498666), spe_form=('skew', 8, 1), z=0.0, grad=('linear', 1.216359109498666, 104.18866349691696)
+++ Source 'observed-H2C18O' added
 |- Component added to 'observed-H2C18O' (observed-H2C18O-c1)
 ---+ Model: mol_list = ['H2C18O'] @ spa_form=('normal', 69.94147471148109, 73.10703809315342, 3.084224549451108), spe_form=('skew', 8, 1), z=0.0, grad=('linear', 3.084224549451108, 98.3870869443384)
[*] Generating cube observerd
  |- Angular Coordinates (deg): ra=0 dec=0
  |- FOV (arcsec): ra=[-0.002777777777777778, 0.002777777777777778] dec=[-0.002777777777777778, 0.002777777777777778]
!!! WARNING: max ALMA bandwidth exceeded
  |- Spectral (MHz): center=277000 bandwidth=[275000.0, 279000.0]
  |- Cube size: 2 x 2 x 4000 
  |- Band: 7
*** Source: observed-H2C18O
  |- Projecting observed-H2C18O-c1
   --+ Generating template image
   --+ Generating template line distribution
   --+ Loading and correcting lines
      |- Projecting Formaldehyde (H2C18O) around 277062.652 Mhz, at 0.388933429505 K
      |- Projecting Formaldehyde (H2C18O) around 277562.802 Mhz, at 0.455598678013 K
      |- Projecting Formaldehyde (H2C18O) around 277675.2025 Mhz, at 0.555114794852 K
      |- Projecting Formaldehyde (H2C18O) around 277678.1029 Mhz, at 0.555114794852 K
      |- Projecting Formaldehyde (H2C18O) around 277853.3599 Mhz, at 0.281266296963 K
      |- Projecting Formaldehyde (H2C18O) around 278145.446 Mhz, at 0.455619879031 K
*** Source: observed-H213CS
  |- Projecting observed-H213CS-c1
   --+ Generating template image
   --+ Generating template line distribution
   --+ Loading and correcting lines
*** Source: observed-OS17O
  |- Projecting observed-OS17O-c1
   --+ Generating template image
   --+ Generating template line distribution
   --+ Loading and correcting lines
      |- Projecting Sulfur Dioxide (OS17O) around 275054.7862 Mhz, at 0.23815850453 K
      |- Projecting Sulfur Dioxide (OS17O) around 275142.6319 Mhz, at 0.296174647034 K
      |- Projecting Sulfur Dioxide (OS17O) around 275151.3474 Mhz, at 0.296174212644 K
      |- Projecting Sulfur Dioxide (OS17O) around 275431.4561 Mhz, at 0.260211033931 K
      |- Projecting Sulfur Dioxide (OS17O) around 276201.24 Mhz, at 0.175172436012 K
      |- Projecting Sulfur Dioxide (OS17O) around 277061.5867 Mhz, at 0.220538159181 K
      |- Projecting Sulfur Dioxide (OS17O) around 277365.4535 Mhz, at 0.273960345307 K
*** Source: observed-33SO2
  |- Projecting observed-33SO2-c1
   --+ Generating template image
   --+ Generating template line distribution
   --+ Loading and correcting lines
      |- Projecting Sulfur Dioxide (33SO2) around 275828.2515 Mhz, at 0.382987056691 K
      |- Projecting Sulfur Dioxide (33SO2) around 275828.3672 Mhz, at 0.382987056691 K
      |- Projecting Sulfur Dioxide (33SO2) around 275831.1722 Mhz, at 0.382987056691 K
      |- Projecting Sulfur Dioxide (33SO2) around 275831.2604 Mhz, at 0.382987235418 K
*** Source: observed-34SO2v=0
  |- Projecting observed-34SO2v=0-c1
   --+ Generating template image
   --+ Generating template line distribution
   --+ Loading and correcting lines
      |- Projecting Sulfur Dioxide (34SO2v=0) around 275434.2181 Mhz, at 0.467582599782 K
      |- Projecting Sulfur Dioxide (34SO2v=0) around 276483.977 Mhz, at 0.393204664248 K
      |- Projecting Sulfur Dioxide (34SO2v=0) around 276999.6054 Mhz, at 0.206996306576 K
      |- Projecting Sulfur Dioxide (34SO2v=0) around 277150.575 Mhz, at 0.230956723885 K
      |- Projecting Sulfur Dioxide (34SO2v=0) around 277470.0761 Mhz, at 0.123703348738 K
      |- Projecting Sulfur Dioxide (34SO2v=0) around 278835.2175 Mhz, at 0.259255955051 K
*** Source: observed-HC15Nv=0
  |- Projecting observed-HC15Nv=0-c1
   --+ Generating template image
   --+ Generating template line distribution
   --+ Loading and correcting lines
*** Source: observed-SO2v2=1
  |- Projecting observed-SO2v2=1-c1
   --+ Generating template image
   --+ Generating template line distribution
   --+ Loading and correcting lines
      |- Projecting Sulfur dioxide (SO2v2=1) around 275061.7269 Mhz, at 0.165532100777 K
      |- Projecting Sulfur dioxide (SO2v2=1) around 278755.1244 Mhz, at 0.132328293257 K
      |- Projecting Sulfur dioxide (SO2v2=1) around 278849.6017 Mhz, at 0.154324686741 K
   -++ Saving FITS: data-skew/cube_fixed_width_73.fits
