+++ Source 'observed-CH3OHvt=0' added
 |- Component added to 'observed-CH3OHvt=0' (observed-CH3OHvt=0-c1)
 ---+ Model: mol_list = ['CH3OHvt=0'] @ spa_form=('normal', 99.5698235294202, 54.275853698956034, 2.7742240829778857), spe_form=('skew', 8, 1), z=0.0, grad=('linear', 2.7742240829778857, 146.71675170227493)
+++ Source 'observed-SO2v=0' added
 |- Component added to 'observed-SO2v=0' (observed-SO2v=0-c1)
 ---+ Model: mol_list = ['SO2v=0'] @ spa_form=('normal', 126.12838086913331, 77.55832795174524, 2.248919276072518), spe_form=('skew', 8, 1), z=0.0, grad=('linear', 2.248919276072518, 142.88353944088294)
+++ Source 'observed-34SO2v=0' added
 |- Component added to 'observed-34SO2v=0' (observed-34SO2v=0-c1)
 ---+ Model: mol_list = ['34SO2v=0'] @ spa_form=('normal', 75.60484336570033, 68.41898175212744, 2.9083438866604996), spe_form=('skew', 8, 1), z=0.0, grad=('linear', 2.9083438866604996, 92.78416060017219)
+++ Source 'observed-SO2v2=1' added
 |- Component added to 'observed-SO2v2=1' (observed-SO2v2=1-c1)
 ---+ Model: mol_list = ['SO2v2=1'] @ spa_form=('normal', 134.96019988786867, 99.99639436160552, 1.2078030183946746), spe_form=('skew', 8, 1), z=0.0, grad=('linear', 1.2078030183946746, 65.53469912857886)
+++ Source 'observed-OS18O' added
 |- Component added to 'observed-OS18O' (observed-OS18O-c1)
 ---+ Model: mol_list = ['OS18O'] @ spa_form=('normal', 127.64580765551354, 94.96872242943604, 2.1280469399674393), spe_form=('skew', 8, 1), z=0.0, grad=('linear', 2.1280469399674393, 102.45964117415475)
+++ Source 'observed-OS17O' added
 |- Component added to 'observed-OS17O' (observed-OS17O-c1)
 ---+ Model: mol_list = ['OS17O'] @ spa_form=('normal', 89.07560039747221, 45.55352111298425, 1.299216654421698), spe_form=('skew', 8, 1), z=0.0, grad=('linear', 1.299216654421698, 85.17106449041113)
+++ Source 'observed-HC15Nv=0' added
 |- Component added to 'observed-HC15Nv=0' (observed-HC15Nv=0-c1)
 ---+ Model: mol_list = ['HC15Nv=0'] @ spa_form=('normal', 70.3328972698396, 68.71047203659852, 0.6095970191146454), spe_form=('skew', 8, 1), z=0.0, grad=('linear', 0.6095970191146454, 140.6363882891541)
+++ Source 'observed-H13CNv2=1' added
 |- Component added to 'observed-H13CNv2=1' (observed-H13CNv2=1-c1)
 ---+ Model: mol_list = ['H13CNv2=1'] @ spa_form=('normal', 76.39884231573953, 77.87532239457506, 2.3505600396358517), spe_form=('skew', 8, 1), z=0.0, grad=('linear', 2.3505600396358517, 39.605901254656175)
+++ Source 'observed-H13CNv=0' added
 |- Component added to 'observed-H13CNv=0' (observed-H13CNv=0-c1)
 ---+ Model: mol_list = ['H13CNv=0'] @ spa_form=('normal', 73.88591728025465, 86.16903538833469, 1.104789167667783), spe_form=('skew', 8, 1), z=0.0, grad=('linear', 1.104789167667783, 53.828470250500786)
+++ Source 'observed-H213CS' added
 |- Component added to 'observed-H213CS' (observed-H213CS-c1)
 ---+ Model: mol_list = ['H213CS'] @ spa_form=('normal', 119.26498925657339, 57.08805505058336, 0.5184891790625411), spe_form=('skew', 8, 1), z=0.0, grad=('linear', 0.5184891790625411, 125.00527689828061)
+++ Source 'observed-H2C34S' added
 |- Component added to 'observed-H2C34S' (observed-H2C34S-c1)
 ---+ Model: mol_list = ['H2C34S'] @ spa_form=('normal', 131.8980530988661, 84.91292815272291, 0.5598440013382874), spe_form=('skew', 8, 1), z=0.0, grad=('linear', 0.5598440013382874, 84.83254624202782)
+++ Source 'observed-H213CO' added
 |- Component added to 'observed-H213CO' (observed-H213CO-c1)
 ---+ Model: mol_list = ['H213CO'] @ spa_form=('normal', 105.41400585925444, 52.10850340195195, 0.6900893176837767), spe_form=('skew', 8, 1), z=0.0, grad=('linear', 0.6900893176837767, 131.47816203428468)
[*] Generating cube observerd
  |- Angular Coordinates (deg): ra=0 dec=0
  |- FOV (arcsec): ra=[-0.002777777777777778, 0.002777777777777778] dec=[-0.002777777777777778, 0.002777777777777778]
!!! WARNING: max ALMA bandwidth exceeded
  |- Spectral (MHz): center=277000 bandwidth=[275000.0, 279000.0]
  |- Cube size: 2 x 2 x 4000 
  |- Band: 7
*** Source: observed-OS18O
  |- Projecting observed-OS18O-c1
   --+ Generating template image
   --+ Generating template line distribution
   --+ Loading and correcting lines
      |- Projecting Sulfur Dioxide (OS18O) around 275207.6031 Mhz, at 0.800433146125 K
      |- Projecting Sulfur Dioxide (OS18O) around 275282.0764 Mhz, at 1.48323621869 K
      |- Projecting Sulfur Dioxide (OS18O) around 275454.6038 Mhz, at 0.667055119524 K
      |- Projecting Sulfur Dioxide (OS18O) around 275552.9984 Mhz, at 1.84006200266 K
      |- Projecting Sulfur Dioxide (OS18O) around 275646.3336 Mhz, at 0.328987047427 K
      |- Projecting Sulfur Dioxide (OS18O) around 276002.289 Mhz, at 1.94208525234 K
      |- Projecting Sulfur Dioxide (OS18O) around 276274.7786 Mhz, at 1.19196467701 K
      |- Projecting Sulfur Dioxide (OS18O) around 276277.2242 Mhz, at 0.786674877766 K
      |- Projecting Sulfur Dioxide (OS18O) around 276567.9332 Mhz, at 0.14927113453 K
      |- Projecting Sulfur Dioxide (OS18O) around 276568.1446 Mhz, at 0.14927113453 K
      |- Projecting Sulfur Dioxide (OS18O) around 277080.9497 Mhz, at 1.29111867799 K
      |- Projecting Sulfur Dioxide (OS18O) around 277088.3147 Mhz, at 1.29111738687 K
      |- Projecting Sulfur Dioxide (OS18O) around 278393.6459 Mhz, at 0.889168817825 K
*** Source: observed-H13CNv=0
  |- Projecting observed-H13CNv=0-c1
   --+ Generating template image
   --+ Generating template line distribution
   --+ Loading and correcting lines
*** Source: observed-H213CS
  |- Projecting observed-H213CS-c1
   --+ Generating template image
   --+ Generating template line distribution
   --+ Loading and correcting lines
*** Source: observed-H13CNv2=1
  |- Projecting observed-H13CNv2=1-c1
   --+ Generating template image
   --+ Generating template line distribution
   --+ Loading and correcting lines
*** Source: observed-34SO2v=0
  |- Projecting observed-34SO2v=0-c1
   --+ Generating template image
   --+ Generating template line distribution
   --+ Loading and correcting lines
      |- Projecting Sulfur Dioxide (34SO2v=0) around 275434.2181 Mhz, at 1.37521461303 K
      |- Projecting Sulfur Dioxide (34SO2v=0) around 276483.977 Mhz, at 1.15646048514 K
      |- Projecting Sulfur Dioxide (34SO2v=0) around 276999.6054 Mhz, at 0.608800125967 K
      |- Projecting Sulfur Dioxide (34SO2v=0) around 277150.575 Mhz, at 0.679270489988 K
      |- Projecting Sulfur Dioxide (34SO2v=0) around 277470.0761 Mhz, at 0.363825884335 K
      |- Projecting Sulfur Dioxide (34SO2v=0) around 277475.9774 Mhz, at 0.177716262361 K
      |- Projecting Sulfur Dioxide (34SO2v=0) around 278835.2175 Mhz, at 0.76250180838 K
*** Source: observed-OS17O
  |- Projecting observed-OS17O-c1
   --+ Generating template image
   --+ Generating template line distribution
   --+ Loading and correcting lines
      |- Projecting Sulfur Dioxide (OS17O) around 275054.7862 Mhz, at 0.200130665691 K
      |- Projecting Sulfur Dioxide (OS17O) around 275142.6319 Mhz, at 0.248883109963 K
      |- Projecting Sulfur Dioxide (OS17O) around 275151.3474 Mhz, at 0.248882744935 K
      |- Projecting Sulfur Dioxide (OS17O) around 275431.4561 Mhz, at 0.218661968606 K
      |- Projecting Sulfur Dioxide (OS17O) around 276201.24 Mhz, at 0.147201865828 K
      |- Projecting Sulfur Dioxide (OS17O) around 277061.5867 Mhz, at 0.18532384008 K
      |- Projecting Sulfur Dioxide (OS17O) around 277365.4535 Mhz, at 0.230215865637 K
*** Source: observed-CH3OHvt=0
  |- Projecting observed-CH3OHvt=0-c1
   --+ Generating template image
   --+ Generating template line distribution
   --+ Loading and correcting lines
      |- Projecting Methanol (CH3OHvt=0) around 275663.705 Mhz, at 0.190497685558 K
      |- Projecting Methanol (CH3OHvt=0) around 276648.18 Mhz, at 1.15936112553 K
      |- Projecting Methanol (CH3OHvt=0) around 276925.919 Mhz, at 0.837201329434 K
      |- Projecting Methanol (CH3OHvt=0) around 277940.773 Mhz, at 0.372097771067 K
      |- Projecting Methanol (CH3OHvt=0) around 278186.616 Mhz, at 0.372112047492 K
      |- Projecting Methanol (CH3OHvt=0) around 278304.51 Mhz, at 0.605560582618 K
      |- Projecting Methanol (CH3OHvt=0) around 278342.257 Mhz, at 0.468306679099 K
      |- Projecting Methanol (CH3OHvt=0) around 278480.23 Mhz, at 0.518704701432 K
      |- Projecting Methanol (CH3OHvt=0) around 278599.055 Mhz, at 1.09282461346 K
      |- Projecting Methanol (CH3OHvt=0) around 278672.92 Mhz, at 0.57068660829 K
      |- Projecting Methanol (CH3OHvt=0) around 278723.25 Mhz, at 0.570692086908 K
      |- Projecting Methanol (CH3OHvt=0) around 278965.129 Mhz, at 0.291581312457 K
*** Source: observed-HC15Nv=0
  |- Projecting observed-HC15Nv=0-c1
   --+ Generating template image
   --+ Generating template line distribution
   --+ Loading and correcting lines
*** Source: observed-SO2v2=1
  |- Projecting observed-SO2v2=1-c1
   --+ Generating template image
   --+ Generating template line distribution
   --+ Loading and correcting lines
      |- Projecting Sulfur dioxide (SO2v2=1) around 275061.7269 Mhz, at 0.251456210883 K
      |- Projecting Sulfur dioxide (SO2v2=1) around 278755.1244 Mhz, at 0.201017029681 K
      |- Projecting Sulfur dioxide (SO2v2=1) around 278849.6017 Mhz, at 0.23443127219 K
*** Source: observed-H2C34S
  |- Projecting observed-H2C34S-c1
   --+ Generating template image
   --+ Generating template line distribution
   --+ Loading and correcting lines
      |- Projecting Thioformaldehyde (H2C34S) around 277295.9149 Mhz, at 0.382736142952 K
*** Source: observed-H213CO
  |- Projecting observed-H213CO-c1
   --+ Generating template image
   --+ Generating template line distribution
   --+ Loading and correcting lines
*** Source: observed-SO2v=0
  |- Projecting observed-SO2v=0-c1
   --+ Generating template image
   --+ Generating template line distribution
   --+ Loading and correcting lines
      |- Projecting Sulfur dioxide (SO2v=0) around 275240.184 Mhz, at 0.6354050523 K
      |- Projecting Sulfur dioxide (SO2v=0) around 275375.7013 Mhz, at 0.300393487383 K
      |- Projecting Sulfur dioxide (SO2v=0) around 276254.5765 Mhz, at 0.629002652166 K
      |- Projecting Sulfur dioxide (SO2v=0) around 276558.3672 Mhz, at 0.243228753553 K
      |- Projecting Sulfur dioxide (SO2v=0) around 278250.9723 Mhz, at 1.09071672664 K
   -++ Saving FITS: data-skew/cube_fixed_width_55.fits
