+++ Source 'observed-SO2v=0' added
 |- Component added to 'observed-SO2v=0' (observed-SO2v=0-c1)
 ---+ Model: mol_list = ['SO2v=0'] @ spa_form=('normal', 78.74356673294581, 91.96867108477186, 0.0546364330711207), spe_form=('skew', 8, 1), z=0.0, grad=('linear', 0.0546364330711207, 143.58842355164643)
+++ Source 'observed-33SO2' added
 |- Component added to 'observed-33SO2' (observed-33SO2-c1)
 ---+ Model: mol_list = ['33SO2'] @ spa_form=('normal', 66.10888603204207, 66.77473154689616, 1.74128946797731), spe_form=('skew', 8, 1), z=0.0, grad=('linear', 1.74128946797731, 139.32490619920128)
+++ Source 'observed-SO2v2=1' added
 |- Component added to 'observed-SO2v2=1' (observed-SO2v2=1-c1)
 ---+ Model: mol_list = ['SO2v2=1'] @ spa_form=('normal', 60.33584860070409, 87.2891037923749, 2.906151080846765), spe_form=('skew', 8, 1), z=0.0, grad=('linear', 2.906151080846765, 83.26967577658343)
+++ Source 'observed-H13CNv2=1' added
 |- Component added to 'observed-H13CNv2=1' (observed-H13CNv2=1-c1)
 ---+ Model: mol_list = ['H13CNv2=1'] @ spa_form=('normal', 110.46717991025547, 63.65710708815545, 0.8727181703595503), spe_form=('skew', 8, 1), z=0.0, grad=('linear', 0.8727181703595503, 68.5324832436447)
+++ Source 'observed-H2C34S' added
 |- Component added to 'observed-H2C34S' (observed-H2C34S-c1)
 ---+ Model: mol_list = ['H2C34S'] @ spa_form=('normal', 107.460219076258, 75.43989374368786, 0.19621374615467313), spe_form=('skew', 8, 1), z=0.0, grad=('linear', 0.19621374615467313, 112.78168475656037)
+++ Source 'observed-H2C18O' added
 |- Component added to 'observed-H2C18O' (observed-H2C18O-c1)
 ---+ Model: mol_list = ['H2C18O'] @ spa_form=('normal', 93.47324290780816, 52.2705403611437, 3.0706143502375647), spe_form=('skew', 8, 1), z=0.0, grad=('linear', 3.0706143502375647, 141.71512337443426)
+++ Source 'observed-H213CO' added
 |- Component added to 'observed-H213CO' (observed-H213CO-c1)
 ---+ Model: mol_list = ['H213CO'] @ spa_form=('normal', 134.54872344201357, 60.22805076760034, 1.4071630770859327), spe_form=('skew', 8, 1), z=0.0, grad=('linear', 1.4071630770859327, 139.8551365145894)
[*] Generating cube observerd
  |- Angular Coordinates (deg): ra=0 dec=0
  |- FOV (arcsec): ra=[-0.002777777777777778, 0.002777777777777778] dec=[-0.002777777777777778, 0.002777777777777778]
!!! WARNING: max ALMA bandwidth exceeded
  |- Spectral (MHz): center=277000 bandwidth=[275000.0, 279000.0]
  |- Cube size: 2 x 2 x 4000 
  |- Band: 7
*** Source: observed-H2C18O
  |- Projecting observed-H2C18O-c1
   --+ Generating template image
   --+ Generating template line distribution
   --+ Loading and correcting lines
      |- Projecting Formaldehyde (H2C18O) around 277062.652 Mhz, at 0.740171103514 K
      |- Projecting Formaldehyde (H2C18O) around 277562.802 Mhz, at 0.867040348508 K
      |- Projecting Formaldehyde (H2C18O) around 277675.2025 Mhz, at 1.05642739634 K
      |- Projecting Formaldehyde (H2C18O) around 277678.1029 Mhz, at 1.05642739634 K
      |- Projecting Formaldehyde (H2C18O) around 277853.3599 Mhz, at 0.535272027578 K
      |- Projecting Formaldehyde (H2C18O) around 278145.446 Mhz, at 0.867080695724 K
*** Source: observed-H13CNv2=1
  |- Projecting observed-H13CNv2=1-c1
   --+ Generating template image
   --+ Generating template line distribution
   --+ Loading and correcting lines
*** Source: observed-H2C34S
  |- Projecting observed-H2C34S-c1
   --+ Generating template image
   --+ Generating template line distribution
   --+ Loading and correcting lines
      |- Projecting Thioformaldehyde (H2C34S) around 277295.9149 Mhz, at 0.452108699134 K
*** Source: observed-33SO2
  |- Projecting observed-33SO2-c1
   --+ Generating template image
   --+ Generating template line distribution
   --+ Loading and correcting lines
      |- Projecting Sulfur Dioxide (33SO2) around 275160.7805 Mhz, at 0.16952023515 K
      |- Projecting Sulfur Dioxide (33SO2) around 275160.8324 Mhz, at 0.16952023515 K
      |- Projecting Sulfur Dioxide (33SO2) around 275160.9909 Mhz, at 0.169520314259 K
      |- Projecting Sulfur Dioxide (33SO2) around 275161.0124 Mhz, at 0.169520314259 K
      |- Projecting Sulfur Dioxide (33SO2) around 275828.2515 Mhz, at 0.724697264259 K
      |- Projecting Sulfur Dioxide (33SO2) around 275828.3672 Mhz, at 0.724697264259 K
      |- Projecting Sulfur Dioxide (33SO2) around 275831.1722 Mhz, at 0.724697264259 K
      |- Projecting Sulfur Dioxide (33SO2) around 275831.2604 Mhz, at 0.724697602452 K
      |- Projecting Sulfur Dioxide (33SO2) around 276035.3021 Mhz, at 0.198878098719 K
      |- Projecting Sulfur Dioxide (33SO2) around 276035.3702 Mhz, at 0.198878098719 K
      |- Projecting Sulfur Dioxide (33SO2) around 276037.6419 Mhz, at 0.19887799928 K
      |- Projecting Sulfur Dioxide (33SO2) around 276037.6851 Mhz, at 0.198878098719 K
*** Source: observed-SO2v2=1
  |- Projecting observed-SO2v2=1-c1
   --+ Generating template image
   --+ Generating template line distribution
   --+ Loading and correcting lines
*** Source: observed-H213CO
  |- Projecting observed-H213CO-c1
   --+ Generating template image
   --+ Generating template line distribution
   --+ Loading and correcting lines
*** Source: observed-SO2v=0
  |- Projecting observed-SO2v=0-c1
   --+ Generating template image
   --+ Generating template line distribution
   --+ Loading and correcting lines
      |- Projecting Sulfur dioxide (SO2v=0) around 275240.184 Mhz, at 0.527714631911 K
      |- Projecting Sulfur dioxide (SO2v=0) around 275375.7013 Mhz, at 0.249481866802 K
      |- Projecting Sulfur dioxide (SO2v=0) around 276254.5765 Mhz, at 0.522397330424 K
      |- Projecting Sulfur dioxide (SO2v=0) around 276558.3672 Mhz, at 0.202005589485 K
      |- Projecting Sulfur dioxide (SO2v=0) around 278250.9723 Mhz, at 0.905858670516 K
   -++ Saving FITS: data-skew/cube_variable_width_77.fits
