+++ Source 'observed-CH3OHvt=0' added
 |- Component added to 'observed-CH3OHvt=0' (observed-CH3OHvt=0-c1)
 ---+ Model: mol_list = ['CH3OHvt=0'] @ spa_form=('normal', 104.77291691066688, 49.99174196004519, 0.02221422208124518), spe_form=('skew', 8, 1), z=0.0, grad=('linear', 0.02221422208124518, 134.9333735780116)
+++ Source 'observed-SO2v=0' added
 |- Component added to 'observed-SO2v=0' (observed-SO2v=0-c1)
 ---+ Model: mol_list = ['SO2v=0'] @ spa_form=('normal', 146.3032138504435, 53.12550011313183, 1.397332693041754), spe_form=('skew', 8, 1), z=0.0, grad=('linear', 1.397332693041754, 130.6165568841467)
+++ Source 'observed-33SO2' added
 |- Component added to 'observed-33SO2' (observed-33SO2-c1)
 ---+ Model: mol_list = ['33SO2'] @ spa_form=('normal', 84.4286815653488, 89.78846961338607, 0.4880982352735764), spe_form=('skew', 8, 1), z=0.0, grad=('linear', 0.4880982352735764, 85.9493090882701)
+++ Source 'observed-34SO2v=0' added
 |- Component added to 'observed-34SO2v=0' (observed-34SO2v=0-c1)
 ---+ Model: mol_list = ['34SO2v=0'] @ spa_form=('normal', 109.0419102953115, 66.48342728918416, 1.9424201710309719), spe_form=('skew', 8, 1), z=0.0, grad=('linear', 1.9424201710309719, 31.865670583515747)
+++ Source 'observed-SO2v2=1' added
 |- Component added to 'observed-SO2v2=1' (observed-SO2v2=1-c1)
 ---+ Model: mol_list = ['SO2v2=1'] @ spa_form=('normal', 135.09777622824913, 88.43556823925218, 2.600005812551986), spe_form=('skew', 8, 1), z=0.0, grad=('linear', 2.600005812551986, 23.176256089281097)
+++ Source 'observed-OS17O' added
 |- Component added to 'observed-OS17O' (observed-OS17O-c1)
 ---+ Model: mol_list = ['OS17O'] @ spa_form=('normal', 54.0026286423912, 72.90806760768206, 2.6745926902191877), spe_form=('skew', 8, 1), z=0.0, grad=('linear', 2.6745926902191877, 95.36286152755306)
+++ Source 'observed-HC15Nv=0' added
 |- Component added to 'observed-HC15Nv=0' (observed-HC15Nv=0-c1)
 ---+ Model: mol_list = ['HC15Nv=0'] @ spa_form=('normal', 143.68778970629342, 46.109797617840265, 1.2390368164157386), spe_form=('skew', 8, 1), z=0.0, grad=('linear', 1.2390368164157386, 55.70002813184156)
+++ Source 'observed-H13CNv=0' added
 |- Component added to 'observed-H13CNv=0' (observed-H13CNv=0-c1)
 ---+ Model: mol_list = ['H13CNv=0'] @ spa_form=('normal', 121.98086141993309, 87.28584539421442, 2.2445516383054795), spe_form=('skew', 8, 1), z=0.0, grad=('linear', 2.2445516383054795, 84.96492754932508)
+++ Source 'observed-H213CS' added
 |- Component added to 'observed-H213CS' (observed-H213CS-c1)
 ---+ Model: mol_list = ['H213CS'] @ spa_form=('normal', 135.3119059235898, 96.86399424907336, 1.5907249634109564), spe_form=('skew', 8, 1), z=0.0, grad=('linear', 1.5907249634109564, 75.92139391188199)
+++ Source 'observed-H2C34S' added
 |- Component added to 'observed-H2C34S' (observed-H2C34S-c1)
 ---+ Model: mol_list = ['H2C34S'] @ spa_form=('normal', 91.76178807804558, 56.46314760301112, 0.7106222255022666), spe_form=('skew', 8, 1), z=0.0, grad=('linear', 0.7106222255022666, 58.66305456660121)
+++ Source 'observed-H2C18O' added
 |- Component added to 'observed-H2C18O' (observed-H2C18O-c1)
 ---+ Model: mol_list = ['H2C18O'] @ spa_form=('normal', 76.90626384203108, 77.1569943204421, 0.8717826322227046), spe_form=('skew', 8, 1), z=0.0, grad=('linear', 0.8717826322227046, 87.46667183142026)
[*] Generating cube observerd
  |- Angular Coordinates (deg): ra=0 dec=0
  |- FOV (arcsec): ra=[-0.002777777777777778, 0.002777777777777778] dec=[-0.002777777777777778, 0.002777777777777778]
!!! WARNING: max ALMA bandwidth exceeded
  |- Spectral (MHz): center=277000 bandwidth=[275000.0, 279000.0]
  |- Cube size: 2 x 2 x 4000 
  |- Band: 7
*** Source: observed-H2C18O
  |- Projecting observed-H2C18O-c1
   --+ Generating template image
   --+ Generating template line distribution
   --+ Loading and correcting lines
*** Source: observed-H213CS
  |- Projecting observed-H213CS-c1
   --+ Generating template image
   --+ Generating template line distribution
   --+ Loading and correcting lines
*** Source: observed-H13CNv=0
  |- Projecting observed-H13CNv=0-c1
   --+ Generating template image
   --+ Generating template line distribution
   --+ Loading and correcting lines
*** Source: observed-34SO2v=0
  |- Projecting observed-34SO2v=0-c1
   --+ Generating template image
   --+ Generating template line distribution
   --+ Loading and correcting lines
      |- Projecting Sulfur Dioxide (34SO2v=0) around 275434.2181 Mhz, at 0.93468551187 K
      |- Projecting Sulfur Dioxide (34SO2v=0) around 276483.977 Mhz, at 0.786005944283 K
      |- Projecting Sulfur Dioxide (34SO2v=0) around 276999.6054 Mhz, at 0.413780257986 K
      |- Projecting Sulfur Dioxide (34SO2v=0) around 277150.575 Mhz, at 0.461676511882 K
      |- Projecting Sulfur Dioxide (34SO2v=0) around 277470.0761 Mhz, at 0.247279791612 K
      |- Projecting Sulfur Dioxide (34SO2v=0) around 277475.9774 Mhz, at 0.120787558595 K
      |- Projecting Sulfur Dioxide (34SO2v=0) around 278835.2175 Mhz, at 0.518245942353 K
*** Source: observed-33SO2
  |- Projecting observed-33SO2-c1
   --+ Generating template image
   --+ Generating template line distribution
   --+ Loading and correcting lines
      |- Projecting Sulfur Dioxide (33SO2) around 275828.2515 Mhz, at 0.49405381894 K
      |- Projecting Sulfur Dioxide (33SO2) around 275828.3672 Mhz, at 0.49405381894 K
      |- Projecting Sulfur Dioxide (33SO2) around 275831.1722 Mhz, at 0.49405381894 K
      |- Projecting Sulfur Dioxide (33SO2) around 275831.2604 Mhz, at 0.494054049499 K
      |- Projecting Sulfur Dioxide (33SO2) around 276035.3021 Mhz, at 0.135582799911 K
      |- Projecting Sulfur Dioxide (33SO2) around 276035.3702 Mhz, at 0.135582799911 K
      |- Projecting Sulfur Dioxide (33SO2) around 276037.6419 Mhz, at 0.135582732119 K
      |- Projecting Sulfur Dioxide (33SO2) around 276037.6851 Mhz, at 0.135582799911 K
*** Source: observed-OS17O
  |- Projecting observed-OS17O-c1
   --+ Generating template image
   --+ Generating template line distribution
   --+ Loading and correcting lines
      |- Projecting Sulfur Dioxide (OS17O) around 275054.7862 Mhz, at 0.874044335062 K
      |- Projecting Sulfur Dioxide (OS17O) around 275142.6319 Mhz, at 1.08696421713 K
      |- Projecting Sulfur Dioxide (OS17O) around 275151.3474 Mhz, at 1.08696262291 K
      |- Projecting Sulfur Dioxide (OS17O) around 275431.4561 Mhz, at 0.954977360883 K
      |- Projecting Sulfur Dioxide (OS17O) around 275846.0173 Mhz, at 0.303884532206 K
      |- Projecting Sulfur Dioxide (OS17O) around 276201.24 Mhz, at 0.642884769775 K
      |- Projecting Sulfur Dioxide (OS17O) around 277061.5867 Mhz, at 0.809377473532 K
      |- Projecting Sulfur Dioxide (OS17O) around 277269.543 Mhz, at 0.142702888729 K
      |- Projecting Sulfur Dioxide (OS17O) around 277365.4535 Mhz, at 1.00543748509 K
*** Source: observed-CH3OHvt=0
  |- Projecting observed-CH3OHvt=0-c1
   --+ Generating template image
   --+ Generating template line distribution
   --+ Loading and correcting lines
      |- Projecting Methanol (CH3OHvt=0) around 276648.18 Mhz, at 0.507914364027 K
      |- Projecting Methanol (CH3OHvt=0) around 276925.919 Mhz, at 0.366776642273 K
      |- Projecting Methanol (CH3OHvt=0) around 277940.773 Mhz, at 0.163015473424 K
      |- Projecting Methanol (CH3OHvt=0) around 278186.616 Mhz, at 0.163021727905 K
      |- Projecting Methanol (CH3OHvt=0) around 278304.51 Mhz, at 0.265295179757 K
      |- Projecting Methanol (CH3OHvt=0) around 278342.257 Mhz, at 0.20516445122 K
      |- Projecting Methanol (CH3OHvt=0) around 278480.23 Mhz, at 0.227243748945 K
      |- Projecting Methanol (CH3OHvt=0) around 278599.055 Mhz, at 0.478764818239 K
      |- Projecting Methanol (CH3OHvt=0) around 278672.92 Mhz, at 0.250016944096 K
      |- Projecting Methanol (CH3OHvt=0) around 278723.25 Mhz, at 0.250019344271 K
      |- Projecting Methanol (CH3OHvt=0) around 278965.129 Mhz, at 0.1277413341 K
*** Source: observed-HC15Nv=0
  |- Projecting observed-HC15Nv=0-c1
   --+ Generating template image
   --+ Generating template line distribution
   --+ Loading and correcting lines
*** Source: observed-SO2v2=1
  |- Projecting observed-SO2v2=1-c1
   --+ Generating template image
   --+ Generating template line distribution
   --+ Loading and correcting lines
      |- Projecting Sulfur dioxide (SO2v2=1) around 275061.7269 Mhz, at 0.236097509679 K
      |- Projecting Sulfur dioxide (SO2v2=1) around 278755.1244 Mhz, at 0.18873910469 K
      |- Projecting Sulfur dioxide (SO2v2=1) around 278849.6017 Mhz, at 0.220112437711 K
*** Source: observed-H2C34S
  |- Projecting observed-H2C34S-c1
   --+ Generating template image
   --+ Generating template line distribution
   --+ Loading and correcting lines
      |- Projecting Thioformaldehyde (H2C34S) around 277295.9149 Mhz, at 0.693471661325 K
*** Source: observed-SO2v=0
  |- Projecting observed-SO2v=0-c1
   --+ Generating template image
   --+ Generating template line distribution
   --+ Loading and correcting lines
      |- Projecting Sulfur dioxide (SO2v=0) around 275240.184 Mhz, at 0.679296501558 K
      |- Projecting Sulfur dioxide (SO2v=0) around 275375.7013 Mhz, at 0.321143567134 K
      |- Projecting Sulfur dioxide (SO2v=0) around 276254.5765 Mhz, at 0.672451847119 K
      |- Projecting Sulfur dioxide (SO2v=0) around 276558.3672 Mhz, at 0.260030103268 K
      |- Projecting Sulfur dioxide (SO2v=0) around 278250.9723 Mhz, at 1.16605943549 K
   -++ Saving FITS: data-skew/cube_fixed_width_63.fits
