+++ Source 'observed-SO2v=0' added
 |- Component added to 'observed-SO2v=0' (observed-SO2v=0-c1)
 ---+ Model: mol_list = ['SO2v=0'] @ spa_form=('normal', 147.21448821311193, 55.336847354516706, 1.2017637604214615), spe_form=('skew', 8, 1), z=0.0, grad=('linear', 1.2017637604214615, 102.7642418382236)
+++ Source 'observed-33SO2' added
 |- Component added to 'observed-33SO2' (observed-33SO2-c1)
 ---+ Model: mol_list = ['33SO2'] @ spa_form=('normal', 117.69478929876061, 42.193717322767235, 3.0051597264098153), spe_form=('skew', 8, 1), z=0.0, grad=('linear', 3.0051597264098153, 51.26763157960302)
+++ Source 'observed-34SO2v=0' added
 |- Component added to 'observed-34SO2v=0' (observed-34SO2v=0-c1)
 ---+ Model: mol_list = ['34SO2v=0'] @ spa_form=('normal', 136.10893276641792, 57.418363369289835, 0.9726417345404752), spe_form=('skew', 8, 1), z=0.0, grad=('linear', 0.9726417345404752, 68.15533627519957)
+++ Source 'observed-OS18O' added
 |- Component added to 'observed-OS18O' (observed-OS18O-c1)
 ---+ Model: mol_list = ['OS18O'] @ spa_form=('normal', 67.59747969117082, 92.77111568647123, 2.960182450702222), spe_form=('skew', 8, 1), z=0.0, grad=('linear', 2.960182450702222, 42.68762212390727)
+++ Source 'observed-HC15Nv=0' added
 |- Component added to 'observed-HC15Nv=0' (observed-HC15Nv=0-c1)
 ---+ Model: mol_list = ['HC15Nv=0'] @ spa_form=('normal', 113.16280074387595, 45.960609856507766, 1.340255299781054), spe_form=('skew', 8, 1), z=0.0, grad=('linear', 1.340255299781054, 133.97046316044646)
+++ Source 'observed-H13CNv=0' added
 |- Component added to 'observed-H13CNv=0' (observed-H13CNv=0-c1)
 ---+ Model: mol_list = ['H13CNv=0'] @ spa_form=('normal', 86.04560269633612, 71.5107627346693, 1.9274259497323412), spe_form=('skew', 8, 1), z=0.0, grad=('linear', 1.9274259497323412, 79.17924686327805)
+++ Source 'observed-H2C18O' added
 |- Component added to 'observed-H2C18O' (observed-H2C18O-c1)
 ---+ Model: mol_list = ['H2C18O'] @ spa_form=('normal', 130.29642891239004, 41.83260647784189, 1.6425644571202007), spe_form=('skew', 8, 1), z=0.0, grad=('linear', 1.6425644571202007, 78.09814286129247)
+++ Source 'observed-H213CO' added
 |- Component added to 'observed-H213CO' (observed-H213CO-c1)
 ---+ Model: mol_list = ['H213CO'] @ spa_form=('normal', 81.45810100005465, 41.54247604458995, 0.17368335464915122), spe_form=('skew', 8, 1), z=0.0, grad=('linear', 0.17368335464915122, 134.99008964326484)
[*] Generating cube observerd
  |- Angular Coordinates (deg): ra=0 dec=0
  |- FOV (arcsec): ra=[-0.002777777777777778, 0.002777777777777778] dec=[-0.002777777777777778, 0.002777777777777778]
!!! WARNING: max ALMA bandwidth exceeded
  |- Spectral (MHz): center=277000 bandwidth=[275000.0, 279000.0]
  |- Cube size: 2 x 2 x 4000 
  |- Band: 7
*** Source: observed-OS18O
  |- Projecting observed-OS18O-c1
   --+ Generating template image
   --+ Generating template line distribution
   --+ Loading and correcting lines
      |- Projecting Sulfur Dioxide (OS18O) around 275207.6031 Mhz, at 0.42721048137 K
      |- Projecting Sulfur Dioxide (OS18O) around 275282.0764 Mhz, at 0.791638954533 K
      |- Projecting Sulfur Dioxide (OS18O) around 275454.6038 Mhz, at 0.35602341069 K
      |- Projecting Sulfur Dioxide (OS18O) around 275552.9984 Mhz, at 0.982085484235 K
      |- Projecting Sulfur Dioxide (OS18O) around 275646.3336 Mhz, at 0.175588324367 K
      |- Projecting Sulfur Dioxide (OS18O) around 276002.289 Mhz, at 1.036537754 K
      |- Projecting Sulfur Dioxide (OS18O) around 276274.7786 Mhz, at 0.636180305508 K
      |- Projecting Sulfur Dioxide (OS18O) around 276277.2242 Mhz, at 0.419867361615 K
      |- Projecting Sulfur Dioxide (OS18O) around 277080.9497 Mhz, at 0.689101188026 K
      |- Projecting Sulfur Dioxide (OS18O) around 277088.3147 Mhz, at 0.689100498926 K
      |- Projecting Sulfur Dioxide (OS18O) around 278393.6459 Mhz, at 0.474570850197 K
*** Source: observed-H2C18O
  |- Projecting observed-H2C18O-c1
   --+ Generating template image
   --+ Generating template line distribution
   --+ Loading and correcting lines
      |- Projecting Formaldehyde (H2C18O) around 277062.652 Mhz, at 0.754918980183 K
      |- Projecting Formaldehyde (H2C18O) around 277562.802 Mhz, at 0.884316089301 K
      |- Projecting Formaldehyde (H2C18O) around 277675.2025 Mhz, at 1.07747666573 K
      |- Projecting Formaldehyde (H2C18O) around 277678.1029 Mhz, at 1.07747666573 K
      |- Projecting Formaldehyde (H2C18O) around 277853.3599 Mhz, at 0.545937299175 K
      |- Projecting Formaldehyde (H2C18O) around 278145.446 Mhz, at 0.884357240434 K
*** Source: observed-H13CNv=0
  |- Projecting observed-H13CNv=0-c1
   --+ Generating template image
   --+ Generating template line distribution
   --+ Loading and correcting lines
*** Source: observed-33SO2
  |- Projecting observed-33SO2-c1
   --+ Generating template image
   --+ Generating template line distribution
   --+ Loading and correcting lines
      |- Projecting Sulfur Dioxide (33SO2) around 275828.2515 Mhz, at 0.292077192925 K
      |- Projecting Sulfur Dioxide (33SO2) around 275828.3672 Mhz, at 0.292077192925 K
      |- Projecting Sulfur Dioxide (33SO2) around 275831.1722 Mhz, at 0.292077192925 K
      |- Projecting Sulfur Dioxide (33SO2) around 275831.2604 Mhz, at 0.292077329227 K
*** Source: observed-34SO2v=0
  |- Projecting observed-34SO2v=0-c1
   --+ Generating template image
   --+ Generating template line distribution
   --+ Loading and correcting lines
      |- Projecting Sulfur Dioxide (34SO2v=0) around 275434.2181 Mhz, at 0.501726387402 K
      |- Projecting Sulfur Dioxide (34SO2v=0) around 276483.977 Mhz, at 0.421917230869 K
      |- Projecting Sulfur Dioxide (34SO2v=0) around 276999.6054 Mhz, at 0.222111578045 K
      |- Projecting Sulfur Dioxide (34SO2v=0) around 277150.575 Mhz, at 0.247821631461 K
      |- Projecting Sulfur Dioxide (34SO2v=0) around 277470.0761 Mhz, at 0.132736407002 K
      |- Projecting Sulfur Dioxide (34SO2v=0) around 278835.2175 Mhz, at 0.278187327331 K
*** Source: observed-HC15Nv=0
  |- Projecting observed-HC15Nv=0-c1
   --+ Generating template image
   --+ Generating template line distribution
   --+ Loading and correcting lines
*** Source: observed-H213CO
  |- Projecting observed-H213CO-c1
   --+ Generating template image
   --+ Generating template line distribution
   --+ Loading and correcting lines
*** Source: observed-SO2v=0
  |- Projecting observed-SO2v=0-c1
   --+ Generating template image
   --+ Generating template line distribution
   --+ Loading and correcting lines
      |- Projecting Sulfur dioxide (SO2v=0) around 275240.184 Mhz, at 0.438194299354 K
      |- Projecting Sulfur dioxide (SO2v=0) around 275375.7013 Mhz, at 0.207160319639 K
      |- Projecting Sulfur dioxide (SO2v=0) around 276254.5765 Mhz, at 0.433779013025 K
      |- Projecting Sulfur dioxide (SO2v=0) around 276558.3672 Mhz, at 0.167737812062 K
      |- Projecting Sulfur dioxide (SO2v=0) around 278250.9723 Mhz, at 0.752190827082 K
   -++ Saving FITS: data-skew/cube_fixed_width_58.fits
