+++ Source 'observed-CH3OHvt=0' added
 |- Component added to 'observed-CH3OHvt=0' (observed-CH3OHvt=0-c1)
 ---+ Model: mol_list = ['CH3OHvt=0'] @ spa_form=('normal', 72.02446567250976, 93.39589930201404, 2.6754189130774453), spe_form=('skew', 8, 1), z=0.0, grad=('linear', 2.6754189130774453, 128.16371402622065)
+++ Source 'observed-SO2v=0' added
 |- Component added to 'observed-SO2v=0' (observed-SO2v=0-c1)
 ---+ Model: mol_list = ['SO2v=0'] @ spa_form=('normal', 137.3393929662049, 42.93015799868763, 0.26568989147427474), spe_form=('skew', 8, 1), z=0.0, grad=('linear', 0.26568989147427474, 79.79866093847112)
+++ Source 'observed-33SO2' added
 |- Component added to 'observed-33SO2' (observed-33SO2-c1)
 ---+ Model: mol_list = ['33SO2'] @ spa_form=('normal', 100.97621769969183, 65.26576906366921, 2.749620224512787), spe_form=('skew', 8, 1), z=0.0, grad=('linear', 2.749620224512787, 76.74187989575474)
+++ Source 'observed-HC15Nv=0' added
 |- Component added to 'observed-HC15Nv=0' (observed-HC15Nv=0-c1)
 ---+ Model: mol_list = ['HC15Nv=0'] @ spa_form=('normal', 120.59529200342868, 55.7319443330707, 0.7763737743845356), spe_form=('skew', 8, 1), z=0.0, grad=('linear', 0.7763737743845356, 122.85026182056455)
+++ Source 'observed-H13CNv=0' added
 |- Component added to 'observed-H13CNv=0' (observed-H13CNv=0-c1)
 ---+ Model: mol_list = ['H13CNv=0'] @ spa_form=('normal', 79.63183768773557, 43.528821191422146, 1.7004958126401135), spe_form=('skew', 8, 1), z=0.0, grad=('linear', 1.7004958126401135, 25.90498682740829)
+++ Source 'observed-H2C34S' added
 |- Component added to 'observed-H2C34S' (observed-H2C34S-c1)
 ---+ Model: mol_list = ['H2C34S'] @ spa_form=('normal', 149.69191193699186, 63.236163897895295, 1.8315836062295447), spe_form=('skew', 8, 1), z=0.0, grad=('linear', 1.8315836062295447, 88.65433771931436)
+++ Source 'observed-H2C18O' added
 |- Component added to 'observed-H2C18O' (observed-H2C18O-c1)
 ---+ Model: mol_list = ['H2C18O'] @ spa_form=('normal', 107.1792301150648, 96.99792952010996, 1.377469938892108), spe_form=('skew', 8, 1), z=0.0, grad=('linear', 1.377469938892108, 71.88642287451049)
+++ Source 'observed-H213CO' added
 |- Component added to 'observed-H213CO' (observed-H213CO-c1)
 ---+ Model: mol_list = ['H213CO'] @ spa_form=('normal', 112.69321450693586, 71.3053699950119, 1.134872804600834), spe_form=('skew', 8, 1), z=0.0, grad=('linear', 1.134872804600834, 56.91275278965268)
[*] Generating cube observerd
  |- Angular Coordinates (deg): ra=0 dec=0
  |- FOV (arcsec): ra=[-0.002777777777777778, 0.002777777777777778] dec=[-0.002777777777777778, 0.002777777777777778]
!!! WARNING: max ALMA bandwidth exceeded
  |- Spectral (MHz): center=604000 bandwidth=[602000.0, 606000.0]
  |- Cube size: 2 x 2 x 4000 
  |- Band: 9
*** Source: observed-H2C18O
  |- Projecting observed-H2C18O-c1
   --+ Generating template image
   --+ Generating template line distribution
   --+ Loading and correcting lines
      |- Projecting Formaldehyde (H2C18O) around 603231.51 Mhz, at 0.55244099457 K
*** Source: observed-H13CNv=0
  |- Projecting observed-H13CNv=0-c1
   --+ Generating template image
   --+ Generating template line distribution
   --+ Loading and correcting lines
      |- Projecting Hydrogen Cyanide (H13CNv=0) around 604267.914 Mhz, at 0.9221695188 K
*** Source: observed-H2C34S
  |- Projecting observed-H2C34S-c1
   --+ Generating template image
   --+ Generating template line distribution
   --+ Loading and correcting lines
*** Source: observed-33SO2
  |- Projecting observed-33SO2-c1
   --+ Generating template image
   --+ Generating template line distribution
   --+ Loading and correcting lines
      |- Projecting Sulfur Dioxide (33SO2) around 602337.0627 Mhz, at 0.961685745477 K
      |- Projecting Sulfur Dioxide (33SO2) around 602338.0039 Mhz, at 0.961685745477 K
      |- Projecting Sulfur Dioxide (33SO2) around 602348.9212 Mhz, at 0.961684815848 K
      |- Projecting Sulfur Dioxide (33SO2) around 602349.8184 Mhz, at 0.961684335006 K
      |- Projecting Sulfur Dioxide (33SO2) around 602488.3231 Mhz, at 1.14645138228 K
      |- Projecting Sulfur Dioxide (33SO2) around 602499.1576 Mhz, at 1.14644970082 K
      |- Projecting Sulfur Dioxide (33SO2) around 603112.9816 Mhz, at 1.29667887456 K
      |- Projecting Sulfur Dioxide (33SO2) around 603113.1191 Mhz, at 1.29667887456 K
      |- Projecting Sulfur Dioxide (33SO2) around 603113.2126 Mhz, at 1.29667887456 K
      |- Projecting Sulfur Dioxide (33SO2) around 603113.2683 Mhz, at 1.29667887456 K
      |- Projecting Sulfur Dioxide (33SO2) around 604736.5656 Mhz, at 0.716781435886 K
      |- Projecting Sulfur Dioxide (33SO2) around 604736.767 Mhz, at 0.716781435886 K
      |- Projecting Sulfur Dioxide (33SO2) around 604736.8741 Mhz, at 0.716781435886 K
      |- Projecting Sulfur Dioxide (33SO2) around 604736.8962 Mhz, at 0.716781435886 K
      |- Projecting Sulfur Dioxide (33SO2) around 604736.926 Mhz, at 0.716781435886 K
      |- Projecting Sulfur Dioxide (33SO2) around 604736.9663 Mhz, at 0.716781435886 K
      |- Projecting Sulfur Dioxide (33SO2) around 604736.9892 Mhz, at 0.716781435886 K
      |- Projecting Sulfur Dioxide (33SO2) around 605162.1267 Mhz, at 0.802311253649 K
      |- Projecting Sulfur Dioxide (33SO2) around 605162.2359 Mhz, at 0.802311253649 K
      |- Projecting Sulfur Dioxide (33SO2) around 605162.3107 Mhz, at 0.802311253649 K
      |- Projecting Sulfur Dioxide (33SO2) around 605162.3529 Mhz, at 0.802311253649 K
      |- Projecting Sulfur Dioxide (33SO2) around 605357.5302 Mhz, at 0.82298751413 K
      |- Projecting Sulfur Dioxide (33SO2) around 605366.9145 Mhz, at 0.82298751413 K
      |- Projecting Sulfur Dioxide (33SO2) around 605367.499 Mhz, at 0.822988721179 K
      |- Projecting Sulfur Dioxide (33SO2) around 605367.499 Mhz, at 0.822988721179 K
      |- Projecting Sulfur Dioxide (33SO2) around 605367.499 Mhz, at 0.82298751413 K
      |- Projecting Sulfur Dioxide (33SO2) around 605367.499 Mhz, at 0.82298751413 K
      |- Projecting Sulfur Dioxide (33SO2) around 605377.1052 Mhz, at 0.822988721179 K
*** Source: observed-CH3OHvt=0
  |- Projecting observed-CH3OHvt=0-c1
   --+ Generating template image
   --+ Generating template line distribution
   --+ Loading and correcting lines
      |- Projecting Methanol (CH3OHvt=0) around 602233.197 Mhz, at 0.769577590853 K
      |- Projecting Methanol (CH3OHvt=0) around 605587.005 Mhz, at 0.685373090517 K
*** Source: observed-HC15Nv=0
  |- Projecting observed-HC15Nv=0-c1
   --+ Generating template image
   --+ Generating template line distribution
   --+ Loading and correcting lines
      |- Projecting Hydrogen Cyanide (HC15Nv=0) around 602274.1332 Mhz, at 0.971719210669 K
*** Source: observed-H213CO
  |- Projecting observed-H213CO-c1
   --+ Generating template image
   --+ Generating template line distribution
   --+ Loading and correcting lines
      |- Projecting Formaldehyde (H213CO) around 602083.584 Mhz, at 0.667843436644 K
*** Source: observed-SO2v=0
  |- Projecting observed-SO2v=0-c1
   --+ Generating template image
   --+ Generating template line distribution
   --+ Loading and correcting lines
   -++ Saving FITS: data-skew/cube_variable_width_29.fits
