+++ Source 'observed-CH3OHvt=0' added
 |- Component added to 'observed-CH3OHvt=0' (observed-CH3OHvt=0-c1)
 ---+ Model: mol_list = ['CH3OHvt=0'] @ spa_form=('normal', 68.5619590006705, 66.28473728969489, 2.7696466909934614), spe_form=('skew', 8, 1), z=0.0, grad=('linear', 2.7696466909934614, 26.677882985674803)
+++ Source 'observed-34SO2v=0' added
 |- Component added to 'observed-34SO2v=0' (observed-34SO2v=0-c1)
 ---+ Model: mol_list = ['34SO2v=0'] @ spa_form=('normal', 82.36349681997808, 42.55945889052313, 2.3775850476560967), spe_form=('skew', 8, 1), z=0.0, grad=('linear', 2.3775850476560967, 30.304937445665438)
+++ Source 'observed-OS18O' added
 |- Component added to 'observed-OS18O' (observed-OS18O-c1)
 ---+ Model: mol_list = ['OS18O'] @ spa_form=('normal', 73.09771382182726, 56.957499124608404, 2.8226308939131526), spe_form=('skew', 8, 1), z=0.0, grad=('linear', 2.8226308939131526, 81.46553199978841)
+++ Source 'observed-HC15Nv=0' added
 |- Component added to 'observed-HC15Nv=0' (observed-HC15Nv=0-c1)
 ---+ Model: mol_list = ['HC15Nv=0'] @ spa_form=('normal', 115.84762014762276, 98.46895556104545, 1.8993764381635319), spe_form=('skew', 8, 1), z=0.0, grad=('linear', 1.8993764381635319, 108.61770927889823)
+++ Source 'observed-H13CNv2=1' added
 |- Component added to 'observed-H13CNv2=1' (observed-H13CNv2=1-c1)
 ---+ Model: mol_list = ['H13CNv2=1'] @ spa_form=('normal', 80.15744574564184, 79.03693074610885, 1.6252258750668394), spe_form=('skew', 8, 1), z=0.0, grad=('linear', 1.6252258750668394, 123.77120022594521)
+++ Source 'observed-H13CNv=0' added
 |- Component added to 'observed-H13CNv=0' (observed-H13CNv=0-c1)
 ---+ Model: mol_list = ['H13CNv=0'] @ spa_form=('normal', 122.3467981289762, 73.50221747404792, 2.98206294766878), spe_form=('skew', 8, 1), z=0.0, grad=('linear', 2.98206294766878, 123.28588495916776)
[*] Generating cube observerd
  |- Angular Coordinates (deg): ra=0 dec=0
  |- FOV (arcsec): ra=[-0.002777777777777778, 0.002777777777777778] dec=[-0.002777777777777778, 0.002777777777777778]
!!! WARNING: max ALMA bandwidth exceeded
  |- Spectral (MHz): center=277000 bandwidth=[275000.0, 279000.0]
  |- Cube size: 2 x 2 x 4000 
  |- Band: 7
*** Source: observed-OS18O
  |- Projecting observed-OS18O-c1
   --+ Generating template image
   --+ Generating template line distribution
   --+ Loading and correcting lines
      |- Projecting Sulfur Dioxide (OS18O) around 275207.6031 Mhz, at 0.724544131855 K
      |- Projecting Sulfur Dioxide (OS18O) around 275282.0764 Mhz, at 1.34261068974 K
      |- Projecting Sulfur Dioxide (OS18O) around 275454.6038 Mhz, at 0.60381166724 K
      |- Projecting Sulfur Dioxide (OS18O) around 275552.9984 Mhz, at 1.66560584445 K
      |- Projecting Sulfur Dioxide (OS18O) around 275646.3336 Mhz, at 0.297795806963 K
      |- Projecting Sulfur Dioxide (OS18O) around 276002.289 Mhz, at 1.7579562765 K
      |- Projecting Sulfur Dioxide (OS18O) around 276274.7786 Mhz, at 1.07895458388 K
      |- Projecting Sulfur Dioxide (OS18O) around 276277.2242 Mhz, at 0.712090284021 K
      |- Projecting Sulfur Dioxide (OS18O) around 276567.9332 Mhz, at 0.135118748021 K
      |- Projecting Sulfur Dioxide (OS18O) around 276568.1446 Mhz, at 0.135118748021 K
      |- Projecting Sulfur Dioxide (OS18O) around 277080.9497 Mhz, at 1.16870780051 K
      |- Projecting Sulfur Dioxide (OS18O) around 277088.3147 Mhz, at 1.16870663181 K
      |- Projecting Sulfur Dioxide (OS18O) around 278393.6459 Mhz, at 0.804866780321 K
*** Source: observed-H13CNv2=1
  |- Projecting observed-H13CNv2=1-c1
   --+ Generating template image
   --+ Generating template line distribution
   --+ Loading and correcting lines
*** Source: observed-34SO2v=0
  |- Projecting observed-34SO2v=0-c1
   --+ Generating template image
   --+ Generating template line distribution
   --+ Loading and correcting lines
      |- Projecting Sulfur Dioxide (34SO2v=0) around 275434.2181 Mhz, at 1.00943709116 K
      |- Projecting Sulfur Dioxide (34SO2v=0) around 276483.977 Mhz, at 0.84886685838 K
      |- Projecting Sulfur Dioxide (34SO2v=0) around 276999.6054 Mhz, at 0.446872380815 K
      |- Projecting Sulfur Dioxide (34SO2v=0) around 277150.575 Mhz, at 0.498599143021 K
      |- Projecting Sulfur Dioxide (34SO2v=0) around 277470.0761 Mhz, at 0.267056020852 K
      |- Projecting Sulfur Dioxide (34SO2v=0) around 277475.9774 Mhz, at 0.130447557225 K
      |- Projecting Sulfur Dioxide (34SO2v=0) around 278835.2175 Mhz, at 0.559692720078 K
*** Source: observed-CH3OHvt=0
  |- Projecting observed-CH3OHvt=0-c1
   --+ Generating template image
   --+ Generating template line distribution
   --+ Loading and correcting lines
      |- Projecting Methanol (CH3OHvt=0) around 275663.705 Mhz, at 0.242139817274 K
      |- Projecting Methanol (CH3OHvt=0) around 276648.18 Mhz, at 1.47365302769 K
      |- Projecting Methanol (CH3OHvt=0) around 276925.919 Mhz, at 1.06415873945 K
      |- Projecting Methanol (CH3OHvt=0) around 277940.773 Mhz, at 0.472969978771 K
      |- Projecting Methanol (CH3OHvt=0) around 278186.616 Mhz, at 0.472988125401 K
      |- Projecting Methanol (CH3OHvt=0) around 278304.51 Mhz, at 0.769722363785 K
      |- Projecting Methanol (CH3OHvt=0) around 278342.257 Mhz, at 0.595260217325 K
      |- Projecting Methanol (CH3OHvt=0) around 278480.23 Mhz, at 0.659320669728 K
      |- Projecting Methanol (CH3OHvt=0) around 278599.055 Mhz, at 1.38907909269 K
      |- Projecting Methanol (CH3OHvt=0) around 278672.92 Mhz, at 0.725394382863 K
      |- Projecting Methanol (CH3OHvt=0) around 278723.25 Mhz, at 0.725401346682 K
      |- Projecting Methanol (CH3OHvt=0) around 278965.129 Mhz, at 0.370626265154 K
*** Source: observed-HC15Nv=0
  |- Projecting observed-HC15Nv=0-c1
   --+ Generating template image
   --+ Generating template line distribution
   --+ Loading and correcting lines
*** Source: observed-H13CNv=0
  |- Projecting observed-H13CNv=0-c1
   --+ Generating template image
   --+ Generating template line distribution
   --+ Loading and correcting lines
   -++ Saving FITS: data-skew/cube_variable_width_86.fits
