+++ Source 'observed-SO2v=0' added
 |- Component added to 'observed-SO2v=0' (observed-SO2v=0-c1)
 ---+ Model: mol_list = ['SO2v=0'] @ spa_form=('normal', 146.13295530656737, 98.7106752058686, 2.2866115597446766), spe_form=('skew', 8, 1), z=0.0, grad=('linear', 2.2866115597446766, 129.4529673177972)
+++ Source 'observed-34SO2v=0' added
 |- Component added to 'observed-34SO2v=0' (observed-34SO2v=0-c1)
 ---+ Model: mol_list = ['34SO2v=0'] @ spa_form=('normal', 69.99003430116245, 93.80576173816276, 2.7662630825160175), spe_form=('skew', 8, 1), z=0.0, grad=('linear', 2.7662630825160175, 59.288169609466166)
+++ Source 'observed-OS18O' added
 |- Component added to 'observed-OS18O' (observed-OS18O-c1)
 ---+ Model: mol_list = ['OS18O'] @ spa_form=('normal', 142.94330198562818, 59.315731015590224, 0.202964911263263), spe_form=('skew', 8, 1), z=0.0, grad=('linear', 0.202964911263263, 35.54250973260101)
+++ Source 'observed-H13CNv2=1' added
 |- Component added to 'observed-H13CNv2=1' (observed-H13CNv2=1-c1)
 ---+ Model: mol_list = ['H13CNv2=1'] @ spa_form=('normal', 68.43862058294506, 59.81164371560335, 1.7349552068159277), spe_form=('skew', 8, 1), z=0.0, grad=('linear', 1.7349552068159277, 125.0149733149298)
+++ Source 'observed-H13CNv=0' added
 |- Component added to 'observed-H13CNv=0' (observed-H13CNv=0-c1)
 ---+ Model: mol_list = ['H13CNv=0'] @ spa_form=('normal', 97.00620297408175, 68.23816251355217, 0.33611560861420653), spe_form=('skew', 8, 1), z=0.0, grad=('linear', 0.33611560861420653, 48.10302110959322)
+++ Source 'observed-H213CS' added
 |- Component added to 'observed-H213CS' (observed-H213CS-c1)
 ---+ Model: mol_list = ['H213CS'] @ spa_form=('normal', 107.87311029287534, 78.99382381610832, 2.6454035622364724), spe_form=('skew', 8, 1), z=0.0, grad=('linear', 2.6454035622364724, 62.60402289306181)
+++ Source 'observed-H213CO' added
 |- Component added to 'observed-H213CO' (observed-H213CO-c1)
 ---+ Model: mol_list = ['H213CO'] @ spa_form=('normal', 61.26009482800361, 84.28726033300104, 2.146700926183983), spe_form=('skew', 8, 1), z=0.0, grad=('linear', 2.146700926183983, 30.26323050636369)
[*] Generating cube observerd
  |- Angular Coordinates (deg): ra=0 dec=0
  |- FOV (arcsec): ra=[-0.002777777777777778, 0.002777777777777778] dec=[-0.002777777777777778, 0.002777777777777778]
!!! WARNING: max ALMA bandwidth exceeded
  |- Spectral (MHz): center=277000 bandwidth=[275000.0, 279000.0]
  |- Cube size: 2 x 2 x 4000 
  |- Band: 7
*** Source: observed-OS18O
  |- Projecting observed-OS18O-c1
   --+ Generating template image
   --+ Generating template line distribution
   --+ Loading and correcting lines
      |- Projecting Sulfur Dioxide (OS18O) around 275207.6031 Mhz, at 0.297840237898 K
      |- Projecting Sulfur Dioxide (OS18O) around 275282.0764 Mhz, at 0.551910462944 K
      |- Projecting Sulfur Dioxide (OS18O) around 275454.6038 Mhz, at 0.248210430131 K
      |- Projecting Sulfur Dioxide (OS18O) around 275552.9984 Mhz, at 0.684684920002 K
      |- Projecting Sulfur Dioxide (OS18O) around 275646.3336 Mhz, at 0.122415695734 K
      |- Projecting Sulfur Dioxide (OS18O) around 276002.289 Mhz, at 0.722647651932 K
      |- Projecting Sulfur Dioxide (OS18O) around 276274.7786 Mhz, at 0.443528662805 K
      |- Projecting Sulfur Dioxide (OS18O) around 276277.2242 Mhz, at 0.292720802327 K
      |- Projecting Sulfur Dioxide (OS18O) around 277080.9497 Mhz, at 0.480423750652 K
      |- Projecting Sulfur Dioxide (OS18O) around 277088.3147 Mhz, at 0.480423270229 K
      |- Projecting Sulfur Dioxide (OS18O) around 278393.6459 Mhz, at 0.330858677598 K
*** Source: observed-H213CS
  |- Projecting observed-H213CS-c1
   --+ Generating template image
   --+ Generating template line distribution
   --+ Loading and correcting lines
*** Source: observed-H13CNv2=1
  |- Projecting observed-H13CNv2=1-c1
   --+ Generating template image
   --+ Generating template line distribution
   --+ Loading and correcting lines
*** Source: observed-34SO2v=0
  |- Projecting observed-34SO2v=0-c1
   --+ Generating template image
   --+ Generating template line distribution
   --+ Loading and correcting lines
      |- Projecting Sulfur Dioxide (34SO2v=0) around 275434.2181 Mhz, at 0.655228484241 K
      |- Projecting Sulfur Dioxide (34SO2v=0) around 276483.977 Mhz, at 0.551001889873 K
      |- Projecting Sulfur Dioxide (34SO2v=0) around 276999.6054 Mhz, at 0.290066132198 K
      |- Projecting Sulfur Dioxide (34SO2v=0) around 277150.575 Mhz, at 0.32364212053 K
      |- Projecting Sulfur Dioxide (34SO2v=0) around 277470.0761 Mhz, at 0.173346821988 K
      |- Projecting Sulfur Dioxide (34SO2v=0) around 278835.2175 Mhz, at 0.363298134998 K
*** Source: observed-H13CNv=0
  |- Projecting observed-H13CNv=0-c1
   --+ Generating template image
   --+ Generating template line distribution
   --+ Loading and correcting lines
*** Source: observed-H213CO
  |- Projecting observed-H213CO-c1
   --+ Generating template image
   --+ Generating template line distribution
   --+ Loading and correcting lines
*** Source: observed-SO2v=0
  |- Projecting observed-SO2v=0-c1
   --+ Generating template image
   --+ Generating template line distribution
   --+ Loading and correcting lines
      |- Projecting Sulfur dioxide (SO2v=0) around 275240.184 Mhz, at 0.748542910702 K
      |- Projecting Sulfur dioxide (SO2v=0) around 275375.7013 Mhz, at 0.353880433572 K
      |- Projecting Sulfur dioxide (SO2v=0) around 276254.5765 Mhz, at 0.741000523033 K
      |- Projecting Sulfur dioxide (SO2v=0) around 276558.3672 Mhz, at 0.286537160024 K
      |- Projecting Sulfur dioxide (SO2v=0) around 278250.9723 Mhz, at 1.28492568693 K
   -++ Saving FITS: data-skew/cube_variable_width_91.fits
