+++ Source 'observed-CH3OHvt=0' added
 |- Component added to 'observed-CH3OHvt=0' (observed-CH3OHvt=0-c1)
 ---+ Model: mol_list = ['CH3OHvt=0'] @ spa_form=('normal', 148.79717075006045, 67.85303204806044, 2.8692606750153624), spe_form=('skew', 8, 1), z=0.0, grad=('linear', 2.8692606750153624, 77.06745278837182)
+++ Source 'observed-SO2v=0' added
 |- Component added to 'observed-SO2v=0' (observed-SO2v=0-c1)
 ---+ Model: mol_list = ['SO2v=0'] @ spa_form=('normal', 79.87759879839231, 58.01704570409652, 0.9234931158534965), spe_form=('skew', 8, 1), z=0.0, grad=('linear', 0.9234931158534965, 102.08090041158415)
+++ Source 'observed-33SO2' added
 |- Component added to 'observed-33SO2' (observed-33SO2-c1)
 ---+ Model: mol_list = ['33SO2'] @ spa_form=('normal', 122.2590924735079, 87.38262516887757, 0.5493198217320239), spe_form=('skew', 8, 1), z=0.0, grad=('linear', 0.5493198217320239, 108.49715386566669)
+++ Source 'observed-SO2v2=1' added
 |- Component added to 'observed-SO2v2=1' (observed-SO2v2=1-c1)
 ---+ Model: mol_list = ['SO2v2=1'] @ spa_form=('normal', 112.9144574339383, 89.05136035072836, 2.227472744439688), spe_form=('skew', 8, 1), z=0.0, grad=('linear', 2.227472744439688, 20.347390786092646)
+++ Source 'observed-HC15Nv=0' added
 |- Component added to 'observed-HC15Nv=0' (observed-HC15Nv=0-c1)
 ---+ Model: mol_list = ['HC15Nv=0'] @ spa_form=('normal', 138.05393930522888, 45.24884876797916, 1.9991648125813521), spe_form=('skew', 8, 1), z=0.0, grad=('linear', 1.9991648125813521, 46.35163579723313)
+++ Source 'observed-H13CNv=0' added
 |- Component added to 'observed-H13CNv=0' (observed-H13CNv=0-c1)
 ---+ Model: mol_list = ['H13CNv=0'] @ spa_form=('normal', 109.56844755834814, 56.6840982360962, 1.719497926568798), spe_form=('skew', 8, 1), z=0.0, grad=('linear', 1.719497926568798, 134.3093478025841)
+++ Source 'observed-H2C34S' added
 |- Component added to 'observed-H2C34S' (observed-H2C34S-c1)
 ---+ Model: mol_list = ['H2C34S'] @ spa_form=('normal', 137.20232897352577, 97.08290446180972, 1.0631733059749078), spe_form=('skew', 8, 1), z=0.0, grad=('linear', 1.0631733059749078, 85.44579099776868)
[*] Generating cube observerd
  |- Angular Coordinates (deg): ra=0 dec=0
  |- FOV (arcsec): ra=[-0.002777777777777778, 0.002777777777777778] dec=[-0.002777777777777778, 0.002777777777777778]
!!! WARNING: max ALMA bandwidth exceeded
  |- Spectral (MHz): center=277000 bandwidth=[275000.0, 279000.0]
  |- Cube size: 2 x 2 x 4000 
  |- Band: 7
*** Source: observed-H13CNv=0
  |- Projecting observed-H13CNv=0-c1
   --+ Generating template image
   --+ Generating template line distribution
   --+ Loading and correcting lines
*** Source: observed-H2C34S
  |- Projecting observed-H2C34S-c1
   --+ Generating template image
   --+ Generating template line distribution
   --+ Loading and correcting lines
      |- Projecting Thioformaldehyde (H2C34S) around 277295.9149 Mhz, at 0.127914329772 K
*** Source: observed-33SO2
  |- Projecting observed-33SO2-c1
   --+ Generating template image
   --+ Generating template line distribution
   --+ Loading and correcting lines
      |- Projecting Sulfur Dioxide (33SO2) around 275160.7805 Mhz, at 0.165440184413 K
      |- Projecting Sulfur Dioxide (33SO2) around 275160.8324 Mhz, at 0.165440184413 K
      |- Projecting Sulfur Dioxide (33SO2) around 275160.9909 Mhz, at 0.165440261618 K
      |- Projecting Sulfur Dioxide (33SO2) around 275161.0124 Mhz, at 0.165440261618 K
      |- Projecting Sulfur Dioxide (33SO2) around 275828.2515 Mhz, at 0.70725508926 K
      |- Projecting Sulfur Dioxide (33SO2) around 275828.3672 Mhz, at 0.70725508926 K
      |- Projecting Sulfur Dioxide (33SO2) around 275831.1722 Mhz, at 0.70725508926 K
      |- Projecting Sulfur Dioxide (33SO2) around 275831.2604 Mhz, at 0.707255419312 K
      |- Projecting Sulfur Dioxide (33SO2) around 276035.3021 Mhz, at 0.194091456389 K
      |- Projecting Sulfur Dioxide (33SO2) around 276035.3702 Mhz, at 0.194091456389 K
      |- Projecting Sulfur Dioxide (33SO2) around 276037.6419 Mhz, at 0.194091359344 K
      |- Projecting Sulfur Dioxide (33SO2) around 276037.6851 Mhz, at 0.194091456389 K
*** Source: observed-CH3OHvt=0
  |- Projecting observed-CH3OHvt=0-c1
   --+ Generating template image
   --+ Generating template line distribution
   --+ Loading and correcting lines
      |- Projecting Methanol (CH3OHvt=0) around 275663.705 Mhz, at 0.191715539133 K
      |- Projecting Methanol (CH3OHvt=0) around 276648.18 Mhz, at 1.16677293259 K
      |- Projecting Methanol (CH3OHvt=0) around 276925.919 Mhz, at 0.842553565758 K
      |- Projecting Methanol (CH3OHvt=0) around 277940.773 Mhz, at 0.374476595773 K
      |- Projecting Methanol (CH3OHvt=0) around 278186.616 Mhz, at 0.374490963468 K
      |- Projecting Methanol (CH3OHvt=0) around 278304.51 Mhz, at 0.609431937372 K
      |- Projecting Methanol (CH3OHvt=0) around 278342.257 Mhz, at 0.471300568299 K
      |- Projecting Methanol (CH3OHvt=0) around 278480.23 Mhz, at 0.522020785684 K
      |- Projecting Methanol (CH3OHvt=0) around 278599.055 Mhz, at 1.09981105195 K
      |- Projecting Methanol (CH3OHvt=0) around 278672.92 Mhz, at 0.574335013384 K
      |- Projecting Methanol (CH3OHvt=0) around 278723.25 Mhz, at 0.574340527026 K
      |- Projecting Methanol (CH3OHvt=0) around 278965.129 Mhz, at 0.293445394652 K
*** Source: observed-HC15Nv=0
  |- Projecting observed-HC15Nv=0-c1
   --+ Generating template image
   --+ Generating template line distribution
   --+ Loading and correcting lines
*** Source: observed-SO2v2=1
  |- Projecting observed-SO2v2=1-c1
   --+ Generating template image
   --+ Generating template line distribution
   --+ Loading and correcting lines
      |- Projecting Sulfur dioxide (SO2v2=1) around 275061.7269 Mhz, at 0.316221110053 K
      |- Projecting Sulfur dioxide (SO2v2=1) around 278755.1244 Mhz, at 0.252790845937 K
      |- Projecting Sulfur dioxide (SO2v2=1) around 278849.6017 Mhz, at 0.294811239153 K
*** Source: observed-SO2v=0
  |- Projecting observed-SO2v=0-c1
   --+ Generating template image
   --+ Generating template line distribution
   --+ Loading and correcting lines
      |- Projecting Sulfur dioxide (SO2v=0) around 275240.184 Mhz, at 0.936617848841 K
      |- Projecting Sulfur dioxide (SO2v=0) around 275375.7013 Mhz, at 0.44279456221 K
      |- Projecting Sulfur dioxide (SO2v=0) around 276254.5765 Mhz, at 0.927180400684 K
      |- Projecting Sulfur dioxide (SO2v=0) around 276301.2521 Mhz, at 0.149333334809 K
      |- Projecting Sulfur dioxide (SO2v=0) around 276558.3672 Mhz, at 0.358530973439 K
      |- Projecting Sulfur dioxide (SO2v=0) around 278250.9723 Mhz, at 1.6077693284 K
   -++ Saving FITS: data-skew/cube_variable_width_85.fits
