+++ Source 'observed-CH3OHvt=0' added
 |- Component added to 'observed-CH3OHvt=0' (observed-CH3OHvt=0-c1)
 ---+ Model: mol_list = ['CH3OHvt=0'] @ spa_form=('normal', 68.68310334880891, 98.99228655064405, 1.6514572667539074), spe_form=('skew', 8, 1), z=0.0, grad=('linear', 1.6514572667539074, 22.2941514157529)
+++ Source 'observed-33SO2' added
 |- Component added to 'observed-33SO2' (observed-33SO2-c1)
 ---+ Model: mol_list = ['33SO2'] @ spa_form=('normal', 144.09426501767825, 58.947396423187584, 2.4937800560090704), spe_form=('skew', 8, 1), z=0.0, grad=('linear', 2.4937800560090704, 17.58798917363258)
+++ Source 'observed-OS18O' added
 |- Component added to 'observed-OS18O' (observed-OS18O-c1)
 ---+ Model: mol_list = ['OS18O'] @ spa_form=('normal', 122.6862577195059, 99.8729477828845, 1.6099845264283663), spe_form=('skew', 8, 1), z=0.0, grad=('linear', 1.6099845264283663, 107.9085089535456)
+++ Source 'observed-OS17O' added
 |- Component added to 'observed-OS17O' (observed-OS17O-c1)
 ---+ Model: mol_list = ['OS17O'] @ spa_form=('normal', 57.70889316314533, 96.82190662394825, 2.8356210019843684), spe_form=('skew', 8, 1), z=0.0, grad=('linear', 2.8356210019843684, 132.50379943936304)
+++ Source 'observed-H13CNv2=1' added
 |- Component added to 'observed-H13CNv2=1' (observed-H13CNv2=1-c1)
 ---+ Model: mol_list = ['H13CNv2=1'] @ spa_form=('normal', 69.23603728663193, 80.46576928231161, 2.34446506533875), spe_form=('skew', 8, 1), z=0.0, grad=('linear', 2.34446506533875, 26.681801757228765)
+++ Source 'observed-H13CNv=0' added
 |- Component added to 'observed-H13CNv=0' (observed-H13CNv=0-c1)
 ---+ Model: mol_list = ['H13CNv=0'] @ spa_form=('normal', 67.225498267358, 49.53194497475447, 1.7590992541657713), spe_form=('skew', 8, 1), z=0.0, grad=('linear', 1.7590992541657713, 81.9384922455795)
+++ Source 'observed-H213CS' added
 |- Component added to 'observed-H213CS' (observed-H213CS-c1)
 ---+ Model: mol_list = ['H213CS'] @ spa_form=('normal', 50.48415314771212, 89.0855423082748, 1.8782120302385745), spe_form=('skew', 8, 1), z=0.0, grad=('linear', 1.8782120302385745, 113.83549266331052)
+++ Source 'observed-H2C34S' added
 |- Component added to 'observed-H2C34S' (observed-H2C34S-c1)
 ---+ Model: mol_list = ['H2C34S'] @ spa_form=('normal', 65.53408958138274, 67.966313623454, 2.6108016915982915), spe_form=('skew', 8, 1), z=0.0, grad=('linear', 2.6108016915982915, 91.43764342783257)
+++ Source 'observed-H2C18O' added
 |- Component added to 'observed-H2C18O' (observed-H2C18O-c1)
 ---+ Model: mol_list = ['H2C18O'] @ spa_form=('normal', 107.39504880716339, 78.35443199568088, 1.9073975815422755), spe_form=('skew', 8, 1), z=0.0, grad=('linear', 1.9073975815422755, 104.8245134034648)
+++ Source 'observed-H213CO' added
 |- Component added to 'observed-H213CO' (observed-H213CO-c1)
 ---+ Model: mol_list = ['H213CO'] @ spa_form=('normal', 104.55496458139542, 93.13378717610307, 2.0643219905234824), spe_form=('skew', 8, 1), z=0.0, grad=('linear', 2.0643219905234824, 117.15363104086556)
[*] Generating cube observerd
  |- Angular Coordinates (deg): ra=0 dec=0
  |- FOV (arcsec): ra=[-0.002777777777777778, 0.002777777777777778] dec=[-0.002777777777777778, 0.002777777777777778]
!!! WARNING: max ALMA bandwidth exceeded
  |- Spectral (MHz): center=604000 bandwidth=[602000.0, 606000.0]
  |- Cube size: 2 x 2 x 4000 
  |- Band: 9
*** Source: observed-OS18O
  |- Projecting observed-OS18O-c1
   --+ Generating template image
   --+ Generating template line distribution
   --+ Loading and correcting lines
      |- Projecting Sulfur Dioxide (OS18O) around 602313.3835 Mhz, at 1.10359189756 K
      |- Projecting Sulfur Dioxide (OS18O) around 603090.155 Mhz, at 0.899726415037 K
      |- Projecting Sulfur Dioxide (OS18O) around 603608.7849 Mhz, at 0.772688171764 K
      |- Projecting Sulfur Dioxide (OS18O) around 605850.3965 Mhz, at 0.499913541841 K
*** Source: observed-H2C18O
  |- Projecting observed-H2C18O-c1
   --+ Generating template image
   --+ Generating template line distribution
   --+ Loading and correcting lines
      |- Projecting Formaldehyde (H2C18O) around 603231.51 Mhz, at 1.02357246001 K
*** Source: observed-H213CS
  |- Projecting observed-H213CS-c1
   --+ Generating template image
   --+ Generating template line distribution
   --+ Loading and correcting lines
*** Source: observed-H13CNv2=1
  |- Projecting observed-H13CNv2=1-c1
   --+ Generating template image
   --+ Generating template line distribution
   --+ Loading and correcting lines
*** Source: observed-H2C34S
  |- Projecting observed-H2C34S-c1
   --+ Generating template image
   --+ Generating template line distribution
   --+ Loading and correcting lines
      |- Projecting Thioformaldehyde (H2C34S) around 604710.9998 Mhz, at 1.54829225033 K
*** Source: observed-33SO2
  |- Projecting observed-33SO2-c1
   --+ Generating template image
   --+ Generating template line distribution
   --+ Loading and correcting lines
      |- Projecting Sulfur Dioxide (33SO2) around 602337.0627 Mhz, at 0.99151781687 K
      |- Projecting Sulfur Dioxide (33SO2) around 602338.0039 Mhz, at 0.99151781687 K
      |- Projecting Sulfur Dioxide (33SO2) around 602348.9212 Mhz, at 0.991516858403 K
      |- Projecting Sulfur Dioxide (33SO2) around 602349.8184 Mhz, at 0.991516362644 K
      |- Projecting Sulfur Dioxide (33SO2) around 602488.3231 Mhz, at 1.18201499508 K
      |- Projecting Sulfur Dioxide (33SO2) around 602499.1576 Mhz, at 1.18201326146 K
      |- Projecting Sulfur Dioxide (33SO2) around 603112.9816 Mhz, at 1.3369026347 K
      |- Projecting Sulfur Dioxide (33SO2) around 603113.1191 Mhz, at 1.3369026347 K
      |- Projecting Sulfur Dioxide (33SO2) around 603113.2126 Mhz, at 1.3369026347 K
      |- Projecting Sulfur Dioxide (33SO2) around 603113.2683 Mhz, at 1.3369026347 K
      |- Projecting Sulfur Dioxide (33SO2) around 604736.5656 Mhz, at 0.739016428001 K
      |- Projecting Sulfur Dioxide (33SO2) around 604736.767 Mhz, at 0.739016428001 K
      |- Projecting Sulfur Dioxide (33SO2) around 604736.8741 Mhz, at 0.739016428001 K
      |- Projecting Sulfur Dioxide (33SO2) around 604736.8962 Mhz, at 0.739016428001 K
      |- Projecting Sulfur Dioxide (33SO2) around 604736.926 Mhz, at 0.739016428001 K
      |- Projecting Sulfur Dioxide (33SO2) around 604736.9663 Mhz, at 0.739016428001 K
      |- Projecting Sulfur Dioxide (33SO2) around 604736.9892 Mhz, at 0.739016428001 K
      |- Projecting Sulfur Dioxide (33SO2) around 605162.1267 Mhz, at 0.827199432256 K
      |- Projecting Sulfur Dioxide (33SO2) around 605162.2359 Mhz, at 0.827199432256 K
      |- Projecting Sulfur Dioxide (33SO2) around 605162.3107 Mhz, at 0.827199432256 K
      |- Projecting Sulfur Dioxide (33SO2) around 605162.3529 Mhz, at 0.827199432256 K
      |- Projecting Sulfur Dioxide (33SO2) around 605357.5302 Mhz, at 0.848517082798 K
      |- Projecting Sulfur Dioxide (33SO2) around 605366.9145 Mhz, at 0.848517082798 K
      |- Projecting Sulfur Dioxide (33SO2) around 605367.499 Mhz, at 0.848518327291 K
      |- Projecting Sulfur Dioxide (33SO2) around 605367.499 Mhz, at 0.848518327291 K
      |- Projecting Sulfur Dioxide (33SO2) around 605367.499 Mhz, at 0.848517082798 K
      |- Projecting Sulfur Dioxide (33SO2) around 605367.499 Mhz, at 0.848517082798 K
      |- Projecting Sulfur Dioxide (33SO2) around 605377.1052 Mhz, at 0.848518327291 K
*** Source: observed-OS17O
  |- Projecting observed-OS17O-c1
   --+ Generating template image
   --+ Generating template line distribution
   --+ Loading and correcting lines
      |- Projecting Sulfur Dioxide (OS17O) around 604501.9322 Mhz, at 0.762223852957 K
      |- Projecting Sulfur Dioxide (OS17O) around 605172.0102 Mhz, at 0.489087502978 K
      |- Projecting Sulfur Dioxide (OS17O) around 605172.0102 Mhz, at 0.489087502978 K
      |- Projecting Sulfur Dioxide (OS17O) around 605240.925 Mhz, at 0.507561244691 K
*** Source: observed-CH3OHvt=0
  |- Projecting observed-CH3OHvt=0-c1
   --+ Generating template image
   --+ Generating template line distribution
   --+ Loading and correcting lines
*** Source: observed-H13CNv=0
  |- Projecting observed-H13CNv=0-c1
   --+ Generating template image
   --+ Generating template line distribution
   --+ Loading and correcting lines
*** Source: observed-H213CO
  |- Projecting observed-H213CO-c1
   --+ Generating template image
   --+ Generating template line distribution
   --+ Loading and correcting lines
      |- Projecting Formaldehyde (H213CO) around 602083.584 Mhz, at 0.629030932025 K
   -++ Saving FITS: data-skew/cube_variable_width_31.fits
