+++ Source 'observed-CH3OHvt=0' added
 |- Component added to 'observed-CH3OHvt=0' (observed-CH3OHvt=0-c1)
 ---+ Model: mol_list = ['CH3OHvt=0'] @ spa_form=('normal', 95.61863122944047, 56.10464474264555, 1.2915788519179532), spe_form=('skew', 8, 1), z=0.0, grad=('linear', 1.2915788519179532, 102.5385882943312)
+++ Source 'observed-33SO2' added
 |- Component added to 'observed-33SO2' (observed-33SO2-c1)
 ---+ Model: mol_list = ['33SO2'] @ spa_form=('normal', 111.59298100774137, 83.86976221836193, 3.049513564633741), spe_form=('skew', 8, 1), z=0.0, grad=('linear', 3.049513564633741, 21.122850539234904)
+++ Source 'observed-SO2v2=1' added
 |- Component added to 'observed-SO2v2=1' (observed-SO2v2=1-c1)
 ---+ Model: mol_list = ['SO2v2=1'] @ spa_form=('normal', 83.18176948179355, 94.04604625455121, 2.1079216961921796), spe_form=('skew', 8, 1), z=0.0, grad=('linear', 2.1079216961921796, 59.62556068509149)
+++ Source 'observed-H13CNv2=1' added
 |- Component added to 'observed-H13CNv2=1' (observed-H13CNv2=1-c1)
 ---+ Model: mol_list = ['H13CNv2=1'] @ spa_form=('normal', 62.94921805922141, 59.2638940595503, 1.406442109726406), spe_form=('skew', 8, 1), z=0.0, grad=('linear', 1.406442109726406, 42.80686634230072)
+++ Source 'observed-H213CS' added
 |- Component added to 'observed-H213CS' (observed-H213CS-c1)
 ---+ Model: mol_list = ['H213CS'] @ spa_form=('normal', 117.14056844431067, 48.314858836010885, 1.8005617643227712), spe_form=('skew', 8, 1), z=0.0, grad=('linear', 1.8005617643227712, 80.85967534361443)
+++ Source 'observed-H2C34S' added
 |- Component added to 'observed-H2C34S' (observed-H2C34S-c1)
 ---+ Model: mol_list = ['H2C34S'] @ spa_form=('normal', 70.7992863072143, 46.191532479819664, 0.9189608270411578), spe_form=('skew', 8, 1), z=0.0, grad=('linear', 0.9189608270411578, 67.9713053848952)
+++ Source 'observed-H2C18O' added
 |- Component added to 'observed-H2C18O' (observed-H2C18O-c1)
 ---+ Model: mol_list = ['H2C18O'] @ spa_form=('normal', 132.81857660425425, 87.50542606061549, 0.7466657415544021), spe_form=('skew', 8, 1), z=0.0, grad=('linear', 0.7466657415544021, 58.97602783976498)
+++ Source 'observed-H213CO' added
 |- Component added to 'observed-H213CO' (observed-H213CO-c1)
 ---+ Model: mol_list = ['H213CO'] @ spa_form=('normal', 50.310740068670626, 69.58365849714592, 0.1550903789610475), spe_form=('skew', 8, 1), z=0.0, grad=('linear', 0.1550903789610475, 115.086615718626)
[*] Generating cube observerd
  |- Angular Coordinates (deg): ra=0 dec=0
  |- FOV (arcsec): ra=[-0.002777777777777778, 0.002777777777777778] dec=[-0.002777777777777778, 0.002777777777777778]
!!! WARNING: max ALMA bandwidth exceeded
  |- Spectral (MHz): center=277000 bandwidth=[275000.0, 279000.0]
  |- Cube size: 2 x 2 x 4000 
  |- Band: 7
*** Source: observed-H2C18O
  |- Projecting observed-H2C18O-c1
   --+ Generating template image
   --+ Generating template line distribution
   --+ Loading and correcting lines
      |- Projecting Formaldehyde (H2C18O) around 277062.652 Mhz, at 0.636604697357 K
      |- Projecting Formaldehyde (H2C18O) around 277562.802 Mhz, at 0.745722112141 K
      |- Projecting Formaldehyde (H2C18O) around 277675.2025 Mhz, at 0.908609698129 K
      |- Projecting Formaldehyde (H2C18O) around 277678.1029 Mhz, at 0.908609698129 K
      |- Projecting Formaldehyde (H2C18O) around 277853.3599 Mhz, at 0.46037556114 K
      |- Projecting Formaldehyde (H2C18O) around 278145.446 Mhz, at 0.745756813884 K
*** Source: observed-H213CS
  |- Projecting observed-H213CS-c1
   --+ Generating template image
   --+ Generating template line distribution
   --+ Loading and correcting lines
*** Source: observed-H13CNv2=1
  |- Projecting observed-H13CNv2=1-c1
   --+ Generating template image
   --+ Generating template line distribution
   --+ Loading and correcting lines
*** Source: observed-H2C34S
  |- Projecting observed-H2C34S-c1
   --+ Generating template image
   --+ Generating template line distribution
   --+ Loading and correcting lines
      |- Projecting Thioformaldehyde (H2C34S) around 277295.9149 Mhz, at 0.551869821574 K
*** Source: observed-33SO2
  |- Projecting observed-33SO2-c1
   --+ Generating template image
   --+ Generating template line distribution
   --+ Loading and correcting lines
      |- Projecting Sulfur Dioxide (33SO2) around 275160.7805 Mhz, at 0.187573768061 K
      |- Projecting Sulfur Dioxide (33SO2) around 275160.8324 Mhz, at 0.187573768061 K
      |- Projecting Sulfur Dioxide (33SO2) around 275160.9909 Mhz, at 0.187573855595 K
      |- Projecting Sulfur Dioxide (33SO2) around 275161.0124 Mhz, at 0.187573855595 K
      |- Projecting Sulfur Dioxide (33SO2) around 275828.2515 Mhz, at 0.801875932041 K
      |- Projecting Sulfur Dioxide (33SO2) around 275828.3672 Mhz, at 0.801875932041 K
      |- Projecting Sulfur Dioxide (33SO2) around 275831.1722 Mhz, at 0.801875932041 K
      |- Projecting Sulfur Dioxide (33SO2) around 275831.2604 Mhz, at 0.801876306249 K
      |- Projecting Sulfur Dioxide (33SO2) around 276035.3021 Mhz, at 0.220058179654 K
      |- Projecting Sulfur Dioxide (33SO2) around 276035.3702 Mhz, at 0.220058179654 K
      |- Projecting Sulfur Dioxide (33SO2) around 276037.6419 Mhz, at 0.220058069625 K
      |- Projecting Sulfur Dioxide (33SO2) around 276037.6851 Mhz, at 0.220058179654 K
*** Source: observed-CH3OHvt=0
  |- Projecting observed-CH3OHvt=0-c1
   --+ Generating template image
   --+ Generating template line distribution
   --+ Loading and correcting lines
      |- Projecting Methanol (CH3OHvt=0) around 275663.705 Mhz, at 0.202163707093 K
      |- Projecting Methanol (CH3OHvt=0) around 276648.18 Mhz, at 1.23036005561 K
      |- Projecting Methanol (CH3OHvt=0) around 276925.919 Mhz, at 0.88847128954 K
      |- Projecting Methanol (CH3OHvt=0) around 277940.773 Mhz, at 0.394884927761 K
      |- Projecting Methanol (CH3OHvt=0) around 278186.616 Mhz, at 0.39490007847 K
      |- Projecting Methanol (CH3OHvt=0) around 278304.51 Mhz, at 0.642644932368 K
      |- Projecting Methanol (CH3OHvt=0) around 278342.257 Mhz, at 0.49698564067 K
      |- Projecting Methanol (CH3OHvt=0) around 278480.23 Mhz, at 0.550470022883 K
      |- Projecting Methanol (CH3OHvt=0) around 278599.055 Mhz, at 1.15974886735 K
      |- Projecting Methanol (CH3OHvt=0) around 278672.92 Mhz, at 0.605635286238 K
      |- Projecting Methanol (CH3OHvt=0) around 278723.25 Mhz, at 0.605641100365 K
      |- Projecting Methanol (CH3OHvt=0) around 278965.129 Mhz, at 0.309437665202 K
*** Source: observed-SO2v2=1
  |- Projecting observed-SO2v2=1-c1
   --+ Generating template image
   --+ Generating template line distribution
   --+ Loading and correcting lines
      |- Projecting Sulfur dioxide (SO2v2=1) around 275061.7269 Mhz, at 0.210811477928 K
      |- Projecting Sulfur dioxide (SO2v2=1) around 278755.1244 Mhz, at 0.168525155799 K
      |- Projecting Sulfur dioxide (SO2v2=1) around 278849.6017 Mhz, at 0.196538406386 K
*** Source: observed-H213CO
  |- Projecting observed-H213CO-c1
   --+ Generating template image
   --+ Generating template line distribution
   --+ Loading and correcting lines
   -++ Saving FITS: data-skew/cube_variable_width_90.fits
