+++ Source 'observed-CH3OHvt=0' added
 |- Component added to 'observed-CH3OHvt=0' (observed-CH3OHvt=0-c1)
 ---+ Model: mol_list = ['CH3OHvt=0'] @ spa_form=('normal', 63.343642458800716, 42.42251519353111, 2.2165481807938883), spe_form=('skew', 8, 1), z=0.0, grad=('linear', 2.2165481807938883, 45.68297528361498)
+++ Source 'observed-33SO2' added
 |- Component added to 'observed-33SO2' (observed-33SO2-c1)
 ---+ Model: mol_list = ['33SO2'] @ spa_form=('normal', 124.51690124841815, 72.6790114204068, 2.488058663627147), spe_form=('skew', 8, 1), z=0.0, grad=('linear', 2.488058663627147, 81.43074729120313)
+++ Source 'observed-OS18O' added
 |- Component added to 'observed-OS18O' (observed-OS18O-c1)
 ---+ Model: mol_list = ['OS18O'] @ spa_form=('normal', 99.09403701922801, 85.67697295822407, 1.6236220012747793), spe_form=('skew', 8, 1), z=0.0, grad=('linear', 1.6236220012747793, 14.98774310886834)
+++ Source 'observed-OS17O' added
 |- Component added to 'observed-OS17O' (observed-OS17O-c1)
 ---+ Model: mol_list = ['OS17O'] @ spa_form=('normal', 130.57393489929575, 48.776617217256096, 0.09077539891964136), spe_form=('skew', 8, 1), z=0.0, grad=('linear', 0.09077539891964136, 96.3049775962653)
+++ Source 'observed-H13CNv2=1' added
 |- Component added to 'observed-H13CNv2=1' (observed-H13CNv2=1-c1)
 ---+ Model: mol_list = ['H13CNv2=1'] @ spa_form=('normal', 63.98343304541544, 58.95671609588622, 0.6448657642943268), spe_form=('skew', 8, 1), z=0.0, grad=('linear', 0.6448657642943268, 94.54305044658209)
+++ Source 'observed-H13CNv=0' added
 |- Component added to 'observed-H13CNv=0' (observed-H13CNv=0-c1)
 ---+ Model: mol_list = ['H13CNv=0'] @ spa_form=('normal', 69.68234889554975, 64.88752782666751, 2.1243366684254616), spe_form=('skew', 8, 1), z=0.0, grad=('linear', 2.1243366684254616, 82.09292703133481)
+++ Source 'observed-H213CS' added
 |- Component added to 'observed-H213CS' (observed-H213CS-c1)
 ---+ Model: mol_list = ['H213CS'] @ spa_form=('normal', 114.31748871905512, 46.05676488449192, 0.26466890118099856), spe_form=('skew', 8, 1), z=0.0, grad=('linear', 0.26466890118099856, 20.69007556451485)
+++ Source 'observed-H2C34S' added
 |- Component added to 'observed-H2C34S' (observed-H2C34S-c1)
 ---+ Model: mol_list = ['H2C34S'] @ spa_form=('normal', 54.13640200193054, 46.5040007327589, 2.3363935122313206), spe_form=('skew', 8, 1), z=0.0, grad=('linear', 2.3363935122313206, 106.39755430987105)
+++ Source 'observed-H2C18O' added
 |- Component added to 'observed-H2C18O' (observed-H2C18O-c1)
 ---+ Model: mol_list = ['H2C18O'] @ spa_form=('normal', 67.17516412827638, 68.01580464323402, 1.61636225977159), spe_form=('skew', 8, 1), z=0.0, grad=('linear', 1.61636225977159, 146.9937000123876)
+++ Source 'observed-H213CO' added
 |- Component added to 'observed-H213CO' (observed-H213CO-c1)
 ---+ Model: mol_list = ['H213CO'] @ spa_form=('normal', 68.33125435147792, 55.5945801053752, 2.174331596451702), spe_form=('skew', 8, 1), z=0.0, grad=('linear', 2.174331596451702, 95.94162387980087)
[*] Generating cube observerd
  |- Angular Coordinates (deg): ra=0 dec=0
  |- FOV (arcsec): ra=[-0.002777777777777778, 0.002777777777777778] dec=[-0.002777777777777778, 0.002777777777777778]
!!! WARNING: max ALMA bandwidth exceeded
  |- Spectral (MHz): center=277000 bandwidth=[275000.0, 279000.0]
  |- Cube size: 2 x 2 x 4000 
  |- Band: 7
*** Source: observed-OS18O
  |- Projecting observed-OS18O-c1
   --+ Generating template image
   --+ Generating template line distribution
   --+ Loading and correcting lines
      |- Projecting Sulfur Dioxide (OS18O) around 275207.6031 Mhz, at 0.356420320637 K
      |- Projecting Sulfur Dioxide (OS18O) around 275282.0764 Mhz, at 0.660461815212 K
      |- Projecting Sulfur Dioxide (OS18O) around 275454.6038 Mhz, at 0.297029178182 K
      |- Projecting Sulfur Dioxide (OS18O) around 275552.9984 Mhz, at 0.81935073798 K
      |- Projecting Sulfur Dioxide (OS18O) around 275646.3336 Mhz, at 0.146492770192 K
      |- Projecting Sulfur Dioxide (OS18O) around 276002.289 Mhz, at 0.864780090248 K
      |- Projecting Sulfur Dioxide (OS18O) around 276274.7786 Mhz, at 0.530763167946 K
      |- Projecting Sulfur Dioxide (OS18O) around 276277.2242 Mhz, at 0.350293979613 K
      |- Projecting Sulfur Dioxide (OS18O) around 277080.9497 Mhz, at 0.574914888792 K
      |- Projecting Sulfur Dioxide (OS18O) around 277088.3147 Mhz, at 0.574914313877 K
      |- Projecting Sulfur Dioxide (OS18O) around 278393.6459 Mhz, at 0.395932922923 K
*** Source: observed-H2C18O
  |- Projecting observed-H2C18O-c1
   --+ Generating template image
   --+ Generating template line distribution
   --+ Loading and correcting lines
      |- Projecting Formaldehyde (H2C18O) around 277062.652 Mhz, at 0.483184746949 K
      |- Projecting Formaldehyde (H2C18O) around 277562.802 Mhz, at 0.566005170155 K
      |- Projecting Formaldehyde (H2C18O) around 277675.2025 Mhz, at 0.689637303791 K
      |- Projecting Formaldehyde (H2C18O) around 277678.1029 Mhz, at 0.689637303791 K
      |- Projecting Formaldehyde (H2C18O) around 277853.3599 Mhz, at 0.349426339351 K
      |- Projecting Formaldehyde (H2C18O) around 278145.446 Mhz, at 0.566031508875 K
*** Source: observed-H213CS
  |- Projecting observed-H213CS-c1
   --+ Generating template image
   --+ Generating template line distribution
   --+ Loading and correcting lines
*** Source: observed-H13CNv2=1
  |- Projecting observed-H13CNv2=1-c1
   --+ Generating template image
   --+ Generating template line distribution
   --+ Loading and correcting lines
*** Source: observed-H2C34S
  |- Projecting observed-H2C34S-c1
   --+ Generating template image
   --+ Generating template line distribution
   --+ Loading and correcting lines
      |- Projecting Thioformaldehyde (H2C34S) around 277295.9149 Mhz, at 0.365910355616 K
*** Source: observed-33SO2
  |- Projecting observed-33SO2-c1
   --+ Generating template image
   --+ Generating template line distribution
   --+ Loading and correcting lines
      |- Projecting Sulfur Dioxide (33SO2) around 275828.2515 Mhz, at 0.209642835049 K
      |- Projecting Sulfur Dioxide (33SO2) around 275828.3672 Mhz, at 0.209642835049 K
      |- Projecting Sulfur Dioxide (33SO2) around 275831.1722 Mhz, at 0.209642835049 K
      |- Projecting Sulfur Dioxide (33SO2) around 275831.2604 Mhz, at 0.209642932883 K
*** Source: observed-OS17O
  |- Projecting observed-OS17O-c1
   --+ Generating template image
   --+ Generating template line distribution
   --+ Loading and correcting lines
      |- Projecting Sulfur Dioxide (OS17O) around 275054.7862 Mhz, at 0.432624147126 K
      |- Projecting Sulfur Dioxide (OS17O) around 275142.6319 Mhz, at 0.538012716892 K
      |- Projecting Sulfur Dioxide (OS17O) around 275151.3474 Mhz, at 0.538011927807 K
      |- Projecting Sulfur Dioxide (OS17O) around 275431.4561 Mhz, at 0.472683420856 K
      |- Projecting Sulfur Dioxide (OS17O) around 275846.0173 Mhz, at 0.150413178482 K
      |- Projecting Sulfur Dioxide (OS17O) around 276201.24 Mhz, at 0.318207514273 K
      |- Projecting Sulfur Dioxide (OS17O) around 277061.5867 Mhz, at 0.40061610738 K
      |- Projecting Sulfur Dioxide (OS17O) around 277365.4535 Mhz, at 0.497659577467 K
*** Source: observed-CH3OHvt=0
  |- Projecting observed-CH3OHvt=0-c1
   --+ Generating template image
   --+ Generating template line distribution
   --+ Loading and correcting lines
      |- Projecting Methanol (CH3OHvt=0) around 275663.705 Mhz, at 0.173893544973 K
      |- Projecting Methanol (CH3OHvt=0) around 276648.18 Mhz, at 1.05830900481 K
      |- Projecting Methanol (CH3OHvt=0) around 276925.919 Mhz, at 0.764229269268 K
      |- Projecting Methanol (CH3OHvt=0) around 277940.773 Mhz, at 0.339665021639 K
      |- Projecting Methanol (CH3OHvt=0) around 278186.616 Mhz, at 0.339678053704 K
      |- Projecting Methanol (CH3OHvt=0) around 278304.51 Mhz, at 0.552778770507 K
      |- Projecting Methanol (CH3OHvt=0) around 278342.257 Mhz, at 0.427488178265 K
      |- Projecting Methanol (CH3OHvt=0) around 278480.23 Mhz, at 0.473493413118 K
      |- Projecting Methanol (CH3OHvt=0) around 278599.055 Mhz, at 0.997571941678 K
      |- Projecting Methanol (CH3OHvt=0) around 278672.92 Mhz, at 0.520944478109 K
      |- Projecting Methanol (CH3OHvt=0) around 278723.25 Mhz, at 0.5209494792 K
      |- Projecting Methanol (CH3OHvt=0) around 278965.129 Mhz, at 0.266166530698 K
*** Source: observed-H13CNv=0
  |- Projecting observed-H13CNv=0-c1
   --+ Generating template image
   --+ Generating template line distribution
   --+ Loading and correcting lines
*** Source: observed-H213CO
  |- Projecting observed-H213CO-c1
   --+ Generating template image
   --+ Generating template line distribution
   --+ Loading and correcting lines
   -++ Saving FITS: data-skew/cube_variable_width_81.fits
