+++ Source 'observed-CH3OHvt=0' added
 |- Component added to 'observed-CH3OHvt=0' (observed-CH3OHvt=0-c1)
 ---+ Model: mol_list = ['CH3OHvt=0'] @ spa_form=('normal', 85.1502355240338, 82.15104147871705, 2.8476814618303696), spe_form=('skew', 8, 1), z=0.0, grad=('linear', 2.8476814618303696, 13.114804234209776)
+++ Source 'observed-SO2v=0' added
 |- Component added to 'observed-SO2v=0' (observed-SO2v=0-c1)
 ---+ Model: mol_list = ['SO2v=0'] @ spa_form=('normal', 70.75520493200102, 84.99287816901082, 0.3543607213749911), spe_form=('skew', 8, 1), z=0.0, grad=('linear', 0.3543607213749911, 141.72998989826812)
+++ Source 'observed-33SO2' added
 |- Component added to 'observed-33SO2' (observed-33SO2-c1)
 ---+ Model: mol_list = ['33SO2'] @ spa_form=('normal', 135.4167530399498, 43.08293185426282, 0.8685310162156589), spe_form=('skew', 8, 1), z=0.0, grad=('linear', 0.8685310162156589, 119.52102377856274)
+++ Source 'observed-SO2v2=1' added
 |- Component added to 'observed-SO2v2=1' (observed-SO2v2=1-c1)
 ---+ Model: mol_list = ['SO2v2=1'] @ spa_form=('normal', 116.77806044471093, 51.29388853229644, 2.705605557799826), spe_form=('skew', 8, 1), z=0.0, grad=('linear', 2.705605557799826, 146.3481968205787)
+++ Source 'observed-OS17O' added
 |- Component added to 'observed-OS17O' (observed-OS17O-c1)
 ---+ Model: mol_list = ['OS17O'] @ spa_form=('normal', 135.8656777145593, 51.564649779588464, 1.1131374531445828), spe_form=('skew', 8, 1), z=0.0, grad=('linear', 1.1131374531445828, 106.60773857025548)
+++ Source 'observed-H13CNv2=1' added
 |- Component added to 'observed-H13CNv2=1' (observed-H13CNv2=1-c1)
 ---+ Model: mol_list = ['H13CNv2=1'] @ spa_form=('normal', 149.1924164460105, 52.442968155179855, 0.06549874742906456), spe_form=('skew', 8, 1), z=0.0, grad=('linear', 0.06549874742906456, 68.33232758608885)
+++ Source 'observed-H13CNv=0' added
 |- Component added to 'observed-H13CNv=0' (observed-H13CNv=0-c1)
 ---+ Model: mol_list = ['H13CNv=0'] @ spa_form=('normal', 118.46848165517397, 58.829838696988546, 2.823784476062213), spe_form=('skew', 8, 1), z=0.0, grad=('linear', 2.823784476062213, 87.527232605448)
+++ Source 'observed-H213CO' added
 |- Component added to 'observed-H213CO' (observed-H213CO-c1)
 ---+ Model: mol_list = ['H213CO'] @ spa_form=('normal', 67.43531837761938, 77.27263326839574, 2.2491664857956373), spe_form=('skew', 8, 1), z=0.0, grad=('linear', 2.2491664857956373, 91.86894764213388)
[*] Generating cube observerd
  |- Angular Coordinates (deg): ra=0 dec=0
  |- FOV (arcsec): ra=[-0.002777777777777778, 0.002777777777777778] dec=[-0.002777777777777778, 0.002777777777777778]
!!! WARNING: max ALMA bandwidth exceeded
  |- Spectral (MHz): center=277000 bandwidth=[275000.0, 279000.0]
  |- Cube size: 2 x 2 x 4000 
  |- Band: 7
*** Source: observed-H13CNv=0
  |- Projecting observed-H13CNv=0-c1
   --+ Generating template image
   --+ Generating template line distribution
   --+ Loading and correcting lines
*** Source: observed-H13CNv2=1
  |- Projecting observed-H13CNv2=1-c1
   --+ Generating template image
   --+ Generating template line distribution
   --+ Loading and correcting lines
*** Source: observed-33SO2
  |- Projecting observed-33SO2-c1
   --+ Generating template image
   --+ Generating template line distribution
   --+ Loading and correcting lines
      |- Projecting Sulfur Dioxide (33SO2) around 275828.2515 Mhz, at 0.154440200946 K
      |- Projecting Sulfur Dioxide (33SO2) around 275828.3672 Mhz, at 0.154440200946 K
      |- Projecting Sulfur Dioxide (33SO2) around 275831.1722 Mhz, at 0.154440200946 K
      |- Projecting Sulfur Dioxide (33SO2) around 275831.2604 Mhz, at 0.154440273018 K
*** Source: observed-OS17O
  |- Projecting observed-OS17O-c1
   --+ Generating template image
   --+ Generating template line distribution
   --+ Loading and correcting lines
      |- Projecting Sulfur Dioxide (OS17O) around 275054.7862 Mhz, at 0.540722393745 K
      |- Projecting Sulfur Dioxide (OS17O) around 275142.6319 Mhz, at 0.67244402809 K
      |- Projecting Sulfur Dioxide (OS17O) around 275151.3474 Mhz, at 0.67244304184 K
      |- Projecting Sulfur Dioxide (OS17O) around 275431.4561 Mhz, at 0.590791134768 K
      |- Projecting Sulfur Dioxide (OS17O) around 275846.0173 Mhz, at 0.18799638083 K
      |- Projecting Sulfur Dioxide (OS17O) around 276201.24 Mhz, at 0.397716886512 K
      |- Projecting Sulfur Dioxide (OS17O) around 277061.5867 Mhz, at 0.500716619713 K
      |- Projecting Sulfur Dioxide (OS17O) around 277365.4535 Mhz, at 0.622007994203 K
*** Source: observed-CH3OHvt=0
  |- Projecting observed-CH3OHvt=0-c1
   --+ Generating template image
   --+ Generating template line distribution
   --+ Loading and correcting lines
      |- Projecting Methanol (CH3OHvt=0) around 275663.705 Mhz, at 0.121191837119 K
      |- Projecting Methanol (CH3OHvt=0) around 276648.18 Mhz, at 0.737568565602 K
      |- Projecting Methanol (CH3OHvt=0) around 276925.919 Mhz, at 0.532615222363 K
      |- Projecting Methanol (CH3OHvt=0) around 277940.773 Mhz, at 0.236723151421 K
      |- Projecting Methanol (CH3OHvt=0) around 278186.616 Mhz, at 0.236732233874 K
      |- Projecting Methanol (CH3OHvt=0) around 278304.51 Mhz, at 0.385248772339 K
      |- Projecting Methanol (CH3OHvt=0) around 278342.257 Mhz, at 0.297929849431 K
      |- Projecting Methanol (CH3OHvt=0) around 278480.23 Mhz, at 0.329992333003 K
      |- Projecting Methanol (CH3OHvt=0) around 278599.055 Mhz, at 0.695239011257 K
      |- Projecting Methanol (CH3OHvt=0) around 278672.92 Mhz, at 0.36306246071 K
      |- Projecting Methanol (CH3OHvt=0) around 278723.25 Mhz, at 0.363065946126 K
      |- Projecting Methanol (CH3OHvt=0) around 278965.129 Mhz, at 0.185499759868 K
*** Source: observed-SO2v2=1
  |- Projecting observed-SO2v2=1-c1
   --+ Generating template image
   --+ Generating template line distribution
   --+ Loading and correcting lines
      |- Projecting Sulfur dioxide (SO2v2=1) around 275061.7269 Mhz, at 0.285387765344 K
      |- Projecting Sulfur dioxide (SO2v2=1) around 278755.1244 Mhz, at 0.228142310326 K
      |- Projecting Sulfur dioxide (SO2v2=1) around 278849.6017 Mhz, at 0.26606547781 K
*** Source: observed-H213CO
  |- Projecting observed-H213CO-c1
   --+ Generating template image
   --+ Generating template line distribution
   --+ Loading and correcting lines
*** Source: observed-SO2v=0
  |- Projecting observed-SO2v=0-c1
   --+ Generating template image
   --+ Generating template line distribution
   --+ Loading and correcting lines
      |- Projecting Sulfur dioxide (SO2v=0) around 275240.184 Mhz, at 0.223963492699 K
      |- Projecting Sulfur dioxide (SO2v=0) around 276254.5765 Mhz, at 0.221706815812 K
      |- Projecting Sulfur dioxide (SO2v=0) around 278250.9723 Mhz, at 0.384448827969 K
   -++ Saving FITS: data-skew/cube_fixed_width_69.fits
