+++ Source 'observed-HC15Nv=0' added
 |- Component added to 'observed-HC15Nv=0' (observed-HC15Nv=0-c1)
 ---+ Model: mol_list = ['HC15Nv=0'] @ spa_form=('normal', 128.44992607711498, 97.30419601028507, 2.4597838369564626), spe_form=('skew', 8, 1), z=0.0, grad=('linear', 2.4597838369564626, 53.832660108126284)
+++ Source 'observed-H2C18O' added
 |- Component added to 'observed-H2C18O' (observed-H2C18O-c1)
 ---+ Model: mol_list = ['H2C18O'] @ spa_form=('normal', 56.144966213480785, 93.50341980347505, 0.5336490513675329), spe_form=('skew', 8, 1), z=0.0, grad=('linear', 0.5336490513675329, 106.80944495842917)
+++ Source 'observed-H213CO' added
 |- Component added to 'observed-H213CO' (observed-H213CO-c1)
 ---+ Model: mol_list = ['H213CO'] @ spa_form=('normal', 84.36517073693577, 47.37530987873292, 1.7905369893344574), spe_form=('skew', 8, 1), z=0.0, grad=('linear', 1.7905369893344574, 73.20207914322972)
[*] Generating cube observerd
  |- Angular Coordinates (deg): ra=0 dec=0
  |- FOV (arcsec): ra=[-0.002777777777777778, 0.002777777777777778] dec=[-0.002777777777777778, 0.002777777777777778]
!!! WARNING: max ALMA bandwidth exceeded
  |- Spectral (MHz): center=277000 bandwidth=[275000.0, 279000.0]
  |- Cube size: 2 x 2 x 4000 
  |- Band: 7
*** Source: observed-H213CO
  |- Projecting observed-H213CO-c1
   --+ Generating template image
   --+ Generating template line distribution
   --+ Loading and correcting lines
*** Source: observed-H2C18O
  |- Projecting observed-H2C18O-c1
   --+ Generating template image
   --+ Generating template line distribution
   --+ Loading and correcting lines
      |- Projecting Formaldehyde (H2C18O) around 277062.652 Mhz, at 0.333155737559 K
      |- Projecting Formaldehyde (H2C18O) around 277562.802 Mhz, at 0.390260394427 K
      |- Projecting Formaldehyde (H2C18O) around 277675.2025 Mhz, at 0.47550471335 K
      |- Projecting Formaldehyde (H2C18O) around 277678.1029 Mhz, at 0.47550471335 K
      |- Projecting Formaldehyde (H2C18O) around 277853.3599 Mhz, at 0.240929355788 K
      |- Projecting Formaldehyde (H2C18O) around 278145.446 Mhz, at 0.390278554967 K
*** Source: observed-HC15Nv=0
  |- Projecting observed-HC15Nv=0-c1
   --+ Generating template image
   --+ Generating template line distribution
   --+ Loading and correcting lines
   -++ Saving FITS: data-skew/cube_fixed_width_70.fits
