+++ Source 'observed-CH3OHvt=0' added
 |- Component added to 'observed-CH3OHvt=0' (observed-CH3OHvt=0-c1)
 ---+ Model: mol_list = ['CH3OHvt=0'] @ spa_form=('normal', 115.2741321247985, 78.81863507908369, 2.0741726522021264), spe_form=('skew', 8, 1), z=0.0, grad=('linear', 2.0741726522021264, 85.57134790933571)
+++ Source 'observed-SO2v=0' added
 |- Component added to 'observed-SO2v=0' (observed-SO2v=0-c1)
 ---+ Model: mol_list = ['SO2v=0'] @ spa_form=('normal', 55.645826933706566, 74.81455463080866, 1.718922896947466), spe_form=('skew', 8, 1), z=0.0, grad=('linear', 1.718922896947466, 16.71203781624759)
+++ Source 'observed-34SO2v=0' added
 |- Component added to 'observed-34SO2v=0' (observed-34SO2v=0-c1)
 ---+ Model: mol_list = ['34SO2v=0'] @ spa_form=('normal', 70.2578355216995, 89.57376763438467, 2.4193038794103576), spe_form=('skew', 8, 1), z=0.0, grad=('linear', 2.4193038794103576, 129.421678020713)
+++ Source 'observed-HC15Nv=0' added
 |- Component added to 'observed-HC15Nv=0' (observed-HC15Nv=0-c1)
 ---+ Model: mol_list = ['HC15Nv=0'] @ spa_form=('normal', 125.43226796834269, 96.86489792470097, 1.6500459549190911), spe_form=('skew', 8, 1), z=0.0, grad=('linear', 1.6500459549190911, 49.91705067121937)
+++ Source 'observed-H13CNv2=1' added
 |- Component added to 'observed-H13CNv2=1' (observed-H13CNv2=1-c1)
 ---+ Model: mol_list = ['H13CNv2=1'] @ spa_form=('normal', 134.68177281892292, 42.45681679791354, 2.843673881449204), spe_form=('skew', 8, 1), z=0.0, grad=('linear', 2.843673881449204, 80.49802676285952)
+++ Source 'observed-H2C18O' added
 |- Component added to 'observed-H2C18O' (observed-H2C18O-c1)
 ---+ Model: mol_list = ['H2C18O'] @ spa_form=('normal', 61.05354886480805, 75.05871745167917, 2.66212171550026), spe_form=('skew', 8, 1), z=0.0, grad=('linear', 2.66212171550026, 36.03284237507525)
[*] Generating cube observerd
  |- Angular Coordinates (deg): ra=0 dec=0
  |- FOV (arcsec): ra=[-0.002777777777777778, 0.002777777777777778] dec=[-0.002777777777777778, 0.002777777777777778]
!!! WARNING: max ALMA bandwidth exceeded
  |- Spectral (MHz): center=277000 bandwidth=[275000.0, 279000.0]
  |- Cube size: 2 x 2 x 4000 
  |- Band: 7
*** Source: observed-H2C18O
  |- Projecting observed-H2C18O-c1
   --+ Generating template image
   --+ Generating template line distribution
   --+ Loading and correcting lines
      |- Projecting Formaldehyde (H2C18O) around 277062.652 Mhz, at 0.609021184895 K
      |- Projecting Formaldehyde (H2C18O) around 277562.802 Mhz, at 0.713410639639 K
      |- Projecting Formaldehyde (H2C18O) around 277675.2025 Mhz, at 0.869240452135 K
      |- Projecting Formaldehyde (H2C18O) around 277678.1029 Mhz, at 0.869240452135 K
      |- Projecting Formaldehyde (H2C18O) around 277853.3599 Mhz, at 0.440427899616 K
      |- Projecting Formaldehyde (H2C18O) around 278145.446 Mhz, at 0.713443837787 K
*** Source: observed-H13CNv2=1
  |- Projecting observed-H13CNv2=1-c1
   --+ Generating template image
   --+ Generating template line distribution
   --+ Loading and correcting lines
*** Source: observed-34SO2v=0
  |- Projecting observed-34SO2v=0-c1
   --+ Generating template image
   --+ Generating template line distribution
   --+ Loading and correcting lines
      |- Projecting Sulfur Dioxide (34SO2v=0) around 275434.2181 Mhz, at 0.35450161599 K
      |- Projecting Sulfur Dioxide (34SO2v=0) around 276483.977 Mhz, at 0.298111368891 K
      |- Projecting Sulfur Dioxide (34SO2v=0) around 276999.6054 Mhz, at 0.156935962158 K
      |- Projecting Sulfur Dioxide (34SO2v=0) around 277150.575 Mhz, at 0.175101750747 K
      |- Projecting Sulfur Dioxide (34SO2v=0) around 278835.2175 Mhz, at 0.196557046955 K
*** Source: observed-CH3OHvt=0
  |- Projecting observed-CH3OHvt=0-c1
   --+ Generating template image
   --+ Generating template line distribution
   --+ Loading and correcting lines
      |- Projecting Methanol (CH3OHvt=0) around 275663.705 Mhz, at 0.139611293968 K
      |- Projecting Methanol (CH3OHvt=0) around 276648.18 Mhz, at 0.849668626875 K
      |- Projecting Methanol (CH3OHvt=0) around 276925.919 Mhz, at 0.613565254463 K
      |- Projecting Methanol (CH3OHvt=0) around 277940.773 Mhz, at 0.272701745164 K
      |- Projecting Methanol (CH3OHvt=0) around 278186.616 Mhz, at 0.272712208021 K
      |- Projecting Methanol (CH3OHvt=0) around 278304.51 Mhz, at 0.443801174107 K
      |- Projecting Methanol (CH3OHvt=0) around 278342.257 Mhz, at 0.343211001495 K
      |- Projecting Methanol (CH3OHvt=0) around 278480.23 Mhz, at 0.380146532185 K
      |- Projecting Methanol (CH3OHvt=0) around 278599.055 Mhz, at 0.800905574877 K
      |- Projecting Methanol (CH3OHvt=0) around 278672.92 Mhz, at 0.418242854763 K
      |- Projecting Methanol (CH3OHvt=0) around 278723.25 Mhz, at 0.418246869914 K
      |- Projecting Methanol (CH3OHvt=0) around 278965.129 Mhz, at 0.213693117634 K
*** Source: observed-HC15Nv=0
  |- Projecting observed-HC15Nv=0-c1
   --+ Generating template image
   --+ Generating template line distribution
   --+ Loading and correcting lines
*** Source: observed-SO2v=0
  |- Projecting observed-SO2v=0-c1
   --+ Generating template image
   --+ Generating template line distribution
   --+ Loading and correcting lines
      |- Projecting Sulfur dioxide (SO2v=0) around 275240.184 Mhz, at 0.274066189545 K
      |- Projecting Sulfur dioxide (SO2v=0) around 275375.7013 Mhz, at 0.129567270756 K
      |- Projecting Sulfur dioxide (SO2v=0) around 276254.5765 Mhz, at 0.271304673246 K
      |- Projecting Sulfur dioxide (SO2v=0) around 278250.9723 Mhz, at 0.470453572977 K
   -++ Saving FITS: data-skew/cube_fixed_width_62.fits
