+++ Source 'observed-CH3OHvt=0' added
 |- Component added to 'observed-CH3OHvt=0' (observed-CH3OHvt=0-c1)
 ---+ Model: mol_list = ['CH3OHvt=0'] @ spa_form=('normal', 112.95935194615895, 81.43425119560138, 1.7172796690765633), spe_form=('skew', 8, 1), z=0.0, grad=('linear', 1.7172796690765633, 108.47768304727371)
+++ Source 'observed-33SO2' added
 |- Component added to 'observed-33SO2' (observed-33SO2-c1)
 ---+ Model: mol_list = ['33SO2'] @ spa_form=('normal', 123.1278482431932, 47.30365497387374, 0.7273920145310384), spe_form=('skew', 8, 1), z=0.0, grad=('linear', 0.7273920145310384, 138.98166519470865)
+++ Source 'observed-SO2v2=1' added
 |- Component added to 'observed-SO2v2=1' (observed-SO2v2=1-c1)
 ---+ Model: mol_list = ['SO2v2=1'] @ spa_form=('normal', 99.51089350537234, 96.73987665564914, 0.6980687521629749), spe_form=('skew', 8, 1), z=0.0, grad=('linear', 0.6980687521629749, 63.32145398964842)
+++ Source 'observed-H13CNv2=1' added
 |- Component added to 'observed-H13CNv2=1' (observed-H13CNv2=1-c1)
 ---+ Model: mol_list = ['H13CNv2=1'] @ spa_form=('normal', 55.22189220910111, 59.641709605139894, 0.2749446278158252), spe_form=('skew', 8, 1), z=0.0, grad=('linear', 0.2749446278158252, 68.88807350458646)
+++ Source 'observed-H213CS' added
 |- Component added to 'observed-H213CS' (observed-H213CS-c1)
 ---+ Model: mol_list = ['H213CS'] @ spa_form=('normal', 102.13234177421334, 81.46725454157941, 2.737248360214381), spe_form=('skew', 8, 1), z=0.0, grad=('linear', 2.737248360214381, 55.87977967593646)
+++ Source 'observed-H2C34S' added
 |- Component added to 'observed-H2C34S' (observed-H2C34S-c1)
 ---+ Model: mol_list = ['H2C34S'] @ spa_form=('normal', 148.00611243717498, 55.0608018244812, 2.146480171029112), spe_form=('skew', 8, 1), z=0.0, grad=('linear', 2.146480171029112, 132.91543942270133)
+++ Source 'observed-H2C18O' added
 |- Component added to 'observed-H2C18O' (observed-H2C18O-c1)
 ---+ Model: mol_list = ['H2C18O'] @ spa_form=('normal', 126.16320244184259, 96.03257540030411, 2.803135509969674), spe_form=('skew', 8, 1), z=0.0, grad=('linear', 2.803135509969674, 103.31544616265548)
+++ Source 'observed-H213CO' added
 |- Component added to 'observed-H213CO' (observed-H213CO-c1)
 ---+ Model: mol_list = ['H213CO'] @ spa_form=('normal', 63.580723493301235, 62.85766260250436, 0.7956677908482777), spe_form=('skew', 8, 1), z=0.0, grad=('linear', 0.7956677908482777, 95.14735988930069)
[*] Generating cube observerd
  |- Angular Coordinates (deg): ra=0 dec=0
  |- FOV (arcsec): ra=[-0.002777777777777778, 0.002777777777777778] dec=[-0.002777777777777778, 0.002777777777777778]
!!! WARNING: max ALMA bandwidth exceeded
  |- Spectral (MHz): center=604000 bandwidth=[602000.0, 606000.0]
  |- Cube size: 2 x 2 x 4000 
  |- Band: 9
*** Source: observed-H2C18O
  |- Projecting observed-H2C18O-c1
   --+ Generating template image
   --+ Generating template line distribution
   --+ Loading and correcting lines
      |- Projecting Formaldehyde (H2C18O) around 603231.51 Mhz, at 0.832618660615 K
*** Source: observed-H213CS
  |- Projecting observed-H213CS-c1
   --+ Generating template image
   --+ Generating template line distribution
   --+ Loading and correcting lines
*** Source: observed-H13CNv2=1
  |- Projecting observed-H13CNv2=1-c1
   --+ Generating template image
   --+ Generating template line distribution
   --+ Loading and correcting lines
*** Source: observed-H2C34S
  |- Projecting observed-H2C34S-c1
   --+ Generating template image
   --+ Generating template line distribution
   --+ Loading and correcting lines
*** Source: observed-33SO2
  |- Projecting observed-33SO2-c1
   --+ Generating template image
   --+ Generating template line distribution
   --+ Loading and correcting lines
      |- Projecting Sulfur Dioxide (33SO2) around 602337.0627 Mhz, at 1.01025944519 K
      |- Projecting Sulfur Dioxide (33SO2) around 602338.0039 Mhz, at 1.01025944519 K
      |- Projecting Sulfur Dioxide (33SO2) around 602348.9212 Mhz, at 1.01025846861 K
      |- Projecting Sulfur Dioxide (33SO2) around 602349.8184 Mhz, at 1.01025796348 K
      |- Projecting Sulfur Dioxide (33SO2) around 602488.3231 Mhz, at 1.2043573931 K
      |- Projecting Sulfur Dioxide (33SO2) around 602499.1576 Mhz, at 1.20435562671 K
      |- Projecting Sulfur Dioxide (33SO2) around 603112.9816 Mhz, at 1.36217271242 K
      |- Projecting Sulfur Dioxide (33SO2) around 603113.1191 Mhz, at 1.36217271242 K
      |- Projecting Sulfur Dioxide (33SO2) around 603113.2126 Mhz, at 1.36217271242 K
      |- Projecting Sulfur Dioxide (33SO2) around 603113.2683 Mhz, at 1.36217271242 K
      |- Projecting Sulfur Dioxide (33SO2) around 604736.5656 Mhz, at 0.752985285629 K
      |- Projecting Sulfur Dioxide (33SO2) around 604736.767 Mhz, at 0.752985285629 K
      |- Projecting Sulfur Dioxide (33SO2) around 604736.8741 Mhz, at 0.752985285629 K
      |- Projecting Sulfur Dioxide (33SO2) around 604736.8962 Mhz, at 0.752985285629 K
      |- Projecting Sulfur Dioxide (33SO2) around 604736.926 Mhz, at 0.752985285629 K
      |- Projecting Sulfur Dioxide (33SO2) around 604736.9663 Mhz, at 0.752985285629 K
      |- Projecting Sulfur Dioxide (33SO2) around 604736.9892 Mhz, at 0.752985285629 K
      |- Projecting Sulfur Dioxide (33SO2) around 605162.1267 Mhz, at 0.842835121344 K
      |- Projecting Sulfur Dioxide (33SO2) around 605162.2359 Mhz, at 0.842835121344 K
      |- Projecting Sulfur Dioxide (33SO2) around 605162.3107 Mhz, at 0.842835121344 K
      |- Projecting Sulfur Dioxide (33SO2) around 605162.3529 Mhz, at 0.842835121344 K
      |- Projecting Sulfur Dioxide (33SO2) around 605357.5302 Mhz, at 0.864555717225 K
      |- Projecting Sulfur Dioxide (33SO2) around 605366.9145 Mhz, at 0.864555717225 K
      |- Projecting Sulfur Dioxide (33SO2) around 605367.499 Mhz, at 0.864556985241 K
      |- Projecting Sulfur Dioxide (33SO2) around 605367.499 Mhz, at 0.864556985241 K
      |- Projecting Sulfur Dioxide (33SO2) around 605367.499 Mhz, at 0.864555717225 K
      |- Projecting Sulfur Dioxide (33SO2) around 605367.499 Mhz, at 0.864555717225 K
      |- Projecting Sulfur Dioxide (33SO2) around 605377.1052 Mhz, at 0.864556985241 K
*** Source: observed-CH3OHvt=0
  |- Projecting observed-CH3OHvt=0-c1
   --+ Generating template image
   --+ Generating template line distribution
   --+ Loading and correcting lines
      |- Projecting Methanol (CH3OHvt=0) around 602233.197 Mhz, at 0.746100980162 K
      |- Projecting Methanol (CH3OHvt=0) around 605587.005 Mhz, at 0.664465208823 K
*** Source: observed-SO2v2=1
  |- Projecting observed-SO2v2=1-c1
   --+ Generating template image
   --+ Generating template line distribution
   --+ Loading and correcting lines
*** Source: observed-H213CO
  |- Projecting observed-H213CO-c1
   --+ Generating template image
   --+ Generating template line distribution
   --+ Loading and correcting lines
      |- Projecting Formaldehyde (H213CO) around 602083.584 Mhz, at 0.909939537448 K
   -++ Saving FITS: data-skew/cube_fixed_width_15.fits
