+++ Source 'observed-CH3OHvt=0' added
 |- Component added to 'observed-CH3OHvt=0' (observed-CH3OHvt=0-c1)
 ---+ Model: mol_list = ['CH3OHvt=0'] @ spa_form=('normal', 147.03498015876693, 50.70025254452791, 2.6173048832309576), spe_form=('skew', 8, 1), z=0.0, grad=('linear', 2.6173048832309576, 28.276652102408523)
+++ Source 'observed-SO2v=0' added
 |- Component added to 'observed-SO2v=0' (observed-SO2v=0-c1)
 ---+ Model: mol_list = ['SO2v=0'] @ spa_form=('normal', 58.2331882582243, 88.7724949505743, 2.363587354545981), spe_form=('skew', 8, 1), z=0.0, grad=('linear', 2.363587354545981, 35.69561954882156)
+++ Source 'observed-33SO2' added
 |- Component added to 'observed-33SO2' (observed-33SO2-c1)
 ---+ Model: mol_list = ['33SO2'] @ spa_form=('normal', 56.74719121232914, 79.12592322725267, 1.8298015085155792), spe_form=('skew', 8, 1), z=0.0, grad=('linear', 1.8298015085155792, 118.84692880170616)
+++ Source 'observed-OS18O' added
 |- Component added to 'observed-OS18O' (observed-OS18O-c1)
 ---+ Model: mol_list = ['OS18O'] @ spa_form=('normal', 127.85215720272076, 63.914891132001685, 1.5974929426104425), spe_form=('skew', 8, 1), z=0.0, grad=('linear', 1.5974929426104425, 86.45506065215375)
+++ Source 'observed-HC15Nv=0' added
 |- Component added to 'observed-HC15Nv=0' (observed-HC15Nv=0-c1)
 ---+ Model: mol_list = ['HC15Nv=0'] @ spa_form=('normal', 147.84065163647722, 42.03317438627611, 2.2014063793091543), spe_form=('skew', 8, 1), z=0.0, grad=('linear', 2.2014063793091543, 36.980038073518955)
+++ Source 'observed-H13CNv2=1' added
 |- Component added to 'observed-H13CNv2=1' (observed-H13CNv2=1-c1)
 ---+ Model: mol_list = ['H13CNv2=1'] @ spa_form=('normal', 139.0040195021484, 81.52983634414035, 2.5537959947301423), spe_form=('skew', 8, 1), z=0.0, grad=('linear', 2.5537959947301423, 77.49698951213944)
+++ Source 'observed-H213CO' added
 |- Component added to 'observed-H213CO' (observed-H213CO-c1)
 ---+ Model: mol_list = ['H213CO'] @ spa_form=('normal', 121.45836346573971, 92.69064187687744, 2.0627301091348946), spe_form=('skew', 8, 1), z=0.0, grad=('linear', 2.0627301091348946, 128.44571188876017)
[*] Generating cube observerd
  |- Angular Coordinates (deg): ra=0 dec=0
  |- FOV (arcsec): ra=[-0.002777777777777778, 0.002777777777777778] dec=[-0.002777777777777778, 0.002777777777777778]
!!! WARNING: max ALMA bandwidth exceeded
  |- Spectral (MHz): center=604000 bandwidth=[602000.0, 606000.0]
  |- Cube size: 2 x 2 x 4000 
  |- Band: 9
*** Source: observed-OS18O
  |- Projecting observed-OS18O-c1
   --+ Generating template image
   --+ Generating template line distribution
   --+ Loading and correcting lines
      |- Projecting Sulfur Dioxide (OS18O) around 602313.3835 Mhz, at 0.622315849556 K
      |- Projecting Sulfur Dioxide (OS18O) around 603090.155 Mhz, at 0.507356034039 K
*** Source: observed-H13CNv2=1
  |- Projecting observed-H13CNv2=1-c1
   --+ Generating template image
   --+ Generating template line distribution
   --+ Loading and correcting lines
*** Source: observed-33SO2
  |- Projecting observed-33SO2-c1
   --+ Generating template image
   --+ Generating template line distribution
   --+ Loading and correcting lines
      |- Projecting Sulfur Dioxide (33SO2) around 602337.0627 Mhz, at 0.890946637689 K
      |- Projecting Sulfur Dioxide (33SO2) around 602338.0039 Mhz, at 0.890946637689 K
      |- Projecting Sulfur Dioxide (33SO2) around 602348.9212 Mhz, at 0.890945776441 K
      |- Projecting Sulfur Dioxide (33SO2) around 602349.8184 Mhz, at 0.890945330968 K
      |- Projecting Sulfur Dioxide (33SO2) around 602488.3231 Mhz, at 1.06212139373 K
      |- Projecting Sulfur Dioxide (33SO2) around 602499.1576 Mhz, at 1.06211983595 K
      |- Projecting Sulfur Dioxide (33SO2) around 603112.9816 Mhz, at 1.20129854153 K
      |- Projecting Sulfur Dioxide (33SO2) around 603113.1191 Mhz, at 1.20129854153 K
      |- Projecting Sulfur Dioxide (33SO2) around 603113.2126 Mhz, at 1.20129854153 K
      |- Projecting Sulfur Dioxide (33SO2) around 603113.2683 Mhz, at 1.20129854153 K
      |- Projecting Sulfur Dioxide (33SO2) around 604736.5656 Mhz, at 0.664056853565 K
      |- Projecting Sulfur Dioxide (33SO2) around 604736.767 Mhz, at 0.664056853565 K
      |- Projecting Sulfur Dioxide (33SO2) around 604736.8741 Mhz, at 0.664056853565 K
      |- Projecting Sulfur Dioxide (33SO2) around 604736.8962 Mhz, at 0.664056853565 K
      |- Projecting Sulfur Dioxide (33SO2) around 604736.926 Mhz, at 0.664056853565 K
      |- Projecting Sulfur Dioxide (33SO2) around 604736.9663 Mhz, at 0.664056853565 K
      |- Projecting Sulfur Dioxide (33SO2) around 604736.9892 Mhz, at 0.664056853565 K
      |- Projecting Sulfur Dioxide (33SO2) around 605162.1267 Mhz, at 0.74329531989 K
      |- Projecting Sulfur Dioxide (33SO2) around 605162.2359 Mhz, at 0.74329531989 K
      |- Projecting Sulfur Dioxide (33SO2) around 605162.3107 Mhz, at 0.74329531989 K
      |- Projecting Sulfur Dioxide (33SO2) around 605162.3529 Mhz, at 0.74329531989 K
      |- Projecting Sulfur Dioxide (33SO2) around 605357.5302 Mhz, at 0.762450688307 K
      |- Projecting Sulfur Dioxide (33SO2) around 605366.9145 Mhz, at 0.762450688307 K
      |- Projecting Sulfur Dioxide (33SO2) around 605367.499 Mhz, at 0.762451806568 K
      |- Projecting Sulfur Dioxide (33SO2) around 605367.499 Mhz, at 0.762451806568 K
      |- Projecting Sulfur Dioxide (33SO2) around 605367.499 Mhz, at 0.762450688307 K
      |- Projecting Sulfur Dioxide (33SO2) around 605367.499 Mhz, at 0.762450688307 K
      |- Projecting Sulfur Dioxide (33SO2) around 605377.1052 Mhz, at 0.762451806568 K
*** Source: observed-CH3OHvt=0
  |- Projecting observed-CH3OHvt=0-c1
   --+ Generating template image
   --+ Generating template line distribution
   --+ Loading and correcting lines
      |- Projecting Methanol (CH3OHvt=0) around 602233.197 Mhz, at 0.663008114986 K
      |- Projecting Methanol (CH3OHvt=0) around 605587.005 Mhz, at 0.590464075627 K
*** Source: observed-HC15Nv=0
  |- Projecting observed-HC15Nv=0-c1
   --+ Generating template image
   --+ Generating template line distribution
   --+ Loading and correcting lines
*** Source: observed-H213CO
  |- Projecting observed-H213CO-c1
   --+ Generating template image
   --+ Generating template line distribution
   --+ Loading and correcting lines
      |- Projecting Formaldehyde (H213CO) around 602083.584 Mhz, at 0.878213073236 K
*** Source: observed-SO2v=0
  |- Projecting observed-SO2v=0-c1
   --+ Generating template image
   --+ Generating template line distribution
   --+ Loading and correcting lines
      |- Projecting Sulfur dioxide (SO2v=0) around 604367.4364 Mhz, at 0.600412785871 K
      |- Projecting Sulfur dioxide (SO2v=0) around 604406.5377 Mhz, at 0.572425289632 K
      |- Projecting Sulfur dioxide (SO2v=0) around 605532.5228 Mhz, at 0.727361421594 K
   -++ Saving FITS: data-skew/cube_fixed_width_22.fits
