+++ Source 'observed-CH3OHvt=0' added
 |- Component added to 'observed-CH3OHvt=0' (observed-CH3OHvt=0-c1)
 ---+ Model: mol_list = ['CH3OHvt=0'] @ spa_form=('normal', 91.37715168775995, 48.48750242416405, 2.31897988911715), spe_form=('skew', 8, 1), z=0.0, grad=('linear', 2.31897988911715, 146.49937861459773)
+++ Source 'observed-SO2v=0' added
 |- Component added to 'observed-SO2v=0' (observed-SO2v=0-c1)
 ---+ Model: mol_list = ['SO2v=0'] @ spa_form=('normal', 99.11578594773206, 66.04680482152503, 2.513182145413242), spe_form=('skew', 8, 1), z=0.0, grad=('linear', 2.513182145413242, 89.6218903207323)
+++ Source 'observed-33SO2' added
 |- Component added to 'observed-33SO2' (observed-33SO2-c1)
 ---+ Model: mol_list = ['33SO2'] @ spa_form=('normal', 65.42782267096591, 54.95245308896226, 1.0478510226801687), spe_form=('skew', 8, 1), z=0.0, grad=('linear', 1.0478510226801687, 116.62465039727267)
+++ Source 'observed-SO2v2=1' added
 |- Component added to 'observed-SO2v2=1' (observed-SO2v2=1-c1)
 ---+ Model: mol_list = ['SO2v2=1'] @ spa_form=('normal', 129.15961192224339, 65.96745995142813, 2.2857949565748403), spe_form=('skew', 8, 1), z=0.0, grad=('linear', 2.2857949565748403, 134.03730417835743)
+++ Source 'observed-OS17O' added
 |- Component added to 'observed-OS17O' (observed-OS17O-c1)
 ---+ Model: mol_list = ['OS17O'] @ spa_form=('normal', 138.5341190845998, 73.59781149331815, 0.3039006447781268), spe_form=('skew', 8, 1), z=0.0, grad=('linear', 0.3039006447781268, 142.72754266364933)
+++ Source 'observed-H13CNv2=1' added
 |- Component added to 'observed-H13CNv2=1' (observed-H13CNv2=1-c1)
 ---+ Model: mol_list = ['H13CNv2=1'] @ spa_form=('normal', 90.50661077078088, 85.9880369319727, 2.2870708194841485), spe_form=('skew', 8, 1), z=0.0, grad=('linear', 2.2870708194841485, 137.0130665531282)
+++ Source 'observed-H13CNv=0' added
 |- Component added to 'observed-H13CNv=0' (observed-H13CNv=0-c1)
 ---+ Model: mol_list = ['H13CNv=0'] @ spa_form=('normal', 106.97571336420609, 81.73575184433223, 1.377200227891418), spe_form=('skew', 8, 1), z=0.0, grad=('linear', 1.377200227891418, 46.40498764246871)
+++ Source 'observed-H213CO' added
 |- Component added to 'observed-H213CO' (observed-H213CO-c1)
 ---+ Model: mol_list = ['H213CO'] @ spa_form=('normal', 65.08258490217966, 55.5180753327483, 3.0836090411178962), spe_form=('skew', 8, 1), z=0.0, grad=('linear', 3.0836090411178962, 77.64350992219532)
[*] Generating cube observerd
  |- Angular Coordinates (deg): ra=0 dec=0
  |- FOV (arcsec): ra=[-0.002777777777777778, 0.002777777777777778] dec=[-0.002777777777777778, 0.002777777777777778]
!!! WARNING: max ALMA bandwidth exceeded
  |- Spectral (MHz): center=277000 bandwidth=[275000.0, 279000.0]
  |- Cube size: 2 x 2 x 4000 
  |- Band: 7
*** Source: observed-H13CNv=0
  |- Projecting observed-H13CNv=0-c1
   --+ Generating template image
   --+ Generating template line distribution
   --+ Loading and correcting lines
*** Source: observed-H13CNv2=1
  |- Projecting observed-H13CNv2=1-c1
   --+ Generating template image
   --+ Generating template line distribution
   --+ Loading and correcting lines
*** Source: observed-33SO2
  |- Projecting observed-33SO2-c1
   --+ Generating template image
   --+ Generating template line distribution
   --+ Loading and correcting lines
*** Source: observed-OS17O
  |- Projecting observed-OS17O-c1
   --+ Generating template image
   --+ Generating template line distribution
   --+ Loading and correcting lines
      |- Projecting Sulfur Dioxide (OS17O) around 275054.7862 Mhz, at 0.129661912263 K
      |- Projecting Sulfur Dioxide (OS17O) around 275142.6319 Mhz, at 0.161247951964 K
      |- Projecting Sulfur Dioxide (OS17O) around 275151.3474 Mhz, at 0.161247715467 K
      |- Projecting Sulfur Dioxide (OS17O) around 275431.4561 Mhz, at 0.141668089149 K
      |- Projecting Sulfur Dioxide (OS17O) around 277061.5867 Mhz, at 0.120068773117 K
      |- Projecting Sulfur Dioxide (OS17O) around 277365.4535 Mhz, at 0.149153700502 K
*** Source: observed-CH3OHvt=0
  |- Projecting observed-CH3OHvt=0-c1
   --+ Generating template image
   --+ Generating template line distribution
   --+ Loading and correcting lines
      |- Projecting Methanol (CH3OHvt=0) around 276648.18 Mhz, at 0.311528578394 K
      |- Projecting Methanol (CH3OHvt=0) around 276925.919 Mhz, at 0.224961950376 K
      |- Projecting Methanol (CH3OHvt=0) around 278304.51 Mhz, at 0.162718434559 K
      |- Projecting Methanol (CH3OHvt=0) around 278342.257 Mhz, at 0.125837334701 K
      |- Projecting Methanol (CH3OHvt=0) around 278480.23 Mhz, at 0.139379641671 K
      |- Projecting Methanol (CH3OHvt=0) around 278599.055 Mhz, at 0.293649744474 K
      |- Projecting Methanol (CH3OHvt=0) around 278672.92 Mhz, at 0.153347549676 K
      |- Projecting Methanol (CH3OHvt=0) around 278723.25 Mhz, at 0.153349021819 K
*** Source: observed-SO2v2=1
  |- Projecting observed-SO2v2=1-c1
   --+ Generating template image
   --+ Generating template line distribution
   --+ Loading and correcting lines
      |- Projecting Sulfur dioxide (SO2v2=1) around 275061.7269 Mhz, at 0.315824168588 K
      |- Projecting Sulfur dioxide (SO2v2=1) around 278755.1244 Mhz, at 0.252473526297 K
      |- Projecting Sulfur dioxide (SO2v2=1) around 278849.6017 Mhz, at 0.29444117276 K
*** Source: observed-H213CO
  |- Projecting observed-H213CO-c1
   --+ Generating template image
   --+ Generating template line distribution
   --+ Loading and correcting lines
*** Source: observed-SO2v=0
  |- Projecting observed-SO2v=0-c1
   --+ Generating template image
   --+ Generating template line distribution
   --+ Loading and correcting lines
      |- Projecting Sulfur dioxide (SO2v=0) around 275240.184 Mhz, at 0.437813222348 K
      |- Projecting Sulfur dioxide (SO2v=0) around 275375.7013 Mhz, at 0.206980162036 K
      |- Projecting Sulfur dioxide (SO2v=0) around 276254.5765 Mhz, at 0.433401775786 K
      |- Projecting Sulfur dioxide (SO2v=0) around 276558.3672 Mhz, at 0.167591938363 K
      |- Projecting Sulfur dioxide (SO2v=0) around 278250.9723 Mhz, at 0.75153668204 K
   -++ Saving FITS: data-skew/cube_variable_width_94.fits
