+++ Source 'observed-OS17O' added
 |- Component added to 'observed-OS17O' (observed-OS17O-c1)
 ---+ Model: mol_list = ['OS17O'] @ spa_form=('normal', 122.22058489038821, 97.82883056866004, 0.6586614452154741), spe_form=('skew', 8, 1), z=0.0, grad=('linear', 0.6586614452154741, 11.04351778126534)
+++ Source 'observed-HC15Nv=0' added
 |- Component added to 'observed-HC15Nv=0' (observed-HC15Nv=0-c1)
 ---+ Model: mol_list = ['HC15Nv=0'] @ spa_form=('normal', 136.50700002055396, 47.33410318458527, 2.792013358712836), spe_form=('skew', 8, 1), z=0.0, grad=('linear', 2.792013358712836, 21.137116337676993)
+++ Source 'observed-H13CNv2=1' added
 |- Component added to 'observed-H13CNv2=1' (observed-H13CNv2=1-c1)
 ---+ Model: mol_list = ['H13CNv2=1'] @ spa_form=('normal', 66.52368732743639, 80.16420273715744, 0.7846325300027095), spe_form=('skew', 8, 1), z=0.0, grad=('linear', 0.7846325300027095, 42.27835386724227)
+++ Source 'observed-H13CNv=0' added
 |- Component added to 'observed-H13CNv=0' (observed-H13CNv=0-c1)
 ---+ Model: mol_list = ['H13CNv=0'] @ spa_form=('normal', 102.18016497755404, 75.729570146978, 2.5037718818515735), spe_form=('skew', 8, 1), z=0.0, grad=('linear', 2.5037718818515735, 120.63624276329668)
+++ Source 'observed-H213CS' added
 |- Component added to 'observed-H213CS' (observed-H213CS-c1)
 ---+ Model: mol_list = ['H213CS'] @ spa_form=('normal', 141.97395276938892, 89.11783620947271, 1.06241408791191), spe_form=('skew', 8, 1), z=0.0, grad=('linear', 1.06241408791191, 142.33014311656387)
+++ Source 'observed-H2C34S' added
 |- Component added to 'observed-H2C34S' (observed-H2C34S-c1)
 ---+ Model: mol_list = ['H2C34S'] @ spa_form=('normal', 93.26855360086978, 68.34575516876126, 0.33355544129991305), spe_form=('skew', 8, 1), z=0.0, grad=('linear', 0.33355544129991305, 123.45800765973809)
+++ Source 'observed-H2C18O' added
 |- Component added to 'observed-H2C18O' (observed-H2C18O-c1)
 ---+ Model: mol_list = ['H2C18O'] @ spa_form=('normal', 92.47878167984776, 78.55430175209705, 2.9386065813101605), spe_form=('skew', 8, 1), z=0.0, grad=('linear', 2.9386065813101605, 38.214195881009346)
[*] Generating cube observerd
  |- Angular Coordinates (deg): ra=0 dec=0
  |- FOV (arcsec): ra=[-0.002777777777777778, 0.002777777777777778] dec=[-0.002777777777777778, 0.002777777777777778]
!!! WARNING: max ALMA bandwidth exceeded
  |- Spectral (MHz): center=277000 bandwidth=[275000.0, 279000.0]
  |- Cube size: 2 x 2 x 4000 
  |- Band: 7
*** Source: observed-H2C18O
  |- Projecting observed-H2C18O-c1
   --+ Generating template image
   --+ Generating template line distribution
   --+ Loading and correcting lines
      |- Projecting Formaldehyde (H2C18O) around 277062.652 Mhz, at 0.472856673836 K
      |- Projecting Formaldehyde (H2C18O) around 277562.802 Mhz, at 0.553906810642 K
      |- Projecting Formaldehyde (H2C18O) around 277675.2025 Mhz, at 0.67489630764 K
      |- Projecting Formaldehyde (H2C18O) around 277678.1029 Mhz, at 0.67489630764 K
      |- Projecting Formaldehyde (H2C18O) around 277853.3599 Mhz, at 0.341957351964 K
      |- Projecting Formaldehyde (H2C18O) around 278145.446 Mhz, at 0.553932586372 K
*** Source: observed-H213CS
  |- Projecting observed-H213CS-c1
   --+ Generating template image
   --+ Generating template line distribution
   --+ Loading and correcting lines
*** Source: observed-H13CNv2=1
  |- Projecting observed-H13CNv2=1-c1
   --+ Generating template image
   --+ Generating template line distribution
   --+ Loading and correcting lines
*** Source: observed-H2C34S
  |- Projecting observed-H2C34S-c1
   --+ Generating template image
   --+ Generating template line distribution
   --+ Loading and correcting lines
*** Source: observed-OS17O
  |- Projecting observed-OS17O-c1
   --+ Generating template image
   --+ Generating template line distribution
   --+ Loading and correcting lines
      |- Projecting Sulfur Dioxide (OS17O) around 275054.7862 Mhz, at 0.184180501046 K
      |- Projecting Sulfur Dioxide (OS17O) around 275142.6319 Mhz, at 0.229047436266 K
      |- Projecting Sulfur Dioxide (OS17O) around 275151.3474 Mhz, at 0.22904710033 K
      |- Projecting Sulfur Dioxide (OS17O) around 275431.4561 Mhz, at 0.201234882212 K
      |- Projecting Sulfur Dioxide (OS17O) around 276201.24 Mhz, at 0.13547006057 K
      |- Projecting Sulfur Dioxide (OS17O) around 277061.5867 Mhz, at 0.170553760982 K
      |- Projecting Sulfur Dioxide (OS17O) around 277365.4535 Mhz, at 0.211867948049 K
*** Source: observed-HC15Nv=0
  |- Projecting observed-HC15Nv=0-c1
   --+ Generating template image
   --+ Generating template line distribution
   --+ Loading and correcting lines
*** Source: observed-H13CNv=0
  |- Projecting observed-H13CNv=0-c1
   --+ Generating template image
   --+ Generating template line distribution
   --+ Loading and correcting lines
   -++ Saving FITS: data-skew/cube_fixed_width_57.fits
