+++ Source 'observed-CH3OHvt=0' added
 |- Component added to 'observed-CH3OHvt=0' (observed-CH3OHvt=0-c1)
 ---+ Model: mol_list = ['CH3OHvt=0'] @ spa_form=('normal', 70.25458874881521, 75.76289547635264, 2.260590058000585), spe_form=('skew', 8, 1), z=0.0, grad=('linear', 2.260590058000585, 34.527914647685364)
+++ Source 'observed-SO2v=0' added
 |- Component added to 'observed-SO2v=0' (observed-SO2v=0-c1)
 ---+ Model: mol_list = ['SO2v=0'] @ spa_form=('normal', 116.49827255799941, 91.40008563343217, 1.0539500233950092), spe_form=('skew', 8, 1), z=0.0, grad=('linear', 1.0539500233950092, 55.33276736137532)
+++ Source 'observed-34SO2v=0' added
 |- Component added to 'observed-34SO2v=0' (observed-34SO2v=0-c1)
 ---+ Model: mol_list = ['34SO2v=0'] @ spa_form=('normal', 54.99708898878877, 69.36769048562621, 2.531612818917682), spe_form=('skew', 8, 1), z=0.0, grad=('linear', 2.531612818917682, 58.48065193507922)
+++ Source 'observed-HC15Nv=0' added
 |- Component added to 'observed-HC15Nv=0' (observed-HC15Nv=0-c1)
 ---+ Model: mol_list = ['HC15Nv=0'] @ spa_form=('normal', 115.88594825493286, 59.59875496758523, 1.537677061632357), spe_form=('skew', 8, 1), z=0.0, grad=('linear', 1.537677061632357, 109.8392863955256)
+++ Source 'observed-H13CNv2=1' added
 |- Component added to 'observed-H13CNv2=1' (observed-H13CNv2=1-c1)
 ---+ Model: mol_list = ['H13CNv2=1'] @ spa_form=('normal', 89.27553404880437, 90.18962224401943, 0.7328420675332612), spe_form=('skew', 8, 1), z=0.0, grad=('linear', 0.7328420675332612, 23.36016796226741)
+++ Source 'observed-H2C18O' added
 |- Component added to 'observed-H2C18O' (observed-H2C18O-c1)
 ---+ Model: mol_list = ['H2C18O'] @ spa_form=('normal', 102.32707280209823, 98.0758911377592, 2.357656928718865), spe_form=('skew', 8, 1), z=0.0, grad=('linear', 2.357656928718865, 38.011767995128906)
[*] Generating cube observerd
  |- Angular Coordinates (deg): ra=0 dec=0
  |- FOV (arcsec): ra=[-0.002777777777777778, 0.002777777777777778] dec=[-0.002777777777777778, 0.002777777777777778]
!!! WARNING: max ALMA bandwidth exceeded
  |- Spectral (MHz): center=604000 bandwidth=[602000.0, 606000.0]
  |- Cube size: 2 x 2 x 4000 
  |- Band: 9
*** Source: observed-H2C18O
  |- Projecting observed-H2C18O-c1
   --+ Generating template image
   --+ Generating template line distribution
   --+ Loading and correcting lines
      |- Projecting Formaldehyde (H2C18O) around 603231.51 Mhz, at 1.09813154404 K
*** Source: observed-H13CNv2=1
  |- Projecting observed-H13CNv2=1-c1
   --+ Generating template image
   --+ Generating template line distribution
   --+ Loading and correcting lines
*** Source: observed-34SO2v=0
  |- Projecting observed-34SO2v=0-c1
   --+ Generating template image
   --+ Generating template line distribution
   --+ Loading and correcting lines
*** Source: observed-CH3OHvt=0
  |- Projecting observed-CH3OHvt=0-c1
   --+ Generating template image
   --+ Generating template line distribution
   --+ Loading and correcting lines
*** Source: observed-HC15Nv=0
  |- Projecting observed-HC15Nv=0-c1
   --+ Generating template image
   --+ Generating template line distribution
   --+ Loading and correcting lines
      |- Projecting Hydrogen Cyanide (HC15Nv=0) around 602274.1332 Mhz, at 0.942962575111 K
*** Source: observed-SO2v=0
  |- Projecting observed-SO2v=0-c1
   --+ Generating template image
   --+ Generating template line distribution
   --+ Loading and correcting lines
      |- Projecting Sulfur dioxide (SO2v=0) around 604367.4364 Mhz, at 0.750592807578 K
      |- Projecting Sulfur dioxide (SO2v=0) around 604406.5377 Mhz, at 0.715604856167 K
      |- Projecting Sulfur dioxide (SO2v=0) around 605532.5228 Mhz, at 0.909294845823 K
   -++ Saving FITS: data-skew/cube_fixed_width_12.fits
