+++ Source 'observed-SO2v=0' added
 |- Component added to 'observed-SO2v=0' (observed-SO2v=0-c1)
 ---+ Model: mol_list = ['SO2v=0'] @ spa_form=('normal', 72.71647286933259, 51.04342649224681, 0.22454759697728588), spe_form=('skew', 8, 1), z=0.0, grad=('linear', 0.22454759697728588, 29.84362595881402)
+++ Source 'observed-33SO2' added
 |- Component added to 'observed-33SO2' (observed-33SO2-c1)
 ---+ Model: mol_list = ['33SO2'] @ spa_form=('normal', 144.17950291316464, 71.60747864745078, 1.8597432715615412), spe_form=('skew', 8, 1), z=0.0, grad=('linear', 1.8597432715615412, 79.47240410551466)
+++ Source 'observed-SO2v2=1' added
 |- Component added to 'observed-SO2v2=1' (observed-SO2v2=1-c1)
 ---+ Model: mol_list = ['SO2v2=1'] @ spa_form=('normal', 97.00546212455606, 98.48555217905329, 2.3111452046389926), spe_form=('skew', 8, 1), z=0.0, grad=('linear', 2.3111452046389926, 61.45828657051927)
+++ Source 'observed-HC15Nv=0' added
 |- Component added to 'observed-HC15Nv=0' (observed-HC15Nv=0-c1)
 ---+ Model: mol_list = ['HC15Nv=0'] @ spa_form=('normal', 97.72717314674702, 61.50251399327796, 0.553093297321157), spe_form=('skew', 8, 1), z=0.0, grad=('linear', 0.553093297321157, 95.67939615702606)
[*] Generating cube observerd
  |- Angular Coordinates (deg): ra=0 dec=0
  |- FOV (arcsec): ra=[-0.002777777777777778, 0.002777777777777778] dec=[-0.002777777777777778, 0.002777777777777778]
!!! WARNING: max ALMA bandwidth exceeded
  |- Spectral (MHz): center=277000 bandwidth=[275000.0, 279000.0]
  |- Cube size: 2 x 2 x 4000 
  |- Band: 7
*** Source: observed-SO2v2=1
  |- Projecting observed-SO2v2=1-c1
   --+ Generating template image
   --+ Generating template line distribution
   --+ Loading and correcting lines
      |- Projecting Sulfur dioxide (SO2v2=1) around 275061.7269 Mhz, at 0.211278549927 K
      |- Projecting Sulfur dioxide (SO2v2=1) around 278755.1244 Mhz, at 0.168898538606 K
      |- Projecting Sulfur dioxide (SO2v2=1) around 278849.6017 Mhz, at 0.196973855097 K
*** Source: observed-33SO2
  |- Projecting observed-33SO2-c1
   --+ Generating template image
   --+ Generating template line distribution
   --+ Loading and correcting lines
      |- Projecting Sulfur Dioxide (33SO2) around 275828.2515 Mhz, at 0.142222911028 K
      |- Projecting Sulfur Dioxide (33SO2) around 275828.3672 Mhz, at 0.142222911028 K
      |- Projecting Sulfur Dioxide (33SO2) around 275831.1722 Mhz, at 0.142222911028 K
      |- Projecting Sulfur Dioxide (33SO2) around 275831.2604 Mhz, at 0.142222977399 K
*** Source: observed-HC15Nv=0
  |- Projecting observed-HC15Nv=0-c1
   --+ Generating template image
   --+ Generating template line distribution
   --+ Loading and correcting lines
*** Source: observed-SO2v=0
  |- Projecting observed-SO2v=0-c1
   --+ Generating template image
   --+ Generating template line distribution
   --+ Loading and correcting lines
      |- Projecting Sulfur dioxide (SO2v=0) around 275240.184 Mhz, at 0.778163299688 K
      |- Projecting Sulfur dioxide (SO2v=0) around 275375.7013 Mhz, at 0.36788374046 K
      |- Projecting Sulfur dioxide (SO2v=0) around 276254.5765 Mhz, at 0.770322454238 K
      |- Projecting Sulfur dioxide (SO2v=0) around 276301.2521 Mhz, at 0.124069513209 K
      |- Projecting Sulfur dioxide (SO2v=0) around 276558.3672 Mhz, at 0.297875644455 K
      |- Projecting Sulfur dioxide (SO2v=0) around 278250.9723 Mhz, at 1.33577113363 K
   -++ Saving FITS: data-skew/cube_variable_width_76.fits
