+++ Source 'observed-CH3OHvt=0' added
 |- Component added to 'observed-CH3OHvt=0' (observed-CH3OHvt=0-c1)
 ---+ Model: mol_list = ['CH3OHvt=0'] @ spa_form=('normal', 102.02318375862549, 96.55831996690023, 3.02609265109998), spe_form=('skew', 8, 1), z=0.0, grad=('linear', 3.02609265109998, 20.708025966752032)
+++ Source 'observed-34SO2v=0' added
 |- Component added to 'observed-34SO2v=0' (observed-34SO2v=0-c1)
 ---+ Model: mol_list = ['34SO2v=0'] @ spa_form=('normal', 89.80604407061679, 49.80954655746726, 0.2995144630028648), spe_form=('skew', 8, 1), z=0.0, grad=('linear', 0.2995144630028648, 143.90167003232784)
+++ Source 'observed-SO2v2=1' added
 |- Component added to 'observed-SO2v2=1' (observed-SO2v2=1-c1)
 ---+ Model: mol_list = ['SO2v2=1'] @ spa_form=('normal', 140.44248698044623, 93.69453868612537, 2.7750130779043), spe_form=('skew', 8, 1), z=0.0, grad=('linear', 2.7750130779043, 45.16836303636025)
+++ Source 'observed-OS18O' added
 |- Component added to 'observed-OS18O' (observed-OS18O-c1)
 ---+ Model: mol_list = ['OS18O'] @ spa_form=('normal', 109.49578375963168, 55.71194385617576, 3.0216070966128252), spe_form=('skew', 8, 1), z=0.0, grad=('linear', 3.0216070966128252, 93.96134002570292)
+++ Source 'observed-H13CNv=0' added
 |- Component added to 'observed-H13CNv=0' (observed-H13CNv=0-c1)
 ---+ Model: mol_list = ['H13CNv=0'] @ spa_form=('normal', 86.60891706018944, 95.8467909686058, 2.5845093183984056), spe_form=('skew', 8, 1), z=0.0, grad=('linear', 2.5845093183984056, 127.54861129973688)
+++ Source 'observed-H2C18O' added
 |- Component added to 'observed-H2C18O' (observed-H2C18O-c1)
 ---+ Model: mol_list = ['H2C18O'] @ spa_form=('normal', 53.50965696281798, 66.59545953948817, 1.009351501269423), spe_form=('skew', 8, 1), z=0.0, grad=('linear', 1.009351501269423, 125.73096199721412)
[*] Generating cube observerd
  |- Angular Coordinates (deg): ra=0 dec=0
  |- FOV (arcsec): ra=[-0.002777777777777778, 0.002777777777777778] dec=[-0.002777777777777778, 0.002777777777777778]
!!! WARNING: max ALMA bandwidth exceeded
  |- Spectral (MHz): center=277000 bandwidth=[275000.0, 279000.0]
  |- Cube size: 2 x 2 x 4000 
  |- Band: 7
*** Source: observed-OS18O
  |- Projecting observed-OS18O-c1
   --+ Generating template image
   --+ Generating template line distribution
   --+ Loading and correcting lines
      |- Projecting Sulfur Dioxide (OS18O) around 275207.6031 Mhz, at 0.565928752902 K
      |- Projecting Sulfur Dioxide (OS18O) around 275282.0764 Mhz, at 1.04868973451 K
      |- Projecting Sulfur Dioxide (OS18O) around 275454.6038 Mhz, at 0.471626735771 K
      |- Projecting Sulfur Dioxide (OS18O) around 275552.9984 Mhz, at 1.30097560236 K
      |- Projecting Sulfur Dioxide (OS18O) around 275646.3336 Mhz, at 0.232603097926 K
      |- Projecting Sulfur Dioxide (OS18O) around 276002.289 Mhz, at 1.3731089101 K
      |- Projecting Sulfur Dioxide (OS18O) around 276274.7786 Mhz, at 0.842752560195 K
      |- Projecting Sulfur Dioxide (OS18O) around 276277.2242 Mhz, at 0.556201270111 K
      |- Projecting Sulfur Dioxide (OS18O) around 277080.9497 Mhz, at 0.912857228391 K
      |- Projecting Sulfur Dioxide (OS18O) around 277088.3147 Mhz, at 0.912856315534 K
      |- Projecting Sulfur Dioxide (OS18O) around 278393.6459 Mhz, at 0.628667369196 K
*** Source: observed-H2C18O
  |- Projecting observed-H2C18O-c1
   --+ Generating template image
   --+ Generating template line distribution
   --+ Loading and correcting lines
      |- Projecting Formaldehyde (H2C18O) around 277062.652 Mhz, at 0.235848523808 K
      |- Projecting Formaldehyde (H2C18O) around 277562.802 Mhz, at 0.276274209175 K
      |- Projecting Formaldehyde (H2C18O) around 277675.2025 Mhz, at 0.336620601311 K
      |- Projecting Formaldehyde (H2C18O) around 277678.1029 Mhz, at 0.336620601311 K
      |- Projecting Formaldehyde (H2C18O) around 277853.3599 Mhz, at 0.170559370584 K
      |- Projecting Formaldehyde (H2C18O) around 278145.446 Mhz, at 0.276287065434 K
*** Source: observed-H13CNv=0
  |- Projecting observed-H13CNv=0-c1
   --+ Generating template image
   --+ Generating template line distribution
   --+ Loading and correcting lines
*** Source: observed-34SO2v=0
  |- Projecting observed-34SO2v=0-c1
   --+ Generating template image
   --+ Generating template line distribution
   --+ Loading and correcting lines
      |- Projecting Sulfur Dioxide (34SO2v=0) around 275434.2181 Mhz, at 0.592170729407 K
      |- Projecting Sulfur Dioxide (34SO2v=0) around 276483.977 Mhz, at 0.497974674298 K
      |- Projecting Sulfur Dioxide (34SO2v=0) around 276999.6054 Mhz, at 0.262150802676 K
      |- Projecting Sulfur Dioxide (34SO2v=0) around 277150.575 Mhz, at 0.292495511398 K
      |- Projecting Sulfur Dioxide (34SO2v=0) around 277470.0761 Mhz, at 0.156664303348 K
      |- Projecting Sulfur Dioxide (34SO2v=0) around 278835.2175 Mhz, at 0.328335117853 K
*** Source: observed-CH3OHvt=0
  |- Projecting observed-CH3OHvt=0-c1
   --+ Generating template image
   --+ Generating template line distribution
   --+ Loading and correcting lines
      |- Projecting Methanol (CH3OHvt=0) around 275663.705 Mhz, at 0.248668732322 K
      |- Projecting Methanol (CH3OHvt=0) around 276648.18 Mhz, at 1.51338773772 K
      |- Projecting Methanol (CH3OHvt=0) around 276925.919 Mhz, at 1.0928520873 K
      |- Projecting Methanol (CH3OHvt=0) around 277940.773 Mhz, at 0.485722861987 K
      |- Projecting Methanol (CH3OHvt=0) around 278186.616 Mhz, at 0.485741497912 K
      |- Projecting Methanol (CH3OHvt=0) around 278304.51 Mhz, at 0.790476703077 K
      |- Projecting Methanol (CH3OHvt=0) around 278342.257 Mhz, at 0.61131046232 K
      |- Projecting Methanol (CH3OHvt=0) around 278480.23 Mhz, at 0.677098202934 K
      |- Projecting Methanol (CH3OHvt=0) around 278599.055 Mhz, at 1.42653340109 K
      |- Projecting Methanol (CH3OHvt=0) around 278672.92 Mhz, at 0.744953488653 K
      |- Projecting Methanol (CH3OHvt=0) around 278723.25 Mhz, at 0.744960640241 K
      |- Projecting Methanol (CH3OHvt=0) around 278965.129 Mhz, at 0.380619612911 K
*** Source: observed-SO2v2=1
  |- Projecting observed-SO2v2=1-c1
   --+ Generating template image
   --+ Generating template line distribution
   --+ Loading and correcting lines
      |- Projecting Sulfur dioxide (SO2v2=1) around 275061.7269 Mhz, at 0.22220254296 K
      |- Projecting Sulfur dioxide (SO2v2=1) around 278755.1244 Mhz, at 0.177631306128 K
      |- Projecting Sulfur dioxide (SO2v2=1) around 278849.6017 Mhz, at 0.207158235014 K
   -++ Saving FITS: data-skew/cube_variable_width_93.fits
