+++ Source 'observed-SO2v=0' added
 |- Component added to 'observed-SO2v=0' (observed-SO2v=0-c1)
 ---+ Model: mol_list = ['SO2v=0'] @ spa_form=('normal', 140.7200512910223, 73.43190445518078, 1.4039777930686113), spe_form=('skew', 8, 1), z=0.0, grad=('linear', 1.4039777930686113, 66.25873273597568)
+++ Source 'observed-33SO2' added
 |- Component added to 'observed-33SO2' (observed-33SO2-c1)
 ---+ Model: mol_list = ['33SO2'] @ spa_form=('normal', 113.12302138783556, 58.38497259540597, 2.6023371413114047), spe_form=('skew', 8, 1), z=0.0, grad=('linear', 2.6023371413114047, 71.46896655957684)
+++ Source 'observed-34SO2v=0' added
 |- Component added to 'observed-34SO2v=0' (observed-34SO2v=0-c1)
 ---+ Model: mol_list = ['34SO2v=0'] @ spa_form=('normal', 108.88895565386252, 69.85961588901206, 0.3473908972767084), spe_form=('skew', 8, 1), z=0.0, grad=('linear', 0.3473908972767084, 41.71540518134907)
+++ Source 'observed-OS18O' added
 |- Component added to 'observed-OS18O' (observed-OS18O-c1)
 ---+ Model: mol_list = ['OS18O'] @ spa_form=('normal', 117.48636245840326, 52.215949160808904, 3.038021381476264), spe_form=('skew', 8, 1), z=0.0, grad=('linear', 3.038021381476264, 65.53057629568089)
+++ Source 'observed-HC15Nv=0' added
 |- Component added to 'observed-HC15Nv=0' (observed-HC15Nv=0-c1)
 ---+ Model: mol_list = ['HC15Nv=0'] @ spa_form=('normal', 144.91817151060923, 99.41786308595883, 1.0257686765073042), spe_form=('skew', 8, 1), z=0.0, grad=('linear', 1.0257686765073042, 137.68272093759415)
+++ Source 'observed-H13CNv=0' added
 |- Component added to 'observed-H13CNv=0' (observed-H13CNv=0-c1)
 ---+ Model: mol_list = ['H13CNv=0'] @ spa_form=('normal', 129.40700345492016, 59.50010143240425, 1.332895294988314), spe_form=('skew', 8, 1), z=0.0, grad=('linear', 1.332895294988314, 96.10431374659066)
+++ Source 'observed-H2C18O' added
 |- Component added to 'observed-H2C18O' (observed-H2C18O-c1)
 ---+ Model: mol_list = ['H2C18O'] @ spa_form=('normal', 53.909291395168026, 87.49204070508739, 0.5580729470993163), spe_form=('skew', 8, 1), z=0.0, grad=('linear', 0.5580729470993163, 13.01952547639856)
+++ Source 'observed-H213CO' added
 |- Component added to 'observed-H213CO' (observed-H213CO-c1)
 ---+ Model: mol_list = ['H213CO'] @ spa_form=('normal', 79.67732951344904, 82.749675035679, 2.0587624002554645), spe_form=('skew', 8, 1), z=0.0, grad=('linear', 2.0587624002554645, 36.41130426391565)
[*] Generating cube observerd
  |- Angular Coordinates (deg): ra=0 dec=0
  |- FOV (arcsec): ra=[-0.002777777777777778, 0.002777777777777778] dec=[-0.002777777777777778, 0.002777777777777778]
!!! WARNING: max ALMA bandwidth exceeded
  |- Spectral (MHz): center=277000 bandwidth=[275000.0, 279000.0]
  |- Cube size: 2 x 2 x 4000 
  |- Band: 7
*** Source: observed-OS18O
  |- Projecting observed-OS18O-c1
   --+ Generating template image
   --+ Generating template line distribution
   --+ Loading and correcting lines
      |- Projecting Sulfur Dioxide (OS18O) around 275207.6031 Mhz, at 0.61514693051 K
      |- Projecting Sulfur Dioxide (OS18O) around 275282.0764 Mhz, at 1.1398930836 K
      |- Projecting Sulfur Dioxide (OS18O) around 275454.6038 Mhz, at 0.512643574598 K
      |- Projecting Sulfur Dioxide (OS18O) around 275552.9984 Mhz, at 1.41411996538 K
      |- Projecting Sulfur Dioxide (OS18O) around 275646.3336 Mhz, at 0.252832323827 K
      |- Projecting Sulfur Dioxide (OS18O) around 276002.289 Mhz, at 1.49252662455 K
      |- Projecting Sulfur Dioxide (OS18O) around 276274.7786 Mhz, at 0.916045788317 K
      |- Projecting Sulfur Dioxide (OS18O) around 276277.2242 Mhz, at 0.604573459645 K
      |- Projecting Sulfur Dioxide (OS18O) around 277080.9497 Mhz, at 0.992247379478 K
      |- Projecting Sulfur Dioxide (OS18O) around 277088.3147 Mhz, at 0.992246387232 K
      |- Projecting Sulfur Dioxide (OS18O) around 278393.6459 Mhz, at 0.683341852644 K
*** Source: observed-H2C18O
  |- Projecting observed-H2C18O-c1
   --+ Generating template image
   --+ Generating template line distribution
   --+ Loading and correcting lines
      |- Projecting Formaldehyde (H2C18O) around 277062.652 Mhz, at 0.49841174476 K
      |- Projecting Formaldehyde (H2C18O) around 277562.802 Mhz, at 0.58384215599 K
      |- Projecting Formaldehyde (H2C18O) around 277675.2025 Mhz, at 0.711370410603 K
      |- Projecting Formaldehyde (H2C18O) around 277678.1029 Mhz, at 0.711370410603 K
      |- Projecting Formaldehyde (H2C18O) around 277853.3599 Mhz, at 0.360438098596 K
      |- Projecting Formaldehyde (H2C18O) around 278145.446 Mhz, at 0.583869324744 K
*** Source: observed-H13CNv=0
  |- Projecting observed-H13CNv=0-c1
   --+ Generating template image
   --+ Generating template line distribution
   --+ Loading and correcting lines
*** Source: observed-33SO2
  |- Projecting observed-33SO2-c1
   --+ Generating template image
   --+ Generating template line distribution
   --+ Loading and correcting lines
      |- Projecting Sulfur Dioxide (33SO2) around 275828.2515 Mhz, at 0.221617601797 K
      |- Projecting Sulfur Dioxide (33SO2) around 275828.3672 Mhz, at 0.221617601797 K
      |- Projecting Sulfur Dioxide (33SO2) around 275831.1722 Mhz, at 0.221617601797 K
      |- Projecting Sulfur Dioxide (33SO2) around 275831.2604 Mhz, at 0.221617705219 K
*** Source: observed-34SO2v=0
  |- Projecting observed-34SO2v=0-c1
   --+ Generating template image
   --+ Generating template line distribution
   --+ Loading and correcting lines
      |- Projecting Sulfur Dioxide (34SO2v=0) around 275434.2181 Mhz, at 0.130917419511 K
*** Source: observed-HC15Nv=0
  |- Projecting observed-HC15Nv=0-c1
   --+ Generating template image
   --+ Generating template line distribution
   --+ Loading and correcting lines
*** Source: observed-H213CO
  |- Projecting observed-H213CO-c1
   --+ Generating template image
   --+ Generating template line distribution
   --+ Loading and correcting lines
*** Source: observed-SO2v=0
  |- Projecting observed-SO2v=0-c1
   --+ Generating template image
   --+ Generating template line distribution
   --+ Loading and correcting lines
      |- Projecting Sulfur dioxide (SO2v=0) around 275240.184 Mhz, at 0.233463786966 K
      |- Projecting Sulfur dioxide (SO2v=0) around 276254.5765 Mhz, at 0.231111384235 K
      |- Projecting Sulfur dioxide (SO2v=0) around 278250.9723 Mhz, at 0.400756740266 K
   -++ Saving FITS: data-skew/cube_variable_width_83.fits
