+++ Source 'observed-SO2v=0' added
 |- Component added to 'observed-SO2v=0' (observed-SO2v=0-c1)
 ---+ Model: mol_list = ['SO2v=0'] @ spa_form=('normal', 57.46470358472655, 69.46196138474045, 0.2900943184523681), spe_form=('skew', 8, 1), z=0.0, grad=('linear', 0.2900943184523681, 108.1053583609042)
+++ Source 'observed-33SO2' added
 |- Component added to 'observed-33SO2' (observed-33SO2-c1)
 ---+ Model: mol_list = ['33SO2'] @ spa_form=('normal', 90.24888403050201, 47.04461049230091, 3.139332684552745), spe_form=('skew', 8, 1), z=0.0, grad=('linear', 3.139332684552745, 37.35598064828877)
+++ Source 'observed-H213CS' added
 |- Component added to 'observed-H213CS' (observed-H213CS-c1)
 ---+ Model: mol_list = ['H213CS'] @ spa_form=('normal', 76.33090655568972, 83.79422771539808, 0.6166863290922201), spe_form=('skew', 8, 1), z=0.0, grad=('linear', 0.6166863290922201, 110.24497514728246)
[*] Generating cube observerd
  |- Angular Coordinates (deg): ra=0 dec=0
  |- FOV (arcsec): ra=[-0.002777777777777778, 0.002777777777777778] dec=[-0.002777777777777778, 0.002777777777777778]
!!! WARNING: max ALMA bandwidth exceeded
  |- Spectral (MHz): center=604000 bandwidth=[602000.0, 606000.0]
  |- Cube size: 2 x 2 x 4000 
  |- Band: 9
*** Source: observed-33SO2
  |- Projecting observed-33SO2-c1
   --+ Generating template image
   --+ Generating template line distribution
   --+ Loading and correcting lines
      |- Projecting Sulfur Dioxide (33SO2) around 602337.0627 Mhz, at 0.736536079795 K
      |- Projecting Sulfur Dioxide (33SO2) around 602338.0039 Mhz, at 0.736536079795 K
      |- Projecting Sulfur Dioxide (33SO2) around 602348.9212 Mhz, at 0.73653536781 K
      |- Projecting Sulfur Dioxide (33SO2) around 602349.8184 Mhz, at 0.736534999543 K
      |- Projecting Sulfur Dioxide (33SO2) around 602488.3231 Mhz, at 0.878044424337 K
      |- Projecting Sulfur Dioxide (33SO2) around 602499.1576 Mhz, at 0.87804313654 K
      |- Projecting Sulfur Dioxide (33SO2) around 603112.9816 Mhz, at 0.993100687531 K
      |- Projecting Sulfur Dioxide (33SO2) around 603113.1191 Mhz, at 0.993100687531 K
      |- Projecting Sulfur Dioxide (33SO2) around 603113.2126 Mhz, at 0.993100687531 K
      |- Projecting Sulfur Dioxide (33SO2) around 603113.2683 Mhz, at 0.993100687531 K
      |- Projecting Sulfur Dioxide (33SO2) around 604736.5656 Mhz, at 0.548968715966 K
      |- Projecting Sulfur Dioxide (33SO2) around 604736.767 Mhz, at 0.548968715966 K
      |- Projecting Sulfur Dioxide (33SO2) around 604736.8741 Mhz, at 0.548968715966 K
      |- Projecting Sulfur Dioxide (33SO2) around 604736.8962 Mhz, at 0.548968715966 K
      |- Projecting Sulfur Dioxide (33SO2) around 604736.926 Mhz, at 0.548968715966 K
      |- Projecting Sulfur Dioxide (33SO2) around 604736.9663 Mhz, at 0.548968715966 K
      |- Projecting Sulfur Dioxide (33SO2) around 604736.9892 Mhz, at 0.548968715966 K
      |- Projecting Sulfur Dioxide (33SO2) around 605162.1267 Mhz, at 0.614474310675 K
      |- Projecting Sulfur Dioxide (33SO2) around 605162.2359 Mhz, at 0.614474310675 K
      |- Projecting Sulfur Dioxide (33SO2) around 605162.3107 Mhz, at 0.614474310675 K
      |- Projecting Sulfur Dioxide (33SO2) around 605162.3529 Mhz, at 0.614474310675 K
      |- Projecting Sulfur Dioxide (33SO2) around 605357.5302 Mhz, at 0.630309849374 K
      |- Projecting Sulfur Dioxide (33SO2) around 605366.9145 Mhz, at 0.630309849374 K
      |- Projecting Sulfur Dioxide (33SO2) around 605367.499 Mhz, at 0.630310773829 K
      |- Projecting Sulfur Dioxide (33SO2) around 605367.499 Mhz, at 0.630310773829 K
      |- Projecting Sulfur Dioxide (33SO2) around 605367.499 Mhz, at 0.630309849374 K
      |- Projecting Sulfur Dioxide (33SO2) around 605367.499 Mhz, at 0.630309849374 K
      |- Projecting Sulfur Dioxide (33SO2) around 605377.1052 Mhz, at 0.630310773829 K
*** Source: observed-H213CS
  |- Projecting observed-H213CS-c1
   --+ Generating template image
   --+ Generating template line distribution
   --+ Loading and correcting lines
      |- Projecting Thioformaldehyde (H213CS) around 602149.9892 Mhz, at 1.03504883174 K
*** Source: observed-SO2v=0
  |- Projecting observed-SO2v=0-c1
   --+ Generating template image
   --+ Generating template line distribution
   --+ Loading and correcting lines
      |- Projecting Sulfur dioxide (SO2v=0) around 604367.4364 Mhz, at 0.842137815059 K
      |- Projecting Sulfur dioxide (SO2v=0) around 604406.5377 Mhz, at 0.802882606832 K
      |- Projecting Sulfur dioxide (SO2v=0) around 605532.5228 Mhz, at 1.0201957266 K
   -++ Saving FITS: data-skew/cube_fixed_width_9.fits
