+++ Source 'observed-SO2v=0' added
 |- Component added to 'observed-SO2v=0' (observed-SO2v=0-c1)
 ---+ Model: mol_list = ['SO2v=0'] @ spa_form=('normal', 146.05029614281028, 61.450337993055086, 2.1450157961624132), spe_form=('skew', 8, 1), z=0.0, grad=('linear', 2.1450157961624132, 46.045685695304016)
+++ Source 'observed-33SO2' added
 |- Component added to 'observed-33SO2' (observed-33SO2-c1)
 ---+ Model: mol_list = ['33SO2'] @ spa_form=('normal', 105.73193296065828, 61.28907068794621, 0.3554999156212172), spe_form=('skew', 8, 1), z=0.0, grad=('linear', 0.3554999156212172, 26.699132439684977)
+++ Source 'observed-SO2v2=1' added
 |- Component added to 'observed-SO2v2=1' (observed-SO2v2=1-c1)
 ---+ Model: mol_list = ['SO2v2=1'] @ spa_form=('normal', 124.78934089228379, 51.47850468617737, 1.4822112941916548), spe_form=('skew', 8, 1), z=0.0, grad=('linear', 1.4822112941916548, 130.82409261809104)
+++ Source 'observed-HC15Nv=0' added
 |- Component added to 'observed-HC15Nv=0' (observed-HC15Nv=0-c1)
 ---+ Model: mol_list = ['HC15Nv=0'] @ spa_form=('normal', 61.21431101548078, 82.41903968852901, 3.123916356623528), spe_form=('skew', 8, 1), z=0.0, grad=('linear', 3.123916356623528, 132.86302479441525)
[*] Generating cube observerd
  |- Angular Coordinates (deg): ra=0 dec=0
  |- FOV (arcsec): ra=[-0.002777777777777778, 0.002777777777777778] dec=[-0.002777777777777778, 0.002777777777777778]
!!! WARNING: max ALMA bandwidth exceeded
  |- Spectral (MHz): center=604000 bandwidth=[602000.0, 606000.0]
  |- Cube size: 2 x 2 x 4000 
  |- Band: 9
*** Source: observed-SO2v2=1
  |- Projecting observed-SO2v2=1-c1
   --+ Generating template image
   --+ Generating template line distribution
   --+ Loading and correcting lines
*** Source: observed-33SO2
  |- Projecting observed-33SO2-c1
   --+ Generating template image
   --+ Generating template line distribution
   --+ Loading and correcting lines
      |- Projecting Sulfur Dioxide (33SO2) around 602337.0627 Mhz, at 1.07614899434 K
      |- Projecting Sulfur Dioxide (33SO2) around 602338.0039 Mhz, at 1.07614899434 K
      |- Projecting Sulfur Dioxide (33SO2) around 602348.9212 Mhz, at 1.07614795406 K
      |- Projecting Sulfur Dioxide (33SO2) around 602349.8184 Mhz, at 1.07614741599 K
      |- Projecting Sulfur Dioxide (33SO2) around 602488.3231 Mhz, at 1.28290609266 K
      |- Projecting Sulfur Dioxide (33SO2) around 602499.1576 Mhz, at 1.28290421107 K
      |- Projecting Sulfur Dioxide (33SO2) around 603112.9816 Mhz, at 1.45101419398 K
      |- Projecting Sulfur Dioxide (33SO2) around 603113.1191 Mhz, at 1.45101419398 K
      |- Projecting Sulfur Dioxide (33SO2) around 603113.2126 Mhz, at 1.45101419398 K
      |- Projecting Sulfur Dioxide (33SO2) around 603113.2683 Mhz, at 1.45101419398 K
      |- Projecting Sulfur Dioxide (33SO2) around 604736.5656 Mhz, at 0.802095305059 K
      |- Projecting Sulfur Dioxide (33SO2) around 604736.767 Mhz, at 0.802095305059 K
      |- Projecting Sulfur Dioxide (33SO2) around 604736.8741 Mhz, at 0.802095305059 K
      |- Projecting Sulfur Dioxide (33SO2) around 604736.8962 Mhz, at 0.802095305059 K
      |- Projecting Sulfur Dioxide (33SO2) around 604736.926 Mhz, at 0.802095305059 K
      |- Projecting Sulfur Dioxide (33SO2) around 604736.9663 Mhz, at 0.802095305059 K
      |- Projecting Sulfur Dioxide (33SO2) around 604736.9892 Mhz, at 0.802095305059 K
      |- Projecting Sulfur Dioxide (33SO2) around 605162.1267 Mhz, at 0.897805185136 K
      |- Projecting Sulfur Dioxide (33SO2) around 605162.2359 Mhz, at 0.897805185136 K
      |- Projecting Sulfur Dioxide (33SO2) around 605162.3107 Mhz, at 0.897805185136 K
      |- Projecting Sulfur Dioxide (33SO2) around 605162.3529 Mhz, at 0.897805185136 K
      |- Projecting Sulfur Dioxide (33SO2) around 605357.5302 Mhz, at 0.920942407485 K
      |- Projecting Sulfur Dioxide (33SO2) around 605366.9145 Mhz, at 0.920942407485 K
      |- Projecting Sulfur Dioxide (33SO2) around 605367.499 Mhz, at 0.920943758202 K
      |- Projecting Sulfur Dioxide (33SO2) around 605367.499 Mhz, at 0.920943758202 K
      |- Projecting Sulfur Dioxide (33SO2) around 605367.499 Mhz, at 0.920942407485 K
      |- Projecting Sulfur Dioxide (33SO2) around 605367.499 Mhz, at 0.920942407485 K
      |- Projecting Sulfur Dioxide (33SO2) around 605377.1052 Mhz, at 0.920943758202 K
*** Source: observed-HC15Nv=0
  |- Projecting observed-HC15Nv=0-c1
   --+ Generating template image
   --+ Generating template line distribution
   --+ Loading and correcting lines
      |- Projecting Hydrogen Cyanide (HC15Nv=0) around 602274.1332 Mhz, at 0.654669742411 K
*** Source: observed-SO2v=0
  |- Projecting observed-SO2v=0-c1
   --+ Generating template image
   --+ Generating template line distribution
   --+ Loading and correcting lines
   -++ Saving FITS: data-skew/cube_fixed_width_1.fits
