+++ Source 'observed-CH3OHvt=0' added
 |- Component added to 'observed-CH3OHvt=0' (observed-CH3OHvt=0-c1)
 ---+ Model: mol_list = ['CH3OHvt=0'] @ spa_form=('normal', 72.95284556030785, 62.8906815586916, 1.6759855385280904), spe_form=('skew', 8, 1), z=0.0, grad=('linear', 1.6759855385280904, 12.600734518247647)
+++ Source 'observed-SO2v=0' added
 |- Component added to 'observed-SO2v=0' (observed-SO2v=0-c1)
 ---+ Model: mol_list = ['SO2v=0'] @ spa_form=('normal', 94.11861169959013, 51.960145291694815, 1.293924414351985), spe_form=('skew', 8, 1), z=0.0, grad=('linear', 1.293924414351985, 15.393617594225626)
+++ Source 'observed-34SO2v=0' added
 |- Component added to 'observed-34SO2v=0' (observed-34SO2v=0-c1)
 ---+ Model: mol_list = ['34SO2v=0'] @ spa_form=('normal', 147.18991935198324, 91.26012661075825, 0.42559215305004355), spe_form=('skew', 8, 1), z=0.0, grad=('linear', 0.42559215305004355, 62.92619736562354)
+++ Source 'observed-HC15Nv=0' added
 |- Component added to 'observed-HC15Nv=0' (observed-HC15Nv=0-c1)
 ---+ Model: mol_list = ['HC15Nv=0'] @ spa_form=('normal', 118.79353128607954, 46.57149615232091, 2.7799936986377354), spe_form=('skew', 8, 1), z=0.0, grad=('linear', 2.7799936986377354, 30.03003927449702)
+++ Source 'observed-H13CNv2=1' added
 |- Component added to 'observed-H13CNv2=1' (observed-H13CNv2=1-c1)
 ---+ Model: mol_list = ['H13CNv2=1'] @ spa_form=('normal', 122.64541121404767, 40.348321821508584, 0.9108590765156513), spe_form=('skew', 8, 1), z=0.0, grad=('linear', 0.9108590765156513, 12.987515681304924)
+++ Source 'observed-H2C18O' added
 |- Component added to 'observed-H2C18O' (observed-H2C18O-c1)
 ---+ Model: mol_list = ['H2C18O'] @ spa_form=('normal', 79.77644352273732, 49.83986780708702, 1.386959797717598), spe_form=('skew', 8, 1), z=0.0, grad=('linear', 1.386959797717598, 120.01039154058549)
[*] Generating cube observerd
  |- Angular Coordinates (deg): ra=0 dec=0
  |- FOV (arcsec): ra=[-0.002777777777777778, 0.002777777777777778] dec=[-0.002777777777777778, 0.002777777777777778]
!!! WARNING: max ALMA bandwidth exceeded
  |- Spectral (MHz): center=277000 bandwidth=[275000.0, 279000.0]
  |- Cube size: 2 x 2 x 4000 
  |- Band: 7
*** Source: observed-H2C18O
  |- Projecting observed-H2C18O-c1
   --+ Generating template image
   --+ Generating template line distribution
   --+ Loading and correcting lines
      |- Projecting Formaldehyde (H2C18O) around 277062.652 Mhz, at 0.27025018578 K
      |- Projecting Formaldehyde (H2C18O) around 277562.802 Mhz, at 0.316572498103 K
      |- Projecting Formaldehyde (H2C18O) around 277675.2025 Mhz, at 0.385721218742 K
      |- Projecting Formaldehyde (H2C18O) around 277678.1029 Mhz, at 0.385721218742 K
      |- Projecting Formaldehyde (H2C18O) around 277853.3599 Mhz, at 0.195437736233 K
      |- Projecting Formaldehyde (H2C18O) around 278145.446 Mhz, at 0.316587229619 K
*** Source: observed-H13CNv2=1
  |- Projecting observed-H13CNv2=1-c1
   --+ Generating template image
   --+ Generating template line distribution
   --+ Loading and correcting lines
*** Source: observed-34SO2v=0
  |- Projecting observed-34SO2v=0-c1
   --+ Generating template image
   --+ Generating template line distribution
   --+ Loading and correcting lines
      |- Projecting Sulfur Dioxide (34SO2v=0) around 275434.2181 Mhz, at 0.83441014041 K
      |- Projecting Sulfur Dioxide (34SO2v=0) around 276483.977 Mhz, at 0.701681284244 K
      |- Projecting Sulfur Dioxide (34SO2v=0) around 276999.6054 Mhz, at 0.369388889397 K
      |- Projecting Sulfur Dioxide (34SO2v=0) around 277150.575 Mhz, at 0.412146714816 K
      |- Projecting Sulfur Dioxide (34SO2v=0) around 277470.0761 Mhz, at 0.220751004503 K
      |- Projecting Sulfur Dioxide (34SO2v=0) around 278835.2175 Mhz, at 0.462647236995 K
*** Source: observed-CH3OHvt=0
  |- Projecting observed-CH3OHvt=0-c1
   --+ Generating template image
   --+ Generating template line distribution
   --+ Loading and correcting lines
      |- Projecting Methanol (CH3OHvt=0) around 275663.705 Mhz, at 0.203633370727 K
      |- Projecting Methanol (CH3OHvt=0) around 276648.18 Mhz, at 1.2393043684 K
      |- Projecting Methanol (CH3OHvt=0) around 276925.919 Mhz, at 0.894930183487 K
      |- Projecting Methanol (CH3OHvt=0) around 277940.773 Mhz, at 0.397755611259 K
      |- Projecting Methanol (CH3OHvt=0) around 278186.616 Mhz, at 0.397770872109 K
      |- Projecting Methanol (CH3OHvt=0) around 278304.51 Mhz, at 0.647316749581 K
      |- Projecting Methanol (CH3OHvt=0) around 278342.257 Mhz, at 0.500598562758 K
      |- Projecting Methanol (CH3OHvt=0) around 278480.23 Mhz, at 0.554471758831 K
      |- Projecting Methanol (CH3OHvt=0) around 278599.055 Mhz, at 1.16817986003 K
      |- Projecting Methanol (CH3OHvt=0) around 278672.92 Mhz, at 0.610038055501 K
      |- Projecting Methanol (CH3OHvt=0) around 278723.25 Mhz, at 0.610043911894 K
      |- Projecting Methanol (CH3OHvt=0) around 278965.129 Mhz, at 0.311687175216 K
*** Source: observed-HC15Nv=0
  |- Projecting observed-HC15Nv=0-c1
   --+ Generating template image
   --+ Generating template line distribution
   --+ Loading and correcting lines
*** Source: observed-SO2v=0
  |- Projecting observed-SO2v=0-c1
   --+ Generating template image
   --+ Generating template line distribution
   --+ Loading and correcting lines
      |- Projecting Sulfur dioxide (SO2v=0) around 275240.184 Mhz, at 0.739400074466 K
      |- Projecting Sulfur dioxide (SO2v=0) around 275375.7013 Mhz, at 0.349558075021 K
      |- Projecting Sulfur dioxide (SO2v=0) around 276254.5765 Mhz, at 0.731949810862 K
      |- Projecting Sulfur dioxide (SO2v=0) around 276558.3672 Mhz, at 0.283037344192 K
      |- Projecting Sulfur dioxide (SO2v=0) around 278250.9723 Mhz, at 1.26923137608 K
   -++ Saving FITS: data-skew/cube_variable_width_87.fits
