+++ Source 'observed-SO2v=0' added
 |- Component added to 'observed-SO2v=0' (observed-SO2v=0-c1)
 ---+ Model: mol_list = ['SO2v=0'] @ spa_form=('normal', 146.95249942314769, 85.483253816276, 1.931833691654859), spe_form=('skew', 8, 1), z=0.0, grad=('linear', 1.931833691654859, 107.07059855105118)
+++ Source 'observed-33SO2' added
 |- Component added to 'observed-33SO2' (observed-33SO2-c1)
 ---+ Model: mol_list = ['33SO2'] @ spa_form=('normal', 132.1981769002214, 58.22947341391925, 0.7427687511078286), spe_form=('skew', 8, 1), z=0.0, grad=('linear', 0.7427687511078286, 138.7369099652644)
+++ Source 'observed-SO2v2=1' added
 |- Component added to 'observed-SO2v2=1' (observed-SO2v2=1-c1)
 ---+ Model: mol_list = ['SO2v2=1'] @ spa_form=('normal', 122.04122220008915, 92.09036943343824, 2.9661749485330415), spe_form=('skew', 8, 1), z=0.0, grad=('linear', 2.9661749485330415, 115.2592835888218)
+++ Source 'observed-H13CNv2=1' added
 |- Component added to 'observed-H13CNv2=1' (observed-H13CNv2=1-c1)
 ---+ Model: mol_list = ['H13CNv2=1'] @ spa_form=('normal', 95.77007818815389, 81.25775355253107, 1.9293691752703117), spe_form=('skew', 8, 1), z=0.0, grad=('linear', 1.9293691752703117, 25.714744352021803)
+++ Source 'observed-H2C34S' added
 |- Component added to 'observed-H2C34S' (observed-H2C34S-c1)
 ---+ Model: mol_list = ['H2C34S'] @ spa_form=('normal', 83.64678082042161, 55.04483681844506, 1.1474023242055666), spe_form=('skew', 8, 1), z=0.0, grad=('linear', 1.1474023242055666, 149.1386199949617)
+++ Source 'observed-H2C18O' added
 |- Component added to 'observed-H2C18O' (observed-H2C18O-c1)
 ---+ Model: mol_list = ['H2C18O'] @ spa_form=('normal', 111.9629130302909, 57.50850974980733, 0.11013991447485243), spe_form=('skew', 8, 1), z=0.0, grad=('linear', 0.11013991447485243, 42.27855079255671)
+++ Source 'observed-H213CO' added
 |- Component added to 'observed-H213CO' (observed-H213CO-c1)
 ---+ Model: mol_list = ['H213CO'] @ spa_form=('normal', 76.04674926922358, 75.67122517251859, 2.4396604816425103), spe_form=('skew', 8, 1), z=0.0, grad=('linear', 2.4396604816425103, 139.21166032265987)
[*] Generating cube observerd
  |- Angular Coordinates (deg): ra=0 dec=0
  |- FOV (arcsec): ra=[-0.002777777777777778, 0.002777777777777778] dec=[-0.002777777777777778, 0.002777777777777778]
!!! WARNING: max ALMA bandwidth exceeded
  |- Spectral (MHz): center=277000 bandwidth=[275000.0, 279000.0]
  |- Cube size: 2 x 2 x 4000 
  |- Band: 7
*** Source: observed-H2C18O
  |- Projecting observed-H2C18O-c1
   --+ Generating template image
   --+ Generating template line distribution
   --+ Loading and correcting lines
      |- Projecting Formaldehyde (H2C18O) around 277062.652 Mhz, at 0.75766344244 K
      |- Projecting Formaldehyde (H2C18O) around 277562.802 Mhz, at 0.887530966916 K
      |- Projecting Formaldehyde (H2C18O) around 277675.2025 Mhz, at 1.08139376693 K
      |- Projecting Formaldehyde (H2C18O) around 277678.1029 Mhz, at 1.08139376693 K
      |- Projecting Formaldehyde (H2C18O) around 277853.3599 Mhz, at 0.547922021181 K
      |- Projecting Formaldehyde (H2C18O) around 278145.446 Mhz, at 0.887572267651 K
*** Source: observed-H13CNv2=1
  |- Projecting observed-H13CNv2=1-c1
   --+ Generating template image
   --+ Generating template line distribution
   --+ Loading and correcting lines
*** Source: observed-H2C34S
  |- Projecting observed-H2C34S-c1
   --+ Generating template image
   --+ Generating template line distribution
   --+ Loading and correcting lines
      |- Projecting Thioformaldehyde (H2C34S) around 277295.9149 Mhz, at 0.502950520047 K
*** Source: observed-33SO2
  |- Projecting observed-33SO2-c1
   --+ Generating template image
   --+ Generating template line distribution
   --+ Loading and correcting lines
      |- Projecting Sulfur Dioxide (33SO2) around 275828.2515 Mhz, at 0.356849154716 K
      |- Projecting Sulfur Dioxide (33SO2) around 275828.3672 Mhz, at 0.356849154716 K
      |- Projecting Sulfur Dioxide (33SO2) around 275831.1722 Mhz, at 0.356849154716 K
      |- Projecting Sulfur Dioxide (33SO2) around 275831.2604 Mhz, at 0.356849321246 K
*** Source: observed-SO2v2=1
  |- Projecting observed-SO2v2=1-c1
   --+ Generating template image
   --+ Generating template line distribution
   --+ Loading and correcting lines
*** Source: observed-H213CO
  |- Projecting observed-H213CO-c1
   --+ Generating template image
   --+ Generating template line distribution
   --+ Loading and correcting lines
*** Source: observed-SO2v=0
  |- Projecting observed-SO2v=0-c1
   --+ Generating template image
   --+ Generating template line distribution
   --+ Loading and correcting lines
      |- Projecting Sulfur dioxide (SO2v=0) around 275240.184 Mhz, at 0.372305050005 K
      |- Projecting Sulfur dioxide (SO2v=0) around 275375.7013 Mhz, at 0.176010580867 K
      |- Projecting Sulfur dioxide (SO2v=0) around 276254.5765 Mhz, at 0.368553669853 K
      |- Projecting Sulfur dioxide (SO2v=0) around 276558.3672 Mhz, at 0.142515853354 K
      |- Projecting Sulfur dioxide (SO2v=0) around 278250.9723 Mhz, at 0.639087372663 K
   -++ Saving FITS: data-skew/cube_fixed_width_52.fits
