+++ Source 'observed-SO2v2=1' added
 |- Component added to 'observed-SO2v2=1' (observed-SO2v2=1-c1)
 ---+ Model: mol_list = ['SO2v2=1'] @ spa_form=('normal', 63.285466691874106, 70.54763533332587, 2.2994789159787006), spe_form=('skew', 8, 1), z=0.0, grad=('linear', 2.2994789159787006, 37.57160577034196)
+++ Source 'observed-OS18O' added
 |- Component added to 'observed-OS18O' (observed-OS18O-c1)
 ---+ Model: mol_list = ['OS18O'] @ spa_form=('normal', 119.4782801983446, 79.91711437231507, 0.8484564978966204), spe_form=('skew', 8, 1), z=0.0, grad=('linear', 0.8484564978966204, 67.85875256157794)
+++ Source 'observed-OS17O' added
 |- Component added to 'observed-OS17O' (observed-OS17O-c1)
 ---+ Model: mol_list = ['OS17O'] @ spa_form=('normal', 107.55913966826847, 65.53576254414656, 2.6939333655345017), spe_form=('skew', 8, 1), z=0.0, grad=('linear', 2.6939333655345017, 128.34172347839166)
+++ Source 'observed-HC15Nv=0' added
 |- Component added to 'observed-HC15Nv=0' (observed-HC15Nv=0-c1)
 ---+ Model: mol_list = ['HC15Nv=0'] @ spa_form=('normal', 56.270857883699385, 60.73950371318756, 0.8270993602144712), spe_form=('skew', 8, 1), z=0.0, grad=('linear', 0.8270993602144712, 135.4903030130331)
[*] Generating cube observerd
  |- Angular Coordinates (deg): ra=0 dec=0
  |- FOV (arcsec): ra=[-0.002777777777777778, 0.002777777777777778] dec=[-0.002777777777777778, 0.002777777777777778]
!!! WARNING: max ALMA bandwidth exceeded
  |- Spectral (MHz): center=277000 bandwidth=[275000.0, 279000.0]
  |- Cube size: 2 x 2 x 4000 
  |- Band: 7
*** Source: observed-SO2v2=1
  |- Projecting observed-SO2v2=1-c1
   --+ Generating template image
   --+ Generating template line distribution
   --+ Loading and correcting lines
      |- Projecting Sulfur dioxide (SO2v2=1) around 275061.7269 Mhz, at 0.286206865147 K
      |- Projecting Sulfur dioxide (SO2v2=1) around 278755.1244 Mhz, at 0.228797108268 K
      |- Projecting Sulfur dioxide (SO2v2=1) around 278849.6017 Mhz, at 0.266829120149 K
*** Source: observed-OS17O
  |- Projecting observed-OS17O-c1
   --+ Generating template image
   --+ Generating template line distribution
   --+ Loading and correcting lines
      |- Projecting Sulfur Dioxide (OS17O) around 275054.7862 Mhz, at 0.367685130907 K
      |- Projecting Sulfur Dioxide (OS17O) around 275142.6319 Mhz, at 0.457254357054 K
      |- Projecting Sulfur Dioxide (OS17O) around 275151.3474 Mhz, at 0.457253686414 K
      |- Projecting Sulfur Dioxide (OS17O) around 275431.4561 Mhz, at 0.40173131026 K
      |- Projecting Sulfur Dioxide (OS17O) around 275846.0173 Mhz, at 0.127835419238 K
      |- Projecting Sulfur Dioxide (OS17O) around 276201.24 Mhz, at 0.270442998428 K
      |- Projecting Sulfur Dioxide (OS17O) around 277061.5867 Mhz, at 0.340481655645 K
      |- Projecting Sulfur Dioxide (OS17O) around 277365.4535 Mhz, at 0.422958422695 K
*** Source: observed-HC15Nv=0
  |- Projecting observed-HC15Nv=0-c1
   --+ Generating template image
   --+ Generating template line distribution
   --+ Loading and correcting lines
*** Source: observed-OS18O
  |- Projecting observed-OS18O-c1
   --+ Generating template image
   --+ Generating template line distribution
   --+ Loading and correcting lines
      |- Projecting Sulfur Dioxide (OS18O) around 275282.0764 Mhz, at 0.125581922947 K
      |- Projecting Sulfur Dioxide (OS18O) around 275552.9984 Mhz, at 0.155793474919 K
      |- Projecting Sulfur Dioxide (OS18O) around 276002.289 Mhz, at 0.164431529814 K
   -++ Saving FITS: data-skew/cube_fixed_width_64.fits
