+++ Source 'observed-CH3OHvt=0' added
 |- Component added to 'observed-CH3OHvt=0' (observed-CH3OHvt=0-c1)
 ---+ Model: mol_list = ['CH3OHvt=0'] @ spa_form=('normal', 139.79509501411763, 66.43279172773943, 0.4708161351610134), spe_form=('skew', 8, 1), z=0.0, grad=('linear', 0.4708161351610134, 135.30267217931112)
+++ Source 'observed-33SO2' added
 |- Component added to 'observed-33SO2' (observed-33SO2-c1)
 ---+ Model: mol_list = ['33SO2'] @ spa_form=('normal', 74.49871976321549, 97.66210933275525, 2.0614850745083175), spe_form=('skew', 8, 1), z=0.0, grad=('linear', 2.0614850745083175, 108.50098442460651)
+++ Source 'observed-SO2v2=1' added
 |- Component added to 'observed-SO2v2=1' (observed-SO2v2=1-c1)
 ---+ Model: mol_list = ['SO2v2=1'] @ spa_form=('normal', 124.9379337530662, 64.04565740426102, 1.4910606407180937), spe_form=('skew', 8, 1), z=0.0, grad=('linear', 1.4910606407180937, 81.92411630258827)
+++ Source 'observed-H13CNv2=1' added
 |- Component added to 'observed-H13CNv2=1' (observed-H13CNv2=1-c1)
 ---+ Model: mol_list = ['H13CNv2=1'] @ spa_form=('normal', 72.84753584798734, 95.79943559683429, 2.3056900842933152), spe_form=('skew', 8, 1), z=0.0, grad=('linear', 2.3056900842933152, 25.936154529951637)
+++ Source 'observed-H213CS' added
 |- Component added to 'observed-H213CS' (observed-H213CS-c1)
 ---+ Model: mol_list = ['H213CS'] @ spa_form=('normal', 102.10306935227676, 50.67482804672332, 0.26176804158408656), spe_form=('skew', 8, 1), z=0.0, grad=('linear', 0.26176804158408656, 59.10554870585106)
+++ Source 'observed-H2C34S' added
 |- Component added to 'observed-H2C34S' (observed-H2C34S-c1)
 ---+ Model: mol_list = ['H2C34S'] @ spa_form=('normal', 132.7287318408726, 41.4358753790125, 2.9859925690693627), spe_form=('skew', 8, 1), z=0.0, grad=('linear', 2.9859925690693627, 46.260383120715)
+++ Source 'observed-H2C18O' added
 |- Component added to 'observed-H2C18O' (observed-H2C18O-c1)
 ---+ Model: mol_list = ['H2C18O'] @ spa_form=('normal', 52.27301756841769, 74.97461755049223, 1.4169307436657272), spe_form=('skew', 8, 1), z=0.0, grad=('linear', 1.4169307436657272, 64.53185259967651)
+++ Source 'observed-H213CO' added
 |- Component added to 'observed-H213CO' (observed-H213CO-c1)
 ---+ Model: mol_list = ['H213CO'] @ spa_form=('normal', 107.25300795108123, 99.52774954363088, 2.6059900997959615), spe_form=('skew', 8, 1), z=0.0, grad=('linear', 2.6059900997959615, 119.54315714672218)
[*] Generating cube observerd
  |- Angular Coordinates (deg): ra=0 dec=0
  |- FOV (arcsec): ra=[-0.002777777777777778, 0.002777777777777778] dec=[-0.002777777777777778, 0.002777777777777778]
!!! WARNING: max ALMA bandwidth exceeded
  |- Spectral (MHz): center=277000 bandwidth=[275000.0, 279000.0]
  |- Cube size: 2 x 2 x 4000 
  |- Band: 7
*** Source: observed-H2C18O
  |- Projecting observed-H2C18O-c1
   --+ Generating template image
   --+ Generating template line distribution
   --+ Loading and correcting lines
      |- Projecting Formaldehyde (H2C18O) around 277062.652 Mhz, at 0.157385577045 K
      |- Projecting Formaldehyde (H2C18O) around 277562.802 Mhz, at 0.184362298019 K
      |- Projecting Formaldehyde (H2C18O) around 277675.2025 Mhz, at 0.224632432406 K
      |- Projecting Formaldehyde (H2C18O) around 277678.1029 Mhz, at 0.224632432406 K
      |- Projecting Formaldehyde (H2C18O) around 278145.446 Mhz, at 0.184370877211 K
*** Source: observed-H213CS
  |- Projecting observed-H213CS-c1
   --+ Generating template image
   --+ Generating template line distribution
   --+ Loading and correcting lines
*** Source: observed-H13CNv2=1
  |- Projecting observed-H13CNv2=1-c1
   --+ Generating template image
   --+ Generating template line distribution
   --+ Loading and correcting lines
*** Source: observed-H2C34S
  |- Projecting observed-H2C34S-c1
   --+ Generating template image
   --+ Generating template line distribution
   --+ Loading and correcting lines
      |- Projecting Thioformaldehyde (H2C34S) around 277295.9149 Mhz, at 0.618465687099 K
*** Source: observed-33SO2
  |- Projecting observed-33SO2-c1
   --+ Generating template image
   --+ Generating template line distribution
   --+ Loading and correcting lines
      |- Projecting Sulfur Dioxide (33SO2) around 275828.2515 Mhz, at 0.407663361715 K
      |- Projecting Sulfur Dioxide (33SO2) around 275828.3672 Mhz, at 0.407663361715 K
      |- Projecting Sulfur Dioxide (33SO2) around 275831.1722 Mhz, at 0.407663361715 K
      |- Projecting Sulfur Dioxide (33SO2) around 275831.2604 Mhz, at 0.407663551958 K
*** Source: observed-CH3OHvt=0
  |- Projecting observed-CH3OHvt=0-c1
   --+ Generating template image
   --+ Generating template line distribution
   --+ Loading and correcting lines
      |- Projecting Methanol (CH3OHvt=0) around 276648.18 Mhz, at 0.715210367131 K
      |- Projecting Methanol (CH3OHvt=0) around 276925.919 Mhz, at 0.516469853097 K
      |- Projecting Methanol (CH3OHvt=0) around 277940.773 Mhz, at 0.22954727185 K
      |- Projecting Methanol (CH3OHvt=0) around 278186.616 Mhz, at 0.229556078983 K
      |- Projecting Methanol (CH3OHvt=0) around 278304.51 Mhz, at 0.373570578725 K
      |- Projecting Methanol (CH3OHvt=0) around 278342.257 Mhz, at 0.288898587777 K
      |- Projecting Methanol (CH3OHvt=0) around 278480.23 Mhz, at 0.319989149002 K
      |- Projecting Methanol (CH3OHvt=0) around 278599.055 Mhz, at 0.674163964782 K
      |- Projecting Methanol (CH3OHvt=0) around 278672.92 Mhz, at 0.352056809259 K
      |- Projecting Methanol (CH3OHvt=0) around 278723.25 Mhz, at 0.352060189021 K
      |- Projecting Methanol (CH3OHvt=0) around 278965.129 Mhz, at 0.179876634587 K
*** Source: observed-SO2v2=1
  |- Projecting observed-SO2v2=1-c1
   --+ Generating template image
   --+ Generating template line distribution
   --+ Loading and correcting lines
      |- Projecting Sulfur dioxide (SO2v2=1) around 275061.7269 Mhz, at 0.32880051906 K
      |- Projecting Sulfur dioxide (SO2v2=1) around 278755.1244 Mhz, at 0.262846972309 K
      |- Projecting Sulfur dioxide (SO2v2=1) around 278849.6017 Mhz, at 0.306538954474 K
*** Source: observed-H213CO
  |- Projecting observed-H213CO-c1
   --+ Generating template image
   --+ Generating template line distribution
   --+ Loading and correcting lines
   -++ Saving FITS: data-skew/cube_fixed_width_65.fits
