+++ Source 'observed-CH3OHvt=0' added
 |- Component added to 'observed-CH3OHvt=0' (observed-CH3OHvt=0-c1)
 ---+ Model: mol_list = ['CH3OHvt=0'] @ spa_form=('normal', 128.87411317758637, 78.72458947972447, 1.1690529498140547), spe_form=('skew', 8, 1), z=0.0, grad=('linear', 1.1690529498140547, 18.444302324024086)
+++ Source 'observed-SO2v=0' added
 |- Component added to 'observed-SO2v=0' (observed-SO2v=0-c1)
 ---+ Model: mol_list = ['SO2v=0'] @ spa_form=('normal', 90.20193205103304, 44.64170969204586, 1.9243847692595268), spe_form=('skew', 8, 1), z=0.0, grad=('linear', 1.9243847692595268, 43.29392619381979)
+++ Source 'observed-33SO2' added
 |- Component added to 'observed-33SO2' (observed-33SO2-c1)
 ---+ Model: mol_list = ['33SO2'] @ spa_form=('normal', 123.29462355314621, 80.37942791692714, 1.153088258247816), spe_form=('skew', 8, 1), z=0.0, grad=('linear', 1.153088258247816, 91.11174684651584)
+++ Source 'observed-SO2v2=1' added
 |- Component added to 'observed-SO2v2=1' (observed-SO2v2=1-c1)
 ---+ Model: mol_list = ['SO2v2=1'] @ spa_form=('normal', 98.09300499184454, 88.43171971815278, 0.750620578447642), spe_form=('skew', 8, 1), z=0.0, grad=('linear', 0.750620578447642, 52.09874039622275)
+++ Source 'observed-OS17O' added
 |- Component added to 'observed-OS17O' (observed-OS17O-c1)
 ---+ Model: mol_list = ['OS17O'] @ spa_form=('normal', 133.91031152661822, 59.91633764155215, 2.4834555777877116), spe_form=('skew', 8, 1), z=0.0, grad=('linear', 2.4834555777877116, 60.36218801202575)
+++ Source 'observed-H13CNv2=1' added
 |- Component added to 'observed-H13CNv2=1' (observed-H13CNv2=1-c1)
 ---+ Model: mol_list = ['H13CNv2=1'] @ spa_form=('normal', 64.67425253441134, 40.51749236935334, 1.3004825169540077), spe_form=('skew', 8, 1), z=0.0, grad=('linear', 1.3004825169540077, 40.77006576990284)
+++ Source 'observed-H13CNv=0' added
 |- Component added to 'observed-H13CNv=0' (observed-H13CNv=0-c1)
 ---+ Model: mol_list = ['H13CNv=0'] @ spa_form=('normal', 81.1405080217776, 41.42847124566466, 1.1767934634462216), spe_form=('skew', 8, 1), z=0.0, grad=('linear', 1.1767934634462216, 70.67468382422788)
+++ Source 'observed-H213CO' added
 |- Component added to 'observed-H213CO' (observed-H213CO-c1)
 ---+ Model: mol_list = ['H213CO'] @ spa_form=('normal', 113.05464989882125, 68.19697838420807, 2.5752695674687875), spe_form=('skew', 8, 1), z=0.0, grad=('linear', 2.5752695674687875, 116.5841901856404)
[*] Generating cube observerd
  |- Angular Coordinates (deg): ra=0 dec=0
  |- FOV (arcsec): ra=[-0.002777777777777778, 0.002777777777777778] dec=[-0.002777777777777778, 0.002777777777777778]
!!! WARNING: max ALMA bandwidth exceeded
  |- Spectral (MHz): center=604000 bandwidth=[602000.0, 606000.0]
  |- Cube size: 2 x 2 x 4000 
  |- Band: 9
*** Source: observed-H13CNv=0
  |- Projecting observed-H13CNv=0-c1
   --+ Generating template image
   --+ Generating template line distribution
   --+ Loading and correcting lines
*** Source: observed-H13CNv2=1
  |- Projecting observed-H13CNv2=1-c1
   --+ Generating template image
   --+ Generating template line distribution
   --+ Loading and correcting lines
*** Source: observed-33SO2
  |- Projecting observed-33SO2-c1
   --+ Generating template image
   --+ Generating template line distribution
   --+ Loading and correcting lines
      |- Projecting Sulfur Dioxide (33SO2) around 602337.0627 Mhz, at 0.936868531286 K
      |- Projecting Sulfur Dioxide (33SO2) around 602338.0039 Mhz, at 0.936868531286 K
      |- Projecting Sulfur Dioxide (33SO2) around 602348.9212 Mhz, at 0.936867625647 K
      |- Projecting Sulfur Dioxide (33SO2) around 602349.8184 Mhz, at 0.936867157213 K
      |- Projecting Sulfur Dioxide (33SO2) around 602488.3231 Mhz, at 1.11686611532 K
      |- Projecting Sulfur Dioxide (33SO2) around 602499.1576 Mhz, at 1.11686447725 K
      |- Projecting Sulfur Dioxide (33SO2) around 603112.9816 Mhz, at 1.26321684446 K
      |- Projecting Sulfur Dioxide (33SO2) around 603113.1191 Mhz, at 1.26321684446 K
      |- Projecting Sulfur Dioxide (33SO2) around 603113.2126 Mhz, at 1.26321684446 K
      |- Projecting Sulfur Dioxide (33SO2) around 603113.2683 Mhz, at 1.26321684446 K
      |- Projecting Sulfur Dioxide (33SO2) around 604736.5656 Mhz, at 0.698284210044 K
      |- Projecting Sulfur Dioxide (33SO2) around 604736.767 Mhz, at 0.698284210044 K
      |- Projecting Sulfur Dioxide (33SO2) around 604736.8741 Mhz, at 0.698284210044 K
      |- Projecting Sulfur Dioxide (33SO2) around 604736.8962 Mhz, at 0.698284210044 K
      |- Projecting Sulfur Dioxide (33SO2) around 604736.926 Mhz, at 0.698284210044 K
      |- Projecting Sulfur Dioxide (33SO2) around 604736.9663 Mhz, at 0.698284210044 K
      |- Projecting Sulfur Dioxide (33SO2) around 604736.9892 Mhz, at 0.698284210044 K
      |- Projecting Sulfur Dioxide (33SO2) around 605162.1267 Mhz, at 0.781606849613 K
      |- Projecting Sulfur Dioxide (33SO2) around 605162.2359 Mhz, at 0.781606849613 K
      |- Projecting Sulfur Dioxide (33SO2) around 605162.3107 Mhz, at 0.781606849613 K
      |- Projecting Sulfur Dioxide (33SO2) around 605162.3529 Mhz, at 0.781606849613 K
      |- Projecting Sulfur Dioxide (33SO2) around 605357.5302 Mhz, at 0.801749539551 K
      |- Projecting Sulfur Dioxide (33SO2) around 605366.9145 Mhz, at 0.801749539551 K
      |- Projecting Sulfur Dioxide (33SO2) around 605367.499 Mhz, at 0.801750715451 K
      |- Projecting Sulfur Dioxide (33SO2) around 605367.499 Mhz, at 0.801750715451 K
      |- Projecting Sulfur Dioxide (33SO2) around 605367.499 Mhz, at 0.801749539551 K
      |- Projecting Sulfur Dioxide (33SO2) around 605367.499 Mhz, at 0.801749539551 K
      |- Projecting Sulfur Dioxide (33SO2) around 605377.1052 Mhz, at 0.801750715451 K
*** Source: observed-OS17O
  |- Projecting observed-OS17O-c1
   --+ Generating template image
   --+ Generating template line distribution
   --+ Loading and correcting lines
      |- Projecting Sulfur Dioxide (OS17O) around 604501.9322 Mhz, at 0.487965277851 K
*** Source: observed-CH3OHvt=0
  |- Projecting observed-CH3OHvt=0-c1
   --+ Generating template image
   --+ Generating template line distribution
   --+ Loading and correcting lines
      |- Projecting Methanol (CH3OHvt=0) around 602233.197 Mhz, at 0.818814534907 K
      |- Projecting Methanol (CH3OHvt=0) around 605587.005 Mhz, at 0.729222699596 K
*** Source: observed-SO2v2=1
  |- Projecting observed-SO2v2=1-c1
   --+ Generating template image
   --+ Generating template line distribution
   --+ Loading and correcting lines
*** Source: observed-H213CO
  |- Projecting observed-H213CO-c1
   --+ Generating template image
   --+ Generating template line distribution
   --+ Loading and correcting lines
      |- Projecting Formaldehyde (H213CO) around 602083.584 Mhz, at 0.680500312522 K
*** Source: observed-SO2v=0
  |- Projecting observed-SO2v=0-c1
   --+ Generating template image
   --+ Generating template line distribution
   --+ Loading and correcting lines
      |- Projecting Sulfur dioxide (SO2v=0) around 604367.4364 Mhz, at 0.487373617288 K
      |- Projecting Sulfur dioxide (SO2v=0) around 605532.5228 Mhz, at 0.590421748938 K
   -++ Saving FITS: data-skew/cube_fixed_width_19.fits
