+++ Source 'observed-SO2v=0' added
 |- Component added to 'observed-SO2v=0' (observed-SO2v=0-c1)
 ---+ Model: mol_list = ['SO2v=0'] @ spa_form=('normal', 84.40732471224983, 84.55440865559876, 0.27572849082608325), spe_form=('skew', 8, 1), z=0.0, grad=('linear', 0.27572849082608325, 54.38046333014547)
+++ Source 'observed-33SO2' added
 |- Component added to 'observed-33SO2' (observed-33SO2-c1)
 ---+ Model: mol_list = ['33SO2'] @ spa_form=('normal', 127.75720791747453, 65.77541898272668, 1.324526777574954), spe_form=('skew', 8, 1), z=0.0, grad=('linear', 1.324526777574954, 56.061587850302054)
+++ Source 'observed-SO2v2=1' added
 |- Component added to 'observed-SO2v2=1' (observed-SO2v2=1-c1)
 ---+ Model: mol_list = ['SO2v2=1'] @ spa_form=('normal', 68.45232760772886, 91.63043300777002, 1.07616040395167), spe_form=('skew', 8, 1), z=0.0, grad=('linear', 1.07616040395167, 121.07309098712395)
+++ Source 'observed-HC15Nv=0' added
 |- Component added to 'observed-HC15Nv=0' (observed-HC15Nv=0-c1)
 ---+ Model: mol_list = ['HC15Nv=0'] @ spa_form=('normal', 82.43009705848648, 48.646930131977065, 2.5667694229331373), spe_form=('skew', 8, 1), z=0.0, grad=('linear', 2.5667694229331373, 42.194892234980344)
[*] Generating cube observerd
  |- Angular Coordinates (deg): ra=0 dec=0
  |- FOV (arcsec): ra=[-0.002777777777777778, 0.002777777777777778] dec=[-0.002777777777777778, 0.002777777777777778]
!!! WARNING: max ALMA bandwidth exceeded
  |- Spectral (MHz): center=604000 bandwidth=[602000.0, 606000.0]
  |- Cube size: 2 x 2 x 4000 
  |- Band: 9
*** Source: observed-SO2v2=1
  |- Projecting observed-SO2v2=1-c1
   --+ Generating template image
   --+ Generating template line distribution
   --+ Loading and correcting lines
*** Source: observed-33SO2
  |- Projecting observed-33SO2-c1
   --+ Generating template image
   --+ Generating template line distribution
   --+ Loading and correcting lines
      |- Projecting Sulfur Dioxide (33SO2) around 602337.0627 Mhz, at 0.729998811569 K
      |- Projecting Sulfur Dioxide (33SO2) around 602338.0039 Mhz, at 0.729998811569 K
      |- Projecting Sulfur Dioxide (33SO2) around 602348.9212 Mhz, at 0.729998105904 K
      |- Projecting Sulfur Dioxide (33SO2) around 602349.8184 Mhz, at 0.729997740905 K
      |- Projecting Sulfur Dioxide (33SO2) around 602488.3231 Mhz, at 0.87025117147 K
      |- Projecting Sulfur Dioxide (33SO2) around 602499.1576 Mhz, at 0.870249895102 K
      |- Projecting Sulfur Dioxide (33SO2) around 603112.9816 Mhz, at 0.984286230578 K
      |- Projecting Sulfur Dioxide (33SO2) around 603113.1191 Mhz, at 0.984286230578 K
      |- Projecting Sulfur Dioxide (33SO2) around 603113.2126 Mhz, at 0.984286230578 K
      |- Projecting Sulfur Dioxide (33SO2) around 603113.2683 Mhz, at 0.984286230578 K
      |- Projecting Sulfur Dioxide (33SO2) around 604736.5656 Mhz, at 0.544096238103 K
      |- Projecting Sulfur Dioxide (33SO2) around 604736.767 Mhz, at 0.544096238103 K
      |- Projecting Sulfur Dioxide (33SO2) around 604736.8741 Mhz, at 0.544096238103 K
      |- Projecting Sulfur Dioxide (33SO2) around 604736.8962 Mhz, at 0.544096238103 K
      |- Projecting Sulfur Dioxide (33SO2) around 604736.926 Mhz, at 0.544096238103 K
      |- Projecting Sulfur Dioxide (33SO2) around 604736.9663 Mhz, at 0.544096238103 K
      |- Projecting Sulfur Dioxide (33SO2) around 604736.9892 Mhz, at 0.544096238103 K
      |- Projecting Sulfur Dioxide (33SO2) around 605162.1267 Mhz, at 0.609020425255 K
      |- Projecting Sulfur Dioxide (33SO2) around 605162.2359 Mhz, at 0.609020425255 K
      |- Projecting Sulfur Dioxide (33SO2) around 605162.3107 Mhz, at 0.609020425255 K
      |- Projecting Sulfur Dioxide (33SO2) around 605162.3529 Mhz, at 0.609020425255 K
      |- Projecting Sulfur Dioxide (33SO2) around 605357.5302 Mhz, at 0.624715412573 K
      |- Projecting Sulfur Dioxide (33SO2) around 605366.9145 Mhz, at 0.624715412573 K
      |- Projecting Sulfur Dioxide (33SO2) around 605367.499 Mhz, at 0.624716328823 K
      |- Projecting Sulfur Dioxide (33SO2) around 605367.499 Mhz, at 0.624716328823 K
      |- Projecting Sulfur Dioxide (33SO2) around 605367.499 Mhz, at 0.624715412573 K
      |- Projecting Sulfur Dioxide (33SO2) around 605367.499 Mhz, at 0.624715412573 K
      |- Projecting Sulfur Dioxide (33SO2) around 605377.1052 Mhz, at 0.624716328823 K
*** Source: observed-HC15Nv=0
  |- Projecting observed-HC15Nv=0-c1
   --+ Generating template image
   --+ Generating template line distribution
   --+ Loading and correcting lines
*** Source: observed-SO2v=0
  |- Projecting observed-SO2v=0-c1
   --+ Generating template image
   --+ Generating template line distribution
   --+ Loading and correcting lines
      |- Projecting Sulfur dioxide (SO2v=0) around 604367.4364 Mhz, at 0.939088811499 K
      |- Projecting Sulfur dioxide (SO2v=0) around 604406.5377 Mhz, at 0.895314352996 K
      |- Projecting Sulfur dioxide (SO2v=0) around 605532.5228 Mhz, at 1.13764561483 K
   -++ Saving FITS: data-skew/cube_variable_width_26.fits
