+++ Source 'observed-CH3OHvt=0' added
 |- Component added to 'observed-CH3OHvt=0' (observed-CH3OHvt=0-c1)
 ---+ Model: mol_list = ['CH3OHvt=0'] @ spa_form=('normal', 146.5522587026997, 49.219760410175354, 0.9025985939368633), spe_form=('skew', 8, 1), z=0.0, grad=('linear', 0.9025985939368633, 137.4391740526246)
+++ Source 'observed-34SO2v=0' added
 |- Component added to 'observed-34SO2v=0' (observed-34SO2v=0-c1)
 ---+ Model: mol_list = ['34SO2v=0'] @ spa_form=('normal', 149.76772707270976, 96.40833645853112, 3.1041643518255735), spe_form=('skew', 8, 1), z=0.0, grad=('linear', 3.1041643518255735, 52.61922169488605)
+++ Source 'observed-SO2v2=1' added
 |- Component added to 'observed-SO2v2=1' (observed-SO2v2=1-c1)
 ---+ Model: mol_list = ['SO2v2=1'] @ spa_form=('normal', 117.65678861467879, 90.150650108261, 1.0492485157363303), spe_form=('skew', 8, 1), z=0.0, grad=('linear', 1.0492485157363303, 119.71584289115927)
+++ Source 'observed-OS18O' added
 |- Component added to 'observed-OS18O' (observed-OS18O-c1)
 ---+ Model: mol_list = ['OS18O'] @ spa_form=('normal', 101.45097144036356, 88.35906548096742, 3.0011645109550202), spe_form=('skew', 8, 1), z=0.0, grad=('linear', 3.0011645109550202, 98.16122299129552)
+++ Source 'observed-H13CNv=0' added
 |- Component added to 'observed-H13CNv=0' (observed-H13CNv=0-c1)
 ---+ Model: mol_list = ['H13CNv=0'] @ spa_form=('normal', 93.591401189088, 73.77480957549545, 0.32893088173037066), spe_form=('skew', 8, 1), z=0.0, grad=('linear', 0.32893088173037066, 19.789107869481192)
+++ Source 'observed-H2C18O' added
 |- Component added to 'observed-H2C18O' (observed-H2C18O-c1)
 ---+ Model: mol_list = ['H2C18O'] @ spa_form=('normal', 144.69561621988169, 42.45552349433685, 3.1061319817398982), spe_form=('skew', 8, 1), z=0.0, grad=('linear', 3.1061319817398982, 18.020752893068646)
[*] Generating cube observerd
  |- Angular Coordinates (deg): ra=0 dec=0
  |- FOV (arcsec): ra=[-0.002777777777777778, 0.002777777777777778] dec=[-0.002777777777777778, 0.002777777777777778]
!!! WARNING: max ALMA bandwidth exceeded
  |- Spectral (MHz): center=604000 bandwidth=[602000.0, 606000.0]
  |- Cube size: 2 x 2 x 4000 
  |- Band: 9
*** Source: observed-OS18O
  |- Projecting observed-OS18O-c1
   --+ Generating template image
   --+ Generating template line distribution
   --+ Loading and correcting lines
*** Source: observed-H2C18O
  |- Projecting observed-H2C18O-c1
   --+ Generating template image
   --+ Generating template line distribution
   --+ Loading and correcting lines
*** Source: observed-H13CNv=0
  |- Projecting observed-H13CNv=0-c1
   --+ Generating template image
   --+ Generating template line distribution
   --+ Loading and correcting lines
*** Source: observed-34SO2v=0
  |- Projecting observed-34SO2v=0-c1
   --+ Generating template image
   --+ Generating template line distribution
   --+ Loading and correcting lines
      |- Projecting Sulfur Dioxide (34SO2v=0) around 604080.004 Mhz, at 0.586615040788 K
      |- Projecting Sulfur Dioxide (34SO2v=0) around 604376.563 Mhz, at 0.804150598738 K
      |- Projecting Sulfur Dioxide (34SO2v=0) around 605499.8855 Mhz, at 0.843862525487 K
*** Source: observed-CH3OHvt=0
  |- Projecting observed-CH3OHvt=0-c1
   --+ Generating template image
   --+ Generating template line distribution
   --+ Loading and correcting lines
      |- Projecting Methanol (CH3OHvt=0) around 602233.197 Mhz, at 0.565186170386 K
      |- Projecting Methanol (CH3OHvt=0) around 605587.005 Mhz, at 0.503345467591 K
*** Source: observed-SO2v2=1
  |- Projecting observed-SO2v2=1-c1
   --+ Generating template image
   --+ Generating template line distribution
   --+ Loading and correcting lines
   -++ Saving FITS: data-skew/cube_fixed_width_18.fits
