+++ Source 'observed-SO2v=0' added
 |- Component added to 'observed-SO2v=0' (observed-SO2v=0-c1)
 ---+ Model: mol_list = ['SO2v=0'] @ spa_form=('normal', 137.2626023821795, 53.40681157425358, 2.3533983946170345), spe_form=('skew', 8, 1), z=0.0, grad=('linear', 2.3533983946170345, 128.15758980732315)
+++ Source 'observed-34SO2v=0' added
 |- Component added to 'observed-34SO2v=0' (observed-34SO2v=0-c1)
 ---+ Model: mol_list = ['34SO2v=0'] @ spa_form=('normal', 83.3079774302989, 95.04029139897577, 1.5127539179188385), spe_form=('skew', 8, 1), z=0.0, grad=('linear', 1.5127539179188385, 114.80408739224919)
+++ Source 'observed-SO2v2=1' added
 |- Component added to 'observed-SO2v2=1' (observed-SO2v2=1-c1)
 ---+ Model: mol_list = ['SO2v2=1'] @ spa_form=('normal', 71.27783394040176, 85.84419649435284, 1.8792578323156157), spe_form=('skew', 8, 1), z=0.0, grad=('linear', 1.8792578323156157, 75.37584063722356)
+++ Source 'observed-OS18O' added
 |- Component added to 'observed-OS18O' (observed-OS18O-c1)
 ---+ Model: mol_list = ['OS18O'] @ spa_form=('normal', 120.76037636476529, 58.807805827946524, 0.6387120411244231), spe_form=('skew', 8, 1), z=0.0, grad=('linear', 0.6387120411244231, 118.13779459706208)
+++ Source 'observed-OS17O' added
 |- Component added to 'observed-OS17O' (observed-OS17O-c1)
 ---+ Model: mol_list = ['OS17O'] @ spa_form=('normal', 108.35408929231664, 68.7462613599927, 2.895263579989325), spe_form=('skew', 8, 1), z=0.0, grad=('linear', 2.895263579989325, 31.057182399296607)
+++ Source 'observed-HC15Nv=0' added
 |- Component added to 'observed-HC15Nv=0' (observed-HC15Nv=0-c1)
 ---+ Model: mol_list = ['HC15Nv=0'] @ spa_form=('normal', 115.70931555751652, 43.54474401456976, 2.4532073787506516), spe_form=('skew', 8, 1), z=0.0, grad=('linear', 2.4532073787506516, 129.88123079669953)
+++ Source 'observed-H13CNv2=1' added
 |- Component added to 'observed-H13CNv2=1' (observed-H13CNv2=1-c1)
 ---+ Model: mol_list = ['H13CNv2=1'] @ spa_form=('normal', 112.81104571953665, 49.440643506468156, 0.4611542492720897), spe_form=('skew', 8, 1), z=0.0, grad=('linear', 0.4611542492720897, 148.22104234206108)
+++ Source 'observed-H213CS' added
 |- Component added to 'observed-H213CS' (observed-H213CS-c1)
 ---+ Model: mol_list = ['H213CS'] @ spa_form=('normal', 142.72847788175937, 54.65655574312546, 0.19626209965830899), spe_form=('skew', 8, 1), z=0.0, grad=('linear', 0.19626209965830899, 19.318962373392267)
+++ Source 'observed-H2C34S' added
 |- Component added to 'observed-H2C34S' (observed-H2C34S-c1)
 ---+ Model: mol_list = ['H2C34S'] @ spa_form=('normal', 104.3395580278299, 61.40379055870464, 3.0549428950957234), spe_form=('skew', 8, 1), z=0.0, grad=('linear', 3.0549428950957234, 99.25988767334587)
[*] Generating cube observerd
  |- Angular Coordinates (deg): ra=0 dec=0
  |- FOV (arcsec): ra=[-0.002777777777777778, 0.002777777777777778] dec=[-0.002777777777777778, 0.002777777777777778]
!!! WARNING: max ALMA bandwidth exceeded
  |- Spectral (MHz): center=604000 bandwidth=[602000.0, 606000.0]
  |- Cube size: 2 x 2 x 4000 
  |- Band: 9
*** Source: observed-OS18O
  |- Projecting observed-OS18O-c1
   --+ Generating template image
   --+ Generating template line distribution
   --+ Loading and correcting lines
*** Source: observed-H213CS
  |- Projecting observed-H213CS-c1
   --+ Generating template image
   --+ Generating template line distribution
   --+ Loading and correcting lines
      |- Projecting Thioformaldehyde (H213CS) around 602149.9892 Mhz, at 0.950188564431 K
*** Source: observed-H13CNv2=1
  |- Projecting observed-H13CNv2=1-c1
   --+ Generating template image
   --+ Generating template line distribution
   --+ Loading and correcting lines
*** Source: observed-34SO2v=0
  |- Projecting observed-34SO2v=0-c1
   --+ Generating template image
   --+ Generating template line distribution
   --+ Loading and correcting lines
      |- Projecting Sulfur Dioxide (34SO2v=0) around 604376.563 Mhz, at 0.544363786323 K
      |- Projecting Sulfur Dioxide (34SO2v=0) around 605499.8855 Mhz, at 0.571246480735 K
*** Source: observed-OS17O
  |- Projecting observed-OS17O-c1
   --+ Generating template image
   --+ Generating template line distribution
   --+ Loading and correcting lines
      |- Projecting Sulfur Dioxide (OS17O) around 603105.7123 Mhz, at 0.576886873011 K
      |- Projecting Sulfur Dioxide (OS17O) around 603106.5013 Mhz, at 0.576886873011 K
      |- Projecting Sulfur Dioxide (OS17O) around 604501.9322 Mhz, at 0.922433807524 K
      |- Projecting Sulfur Dioxide (OS17O) around 605172.0102 Mhz, at 0.591887600781 K
      |- Projecting Sulfur Dioxide (OS17O) around 605172.0102 Mhz, at 0.591887600781 K
      |- Projecting Sulfur Dioxide (OS17O) around 605240.925 Mhz, at 0.61424429277 K
*** Source: observed-HC15Nv=0
  |- Projecting observed-HC15Nv=0-c1
   --+ Generating template image
   --+ Generating template line distribution
   --+ Loading and correcting lines
*** Source: observed-SO2v2=1
  |- Projecting observed-SO2v2=1-c1
   --+ Generating template image
   --+ Generating template line distribution
   --+ Loading and correcting lines
*** Source: observed-H2C34S
  |- Projecting observed-H2C34S-c1
   --+ Generating template image
   --+ Generating template line distribution
   --+ Loading and correcting lines
      |- Projecting Thioformaldehyde (H2C34S) around 604710.9998 Mhz, at 0.515957761441 K
*** Source: observed-SO2v=0
  |- Projecting observed-SO2v=0-c1
   --+ Generating template image
   --+ Generating template line distribution
   --+ Loading and correcting lines
      |- Projecting Sulfur dioxide (SO2v=0) around 604367.4364 Mhz, at 0.878130649413 K
      |- Projecting Sulfur dioxide (SO2v=0) around 604406.5377 Mhz, at 0.837197679919 K
      |- Projecting Sulfur dioxide (SO2v=0) around 605532.5228 Mhz, at 1.06379872736 K
   -++ Saving FITS: data-skew/cube_fixed_width_0.fits
