+++ Source 'observed-CH3OHvt=0' added
 |- Component added to 'observed-CH3OHvt=0' (observed-CH3OHvt=0-c1)
 ---+ Model: mol_list = ['CH3OHvt=0'] @ spa_form=('normal', 112.85412270533942, 99.0359774495444, 2.5395698660974966), spe_form=('skew', 8, 1), z=0.0, grad=('linear', 2.5395698660974966, 45.067818106359695)
+++ Source 'observed-33SO2' added
 |- Component added to 'observed-33SO2' (observed-33SO2-c1)
 ---+ Model: mol_list = ['33SO2'] @ spa_form=('normal', 75.50425090491629, 98.5410408904666, 1.5199317036994424), spe_form=('skew', 8, 1), z=0.0, grad=('linear', 1.5199317036994424, 145.47167425871692)
+++ Source 'observed-OS18O' added
 |- Component added to 'observed-OS18O' (observed-OS18O-c1)
 ---+ Model: mol_list = ['OS18O'] @ spa_form=('normal', 113.63570088437599, 85.7775461729683, 3.0940830778104633), spe_form=('skew', 8, 1), z=0.0, grad=('linear', 3.0940830778104633, 99.18703349336667)
+++ Source 'observed-OS17O' added
 |- Component added to 'observed-OS17O' (observed-OS17O-c1)
 ---+ Model: mol_list = ['OS17O'] @ spa_form=('normal', 88.3332569717757, 90.84258011298212, 2.635304293411532), spe_form=('skew', 8, 1), z=0.0, grad=('linear', 2.635304293411532, 66.64033962745938)
+++ Source 'observed-H13CNv2=1' added
 |- Component added to 'observed-H13CNv2=1' (observed-H13CNv2=1-c1)
 ---+ Model: mol_list = ['H13CNv2=1'] @ spa_form=('normal', 79.93365197418446, 40.75892250349741, 0.040830494095700845), spe_form=('skew', 8, 1), z=0.0, grad=('linear', 0.040830494095700845, 130.0628853482724)
+++ Source 'observed-H13CNv=0' added
 |- Component added to 'observed-H13CNv=0' (observed-H13CNv=0-c1)
 ---+ Model: mol_list = ['H13CNv=0'] @ spa_form=('normal', 147.3845089781902, 84.87428245228782, 2.8554287818768347), spe_form=('skew', 8, 1), z=0.0, grad=('linear', 2.8554287818768347, 148.70959238772906)
+++ Source 'observed-H213CS' added
 |- Component added to 'observed-H213CS' (observed-H213CS-c1)
 ---+ Model: mol_list = ['H213CS'] @ spa_form=('normal', 126.34443001734431, 68.39983902602596, 0.09362005872764027), spe_form=('skew', 8, 1), z=0.0, grad=('linear', 0.09362005872764027, 146.74079506476116)
+++ Source 'observed-H2C34S' added
 |- Component added to 'observed-H2C34S' (observed-H2C34S-c1)
 ---+ Model: mol_list = ['H2C34S'] @ spa_form=('normal', 107.19566973716641, 55.2006564593956, 0.2824774610575205), spe_form=('skew', 8, 1), z=0.0, grad=('linear', 0.2824774610575205, 127.45314936711733)
+++ Source 'observed-H2C18O' added
 |- Component added to 'observed-H2C18O' (observed-H2C18O-c1)
 ---+ Model: mol_list = ['H2C18O'] @ spa_form=('normal', 147.93561008139775, 98.98078742884893, 1.1683121134553804), spe_form=('skew', 8, 1), z=0.0, grad=('linear', 1.1683121134553804, 67.61123189095773)
+++ Source 'observed-H213CO' added
 |- Component added to 'observed-H213CO' (observed-H213CO-c1)
 ---+ Model: mol_list = ['H213CO'] @ spa_form=('normal', 87.44022861214273, 68.60563820744177, 0.7389525376678919), spe_form=('skew', 8, 1), z=0.0, grad=('linear', 0.7389525376678919, 116.90686960025889)
[*] Generating cube observerd
  |- Angular Coordinates (deg): ra=0 dec=0
  |- FOV (arcsec): ra=[-0.002777777777777778, 0.002777777777777778] dec=[-0.002777777777777778, 0.002777777777777778]
!!! WARNING: max ALMA bandwidth exceeded
  |- Spectral (MHz): center=277000 bandwidth=[275000.0, 279000.0]
  |- Cube size: 2 x 2 x 4000 
  |- Band: 7
*** Source: observed-OS18O
  |- Projecting observed-OS18O-c1
   --+ Generating template image
   --+ Generating template line distribution
   --+ Loading and correcting lines
      |- Projecting Sulfur Dioxide (OS18O) around 275207.6031 Mhz, at 0.669792380603 K
      |- Projecting Sulfur Dioxide (OS18O) around 275282.0764 Mhz, at 1.24115339641 K
      |- Projecting Sulfur Dioxide (OS18O) around 275454.6038 Mhz, at 0.558183326943 K
      |- Projecting Sulfur Dioxide (OS18O) around 275552.9984 Mhz, at 1.53974072062 K
      |- Projecting Sulfur Dioxide (OS18O) around 275646.3336 Mhz, at 0.275292219907 K
      |- Projecting Sulfur Dioxide (OS18O) around 276002.289 Mhz, at 1.62511249165 K
      |- Projecting Sulfur Dioxide (OS18O) around 276274.7786 Mhz, at 0.997421036937 K
      |- Projecting Sulfur Dioxide (OS18O) around 276277.2242 Mhz, at 0.658279634833 K
      |- Projecting Sulfur Dioxide (OS18O) around 276567.9332 Mhz, at 0.124908206308 K
      |- Projecting Sulfur Dioxide (OS18O) around 276568.1446 Mhz, at 0.124908206308 K
      |- Projecting Sulfur Dioxide (OS18O) around 277080.9497 Mhz, at 1.08039185678 K
      |- Projecting Sulfur Dioxide (OS18O) around 277088.3147 Mhz, at 1.08039077639 K
      |- Projecting Sulfur Dioxide (OS18O) around 278393.6459 Mhz, at 0.744045273652 K
*** Source: observed-H2C18O
  |- Projecting observed-H2C18O-c1
   --+ Generating template image
   --+ Generating template line distribution
   --+ Loading and correcting lines
      |- Projecting Formaldehyde (H2C18O) around 277062.652 Mhz, at 0.138808197137 K
      |- Projecting Formaldehyde (H2C18O) around 277562.802 Mhz, at 0.162600656861 K
      |- Projecting Formaldehyde (H2C18O) around 277675.2025 Mhz, at 0.198117410415 K
      |- Projecting Formaldehyde (H2C18O) around 277678.1029 Mhz, at 0.198117410415 K
      |- Projecting Formaldehyde (H2C18O) around 278145.446 Mhz, at 0.162608223388 K
*** Source: observed-H213CS
  |- Projecting observed-H213CS-c1
   --+ Generating template image
   --+ Generating template line distribution
   --+ Loading and correcting lines
*** Source: observed-H13CNv2=1
  |- Projecting observed-H13CNv2=1-c1
   --+ Generating template image
   --+ Generating template line distribution
   --+ Loading and correcting lines
*** Source: observed-H2C34S
  |- Projecting observed-H2C34S-c1
   --+ Generating template image
   --+ Generating template line distribution
   --+ Loading and correcting lines
      |- Projecting Thioformaldehyde (H2C34S) around 277295.9149 Mhz, at 0.201389617621 K
*** Source: observed-33SO2
  |- Projecting observed-33SO2-c1
   --+ Generating template image
   --+ Generating template line distribution
   --+ Loading and correcting lines
      |- Projecting Sulfur Dioxide (33SO2) around 275160.7805 Mhz, at 0.187982341791 K
      |- Projecting Sulfur Dioxide (33SO2) around 275160.8324 Mhz, at 0.187982341791 K
      |- Projecting Sulfur Dioxide (33SO2) around 275160.9909 Mhz, at 0.187982429516 K
      |- Projecting Sulfur Dioxide (33SO2) around 275161.0124 Mhz, at 0.187982429516 K
      |- Projecting Sulfur Dioxide (33SO2) around 275828.2515 Mhz, at 0.80362258054 K
      |- Projecting Sulfur Dioxide (33SO2) around 275828.3672 Mhz, at 0.80362258054 K
      |- Projecting Sulfur Dioxide (33SO2) around 275831.1722 Mhz, at 0.80362258054 K
      |- Projecting Sulfur Dioxide (33SO2) around 275831.2604 Mhz, at 0.803622955564 K
      |- Projecting Sulfur Dioxide (33SO2) around 276035.3021 Mhz, at 0.220537511024 K
      |- Projecting Sulfur Dioxide (33SO2) around 276035.3702 Mhz, at 0.220537511024 K
      |- Projecting Sulfur Dioxide (33SO2) around 276037.6419 Mhz, at 0.220537400755 K
      |- Projecting Sulfur Dioxide (33SO2) around 276037.6851 Mhz, at 0.220537511024 K
*** Source: observed-OS17O
  |- Projecting observed-OS17O-c1
   --+ Generating template image
   --+ Generating template line distribution
   --+ Loading and correcting lines
      |- Projecting Sulfur Dioxide (OS17O) around 275054.7862 Mhz, at 0.979301277117 K
      |- Projecting Sulfur Dioxide (OS17O) around 275142.6319 Mhz, at 1.21786207325 K
      |- Projecting Sulfur Dioxide (OS17O) around 275151.3474 Mhz, at 1.21786028705 K
      |- Projecting Sulfur Dioxide (OS17O) around 275431.4561 Mhz, at 1.06998067674 K
      |- Projecting Sulfur Dioxide (OS17O) around 275846.0173 Mhz, at 0.340479880194 K
      |- Projecting Sulfur Dioxide (OS17O) around 276201.24 Mhz, at 0.720304280714 K
      |- Projecting Sulfur Dioxide (OS17O) around 277061.5867 Mhz, at 0.906846897467 K
      |- Projecting Sulfur Dioxide (OS17O) around 277269.543 Mhz, at 0.159887909085 K
      |- Projecting Sulfur Dioxide (OS17O) around 277365.4535 Mhz, at 1.12651747023 K
*** Source: observed-CH3OHvt=0
  |- Projecting observed-CH3OHvt=0-c1
   --+ Generating template image
   --+ Generating template line distribution
   --+ Loading and correcting lines
      |- Projecting Methanol (CH3OHvt=0) around 276648.18 Mhz, at 0.523114347203 K
      |- Projecting Methanol (CH3OHvt=0) around 276925.919 Mhz, at 0.377752899663 K
      |- Projecting Methanol (CH3OHvt=0) around 277940.773 Mhz, at 0.167893918747 K
      |- Projecting Methanol (CH3OHvt=0) around 278186.616 Mhz, at 0.1679003604 K
      |- Projecting Methanol (CH3OHvt=0) around 278304.51 Mhz, at 0.273234475344 K
      |- Projecting Methanol (CH3OHvt=0) around 278342.257 Mhz, at 0.211304258297 K
      |- Projecting Methanol (CH3OHvt=0) around 278480.23 Mhz, at 0.234044307081 K
      |- Projecting Methanol (CH3OHvt=0) around 278599.055 Mhz, at 0.493092464193 K
      |- Projecting Methanol (CH3OHvt=0) around 278672.92 Mhz, at 0.257499019055 K
      |- Projecting Methanol (CH3OHvt=0) around 278723.25 Mhz, at 0.257501491057 K
      |- Projecting Methanol (CH3OHvt=0) around 278965.129 Mhz, at 0.131564155951 K
*** Source: observed-H13CNv=0
  |- Projecting observed-H13CNv=0-c1
   --+ Generating template image
   --+ Generating template line distribution
   --+ Loading and correcting lines
*** Source: observed-H213CO
  |- Projecting observed-H213CO-c1
   --+ Generating template image
   --+ Generating template line distribution
   --+ Loading and correcting lines
   -++ Saving FITS: data-skew/cube_fixed_width_56.fits
