+++ Source 'observed-CH3OHvt=0' added
 |- Component added to 'observed-CH3OHvt=0' (observed-CH3OHvt=0-c1)
 ---+ Model: mol_list = ['CH3OHvt=0'] @ spa_form=('normal', 126.11610433007789, 64.30299698028159, 0.5075384599411621), spe_form=('skew', 8, 1), z=0.0, grad=('linear', 0.5075384599411621, 30.907733625698746)
+++ Source 'observed-34SO2v=0' added
 |- Component added to 'observed-34SO2v=0' (observed-34SO2v=0-c1)
 ---+ Model: mol_list = ['34SO2v=0'] @ spa_form=('normal', 121.20365229364764, 80.58557065740897, 1.1624455289253282), spe_form=('skew', 8, 1), z=0.0, grad=('linear', 1.1624455289253282, 76.50927185244039)
+++ Source 'observed-SO2v2=1' added
 |- Component added to 'observed-SO2v2=1' (observed-SO2v2=1-c1)
 ---+ Model: mol_list = ['SO2v2=1'] @ spa_form=('normal', 72.48924542871808, 59.02578485903071, 1.7213401638244497), spe_form=('skew', 8, 1), z=0.0, grad=('linear', 1.7213401638244497, 113.66175674202869)
+++ Source 'observed-OS18O' added
 |- Component added to 'observed-OS18O' (observed-OS18O-c1)
 ---+ Model: mol_list = ['OS18O'] @ spa_form=('normal', 131.88109351033287, 86.3802563399909, 0.8215298805641728), spe_form=('skew', 8, 1), z=0.0, grad=('linear', 0.8215298805641728, 44.43887544370329)
+++ Source 'observed-H13CNv=0' added
 |- Component added to 'observed-H13CNv=0' (observed-H13CNv=0-c1)
 ---+ Model: mol_list = ['H13CNv=0'] @ spa_form=('normal', 98.62679854608436, 94.64621407591561, 0.17720308925991488), spe_form=('skew', 8, 1), z=0.0, grad=('linear', 0.17720308925991488, 133.85540747422374)
+++ Source 'observed-H2C18O' added
 |- Component added to 'observed-H2C18O' (observed-H2C18O-c1)
 ---+ Model: mol_list = ['H2C18O'] @ spa_form=('normal', 112.83695535628794, 50.43683439701802, 2.151261095224156), spe_form=('skew', 8, 1), z=0.0, grad=('linear', 2.151261095224156, 55.33797902007946)
[*] Generating cube observerd
  |- Angular Coordinates (deg): ra=0 dec=0
  |- FOV (arcsec): ra=[-0.002777777777777778, 0.002777777777777778] dec=[-0.002777777777777778, 0.002777777777777778]
!!! WARNING: max ALMA bandwidth exceeded
  |- Spectral (MHz): center=277000 bandwidth=[275000.0, 279000.0]
  |- Cube size: 2 x 2 x 4000 
  |- Band: 7
*** Source: observed-OS18O
  |- Projecting observed-OS18O-c1
   --+ Generating template image
   --+ Generating template line distribution
   --+ Loading and correcting lines
      |- Projecting Sulfur Dioxide (OS18O) around 275207.6031 Mhz, at 0.541583904593 K
      |- Projecting Sulfur Dioxide (OS18O) around 275282.0764 Mhz, at 1.00357770869 K
      |- Projecting Sulfur Dioxide (OS18O) around 275454.6038 Mhz, at 0.451338525847 K
      |- Projecting Sulfur Dioxide (OS18O) around 275552.9984 Mhz, at 1.24501086558 K
      |- Projecting Sulfur Dioxide (OS18O) around 275646.3336 Mhz, at 0.222597090799 K
      |- Projecting Sulfur Dioxide (OS18O) around 276002.289 Mhz, at 1.31404117771 K
      |- Projecting Sulfur Dioxide (OS18O) around 276274.7786 Mhz, at 0.806499439754 K
      |- Projecting Sulfur Dioxide (OS18O) around 276277.2242 Mhz, at 0.532274873934 K
      |- Projecting Sulfur Dioxide (OS18O) around 277080.9497 Mhz, at 0.873588379372 K
      |- Projecting Sulfur Dioxide (OS18O) around 277088.3147 Mhz, at 0.873587505784 K
      |- Projecting Sulfur Dioxide (OS18O) around 278393.6459 Mhz, at 0.601623661553 K
*** Source: observed-H2C18O
  |- Projecting observed-H2C18O-c1
   --+ Generating template image
   --+ Generating template line distribution
   --+ Loading and correcting lines
      |- Projecting Formaldehyde (H2C18O) around 277062.652 Mhz, at 0.210758864874 K
      |- Projecting Formaldehyde (H2C18O) around 277562.802 Mhz, at 0.246884049896 K
      |- Projecting Formaldehyde (H2C18O) around 277675.2025 Mhz, at 0.300810769048 K
      |- Projecting Formaldehyde (H2C18O) around 277678.1029 Mhz, at 0.300810769048 K
      |- Projecting Formaldehyde (H2C18O) around 277853.3599 Mhz, at 0.152415197507 K
      |- Projecting Formaldehyde (H2C18O) around 278145.446 Mhz, at 0.246895538501 K
*** Source: observed-H13CNv=0
  |- Projecting observed-H13CNv=0-c1
   --+ Generating template image
   --+ Generating template line distribution
   --+ Loading and correcting lines
*** Source: observed-34SO2v=0
  |- Projecting observed-34SO2v=0-c1
   --+ Generating template image
   --+ Generating template line distribution
   --+ Loading and correcting lines
      |- Projecting Sulfur Dioxide (34SO2v=0) around 275434.2181 Mhz, at 1.43934213569 K
      |- Projecting Sulfur Dioxide (34SO2v=0) around 276483.977 Mhz, at 1.21038730155 K
      |- Projecting Sulfur Dioxide (34SO2v=0) around 276999.6054 Mhz, at 0.637189035964 K
      |- Projecting Sulfur Dioxide (34SO2v=0) around 277150.575 Mhz, at 0.710945497895 K
      |- Projecting Sulfur Dioxide (34SO2v=0) around 277470.0761 Mhz, at 0.380791420058 K
      |- Projecting Sulfur Dioxide (34SO2v=0) around 277475.9774 Mhz, at 0.186003335182 K
      |- Projecting Sulfur Dioxide (34SO2v=0) around 278835.2175 Mhz, at 0.79805796924 K
*** Source: observed-CH3OHvt=0
  |- Projecting observed-CH3OHvt=0-c1
   --+ Generating template image
   --+ Generating template line distribution
   --+ Loading and correcting lines
      |- Projecting Methanol (CH3OHvt=0) around 276648.18 Mhz, at 0.30517067316 K
      |- Projecting Methanol (CH3OHvt=0) around 276925.919 Mhz, at 0.2203707608 K
      |- Projecting Methanol (CH3OHvt=0) around 278304.51 Mhz, at 0.159397556609 K
      |- Projecting Methanol (CH3OHvt=0) around 278342.257 Mhz, at 0.123269153467 K
      |- Projecting Methanol (CH3OHvt=0) around 278480.23 Mhz, at 0.136535079038 K
      |- Projecting Methanol (CH3OHvt=0) around 278599.055 Mhz, at 0.287656723683 K
      |- Projecting Methanol (CH3OHvt=0) around 278672.92 Mhz, at 0.150217919664 K
      |- Projecting Methanol (CH3OHvt=0) around 278723.25 Mhz, at 0.150219361763 K
*** Source: observed-SO2v2=1
  |- Projecting observed-SO2v2=1-c1
   --+ Generating template image
   --+ Generating template line distribution
   --+ Loading and correcting lines
      |- Projecting Sulfur dioxide (SO2v2=1) around 275061.7269 Mhz, at 0.230816083381 K
      |- Projecting Sulfur dioxide (SO2v2=1) around 278755.1244 Mhz, at 0.184517070868 K
      |- Projecting Sulfur dioxide (SO2v2=1) around 278849.6017 Mhz, at 0.215188592395 K
   -++ Saving FITS: data-skew/cube_fixed_width_68.fits
