+++ Source 'observed-CH3OHvt=0' added
 |- Component added to 'observed-CH3OHvt=0' (observed-CH3OHvt=0-c1)
 ---+ Model: mol_list = ['CH3OHvt=0'] @ spa_form=('normal', 83.67827668973376, 56.02554101296854, 0.8637083532209087), spe_form=('skew', 8, 1), z=0.0, grad=('linear', 0.8637083532209087, 31.04768405481954)
+++ Source 'observed-34SO2v=0' added
 |- Component added to 'observed-34SO2v=0' (observed-34SO2v=0-c1)
 ---+ Model: mol_list = ['34SO2v=0'] @ spa_form=('normal', 106.13593704375657, 49.242562793652795, 2.4942542404069723), spe_form=('skew', 8, 1), z=0.0, grad=('linear', 2.4942542404069723, 52.307825169932826)
+++ Source 'observed-SO2v2=1' added
 |- Component added to 'observed-SO2v2=1' (observed-SO2v2=1-c1)
 ---+ Model: mol_list = ['SO2v2=1'] @ spa_form=('normal', 56.84606886811665, 54.20734082784665, 1.5553587375286597), spe_form=('skew', 8, 1), z=0.0, grad=('linear', 1.5553587375286597, 69.08428853475104)
+++ Source 'observed-OS17O' added
 |- Component added to 'observed-OS17O' (observed-OS17O-c1)
 ---+ Model: mol_list = ['OS17O'] @ spa_form=('normal', 105.55859352609377, 49.507476918813126, 1.3071771214143966), spe_form=('skew', 8, 1), z=0.0, grad=('linear', 1.3071771214143966, 90.9025903355026)
+++ Source 'observed-H13CNv2=1' added
 |- Component added to 'observed-H13CNv2=1' (observed-H13CNv2=1-c1)
 ---+ Model: mol_list = ['H13CNv2=1'] @ spa_form=('normal', 147.83389239567543, 78.98252922652354, 2.639919086538186), spe_form=('skew', 8, 1), z=0.0, grad=('linear', 2.639919086538186, 102.36086837113149)
+++ Source 'observed-H2C34S' added
 |- Component added to 'observed-H2C34S' (observed-H2C34S-c1)
 ---+ Model: mol_list = ['H2C34S'] @ spa_form=('normal', 87.15649942519607, 41.153451041634234, 2.316430591238368), spe_form=('skew', 8, 1), z=0.0, grad=('linear', 2.316430591238368, 143.9474642983529)
[*] Generating cube observerd
  |- Angular Coordinates (deg): ra=0 dec=0
  |- FOV (arcsec): ra=[-0.002777777777777778, 0.002777777777777778] dec=[-0.002777777777777778, 0.002777777777777778]
!!! WARNING: max ALMA bandwidth exceeded
  |- Spectral (MHz): center=277000 bandwidth=[275000.0, 279000.0]
  |- Cube size: 2 x 2 x 4000 
  |- Band: 7
*** Source: observed-H13CNv2=1
  |- Projecting observed-H13CNv2=1-c1
   --+ Generating template image
   --+ Generating template line distribution
   --+ Loading and correcting lines
*** Source: observed-H2C34S
  |- Projecting observed-H2C34S-c1
   --+ Generating template image
   --+ Generating template line distribution
   --+ Loading and correcting lines
      |- Projecting Thioformaldehyde (H2C34S) around 277295.9149 Mhz, at 0.612096087973 K
*** Source: observed-34SO2v=0
  |- Projecting observed-34SO2v=0-c1
   --+ Generating template image
   --+ Generating template line distribution
   --+ Loading and correcting lines
      |- Projecting Sulfur Dioxide (34SO2v=0) around 275434.2181 Mhz, at 1.18541697752 K
      |- Projecting Sulfur Dioxide (34SO2v=0) around 276483.977 Mhz, at 0.996853785525 K
      |- Projecting Sulfur Dioxide (34SO2v=0) around 276999.6054 Mhz, at 0.524777731707 K
      |- Projecting Sulfur Dioxide (34SO2v=0) around 277150.575 Mhz, at 0.585522262147 K
      |- Projecting Sulfur Dioxide (34SO2v=0) around 277470.0761 Mhz, at 0.313613145225 K
      |- Projecting Sulfur Dioxide (34SO2v=0) around 277475.9774 Mhz, at 0.153189089606 K
      |- Projecting Sulfur Dioxide (34SO2v=0) around 278835.2175 Mhz, at 0.657266568052 K
*** Source: observed-CH3OHvt=0
  |- Projecting observed-CH3OHvt=0-c1
   --+ Generating template image
   --+ Generating template line distribution
   --+ Loading and correcting lines
      |- Projecting Methanol (CH3OHvt=0) around 275663.705 Mhz, at 0.275928960219 K
      |- Projecting Methanol (CH3OHvt=0) around 276648.18 Mhz, at 1.67929237013 K
      |- Projecting Methanol (CH3OHvt=0) around 276925.919 Mhz, at 1.21265563751 K
      |- Projecting Methanol (CH3OHvt=0) around 277940.773 Mhz, at 0.53897007079 K
      |- Projecting Methanol (CH3OHvt=0) around 278186.616 Mhz, at 0.538990749671 K
      |- Projecting Methanol (CH3OHvt=0) around 278304.51 Mhz, at 0.877132451357 K
      |- Projecting Methanol (CH3OHvt=0) around 278342.257 Mhz, at 0.678325170455 K
      |- Projecting Methanol (CH3OHvt=0) around 278480.23 Mhz, at 0.75132487047 K
      |- Projecting Methanol (CH3OHvt=0) around 278599.055 Mhz, at 1.58291665544 K
      |- Projecting Methanol (CH3OHvt=0) around 278672.92 Mhz, at 0.826618769542 K
      |- Projecting Methanol (CH3OHvt=0) around 278723.25 Mhz, at 0.82662670512 K
      |- Projecting Methanol (CH3OHvt=0) around 278965.129 Mhz, at 0.422344912643 K
*** Source: observed-OS17O
  |- Projecting observed-OS17O-c1
   --+ Generating template image
   --+ Generating template line distribution
   --+ Loading and correcting lines
      |- Projecting Sulfur Dioxide (OS17O) around 275054.7862 Mhz, at 0.645458032698 K
      |- Projecting Sulfur Dioxide (OS17O) around 275142.6319 Mhz, at 0.802693590079 K
      |- Projecting Sulfur Dioxide (OS17O) around 275151.3474 Mhz, at 0.802692412796 K
      |- Projecting Sulfur Dioxide (OS17O) around 275431.4561 Mhz, at 0.705224876931 K
      |- Projecting Sulfur Dioxide (OS17O) around 275846.0173 Mhz, at 0.224410484065 K
      |- Projecting Sulfur Dioxide (OS17O) around 276201.24 Mhz, at 0.474752964014 K
      |- Projecting Sulfur Dioxide (OS17O) around 277061.5867 Mhz, at 0.597703309569 K
      |- Projecting Sulfur Dioxide (OS17O) around 277365.4535 Mhz, at 0.742488309908 K
*** Source: observed-SO2v2=1
  |- Projecting observed-SO2v2=1-c1
   --+ Generating template image
   --+ Generating template line distribution
   --+ Loading and correcting lines
      |- Projecting Sulfur dioxide (SO2v2=1) around 275061.7269 Mhz, at 0.120099174804 K
   -++ Saving FITS: data-skew/cube_variable_width_92.fits
