+++ Source 'observed-SO2v2=1' added
 |- Component added to 'observed-SO2v2=1' (observed-SO2v2=1-c1)
 ---+ Model: mol_list = ['SO2v2=1'] @ spa_form=('normal', 102.32449279270647, 71.81744223555776, 1.6234523161535919), spe_form=('skew', 8, 1), z=0.0, grad=('linear', 1.6234523161535919, 46.306581942915855)
+++ Source 'observed-OS18O' added
 |- Component added to 'observed-OS18O' (observed-OS18O-c1)
 ---+ Model: mol_list = ['OS18O'] @ spa_form=('normal', 74.31874776872219, 89.14234053153179, 3.0347054510086737), spe_form=('skew', 8, 1), z=0.0, grad=('linear', 3.0347054510086737, 48.70227282249512)
+++ Source 'observed-OS17O' added
 |- Component added to 'observed-OS17O' (observed-OS17O-c1)
 ---+ Model: mol_list = ['OS17O'] @ spa_form=('normal', 110.18469593017086, 64.48567491555107, 2.7285923624453394), spe_form=('skew', 8, 1), z=0.0, grad=('linear', 2.7285923624453394, 87.47812024862333)
+++ Source 'observed-HC15Nv=0' added
 |- Component added to 'observed-HC15Nv=0' (observed-HC15Nv=0-c1)
 ---+ Model: mol_list = ['HC15Nv=0'] @ spa_form=('normal', 120.39497723515281, 47.18575118851731, 1.6781323993813912), spe_form=('skew', 8, 1), z=0.0, grad=('linear', 1.6781323993813912, 143.06197420939594)
[*] Generating cube observerd
  |- Angular Coordinates (deg): ra=0 dec=0
  |- FOV (arcsec): ra=[-0.002777777777777778, 0.002777777777777778] dec=[-0.002777777777777778, 0.002777777777777778]
!!! WARNING: max ALMA bandwidth exceeded
  |- Spectral (MHz): center=604000 bandwidth=[602000.0, 606000.0]
  |- Cube size: 2 x 2 x 4000 
  |- Band: 9
*** Source: observed-SO2v2=1
  |- Projecting observed-SO2v2=1-c1
   --+ Generating template image
   --+ Generating template line distribution
   --+ Loading and correcting lines
*** Source: observed-OS17O
  |- Projecting observed-OS17O-c1
   --+ Generating template image
   --+ Generating template line distribution
   --+ Loading and correcting lines
      |- Projecting Sulfur Dioxide (OS17O) around 604501.9322 Mhz, at 0.742924281366 K
      |- Projecting Sulfur Dioxide (OS17O) around 605240.925 Mhz, at 0.494709751602 K
*** Source: observed-HC15Nv=0
  |- Projecting observed-HC15Nv=0-c1
   --+ Generating template image
   --+ Generating template line distribution
   --+ Loading and correcting lines
      |- Projecting Hydrogen Cyanide (HC15Nv=0) around 602274.1332 Mhz, at 0.52230858536 K
*** Source: observed-OS18O
  |- Projecting observed-OS18O-c1
   --+ Generating template image
   --+ Generating template line distribution
   --+ Loading and correcting lines
      |- Projecting Sulfur Dioxide (OS18O) around 602313.3835 Mhz, at 0.677492848509 K
      |- Projecting Sulfur Dioxide (OS18O) around 603090.155 Mhz, at 0.552340238408 K
   -++ Saving FITS: data-skew/cube_fixed_width_14.fits
