+++ Source 'observed-SO2v=0' added
 |- Component added to 'observed-SO2v=0' (observed-SO2v=0-c1)
 ---+ Model: mol_list = ['SO2v=0'] @ spa_form=('normal', 59.413186058181076, 75.22057419542965, 2.484401805859795), spe_form=('skew', 8, 1), z=0.0, grad=('linear', 2.484401805859795, 80.06977589577346)
+++ Source 'observed-33SO2' added
 |- Component added to 'observed-33SO2' (observed-33SO2-c1)
 ---+ Model: mol_list = ['33SO2'] @ spa_form=('normal', 123.22077406943083, 96.8204032032761, 2.872002976647231), spe_form=('skew', 8, 1), z=0.0, grad=('linear', 2.872002976647231, 62.924479271826186)
+++ Source 'observed-SO2v2=1' added
 |- Component added to 'observed-SO2v2=1' (observed-SO2v2=1-c1)
 ---+ Model: mol_list = ['SO2v2=1'] @ spa_form=('normal', 100.07441894050677, 63.9151713385134, 0.184744219339147), spe_form=('skew', 8, 1), z=0.0, grad=('linear', 0.184744219339147, 38.063623479305384)
+++ Source 'observed-H13CNv2=1' added
 |- Component added to 'observed-H13CNv2=1' (observed-H13CNv2=1-c1)
 ---+ Model: mol_list = ['H13CNv2=1'] @ spa_form=('normal', 147.15722251064716, 86.6837220846219, 0.38600377731223795), spe_form=('skew', 8, 1), z=0.0, grad=('linear', 0.38600377731223795, 140.77887008095308)
+++ Source 'observed-H2C34S' added
 |- Component added to 'observed-H2C34S' (observed-H2C34S-c1)
 ---+ Model: mol_list = ['H2C34S'] @ spa_form=('normal', 84.93901477111186, 52.49071277993656, 0.46494869021517726), spe_form=('skew', 8, 1), z=0.0, grad=('linear', 0.46494869021517726, 107.20433359381653)
+++ Source 'observed-H2C18O' added
 |- Component added to 'observed-H2C18O' (observed-H2C18O-c1)
 ---+ Model: mol_list = ['H2C18O'] @ spa_form=('normal', 96.25449011365323, 48.870868154722956, 0.2276883299229302), spe_form=('skew', 8, 1), z=0.0, grad=('linear', 0.2276883299229302, 113.87692297851794)
+++ Source 'observed-H213CO' added
 |- Component added to 'observed-H213CO' (observed-H213CO-c1)
 ---+ Model: mol_list = ['H213CO'] @ spa_form=('normal', 106.7538588876001, 60.80386500891055, 0.8741002830762032), spe_form=('skew', 8, 1), z=0.0, grad=('linear', 0.8741002830762032, 83.60642694271439)
[*] Generating cube observerd
  |- Angular Coordinates (deg): ra=0 dec=0
  |- FOV (arcsec): ra=[-0.002777777777777778, 0.002777777777777778] dec=[-0.002777777777777778, 0.002777777777777778]
!!! WARNING: max ALMA bandwidth exceeded
  |- Spectral (MHz): center=604000 bandwidth=[602000.0, 606000.0]
  |- Cube size: 2 x 2 x 4000 
  |- Band: 9
*** Source: observed-H2C18O
  |- Projecting observed-H2C18O-c1
   --+ Generating template image
   --+ Generating template line distribution
   --+ Loading and correcting lines
*** Source: observed-H13CNv2=1
  |- Projecting observed-H13CNv2=1-c1
   --+ Generating template image
   --+ Generating template line distribution
   --+ Loading and correcting lines
*** Source: observed-H2C34S
  |- Projecting observed-H2C34S-c1
   --+ Generating template image
   --+ Generating template line distribution
   --+ Loading and correcting lines
      |- Projecting Thioformaldehyde (H2C34S) around 604710.9998 Mhz, at 0.601881171623 K
*** Source: observed-33SO2
  |- Projecting observed-33SO2-c1
   --+ Generating template image
   --+ Generating template line distribution
   --+ Loading and correcting lines
      |- Projecting Sulfur Dioxide (33SO2) around 602337.0627 Mhz, at 0.803183094227 K
      |- Projecting Sulfur Dioxide (33SO2) around 602338.0039 Mhz, at 0.803183094227 K
      |- Projecting Sulfur Dioxide (33SO2) around 602348.9212 Mhz, at 0.803182317817 K
      |- Projecting Sulfur Dioxide (33SO2) around 602349.8184 Mhz, at 0.803181916226 K
      |- Projecting Sulfur Dioxide (33SO2) around 602488.3231 Mhz, at 0.957496118593 K
      |- Projecting Sulfur Dioxide (33SO2) around 602499.1576 Mhz, at 0.957494714267 K
      |- Projecting Sulfur Dioxide (33SO2) around 603112.9816 Mhz, at 1.08296348946 K
      |- Projecting Sulfur Dioxide (33SO2) around 603113.1191 Mhz, at 1.08296348946 K
      |- Projecting Sulfur Dioxide (33SO2) around 603113.2126 Mhz, at 1.08296348946 K
      |- Projecting Sulfur Dioxide (33SO2) around 603113.2683 Mhz, at 1.08296348946 K
      |- Projecting Sulfur Dioxide (33SO2) around 604736.5656 Mhz, at 0.598643303456 K
      |- Projecting Sulfur Dioxide (33SO2) around 604736.767 Mhz, at 0.598643303456 K
      |- Projecting Sulfur Dioxide (33SO2) around 604736.8741 Mhz, at 0.598643303456 K
      |- Projecting Sulfur Dioxide (33SO2) around 604736.8962 Mhz, at 0.598643303456 K
      |- Projecting Sulfur Dioxide (33SO2) around 604736.926 Mhz, at 0.598643303456 K
      |- Projecting Sulfur Dioxide (33SO2) around 604736.9663 Mhz, at 0.598643303456 K
      |- Projecting Sulfur Dioxide (33SO2) around 604736.9892 Mhz, at 0.598643303456 K
      |- Projecting Sulfur Dioxide (33SO2) around 605162.1267 Mhz, at 0.670076309511 K
      |- Projecting Sulfur Dioxide (33SO2) around 605162.2359 Mhz, at 0.670076309511 K
      |- Projecting Sulfur Dioxide (33SO2) around 605162.3107 Mhz, at 0.670076309511 K
      |- Projecting Sulfur Dioxide (33SO2) around 605162.3529 Mhz, at 0.670076309511 K
      |- Projecting Sulfur Dioxide (33SO2) around 605357.5302 Mhz, at 0.687344760196 K
      |- Projecting Sulfur Dioxide (33SO2) around 605366.9145 Mhz, at 0.687344760196 K
      |- Projecting Sulfur Dioxide (33SO2) around 605367.499 Mhz, at 0.687345768302 K
      |- Projecting Sulfur Dioxide (33SO2) around 605367.499 Mhz, at 0.687345768302 K
      |- Projecting Sulfur Dioxide (33SO2) around 605367.499 Mhz, at 0.687344760196 K
      |- Projecting Sulfur Dioxide (33SO2) around 605367.499 Mhz, at 0.687344760196 K
      |- Projecting Sulfur Dioxide (33SO2) around 605377.1052 Mhz, at 0.687345768302 K
*** Source: observed-SO2v2=1
  |- Projecting observed-SO2v2=1-c1
   --+ Generating template image
   --+ Generating template line distribution
   --+ Loading and correcting lines
*** Source: observed-H213CO
  |- Projecting observed-H213CO-c1
   --+ Generating template image
   --+ Generating template line distribution
   --+ Loading and correcting lines
      |- Projecting Formaldehyde (H213CO) around 602083.584 Mhz, at 0.588401242217 K
*** Source: observed-SO2v=0
  |- Projecting observed-SO2v=0-c1
   --+ Generating template image
   --+ Generating template line distribution
   --+ Loading and correcting lines
      |- Projecting Sulfur dioxide (SO2v=0) around 604367.4364 Mhz, at 0.568588317163 K
      |- Projecting Sulfur dioxide (SO2v=0) around 604406.5377 Mhz, at 0.542084279004 K
      |- Projecting Sulfur dioxide (SO2v=0) around 605532.5228 Mhz, at 0.688808127352 K
   -++ Saving FITS: data-skew/cube_variable_width_27.fits
