+++ Source 'observed-CH3OHvt=0' added
 |- Component added to 'observed-CH3OHvt=0' (observed-CH3OHvt=0-c1)
 ---+ Model: mol_list = ['CH3OHvt=0'] @ spa_form=('normal', 63.86067933739705, 62.91829482047906, 1.982923026064422), spe_form=('skew', 8, 1), z=0.0, grad=('linear', 1.982923026064422, 122.47559442042255)
+++ Source 'observed-SO2v=0' added
 |- Component added to 'observed-SO2v=0' (observed-SO2v=0-c1)
 ---+ Model: mol_list = ['SO2v=0'] @ spa_form=('normal', 100.5449128475107, 54.15197143646945, 0.5390613652249613), spe_form=('skew', 8, 1), z=0.0, grad=('linear', 0.5390613652249613, 107.57343585541726)
+++ Source 'observed-33SO2' added
 |- Component added to 'observed-33SO2' (observed-33SO2-c1)
 ---+ Model: mol_list = ['33SO2'] @ spa_form=('normal', 51.20399244159772, 50.62141329308252, 2.077673189404715), spe_form=('skew', 8, 1), z=0.0, grad=('linear', 2.077673189404715, 126.74581100953895)
+++ Source 'observed-SO2v2=1' added
 |- Component added to 'observed-SO2v2=1' (observed-SO2v2=1-c1)
 ---+ Model: mol_list = ['SO2v2=1'] @ spa_form=('normal', 125.72001964898955, 50.49385294820093, 1.0150585733024173), spe_form=('skew', 8, 1), z=0.0, grad=('linear', 1.0150585733024173, 122.11498675119859)
+++ Source 'observed-HC15Nv=0' added
 |- Component added to 'observed-HC15Nv=0' (observed-HC15Nv=0-c1)
 ---+ Model: mol_list = ['HC15Nv=0'] @ spa_form=('normal', 66.1781000923723, 97.295234379025, 0.35797547758843573), spe_form=('skew', 8, 1), z=0.0, grad=('linear', 0.35797547758843573, 63.3836377444195)
+++ Source 'observed-H13CNv=0' added
 |- Component added to 'observed-H13CNv=0' (observed-H13CNv=0-c1)
 ---+ Model: mol_list = ['H13CNv=0'] @ spa_form=('normal', 141.48235372095962, 87.05395965345895, 0.3360191386324594), spe_form=('skew', 8, 1), z=0.0, grad=('linear', 0.3360191386324594, 25.42065331593297)
+++ Source 'observed-H2C34S' added
 |- Component added to 'observed-H2C34S' (observed-H2C34S-c1)
 ---+ Model: mol_list = ['H2C34S'] @ spa_form=('normal', 121.3061286466959, 72.88863525388024, 1.1704275134536009), spe_form=('skew', 8, 1), z=0.0, grad=('linear', 1.1704275134536009, 15.401742387273371)
[*] Generating cube observerd
  |- Angular Coordinates (deg): ra=0 dec=0
  |- FOV (arcsec): ra=[-0.002777777777777778, 0.002777777777777778] dec=[-0.002777777777777778, 0.002777777777777778]
!!! WARNING: max ALMA bandwidth exceeded
  |- Spectral (MHz): center=604000 bandwidth=[602000.0, 606000.0]
  |- Cube size: 2 x 2 x 4000 
  |- Band: 9
*** Source: observed-H13CNv=0
  |- Projecting observed-H13CNv=0-c1
   --+ Generating template image
   --+ Generating template line distribution
   --+ Loading and correcting lines
*** Source: observed-H2C34S
  |- Projecting observed-H2C34S-c1
   --+ Generating template image
   --+ Generating template line distribution
   --+ Loading and correcting lines
*** Source: observed-33SO2
  |- Projecting observed-33SO2-c1
   --+ Generating template image
   --+ Generating template line distribution
   --+ Loading and correcting lines
      |- Projecting Sulfur Dioxide (33SO2) around 602337.0627 Mhz, at 0.516977205232 K
      |- Projecting Sulfur Dioxide (33SO2) around 602338.0039 Mhz, at 0.516977205232 K
      |- Projecting Sulfur Dioxide (33SO2) around 602348.9212 Mhz, at 0.516976705487 K
      |- Projecting Sulfur Dioxide (33SO2) around 602349.8184 Mhz, at 0.516976446999 K
      |- Projecting Sulfur Dioxide (33SO2) around 602488.3231 Mhz, at 0.616302398505 K
      |- Projecting Sulfur Dioxide (33SO2) around 602499.1576 Mhz, at 0.616301494595 K
      |- Projecting Sulfur Dioxide (33SO2) around 603112.9816 Mhz, at 0.697060784987 K
      |- Projecting Sulfur Dioxide (33SO2) around 603113.1191 Mhz, at 0.697060784987 K
      |- Projecting Sulfur Dioxide (33SO2) around 603113.2126 Mhz, at 0.697060784987 K
      |- Projecting Sulfur Dioxide (33SO2) around 603113.2683 Mhz, at 0.697060784987 K
*** Source: observed-CH3OHvt=0
  |- Projecting observed-CH3OHvt=0-c1
   --+ Generating template image
   --+ Generating template line distribution
   --+ Loading and correcting lines
      |- Projecting Methanol (CH3OHvt=0) around 602233.197 Mhz, at 0.871000213942 K
      |- Projecting Methanol (CH3OHvt=0) around 605587.005 Mhz, at 0.77569840334 K
*** Source: observed-HC15Nv=0
  |- Projecting observed-HC15Nv=0-c1
   --+ Generating template image
   --+ Generating template line distribution
   --+ Loading and correcting lines
*** Source: observed-SO2v2=1
  |- Projecting observed-SO2v2=1-c1
   --+ Generating template image
   --+ Generating template line distribution
   --+ Loading and correcting lines
*** Source: observed-SO2v=0
  |- Projecting observed-SO2v=0-c1
   --+ Generating template image
   --+ Generating template line distribution
   --+ Loading and correcting lines
   -++ Saving FITS: data-skew/cube_fixed_width_10.fits
