+++ Source 'observed-34SO2v=0' added
 |- Component added to 'observed-34SO2v=0' (observed-34SO2v=0-c1)
 ---+ Model: mol_list = ['34SO2v=0'] @ spa_form=('normal', 82.3500134699389, 60.38891221009027, 2.540814403574079), spe_form=('skew', 8, 1), z=0.0, grad=('linear', 2.540814403574079, 98.56898885793474)
+++ Source 'observed-OS18O' added
 |- Component added to 'observed-OS18O' (observed-OS18O-c1)
 ---+ Model: mol_list = ['OS18O'] @ spa_form=('normal', 104.37928270827058, 63.30127349800928, 2.200237265689504), spe_form=('skew', 8, 1), z=0.0, grad=('linear', 2.200237265689504, 71.60367848993563)
+++ Source 'observed-OS17O' added
 |- Component added to 'observed-OS17O' (observed-OS17O-c1)
 ---+ Model: mol_list = ['OS17O'] @ spa_form=('normal', 68.29217280629612, 52.71663537320357, 1.386159191954145), spe_form=('skew', 8, 1), z=0.0, grad=('linear', 1.386159191954145, 98.29404436532202)
+++ Source 'observed-HC15Nv=0' added
 |- Component added to 'observed-HC15Nv=0' (observed-HC15Nv=0-c1)
 ---+ Model: mol_list = ['HC15Nv=0'] @ spa_form=('normal', 55.17407045927614, 59.04894289830685, 0.5538483138811175), spe_form=('skew', 8, 1), z=0.0, grad=('linear', 0.5538483138811175, 75.68087676637842)
+++ Source 'observed-H13CNv2=1' added
 |- Component added to 'observed-H13CNv2=1' (observed-H13CNv2=1-c1)
 ---+ Model: mol_list = ['H13CNv2=1'] @ spa_form=('normal', 137.6639957723562, 42.25077765641108, 0.7928588168410841), spe_form=('skew', 8, 1), z=0.0, grad=('linear', 0.7928588168410841, 128.59408438790538)
+++ Source 'observed-H13CNv=0' added
 |- Component added to 'observed-H13CNv=0' (observed-H13CNv=0-c1)
 ---+ Model: mol_list = ['H13CNv=0'] @ spa_form=('normal', 112.63217254528034, 61.549902544855165, 2.050148726118223), spe_form=('skew', 8, 1), z=0.0, grad=('linear', 2.050148726118223, 109.62474783351952)
+++ Source 'observed-H2C18O' added
 |- Component added to 'observed-H2C18O' (observed-H2C18O-c1)
 ---+ Model: mol_list = ['H2C18O'] @ spa_form=('normal', 109.11102081330606, 79.33229581896376, 3.101506046314832), spe_form=('skew', 8, 1), z=0.0, grad=('linear', 3.101506046314832, 110.4584842417058)
+++ Source 'observed-H213CO' added
 |- Component added to 'observed-H213CO' (observed-H213CO-c1)
 ---+ Model: mol_list = ['H213CO'] @ spa_form=('normal', 56.1329181613735, 66.93020774941549, 2.0990977128908064), spe_form=('skew', 8, 1), z=0.0, grad=('linear', 2.0990977128908064, 29.25205535266943)
[*] Generating cube observerd
  |- Angular Coordinates (deg): ra=0 dec=0
  |- FOV (arcsec): ra=[-0.002777777777777778, 0.002777777777777778] dec=[-0.002777777777777778, 0.002777777777777778]
!!! WARNING: max ALMA bandwidth exceeded
  |- Spectral (MHz): center=277000 bandwidth=[275000.0, 279000.0]
  |- Cube size: 2 x 2 x 4000 
  |- Band: 7
*** Source: observed-OS18O
  |- Projecting observed-OS18O-c1
   --+ Generating template image
   --+ Generating template line distribution
   --+ Loading and correcting lines
      |- Projecting Sulfur Dioxide (OS18O) around 275207.6031 Mhz, at 0.281277436509 K
      |- Projecting Sulfur Dioxide (OS18O) around 275282.0764 Mhz, at 0.521218896732 K
      |- Projecting Sulfur Dioxide (OS18O) around 275454.6038 Mhz, at 0.234407526648 K
      |- Projecting Sulfur Dioxide (OS18O) around 275552.9984 Mhz, at 0.646609808244 K
      |- Projecting Sulfur Dioxide (OS18O) around 276002.289 Mhz, at 0.682461444663 K
      |- Projecting Sulfur Dioxide (OS18O) around 276274.7786 Mhz, at 0.418864174205 K
      |- Projecting Sulfur Dioxide (OS18O) around 276277.2242 Mhz, at 0.27644269113 K
      |- Projecting Sulfur Dioxide (OS18O) around 277080.9497 Mhz, at 0.453707537891 K
      |- Projecting Sulfur Dioxide (OS18O) around 277088.3147 Mhz, at 0.453707084183 K
      |- Projecting Sulfur Dioxide (OS18O) around 278393.6459 Mhz, at 0.312459731225 K
*** Source: observed-H2C18O
  |- Projecting observed-H2C18O-c1
   --+ Generating template image
   --+ Generating template line distribution
   --+ Loading and correcting lines
      |- Projecting Formaldehyde (H2C18O) around 277062.652 Mhz, at 0.478884419528 K
      |- Projecting Formaldehyde (H2C18O) around 277562.802 Mhz, at 0.560967743852 K
      |- Projecting Formaldehyde (H2C18O) around 277675.2025 Mhz, at 0.683499555804 K
      |- Projecting Formaldehyde (H2C18O) around 277678.1029 Mhz, at 0.683499555804 K
      |- Projecting Formaldehyde (H2C18O) around 277853.3599 Mhz, at 0.3463164571 K
      |- Projecting Formaldehyde (H2C18O) around 278145.446 Mhz, at 0.560993848159 K
*** Source: observed-H13CNv2=1
  |- Projecting observed-H13CNv2=1-c1
   --+ Generating template image
   --+ Generating template line distribution
   --+ Loading and correcting lines
*** Source: observed-OS17O
  |- Projecting observed-OS17O-c1
   --+ Generating template image
   --+ Generating template line distribution
   --+ Loading and correcting lines
      |- Projecting Sulfur Dioxide (OS17O) around 275054.7862 Mhz, at 0.572918385369 K
      |- Projecting Sulfur Dioxide (OS17O) around 275142.6319 Mhz, at 0.712483062069 K
      |- Projecting Sulfur Dioxide (OS17O) around 275151.3474 Mhz, at 0.712482017094 K
      |- Projecting Sulfur Dioxide (OS17O) around 275431.4561 Mhz, at 0.625968347042 K
      |- Projecting Sulfur Dioxide (OS17O) around 275846.0173 Mhz, at 0.199190165242 K
      |- Projecting Sulfur Dioxide (OS17O) around 276201.24 Mhz, at 0.421397965186 K
      |- Projecting Sulfur Dioxide (OS17O) around 277061.5867 Mhz, at 0.530530565428 K
      |- Projecting Sulfur Dioxide (OS17O) around 277365.4535 Mhz, at 0.659043937976 K
*** Source: observed-34SO2v=0
  |- Projecting observed-34SO2v=0-c1
   --+ Generating template image
   --+ Generating template line distribution
   --+ Loading and correcting lines
      |- Projecting Sulfur Dioxide (34SO2v=0) around 275434.2181 Mhz, at 1.40771283607 K
      |- Projecting Sulfur Dioxide (34SO2v=0) around 276483.977 Mhz, at 1.18378924562 K
      |- Projecting Sulfur Dioxide (34SO2v=0) around 276999.6054 Mhz, at 0.623186914829 K
      |- Projecting Sulfur Dioxide (34SO2v=0) around 277150.575 Mhz, at 0.695322591003 K
      |- Projecting Sulfur Dioxide (34SO2v=0) around 277470.0761 Mhz, at 0.372423593103 K
      |- Projecting Sulfur Dioxide (34SO2v=0) around 277475.9774 Mhz, at 0.181915943397 K
      |- Projecting Sulfur Dioxide (34SO2v=0) around 278835.2175 Mhz, at 0.780520780546 K
*** Source: observed-HC15Nv=0
  |- Projecting observed-HC15Nv=0-c1
   --+ Generating template image
   --+ Generating template line distribution
   --+ Loading and correcting lines
*** Source: observed-H13CNv=0
  |- Projecting observed-H13CNv=0-c1
   --+ Generating template image
   --+ Generating template line distribution
   --+ Loading and correcting lines
*** Source: observed-H213CO
  |- Projecting observed-H213CO-c1
   --+ Generating template image
   --+ Generating template line distribution
   --+ Loading and correcting lines
   -++ Saving FITS: data-skew/cube_fixed_width_53.fits
