+++ Source 'observed-CH3OHvt=0' added
 |- Component added to 'observed-CH3OHvt=0' (observed-CH3OHvt=0-c1)
 ---+ Model: mol_list = ['CH3OHvt=0'] @ spa_form=('normal', 89.31700013864777, 70.03787405927, 1.7947513309412617), spe_form=('skew', 8, 1), z=0.0, grad=('linear', 1.7947513309412617, 100.25491016722255)
+++ Source 'observed-SO2v=0' added
 |- Component added to 'observed-SO2v=0' (observed-SO2v=0-c1)
 ---+ Model: mol_list = ['SO2v=0'] @ spa_form=('normal', 62.58513759448273, 96.89475122819195, 0.3090185673352083), spe_form=('skew', 8, 1), z=0.0, grad=('linear', 0.3090185673352083, 21.228843066052463)
+++ Source 'observed-33SO2' added
 |- Component added to 'observed-33SO2' (observed-33SO2-c1)
 ---+ Model: mol_list = ['33SO2'] @ spa_form=('normal', 74.77369443102917, 58.586988372628454, 0.0533335566106603), spe_form=('skew', 8, 1), z=0.0, grad=('linear', 0.0533335566106603, 54.797523963453834)
+++ Source 'observed-34SO2v=0' added
 |- Component added to 'observed-34SO2v=0' (observed-34SO2v=0-c1)
 ---+ Model: mol_list = ['34SO2v=0'] @ spa_form=('normal', 109.51621923947744, 44.31048429476266, 1.5012429265679461), spe_form=('skew', 8, 1), z=0.0, grad=('linear', 1.5012429265679461, 61.816363139589384)
+++ Source 'observed-SO2v2=1' added
 |- Component added to 'observed-SO2v2=1' (observed-SO2v2=1-c1)
 ---+ Model: mol_list = ['SO2v2=1'] @ spa_form=('normal', 96.16205565966362, 92.33608765637663, 0.5756896534502425), spe_form=('skew', 8, 1), z=0.0, grad=('linear', 0.5756896534502425, 35.33644302335563)
+++ Source 'observed-OS17O' added
 |- Component added to 'observed-OS17O' (observed-OS17O-c1)
 ---+ Model: mol_list = ['OS17O'] @ spa_form=('normal', 148.2268640644, 88.87139337570414, 2.6063705951945213), spe_form=('skew', 8, 1), z=0.0, grad=('linear', 2.6063705951945213, 67.14557462937145)
+++ Source 'observed-HC15Nv=0' added
 |- Component added to 'observed-HC15Nv=0' (observed-HC15Nv=0-c1)
 ---+ Model: mol_list = ['HC15Nv=0'] @ spa_form=('normal', 71.55321874105267, 93.39153723541713, 2.618481558521285), spe_form=('skew', 8, 1), z=0.0, grad=('linear', 2.618481558521285, 108.05349159061453)
+++ Source 'observed-H13CNv=0' added
 |- Component added to 'observed-H13CNv=0' (observed-H13CNv=0-c1)
 ---+ Model: mol_list = ['H13CNv=0'] @ spa_form=('normal', 98.53904634410189, 45.04938629792122, 2.979948722026298), spe_form=('skew', 8, 1), z=0.0, grad=('linear', 2.979948722026298, 110.51943012727688)
+++ Source 'observed-H213CS' added
 |- Component added to 'observed-H213CS' (observed-H213CS-c1)
 ---+ Model: mol_list = ['H213CS'] @ spa_form=('normal', 115.40672174885862, 68.5005810861089, 0.7120796735044754), spe_form=('skew', 8, 1), z=0.0, grad=('linear', 0.7120796735044754, 101.29389745881502)
+++ Source 'observed-H2C34S' added
 |- Component added to 'observed-H2C34S' (observed-H2C34S-c1)
 ---+ Model: mol_list = ['H2C34S'] @ spa_form=('normal', 130.93535943047868, 45.43512429609934, 2.3083869664910446), spe_form=('skew', 8, 1), z=0.0, grad=('linear', 2.3083869664910446, 30.870913518714516)
+++ Source 'observed-H2C18O' added
 |- Component added to 'observed-H2C18O' (observed-H2C18O-c1)
 ---+ Model: mol_list = ['H2C18O'] @ spa_form=('normal', 125.18086859464591, 83.67174115017374, 1.728724148189347), spe_form=('skew', 8, 1), z=0.0, grad=('linear', 1.728724148189347, 13.499974712039606)
[*] Generating cube observerd
  |- Angular Coordinates (deg): ra=0 dec=0
  |- FOV (arcsec): ra=[-0.002777777777777778, 0.002777777777777778] dec=[-0.002777777777777778, 0.002777777777777778]
!!! WARNING: max ALMA bandwidth exceeded
  |- Spectral (MHz): center=604000 bandwidth=[602000.0, 606000.0]
  |- Cube size: 2 x 2 x 4000 
  |- Band: 9
*** Source: observed-H2C18O
  |- Projecting observed-H2C18O-c1
   --+ Generating template image
   --+ Generating template line distribution
   --+ Loading and correcting lines
      |- Projecting Formaldehyde (H2C18O) around 603231.51 Mhz, at 0.613718441601 K
*** Source: observed-H213CS
  |- Projecting observed-H213CS-c1
   --+ Generating template image
   --+ Generating template line distribution
   --+ Loading and correcting lines
      |- Projecting Thioformaldehyde (H213CS) around 602149.9892 Mhz, at 0.615242475697 K
*** Source: observed-H13CNv=0
  |- Projecting observed-H13CNv=0-c1
   --+ Generating template image
   --+ Generating template line distribution
   --+ Loading and correcting lines
*** Source: observed-34SO2v=0
  |- Projecting observed-34SO2v=0-c1
   --+ Generating template image
   --+ Generating template line distribution
   --+ Loading and correcting lines
      |- Projecting Sulfur Dioxide (34SO2v=0) around 604080.004 Mhz, at 0.643539406725 K
      |- Projecting Sulfur Dioxide (34SO2v=0) around 604376.563 Mhz, at 0.882184334268 K
      |- Projecting Sulfur Dioxide (34SO2v=0) around 605499.8855 Mhz, at 0.9257498551 K
*** Source: observed-33SO2
  |- Projecting observed-33SO2-c1
   --+ Generating template image
   --+ Generating template line distribution
   --+ Loading and correcting lines
      |- Projecting Sulfur Dioxide (33SO2) around 602337.0627 Mhz, at 0.692914876979 K
      |- Projecting Sulfur Dioxide (33SO2) around 602338.0039 Mhz, at 0.692914876979 K
      |- Projecting Sulfur Dioxide (33SO2) around 602348.9212 Mhz, at 0.692914207162 K
      |- Projecting Sulfur Dioxide (33SO2) around 602349.8184 Mhz, at 0.692913860705 K
      |- Projecting Sulfur Dioxide (33SO2) around 602488.3231 Mhz, at 0.826042417965 K
      |- Projecting Sulfur Dioxide (33SO2) around 602499.1576 Mhz, at 0.826041206437 K
      |- Projecting Sulfur Dioxide (33SO2) around 603112.9816 Mhz, at 0.934284496857 K
      |- Projecting Sulfur Dioxide (33SO2) around 603113.1191 Mhz, at 0.934284496857 K
      |- Projecting Sulfur Dioxide (33SO2) around 603113.2126 Mhz, at 0.934284496857 K
      |- Projecting Sulfur Dioxide (33SO2) around 603113.2683 Mhz, at 0.934284496857 K
      |- Projecting Sulfur Dioxide (33SO2) around 604736.5656 Mhz, at 0.516456152962 K
      |- Projecting Sulfur Dioxide (33SO2) around 604736.767 Mhz, at 0.516456152962 K
      |- Projecting Sulfur Dioxide (33SO2) around 604736.8741 Mhz, at 0.516456152962 K
      |- Projecting Sulfur Dioxide (33SO2) around 604736.8962 Mhz, at 0.516456152962 K
      |- Projecting Sulfur Dioxide (33SO2) around 604736.926 Mhz, at 0.516456152962 K
      |- Projecting Sulfur Dioxide (33SO2) around 604736.9663 Mhz, at 0.516456152962 K
      |- Projecting Sulfur Dioxide (33SO2) around 604736.9892 Mhz, at 0.516456152962 K
      |- Projecting Sulfur Dioxide (33SO2) around 605162.1267 Mhz, at 0.578082191855 K
      |- Projecting Sulfur Dioxide (33SO2) around 605162.2359 Mhz, at 0.578082191855 K
      |- Projecting Sulfur Dioxide (33SO2) around 605162.3107 Mhz, at 0.578082191855 K
      |- Projecting Sulfur Dioxide (33SO2) around 605162.3529 Mhz, at 0.578082191855 K
      |- Projecting Sulfur Dioxide (33SO2) around 605357.5302 Mhz, at 0.592979873925 K
      |- Projecting Sulfur Dioxide (33SO2) around 605366.9145 Mhz, at 0.592979873925 K
      |- Projecting Sulfur Dioxide (33SO2) around 605367.499 Mhz, at 0.59298074363 K
      |- Projecting Sulfur Dioxide (33SO2) around 605367.499 Mhz, at 0.59298074363 K
      |- Projecting Sulfur Dioxide (33SO2) around 605367.499 Mhz, at 0.592979873925 K
      |- Projecting Sulfur Dioxide (33SO2) around 605367.499 Mhz, at 0.592979873925 K
      |- Projecting Sulfur Dioxide (33SO2) around 605377.1052 Mhz, at 0.59298074363 K
*** Source: observed-OS17O
  |- Projecting observed-OS17O-c1
   --+ Generating template image
   --+ Generating template line distribution
   --+ Loading and correcting lines
*** Source: observed-CH3OHvt=0
  |- Projecting observed-CH3OHvt=0-c1
   --+ Generating template image
   --+ Generating template line distribution
   --+ Loading and correcting lines
      |- Projecting Methanol (CH3OHvt=0) around 602233.197 Mhz, at 0.559174905706 K
      |- Projecting Methanol (CH3OHvt=0) around 605587.005 Mhz, at 0.497991934561 K
*** Source: observed-HC15Nv=0
  |- Projecting observed-HC15Nv=0-c1
   --+ Generating template image
   --+ Generating template line distribution
   --+ Loading and correcting lines
      |- Projecting Hydrogen Cyanide (HC15Nv=0) around 602274.1332 Mhz, at 0.980169318482 K
*** Source: observed-SO2v2=1
  |- Projecting observed-SO2v2=1-c1
   --+ Generating template image
   --+ Generating template line distribution
   --+ Loading and correcting lines
*** Source: observed-H2C34S
  |- Projecting observed-H2C34S-c1
   --+ Generating template image
   --+ Generating template line distribution
   --+ Loading and correcting lines
*** Source: observed-SO2v=0
  |- Projecting observed-SO2v=0-c1
   --+ Generating template image
   --+ Generating template line distribution
   --+ Loading and correcting lines
      |- Projecting Sulfur dioxide (SO2v=0) around 604367.4364 Mhz, at 0.754135212192 K
      |- Projecting Sulfur dioxide (SO2v=0) around 604406.5377 Mhz, at 0.718982135989 K
      |- Projecting Sulfur dioxide (SO2v=0) around 605532.5228 Mhz, at 0.91358624087 K
   -++ Saving FITS: data-skew/cube_fixed_width_13.fits
