+++ Source 'observed-CH3OHvt=0' added
 |- Component added to 'observed-CH3OHvt=0' (observed-CH3OHvt=0-c1)
 ---+ Model: mol_list = ['CH3OHvt=0'] @ spa_form=('normal', 98.14223232183613, 42.00006581440338, 2.4527925864732056), spe_form=('skew', 8, 1), z=0.0, grad=('linear', 2.4527925864732056, 62.589650041597906)
+++ Source 'observed-SO2v=0' added
 |- Component added to 'observed-SO2v=0' (observed-SO2v=0-c1)
 ---+ Model: mol_list = ['SO2v=0'] @ spa_form=('normal', 73.64872672422547, 75.86358301072926, 1.6908158955277013), spe_form=('skew', 8, 1), z=0.0, grad=('linear', 1.6908158955277013, 85.81388799464206)
+++ Source 'observed-34SO2v=0' added
 |- Component added to 'observed-34SO2v=0' (observed-34SO2v=0-c1)
 ---+ Model: mol_list = ['34SO2v=0'] @ spa_form=('normal', 119.72963769837136, 96.71868424053426, 0.1660102759691955), spe_form=('skew', 8, 1), z=0.0, grad=('linear', 0.1660102759691955, 97.79964130845924)
+++ Source 'observed-SO2v2=1' added
 |- Component added to 'observed-SO2v2=1' (observed-SO2v2=1-c1)
 ---+ Model: mol_list = ['SO2v2=1'] @ spa_form=('normal', 79.01371044866528, 60.61006154160585, 2.4863198884682856), spe_form=('skew', 8, 1), z=0.0, grad=('linear', 2.4863198884682856, 36.93665426721991)
+++ Source 'observed-OS18O' added
 |- Component added to 'observed-OS18O' (observed-OS18O-c1)
 ---+ Model: mol_list = ['OS18O'] @ spa_form=('normal', 96.32630250539472, 93.76365545341278, 2.5018821224153225), spe_form=('skew', 8, 1), z=0.0, grad=('linear', 2.5018821224153225, 149.0701335041154)
+++ Source 'observed-OS17O' added
 |- Component added to 'observed-OS17O' (observed-OS17O-c1)
 ---+ Model: mol_list = ['OS17O'] @ spa_form=('normal', 58.91044547605521, 55.4740804025289, 1.517009660088002), spe_form=('skew', 8, 1), z=0.0, grad=('linear', 1.517009660088002, 64.45275648289487)
+++ Source 'observed-HC15Nv=0' added
 |- Component added to 'observed-HC15Nv=0' (observed-HC15Nv=0-c1)
 ---+ Model: mol_list = ['HC15Nv=0'] @ spa_form=('normal', 63.94438223282616, 66.48927437421756, 1.4943334301777345), spe_form=('skew', 8, 1), z=0.0, grad=('linear', 1.4943334301777345, 98.02902223481892)
+++ Source 'observed-H13CNv2=1' added
 |- Component added to 'observed-H13CNv2=1' (observed-H13CNv2=1-c1)
 ---+ Model: mol_list = ['H13CNv2=1'] @ spa_form=('normal', 77.79636063877612, 92.52477763486736, 2.193238483754487), spe_form=('skew', 8, 1), z=0.0, grad=('linear', 2.193238483754487, 85.32137752041365)
+++ Source 'observed-H13CNv=0' added
 |- Component added to 'observed-H13CNv=0' (observed-H13CNv=0-c1)
 ---+ Model: mol_list = ['H13CNv=0'] @ spa_form=('normal', 61.15740746137854, 90.86718672245188, 0.552140517212318), spe_form=('skew', 8, 1), z=0.0, grad=('linear', 0.552140517212318, 138.39558511203822)
+++ Source 'observed-H213CS' added
 |- Component added to 'observed-H213CS' (observed-H213CS-c1)
 ---+ Model: mol_list = ['H213CS'] @ spa_form=('normal', 116.91796659787096, 64.43538955460149, 2.1056216370520966), spe_form=('skew', 8, 1), z=0.0, grad=('linear', 2.1056216370520966, 26.205474716620213)
+++ Source 'observed-H2C34S' added
 |- Component added to 'observed-H2C34S' (observed-H2C34S-c1)
 ---+ Model: mol_list = ['H2C34S'] @ spa_form=('normal', 134.82286333041787, 92.08901492729073, 3.026378628708359), spe_form=('skew', 8, 1), z=0.0, grad=('linear', 3.026378628708359, 97.96851900872444)
+++ Source 'observed-H213CO' added
 |- Component added to 'observed-H213CO' (observed-H213CO-c1)
 ---+ Model: mol_list = ['H213CO'] @ spa_form=('normal', 102.71367231077592, 68.73944092622277, 0.03791355833959137), spe_form=('skew', 8, 1), z=0.0, grad=('linear', 0.03791355833959137, 107.25415909755839)
[*] Generating cube observerd
  |- Angular Coordinates (deg): ra=0 dec=0
  |- FOV (arcsec): ra=[-0.002777777777777778, 0.002777777777777778] dec=[-0.002777777777777778, 0.002777777777777778]
!!! WARNING: max ALMA bandwidth exceeded
  |- Spectral (MHz): center=604000 bandwidth=[602000.0, 606000.0]
  |- Cube size: 2 x 2 x 4000 
  |- Band: 9
*** Source: observed-OS18O
  |- Projecting observed-OS18O-c1
   --+ Generating template image
   --+ Generating template line distribution
   --+ Loading and correcting lines
      |- Projecting Sulfur Dioxide (OS18O) around 602313.3835 Mhz, at 1.18353812575 K
      |- Projecting Sulfur Dioxide (OS18O) around 603090.155 Mhz, at 0.96490425247 K
      |- Projecting Sulfur Dioxide (OS18O) around 603608.7849 Mhz, at 0.828663125043 K
      |- Projecting Sulfur Dioxide (OS18O) around 605850.3965 Mhz, at 0.536128198893 K
*** Source: observed-H13CNv=0
  |- Projecting observed-H13CNv=0-c1
   --+ Generating template image
   --+ Generating template line distribution
   --+ Loading and correcting lines
      |- Projecting Hydrogen Cyanide (H13CNv=0) around 604267.914 Mhz, at 0.868714895233 K
*** Source: observed-H213CS
  |- Projecting observed-H213CS-c1
   --+ Generating template image
   --+ Generating template line distribution
   --+ Loading and correcting lines
      |- Projecting Thioformaldehyde (H213CS) around 602149.9892 Mhz, at 1.27432550469 K
*** Source: observed-H13CNv2=1
  |- Projecting observed-H13CNv2=1-c1
   --+ Generating template image
   --+ Generating template line distribution
   --+ Loading and correcting lines
*** Source: observed-34SO2v=0
  |- Projecting observed-34SO2v=0-c1
   --+ Generating template image
   --+ Generating template line distribution
   --+ Loading and correcting lines
      |- Projecting Sulfur Dioxide (34SO2v=0) around 602815.8891 Mhz, at 0.637118146057 K
      |- Projecting Sulfur Dioxide (34SO2v=0) around 604080.004 Mhz, at 0.992497318695 K
      |- Projecting Sulfur Dioxide (34SO2v=0) around 604376.563 Mhz, at 1.3605469645 K
      |- Projecting Sulfur Dioxide (34SO2v=0) around 605499.8855 Mhz, at 1.42773579888 K
      |- Projecting Sulfur Dioxide (34SO2v=0) around 605924.403 Mhz, at 0.662683926559 K
*** Source: observed-OS17O
  |- Projecting observed-OS17O-c1
   --+ Generating template image
   --+ Generating template line distribution
   --+ Loading and correcting lines
      |- Projecting Sulfur Dioxide (OS17O) around 604501.9322 Mhz, at 0.619893185197 K
*** Source: observed-CH3OHvt=0
  |- Projecting observed-CH3OHvt=0-c1
   --+ Generating template image
   --+ Generating template line distribution
   --+ Loading and correcting lines
*** Source: observed-HC15Nv=0
  |- Projecting observed-HC15Nv=0-c1
   --+ Generating template image
   --+ Generating template line distribution
   --+ Loading and correcting lines
      |- Projecting Hydrogen Cyanide (HC15Nv=0) around 602274.1332 Mhz, at 0.661397479945 K
*** Source: observed-SO2v2=1
  |- Projecting observed-SO2v2=1-c1
   --+ Generating template image
   --+ Generating template line distribution
   --+ Loading and correcting lines
*** Source: observed-H2C34S
  |- Projecting observed-H2C34S-c1
   --+ Generating template image
   --+ Generating template line distribution
   --+ Loading and correcting lines
*** Source: observed-H213CO
  |- Projecting observed-H213CO-c1
   --+ Generating template image
   --+ Generating template line distribution
   --+ Loading and correcting lines
*** Source: observed-SO2v=0
  |- Projecting observed-SO2v=0-c1
   --+ Generating template image
   --+ Generating template line distribution
   --+ Loading and correcting lines
      |- Projecting Sulfur dioxide (SO2v=0) around 604367.4364 Mhz, at 0.496208539713 K
      |- Projecting Sulfur dioxide (SO2v=0) around 605532.5228 Mhz, at 0.601124688459 K
   -++ Saving FITS: data-skew/cube_variable_width_30.fits
