+++ Source 'observed-HC15Nv=0' added
 |- Component added to 'observed-HC15Nv=0' (observed-HC15Nv=0-c1)
 ---+ Model: mol_list = ['HC15Nv=0'] @ spa_form=('normal', 105.64402874456738, 42.06985918160376, 0.6276762633108913), spe_form=('skew', 8, 1), z=0.0, grad=('linear', 0.6276762633108913, 57.98375411451548)
+++ Source 'observed-H2C18O' added
 |- Component added to 'observed-H2C18O' (observed-H2C18O-c1)
 ---+ Model: mol_list = ['H2C18O'] @ spa_form=('normal', 62.72864228563407, 47.68593867893331, 0.4533786482799878), spe_form=('skew', 8, 1), z=0.0, grad=('linear', 0.4533786482799878, 45.18945669570932)
+++ Source 'observed-H213CO' added
 |- Component added to 'observed-H213CO' (observed-H213CO-c1)
 ---+ Model: mol_list = ['H213CO'] @ spa_form=('normal', 105.11578634819244, 78.74007203801027, 2.3232942330024313), spe_form=('skew', 8, 1), z=0.0, grad=('linear', 2.3232942330024313, 24.660699656407868)
[*] Generating cube observerd
  |- Angular Coordinates (deg): ra=0 dec=0
  |- FOV (arcsec): ra=[-0.002777777777777778, 0.002777777777777778] dec=[-0.002777777777777778, 0.002777777777777778]
!!! WARNING: max ALMA bandwidth exceeded
  |- Spectral (MHz): center=277000 bandwidth=[275000.0, 279000.0]
  |- Cube size: 2 x 2 x 4000 
  |- Band: 7
*** Source: observed-H213CO
  |- Projecting observed-H213CO-c1
   --+ Generating template image
   --+ Generating template line distribution
   --+ Loading and correcting lines
*** Source: observed-H2C18O
  |- Projecting observed-H2C18O-c1
   --+ Generating template image
   --+ Generating template line distribution
   --+ Loading and correcting lines
      |- Projecting Formaldehyde (H2C18O) around 277062.652 Mhz, at 0.425681651013 K
      |- Projecting Formaldehyde (H2C18O) around 277562.802 Mhz, at 0.498645739202 K
      |- Projecting Formaldehyde (H2C18O) around 277675.2025 Mhz, at 0.607564597044 K
      |- Projecting Formaldehyde (H2C18O) around 277678.1029 Mhz, at 0.607564597044 K
      |- Projecting Formaldehyde (H2C18O) around 277853.3599 Mhz, at 0.307841631967 K
      |- Projecting Formaldehyde (H2C18O) around 278145.446 Mhz, at 0.49866894339 K
*** Source: observed-HC15Nv=0
  |- Projecting observed-HC15Nv=0-c1
   --+ Generating template image
   --+ Generating template line distribution
   --+ Loading and correcting lines
   -++ Saving FITS: data-skew/cube_variable_width_95.fits
