+++ Source 'observed-CH3OHvt=0' added
 |- Component added to 'observed-CH3OHvt=0' (observed-CH3OHvt=0-c1)
 ---+ Model: mol_list = ['CH3OHvt=0'] @ spa_form=('normal', 123.45924877375082, 82.83224449247811, 0.8000573335089679), spe_form=('skew', 8, 1), z=0.0, grad=('linear', 0.8000573335089679, 39.624549050127655)
+++ Source 'observed-SO2v=0' added
 |- Component added to 'observed-SO2v=0' (observed-SO2v=0-c1)
 ---+ Model: mol_list = ['SO2v=0'] @ spa_form=('normal', 106.76698346536983, 94.4101373575818, 2.8156917351927655), spe_form=('skew', 8, 1), z=0.0, grad=('linear', 2.8156917351927655, 20.702175082860272)
+++ Source 'observed-33SO2' added
 |- Component added to 'observed-33SO2' (observed-33SO2-c1)
 ---+ Model: mol_list = ['33SO2'] @ spa_form=('normal', 142.02419005861043, 43.657468469291594, 1.0532688315319414), spe_form=('skew', 8, 1), z=0.0, grad=('linear', 1.0532688315319414, 71.14971224440652)
+++ Source 'observed-OS18O' added
 |- Component added to 'observed-OS18O' (observed-OS18O-c1)
 ---+ Model: mol_list = ['OS18O'] @ spa_form=('normal', 51.005473053037186, 60.47056717253541, 0.17375921140719044), spe_form=('skew', 8, 1), z=0.0, grad=('linear', 0.17375921140719044, 38.325873656689765)
+++ Source 'observed-HC15Nv=0' added
 |- Component added to 'observed-HC15Nv=0' (observed-HC15Nv=0-c1)
 ---+ Model: mol_list = ['HC15Nv=0'] @ spa_form=('normal', 52.45911530936408, 41.0488644188302, 1.8891138750940608), spe_form=('skew', 8, 1), z=0.0, grad=('linear', 1.8891138750940608, 13.205783335608016)
+++ Source 'observed-H13CNv2=1' added
 |- Component added to 'observed-H13CNv2=1' (observed-H13CNv2=1-c1)
 ---+ Model: mol_list = ['H13CNv2=1'] @ spa_form=('normal', 119.10150489548884, 55.25102340289359, 2.318857302424663), spe_form=('skew', 8, 1), z=0.0, grad=('linear', 2.318857302424663, 114.94095525142515)
+++ Source 'observed-H213CO' added
 |- Component added to 'observed-H213CO' (observed-H213CO-c1)
 ---+ Model: mol_list = ['H213CO'] @ spa_form=('normal', 52.97878787661379, 67.29280334242827, 1.5238956097069747), spe_form=('skew', 8, 1), z=0.0, grad=('linear', 1.5238956097069747, 92.3606712123242)
[*] Generating cube observerd
  |- Angular Coordinates (deg): ra=0 dec=0
  |- FOV (arcsec): ra=[-0.002777777777777778, 0.002777777777777778] dec=[-0.002777777777777778, 0.002777777777777778]
!!! WARNING: max ALMA bandwidth exceeded
  |- Spectral (MHz): center=604000 bandwidth=[602000.0, 606000.0]
  |- Cube size: 2 x 2 x 4000 
  |- Band: 9
*** Source: observed-OS18O
  |- Projecting observed-OS18O-c1
   --+ Generating template image
   --+ Generating template line distribution
   --+ Loading and correcting lines
*** Source: observed-H13CNv2=1
  |- Projecting observed-H13CNv2=1-c1
   --+ Generating template image
   --+ Generating template line distribution
   --+ Loading and correcting lines
*** Source: observed-33SO2
  |- Projecting observed-33SO2-c1
   --+ Generating template image
   --+ Generating template line distribution
   --+ Loading and correcting lines
      |- Projecting Sulfur Dioxide (33SO2) around 602337.0627 Mhz, at 0.707862264254 K
      |- Projecting Sulfur Dioxide (33SO2) around 602338.0039 Mhz, at 0.707862264254 K
      |- Projecting Sulfur Dioxide (33SO2) around 602348.9212 Mhz, at 0.707861579987 K
      |- Projecting Sulfur Dioxide (33SO2) around 602349.8184 Mhz, at 0.707861226057 K
      |- Projecting Sulfur Dioxide (33SO2) around 602488.3231 Mhz, at 0.84386159942 K
      |- Projecting Sulfur Dioxide (33SO2) around 602499.1576 Mhz, at 0.843860361758 K
      |- Projecting Sulfur Dioxide (33SO2) around 603112.9816 Mhz, at 0.9544386495 K
      |- Projecting Sulfur Dioxide (33SO2) around 603113.1191 Mhz, at 0.9544386495 K
      |- Projecting Sulfur Dioxide (33SO2) around 603113.2126 Mhz, at 0.9544386495 K
      |- Projecting Sulfur Dioxide (33SO2) around 603113.2683 Mhz, at 0.9544386495 K
      |- Projecting Sulfur Dioxide (33SO2) around 604736.5656 Mhz, at 0.527597016559 K
      |- Projecting Sulfur Dioxide (33SO2) around 604736.767 Mhz, at 0.527597016559 K
      |- Projecting Sulfur Dioxide (33SO2) around 604736.8741 Mhz, at 0.527597016559 K
      |- Projecting Sulfur Dioxide (33SO2) around 604736.8962 Mhz, at 0.527597016559 K
      |- Projecting Sulfur Dioxide (33SO2) around 604736.926 Mhz, at 0.527597016559 K
      |- Projecting Sulfur Dioxide (33SO2) around 604736.9663 Mhz, at 0.527597016559 K
      |- Projecting Sulfur Dioxide (33SO2) around 604736.9892 Mhz, at 0.527597016559 K
      |- Projecting Sulfur Dioxide (33SO2) around 605162.1267 Mhz, at 0.590552437025 K
      |- Projecting Sulfur Dioxide (33SO2) around 605162.2359 Mhz, at 0.590552437025 K
      |- Projecting Sulfur Dioxide (33SO2) around 605162.3107 Mhz, at 0.590552437025 K
      |- Projecting Sulfur Dioxide (33SO2) around 605162.3529 Mhz, at 0.590552437025 K
      |- Projecting Sulfur Dioxide (33SO2) around 605357.5302 Mhz, at 0.605771488185 K
      |- Projecting Sulfur Dioxide (33SO2) around 605366.9145 Mhz, at 0.605771488185 K
      |- Projecting Sulfur Dioxide (33SO2) around 605367.499 Mhz, at 0.605772376651 K
      |- Projecting Sulfur Dioxide (33SO2) around 605367.499 Mhz, at 0.605772376651 K
      |- Projecting Sulfur Dioxide (33SO2) around 605367.499 Mhz, at 0.605771488185 K
      |- Projecting Sulfur Dioxide (33SO2) around 605367.499 Mhz, at 0.605771488185 K
      |- Projecting Sulfur Dioxide (33SO2) around 605377.1052 Mhz, at 0.605772376651 K
*** Source: observed-CH3OHvt=0
  |- Projecting observed-CH3OHvt=0-c1
   --+ Generating template image
   --+ Generating template line distribution
   --+ Loading and correcting lines
*** Source: observed-HC15Nv=0
  |- Projecting observed-HC15Nv=0-c1
   --+ Generating template image
   --+ Generating template line distribution
   --+ Loading and correcting lines
*** Source: observed-H213CO
  |- Projecting observed-H213CO-c1
   --+ Generating template image
   --+ Generating template line distribution
   --+ Loading and correcting lines
      |- Projecting Formaldehyde (H213CO) around 602083.584 Mhz, at 0.846001956297 K
*** Source: observed-SO2v=0
  |- Projecting observed-SO2v=0-c1
   --+ Generating template image
   --+ Generating template line distribution
   --+ Loading and correcting lines
      |- Projecting Sulfur dioxide (SO2v=0) around 604367.4364 Mhz, at 0.689202408328 K
      |- Projecting Sulfur dioxide (SO2v=0) around 604406.5377 Mhz, at 0.657076094125 K
      |- Projecting Sulfur dioxide (SO2v=0) around 605532.5228 Mhz, at 0.834924330868 K
   -++ Saving FITS: data-skew/cube_variable_width_47.fits
