+++ Source 'observed-CH3OHvt=0' added
 |- Component added to 'observed-CH3OHvt=0' (observed-CH3OHvt=0-c1)
 ---+ Model: mol_list = ['CH3OHvt=0'] @ spa_form=('normal', 50.93197746173451, 82.56289596102252, 1.363375792706883), spe_form=('skew', 8, 1), z=0.0, grad=('linear', 1.363375792706883, 140.9142774429741)
+++ Source 'observed-34SO2v=0' added
 |- Component added to 'observed-34SO2v=0' (observed-34SO2v=0-c1)
 ---+ Model: mol_list = ['34SO2v=0'] @ spa_form=('normal', 143.49559284979398, 42.45781786210045, 1.6427092664997966), spe_form=('skew', 8, 1), z=0.0, grad=('linear', 1.6427092664997966, 72.18686414039861)
+++ Source 'observed-OS18O' added
 |- Component added to 'observed-OS18O' (observed-OS18O-c1)
 ---+ Model: mol_list = ['OS18O'] @ spa_form=('normal', 63.87113871935827, 52.73801769430001, 1.5682328826666385), spe_form=('skew', 8, 1), z=0.0, grad=('linear', 1.5682328826666385, 98.50848680445368)
+++ Source 'observed-HC15Nv=0' added
 |- Component added to 'observed-HC15Nv=0' (observed-HC15Nv=0-c1)
 ---+ Model: mol_list = ['HC15Nv=0'] @ spa_form=('normal', 97.14160214907866, 47.31789221360868, 0.14701869064854212), spe_form=('skew', 8, 1), z=0.0, grad=('linear', 0.14701869064854212, 89.73444808369923)
+++ Source 'observed-H13CNv2=1' added
 |- Component added to 'observed-H13CNv2=1' (observed-H13CNv2=1-c1)
 ---+ Model: mol_list = ['H13CNv2=1'] @ spa_form=('normal', 132.5957425326941, 57.51426950911626, 2.306627133977271), spe_form=('skew', 8, 1), z=0.0, grad=('linear', 2.306627133977271, 124.52193967244783)
+++ Source 'observed-H13CNv=0' added
 |- Component added to 'observed-H13CNv=0' (observed-H13CNv=0-c1)
 ---+ Model: mol_list = ['H13CNv=0'] @ spa_form=('normal', 100.70950510496306, 66.89685720483185, 2.600764954076131), spe_form=('skew', 8, 1), z=0.0, grad=('linear', 2.600764954076131, 116.10175925783933)
[*] Generating cube observerd
  |- Angular Coordinates (deg): ra=0 dec=0
  |- FOV (arcsec): ra=[-0.002777777777777778, 0.002777777777777778] dec=[-0.002777777777777778, 0.002777777777777778]
!!! WARNING: max ALMA bandwidth exceeded
  |- Spectral (MHz): center=277000 bandwidth=[275000.0, 279000.0]
  |- Cube size: 2 x 2 x 4000 
  |- Band: 7
*** Source: observed-OS18O
  |- Projecting observed-OS18O-c1
   --+ Generating template image
   --+ Generating template line distribution
   --+ Loading and correcting lines
*** Source: observed-H13CNv2=1
  |- Projecting observed-H13CNv2=1-c1
   --+ Generating template image
   --+ Generating template line distribution
   --+ Loading and correcting lines
*** Source: observed-34SO2v=0
  |- Projecting observed-34SO2v=0-c1
   --+ Generating template image
   --+ Generating template line distribution
   --+ Loading and correcting lines
      |- Projecting Sulfur Dioxide (34SO2v=0) around 275434.2181 Mhz, at 0.35483114878 K
      |- Projecting Sulfur Dioxide (34SO2v=0) around 276483.977 Mhz, at 0.298388483202 K
      |- Projecting Sulfur Dioxide (34SO2v=0) around 276999.6054 Mhz, at 0.157081844555 K
      |- Projecting Sulfur Dioxide (34SO2v=0) around 277150.575 Mhz, at 0.175264519451 K
      |- Projecting Sulfur Dioxide (34SO2v=0) around 278835.2175 Mhz, at 0.196739759781 K
*** Source: observed-CH3OHvt=0
  |- Projecting observed-CH3OHvt=0-c1
   --+ Generating template image
   --+ Generating template line distribution
   --+ Loading and correcting lines
      |- Projecting Methanol (CH3OHvt=0) around 275663.705 Mhz, at 0.298238547519 K
      |- Projecting Methanol (CH3OHvt=0) around 276648.18 Mhz, at 1.81506760628 K
      |- Projecting Methanol (CH3OHvt=0) around 276925.919 Mhz, at 1.31070205782 K
      |- Projecting Methanol (CH3OHvt=0) around 277940.773 Mhz, at 0.582547228609 K
      |- Projecting Methanol (CH3OHvt=0) around 278186.616 Mhz, at 0.582569579433 K
      |- Projecting Methanol (CH3OHvt=0) around 278304.51 Mhz, at 0.948050933352 K
      |- Projecting Methanol (CH3OHvt=0) around 278342.257 Mhz, at 0.733169557199 K
      |- Projecting Methanol (CH3OHvt=0) around 278480.23 Mhz, at 0.812071476318 K
      |- Projecting Methanol (CH3OHvt=0) around 278599.055 Mhz, at 1.71089965978 K
      |- Projecting Methanol (CH3OHvt=0) around 278672.92 Mhz, at 0.893453086564 K
      |- Projecting Methanol (CH3OHvt=0) around 278723.25 Mhz, at 0.893461663755 K
      |- Projecting Methanol (CH3OHvt=0) around 278965.129 Mhz, at 0.456492617515 K
*** Source: observed-HC15Nv=0
  |- Projecting observed-HC15Nv=0-c1
   --+ Generating template image
   --+ Generating template line distribution
   --+ Loading and correcting lines
*** Source: observed-H13CNv=0
  |- Projecting observed-H13CNv=0-c1
   --+ Generating template image
   --+ Generating template line distribution
   --+ Loading and correcting lines
   -++ Saving FITS: data-skew/cube_fixed_width_61.fits
