+++ Source 'observed-CH3OHvt=0' added
 |- Component added to 'observed-CH3OHvt=0' (observed-CH3OHvt=0-c1)
 ---+ Model: mol_list = ['CH3OHvt=0'] @ spa_form=('normal', 82.57131553059664, 52.29544940784501, 2.3291424621258123), spe_form=('skew', 8, 1), z=0.0, grad=('linear', 2.3291424621258123, 69.34094872968996)
+++ Source 'observed-34SO2v=0' added
 |- Component added to 'observed-34SO2v=0' (observed-34SO2v=0-c1)
 ---+ Model: mol_list = ['34SO2v=0'] @ spa_form=('normal', 72.08362309179499, 93.19515635594747, 2.156801987353034), spe_form=('skew', 8, 1), z=0.0, grad=('linear', 2.156801987353034, 91.50791433058471)
+++ Source 'observed-SO2v2=1' added
 |- Component added to 'observed-SO2v2=1' (observed-SO2v2=1-c1)
 ---+ Model: mol_list = ['SO2v2=1'] @ spa_form=('normal', 149.13170511991763, 77.33240555976465, 2.686946054642939), spe_form=('skew', 8, 1), z=0.0, grad=('linear', 2.686946054642939, 36.83615052638847)
+++ Source 'observed-OS17O' added
 |- Component added to 'observed-OS17O' (observed-OS17O-c1)
 ---+ Model: mol_list = ['OS17O'] @ spa_form=('normal', 106.2335260885863, 63.22759938966723, 1.6365594806714174), spe_form=('skew', 8, 1), z=0.0, grad=('linear', 1.6365594806714174, 90.6150166616208)
+++ Source 'observed-H13CNv2=1' added
 |- Component added to 'observed-H13CNv2=1' (observed-H13CNv2=1-c1)
 ---+ Model: mol_list = ['H13CNv2=1'] @ spa_form=('normal', 78.48681197263801, 98.6853683968552, 0.16512282874126602), spe_form=('skew', 8, 1), z=0.0, grad=('linear', 0.16512282874126602, 122.08213698377152)
+++ Source 'observed-H2C34S' added
 |- Component added to 'observed-H2C34S' (observed-H2C34S-c1)
 ---+ Model: mol_list = ['H2C34S'] @ spa_form=('normal', 123.31251210806221, 58.55662401590713, 3.024771733505006), spe_form=('skew', 8, 1), z=0.0, grad=('linear', 3.024771733505006, 131.1900293925679)
[*] Generating cube observerd
  |- Angular Coordinates (deg): ra=0 dec=0
  |- FOV (arcsec): ra=[-0.002777777777777778, 0.002777777777777778] dec=[-0.002777777777777778, 0.002777777777777778]
!!! WARNING: max ALMA bandwidth exceeded
  |- Spectral (MHz): center=604000 bandwidth=[602000.0, 606000.0]
  |- Cube size: 2 x 2 x 4000 
  |- Band: 9
*** Source: observed-H13CNv2=1
  |- Projecting observed-H13CNv2=1-c1
   --+ Generating template image
   --+ Generating template line distribution
   --+ Loading and correcting lines
*** Source: observed-H2C34S
  |- Projecting observed-H2C34S-c1
   --+ Generating template image
   --+ Generating template line distribution
   --+ Loading and correcting lines
      |- Projecting Thioformaldehyde (H2C34S) around 604710.9998 Mhz, at 0.759082084049 K
*** Source: observed-34SO2v=0
  |- Projecting observed-34SO2v=0-c1
   --+ Generating template image
   --+ Generating template line distribution
   --+ Loading and correcting lines
      |- Projecting Sulfur Dioxide (34SO2v=0) around 604080.004 Mhz, at 0.572535077151 K
      |- Projecting Sulfur Dioxide (34SO2v=0) around 604376.563 Mhz, at 0.784849335727 K
      |- Projecting Sulfur Dioxide (34SO2v=0) around 605499.8855 Mhz, at 0.823608094818 K
*** Source: observed-CH3OHvt=0
  |- Projecting observed-CH3OHvt=0-c1
   --+ Generating template image
   --+ Generating template line distribution
   --+ Loading and correcting lines
*** Source: observed-OS17O
  |- Projecting observed-OS17O-c1
   --+ Generating template image
   --+ Generating template line distribution
   --+ Loading and correcting lines
      |- Projecting Sulfur Dioxide (OS17O) around 603105.7123 Mhz, at 0.711455769968 K
      |- Projecting Sulfur Dioxide (OS17O) around 603106.5013 Mhz, at 0.711455769968 K
      |- Projecting Sulfur Dioxide (OS17O) around 604501.9322 Mhz, at 1.13760753707 K
      |- Projecting Sulfur Dioxide (OS17O) around 605172.0102 Mhz, at 0.729955678399 K
      |- Projecting Sulfur Dioxide (OS17O) around 605172.0102 Mhz, at 0.729955678399 K
      |- Projecting Sulfur Dioxide (OS17O) around 605240.925 Mhz, at 0.757527457646 K
      |- Projecting Sulfur Dioxide (OS17O) around 605724.232 Mhz, at 0.492894629424 K
*** Source: observed-SO2v2=1
  |- Projecting observed-SO2v2=1-c1
   --+ Generating template image
   --+ Generating template line distribution
   --+ Loading and correcting lines
   -++ Saving FITS: data-skew/cube_fixed_width_17.fits
