+++ Source 'observed-CH3OHvt=0' added
 |- Component added to 'observed-CH3OHvt=0' (observed-CH3OHvt=0-c1)
 ---+ Model: mol_list = ['CH3OHvt=0'] @ spa_form=('normal', 90.47258308881209, 68.01562832694876, 0.14669960679312435), spe_form=('skew', 8, 1), z=0.0, grad=('linear', 0.14669960679312435, 149.48060880908474)
+++ Source 'observed-SO2v=0' added
 |- Component added to 'observed-SO2v=0' (observed-SO2v=0-c1)
 ---+ Model: mol_list = ['SO2v=0'] @ spa_form=('normal', 81.29678216815317, 80.99874552424949, 2.8116814416109728), spe_form=('skew', 8, 1), z=0.0, grad=('linear', 2.8116814416109728, 145.88514627985288)
+++ Source 'observed-33SO2' added
 |- Component added to 'observed-33SO2' (observed-33SO2-c1)
 ---+ Model: mol_list = ['33SO2'] @ spa_form=('normal', 128.57639379429506, 70.70059399831257, 0.9425191311657622), spe_form=('skew', 8, 1), z=0.0, grad=('linear', 0.9425191311657622, 51.923589454766855)
+++ Source 'observed-34SO2v=0' added
 |- Component added to 'observed-34SO2v=0' (observed-34SO2v=0-c1)
 ---+ Model: mol_list = ['34SO2v=0'] @ spa_form=('normal', 93.87199514197668, 95.90435238116405, 0.14677124212261872), spe_form=('skew', 8, 1), z=0.0, grad=('linear', 0.14677124212261872, 67.34526478320096)
+++ Source 'observed-SO2v2=1' added
 |- Component added to 'observed-SO2v2=1' (observed-SO2v2=1-c1)
 ---+ Model: mol_list = ['SO2v2=1'] @ spa_form=('normal', 144.88191134171115, 66.67361133830752, 0.033746705743003015), spe_form=('skew', 8, 1), z=0.0, grad=('linear', 0.033746705743003015, 65.49405701330585)
+++ Source 'observed-OS17O' added
 |- Component added to 'observed-OS17O' (observed-OS17O-c1)
 ---+ Model: mol_list = ['OS17O'] @ spa_form=('normal', 59.79926631857635, 50.15727276127766, 1.2041039862517626), spe_form=('skew', 8, 1), z=0.0, grad=('linear', 1.2041039862517626, 113.20798373262178)
+++ Source 'observed-HC15Nv=0' added
 |- Component added to 'observed-HC15Nv=0' (observed-HC15Nv=0-c1)
 ---+ Model: mol_list = ['HC15Nv=0'] @ spa_form=('normal', 140.21572133731252, 71.9887624014679, 2.4388295232152974), spe_form=('skew', 8, 1), z=0.0, grad=('linear', 2.4388295232152974, 13.291673921044186)
+++ Source 'observed-H13CNv=0' added
 |- Component added to 'observed-H13CNv=0' (observed-H13CNv=0-c1)
 ---+ Model: mol_list = ['H13CNv=0'] @ spa_form=('normal', 133.2262255137954, 66.21500255142456, 3.1060191050099784), spe_form=('skew', 8, 1), z=0.0, grad=('linear', 3.1060191050099784, 56.93424118568465)
+++ Source 'observed-H213CS' added
 |- Component added to 'observed-H213CS' (observed-H213CS-c1)
 ---+ Model: mol_list = ['H213CS'] @ spa_form=('normal', 89.1852885608296, 61.84481148439724, 0.8277015275730808), spe_form=('skew', 8, 1), z=0.0, grad=('linear', 0.8277015275730808, 31.57984234954975)
+++ Source 'observed-H2C34S' added
 |- Component added to 'observed-H2C34S' (observed-H2C34S-c1)
 ---+ Model: mol_list = ['H2C34S'] @ spa_form=('normal', 144.66211984738248, 74.14033173655619, 2.920945260975202), spe_form=('skew', 8, 1), z=0.0, grad=('linear', 2.920945260975202, 108.43937130793688)
+++ Source 'observed-H2C18O' added
 |- Component added to 'observed-H2C18O' (observed-H2C18O-c1)
 ---+ Model: mol_list = ['H2C18O'] @ spa_form=('normal', 102.2136758248271, 51.151075743952156, 2.304610830749032), spe_form=('skew', 8, 1), z=0.0, grad=('linear', 2.304610830749032, 135.88286752600396)
[*] Generating cube observerd
  |- Angular Coordinates (deg): ra=0 dec=0
  |- FOV (arcsec): ra=[-0.002777777777777778, 0.002777777777777778] dec=[-0.002777777777777778, 0.002777777777777778]
!!! WARNING: max ALMA bandwidth exceeded
  |- Spectral (MHz): center=277000 bandwidth=[275000.0, 279000.0]
  |- Cube size: 2 x 2 x 4000 
  |- Band: 7
*** Source: observed-H2C18O
  |- Projecting observed-H2C18O-c1
   --+ Generating template image
   --+ Generating template line distribution
   --+ Loading and correcting lines
      |- Projecting Formaldehyde (H2C18O) around 277062.652 Mhz, at 0.559956477712 K
      |- Projecting Formaldehyde (H2C18O) around 277562.802 Mhz, at 0.655935981937 K
      |- Projecting Formaldehyde (H2C18O) around 277675.2025 Mhz, at 0.799211643099 K
      |- Projecting Formaldehyde (H2C18O) around 277678.1029 Mhz, at 0.799211643099 K
      |- Projecting Formaldehyde (H2C18O) around 277853.3599 Mhz, at 0.404945610221 K
      |- Projecting Formaldehyde (H2C18O) around 278145.446 Mhz, at 0.655966505535 K
*** Source: observed-H213CS
  |- Projecting observed-H213CS-c1
   --+ Generating template image
   --+ Generating template line distribution
   --+ Loading and correcting lines
*** Source: observed-H13CNv=0
  |- Projecting observed-H13CNv=0-c1
   --+ Generating template image
   --+ Generating template line distribution
   --+ Loading and correcting lines
*** Source: observed-34SO2v=0
  |- Projecting observed-34SO2v=0-c1
   --+ Generating template image
   --+ Generating template line distribution
   --+ Loading and correcting lines
      |- Projecting Sulfur Dioxide (34SO2v=0) around 275434.2181 Mhz, at 0.16629871569 K
      |- Projecting Sulfur Dioxide (34SO2v=0) around 276483.977 Mhz, at 0.139845731424 K
*** Source: observed-33SO2
  |- Projecting observed-33SO2-c1
   --+ Generating template image
   --+ Generating template line distribution
   --+ Loading and correcting lines
      |- Projecting Sulfur Dioxide (33SO2) around 275160.7805 Mhz, at 0.183589507933 K
      |- Projecting Sulfur Dioxide (33SO2) around 275160.8324 Mhz, at 0.183589507933 K
      |- Projecting Sulfur Dioxide (33SO2) around 275160.9909 Mhz, at 0.183589593608 K
      |- Projecting Sulfur Dioxide (33SO2) around 275161.0124 Mhz, at 0.183589593608 K
      |- Projecting Sulfur Dioxide (33SO2) around 275828.2515 Mhz, at 0.784843260913 K
      |- Projecting Sulfur Dioxide (33SO2) around 275828.3672 Mhz, at 0.784843260913 K
      |- Projecting Sulfur Dioxide (33SO2) around 275831.1722 Mhz, at 0.784843260913 K
      |- Projecting Sulfur Dioxide (33SO2) around 275831.2604 Mhz, at 0.784843627173 K
      |- Projecting Sulfur Dioxide (33SO2) around 276035.3021 Mhz, at 0.215383917148 K
      |- Projecting Sulfur Dioxide (33SO2) around 276035.3702 Mhz, at 0.215383917148 K
      |- Projecting Sulfur Dioxide (33SO2) around 276037.6419 Mhz, at 0.215383809457 K
      |- Projecting Sulfur Dioxide (33SO2) around 276037.6851 Mhz, at 0.215383917148 K
*** Source: observed-OS17O
  |- Projecting observed-OS17O-c1
   --+ Generating template image
   --+ Generating template line distribution
   --+ Loading and correcting lines
      |- Projecting Sulfur Dioxide (OS17O) around 275054.7862 Mhz, at 0.655821025376 K
      |- Projecting Sulfur Dioxide (OS17O) around 275142.6319 Mhz, at 0.815581039572 K
      |- Projecting Sulfur Dioxide (OS17O) around 275151.3474 Mhz, at 0.815579843387 K
      |- Projecting Sulfur Dioxide (OS17O) around 275431.4561 Mhz, at 0.716547441475 K
      |- Projecting Sulfur Dioxide (OS17O) around 275846.0173 Mhz, at 0.228013451392 K
      |- Projecting Sulfur Dioxide (OS17O) around 276201.24 Mhz, at 0.48237524345 K
      |- Projecting Sulfur Dioxide (OS17O) around 277061.5867 Mhz, at 0.607299588035 K
      |- Projecting Sulfur Dioxide (OS17O) around 277365.4535 Mhz, at 0.754409148334 K
*** Source: observed-CH3OHvt=0
  |- Projecting observed-CH3OHvt=0-c1
   --+ Generating template image
   --+ Generating template line distribution
   --+ Loading and correcting lines
      |- Projecting Methanol (CH3OHvt=0) around 275663.705 Mhz, at 0.178534576523 K
      |- Projecting Methanol (CH3OHvt=0) around 276648.18 Mhz, at 1.08655413307 K
      |- Projecting Methanol (CH3OHvt=0) around 276925.919 Mhz, at 0.784625725908 K
      |- Projecting Methanol (CH3OHvt=0) around 277940.773 Mhz, at 0.348730315478 K
      |- Projecting Methanol (CH3OHvt=0) around 278186.616 Mhz, at 0.348743695355 K
      |- Projecting Methanol (CH3OHvt=0) around 278304.51 Mhz, at 0.567531840924 K
      |- Projecting Methanol (CH3OHvt=0) around 278342.257 Mhz, at 0.438897377628 K
      |- Projecting Methanol (CH3OHvt=0) around 278480.23 Mhz, at 0.486130442683 K
      |- Projecting Methanol (CH3OHvt=0) around 278599.055 Mhz, at 1.02419606309 K
      |- Projecting Methanol (CH3OHvt=0) around 278672.92 Mhz, at 0.534847925527 K
      |- Projecting Methanol (CH3OHvt=0) around 278723.25 Mhz, at 0.534853060091 K
      |- Projecting Methanol (CH3OHvt=0) around 278965.129 Mhz, at 0.273270228922 K
*** Source: observed-HC15Nv=0
  |- Projecting observed-HC15Nv=0-c1
   --+ Generating template image
   --+ Generating template line distribution
   --+ Loading and correcting lines
*** Source: observed-SO2v2=1
  |- Projecting observed-SO2v2=1-c1
   --+ Generating template image
   --+ Generating template line distribution
   --+ Loading and correcting lines
*** Source: observed-H2C34S
  |- Projecting observed-H2C34S-c1
   --+ Generating template image
   --+ Generating template line distribution
   --+ Loading and correcting lines
      |- Projecting Thioformaldehyde (H2C34S) around 277295.9149 Mhz, at 0.899907905066 K
*** Source: observed-SO2v=0
  |- Projecting observed-SO2v=0-c1
   --+ Generating template image
   --+ Generating template line distribution
   --+ Loading and correcting lines
      |- Projecting Sulfur dioxide (SO2v=0) around 275240.184 Mhz, at 1.08270348294 K
      |- Projecting Sulfur dioxide (SO2v=0) around 275375.7013 Mhz, at 0.51185786746 K
      |- Projecting Sulfur dioxide (SO2v=0) around 276254.5765 Mhz, at 1.07179406241 K
      |- Projecting Sulfur dioxide (SO2v=0) around 276301.2521 Mhz, at 0.172625069997 K
      |- Projecting Sulfur dioxide (SO2v=0) around 276558.3672 Mhz, at 0.414451565455 K
      |- Projecting Sulfur dioxide (SO2v=0) around 278250.9723 Mhz, at 1.85853542486 K
   -++ Saving FITS: data-skew/cube_variable_width_88.fits
