+++ Source 'observed-34SO2v=0' added
 |- Component added to 'observed-34SO2v=0' (observed-34SO2v=0-c1)
 ---+ Model: mol_list = ['34SO2v=0'] @ spa_form=('normal', 80.10597904751316, 60.91592502188609, 1.7026330492978639), spe_form=('skew', 8, 1), z=0.0, grad=('linear', 1.7026330492978639, 73.19643291982129)
+++ Source 'observed-OS18O' added
 |- Component added to 'observed-OS18O' (observed-OS18O-c1)
 ---+ Model: mol_list = ['OS18O'] @ spa_form=('normal', 144.7760438256292, 95.08391989555327, 1.0050060836462114), spe_form=('skew', 8, 1), z=0.0, grad=('linear', 1.0050060836462114, 109.48353789958468)
+++ Source 'observed-OS17O' added
 |- Component added to 'observed-OS17O' (observed-OS17O-c1)
 ---+ Model: mol_list = ['OS17O'] @ spa_form=('normal', 100.76828087432305, 41.71368890923062, 0.48754493069461297), spe_form=('skew', 8, 1), z=0.0, grad=('linear', 0.48754493069461297, 112.92765771829784)
+++ Source 'observed-HC15Nv=0' added
 |- Component added to 'observed-HC15Nv=0' (observed-HC15Nv=0-c1)
 ---+ Model: mol_list = ['HC15Nv=0'] @ spa_form=('normal', 65.35291514795114, 60.707891008508845, 0.7014292908800547), spe_form=('skew', 8, 1), z=0.0, grad=('linear', 0.7014292908800547, 63.357227280665924)
+++ Source 'observed-H13CNv2=1' added
 |- Component added to 'observed-H13CNv2=1' (observed-H13CNv2=1-c1)
 ---+ Model: mol_list = ['H13CNv2=1'] @ spa_form=('normal', 76.22096285581513, 43.23797283631692, 2.803625340743282), spe_form=('skew', 8, 1), z=0.0, grad=('linear', 2.803625340743282, 38.50541495599261)
+++ Source 'observed-H13CNv=0' added
 |- Component added to 'observed-H13CNv=0' (observed-H13CNv=0-c1)
 ---+ Model: mol_list = ['H13CNv=0'] @ spa_form=('normal', 73.0598881927944, 86.46087953059265, 1.7426372457308592), spe_form=('skew', 8, 1), z=0.0, grad=('linear', 1.7426372457308592, 90.93973308971322)
+++ Source 'observed-H2C18O' added
 |- Component added to 'observed-H2C18O' (observed-H2C18O-c1)
 ---+ Model: mol_list = ['H2C18O'] @ spa_form=('normal', 94.59103289930536, 44.92501660915381, 1.2153532091629127), spe_form=('skew', 8, 1), z=0.0, grad=('linear', 1.2153532091629127, 111.32630187807068)
+++ Source 'observed-H213CO' added
 |- Component added to 'observed-H213CO' (observed-H213CO-c1)
 ---+ Model: mol_list = ['H213CO'] @ spa_form=('normal', 73.29013753505683, 88.11188934742782, 2.0682646078456832), spe_form=('skew', 8, 1), z=0.0, grad=('linear', 2.0682646078456832, 61.18940270572271)
[*] Generating cube observerd
  |- Angular Coordinates (deg): ra=0 dec=0
  |- FOV (arcsec): ra=[-0.002777777777777778, 0.002777777777777778] dec=[-0.002777777777777778, 0.002777777777777778]
!!! WARNING: max ALMA bandwidth exceeded
  |- Spectral (MHz): center=277000 bandwidth=[275000.0, 279000.0]
  |- Cube size: 2 x 2 x 4000 
  |- Band: 7
*** Source: observed-OS18O
  |- Projecting observed-OS18O-c1
   --+ Generating template image
   --+ Generating template line distribution
   --+ Loading and correcting lines
      |- Projecting Sulfur Dioxide (OS18O) around 275207.6031 Mhz, at 0.200880750437 K
      |- Projecting Sulfur Dioxide (OS18O) around 275282.0764 Mhz, at 0.372240462714 K
      |- Projecting Sulfur Dioxide (OS18O) around 275454.6038 Mhz, at 0.167407526339 K
      |- Projecting Sulfur Dioxide (OS18O) around 275552.9984 Mhz, at 0.46179126606 K
      |- Projecting Sulfur Dioxide (OS18O) around 276002.289 Mhz, at 0.487395536768 K
      |- Projecting Sulfur Dioxide (OS18O) around 276274.7786 Mhz, at 0.299141483546 K
      |- Projecting Sulfur Dioxide (OS18O) around 276277.2242 Mhz, at 0.197427905829 K
      |- Projecting Sulfur Dioxide (OS18O) around 277080.9497 Mhz, at 0.324025673091 K
      |- Projecting Sulfur Dioxide (OS18O) around 277088.3147 Mhz, at 0.324025349066 K
      |- Projecting Sulfur Dioxide (OS18O) around 278393.6459 Mhz, at 0.223150303376 K
*** Source: observed-H2C18O
  |- Projecting observed-H2C18O-c1
   --+ Generating template image
   --+ Generating template line distribution
   --+ Loading and correcting lines
*** Source: observed-H13CNv2=1
  |- Projecting observed-H13CNv2=1-c1
   --+ Generating template image
   --+ Generating template line distribution
   --+ Loading and correcting lines
*** Source: observed-OS17O
  |- Projecting observed-OS17O-c1
   --+ Generating template image
   --+ Generating template line distribution
   --+ Loading and correcting lines
      |- Projecting Sulfur Dioxide (OS17O) around 275054.7862 Mhz, at 0.886241703422 K
      |- Projecting Sulfur Dioxide (OS17O) around 275142.6319 Mhz, at 1.10213290185 K
      |- Projecting Sulfur Dioxide (OS17O) around 275151.3474 Mhz, at 1.10213128539 K
      |- Projecting Sulfur Dioxide (OS17O) around 275431.4561 Mhz, at 0.968304156995 K
      |- Projecting Sulfur Dioxide (OS17O) around 275846.0173 Mhz, at 0.308125268551 K
      |- Projecting Sulfur Dioxide (OS17O) around 276201.24 Mhz, at 0.651856285332 K
      |- Projecting Sulfur Dioxide (OS17O) around 277061.5867 Mhz, at 0.820672409945 K
      |- Projecting Sulfur Dioxide (OS17O) around 277269.543 Mhz, at 0.144694320548 K
      |- Projecting Sulfur Dioxide (OS17O) around 277365.4535 Mhz, at 1.01946845683 K
*** Source: observed-34SO2v=0
  |- Projecting observed-34SO2v=0-c1
   --+ Generating template image
   --+ Generating template line distribution
   --+ Loading and correcting lines
      |- Projecting Sulfur Dioxide (34SO2v=0) around 275434.2181 Mhz, at 0.838581799674 K
      |- Projecting Sulfur Dioxide (34SO2v=0) around 276483.977 Mhz, at 0.705189361492 K
      |- Projecting Sulfur Dioxide (34SO2v=0) around 276999.6054 Mhz, at 0.371235660557 K
      |- Projecting Sulfur Dioxide (34SO2v=0) around 277150.575 Mhz, at 0.414207255044 K
      |- Projecting Sulfur Dioxide (34SO2v=0) around 277470.0761 Mhz, at 0.221854655967 K
      |- Projecting Sulfur Dioxide (34SO2v=0) around 278835.2175 Mhz, at 0.464960256143 K
*** Source: observed-HC15Nv=0
  |- Projecting observed-HC15Nv=0-c1
   --+ Generating template image
   --+ Generating template line distribution
   --+ Loading and correcting lines
*** Source: observed-H13CNv=0
  |- Projecting observed-H13CNv=0-c1
   --+ Generating template image
   --+ Generating template line distribution
   --+ Loading and correcting lines
*** Source: observed-H213CO
  |- Projecting observed-H213CO-c1
   --+ Generating template image
   --+ Generating template line distribution
   --+ Loading and correcting lines
   -++ Saving FITS: data-skew/cube_variable_width_78.fits
