+++ Source 'observed-CH3OHvt=0' added
 |- Component added to 'observed-CH3OHvt=0' (observed-CH3OHvt=0-c1)
 ---+ Model: mol_list = ['CH3OHvt=0'] @ spa_form=('normal', 102.284337275735, 62.69132605063017, 0.505695646693518), spe_form=('skew', 8, 1), z=0.0, grad=('linear', 0.505695646693518, 28.69076284420333)
+++ Source 'observed-SO2v=0' added
 |- Component added to 'observed-SO2v=0' (observed-SO2v=0-c1)
 ---+ Model: mol_list = ['SO2v=0'] @ spa_form=('normal', 112.669749190407, 50.69736360345743, 2.521014378100428), spe_form=('skew', 8, 1), z=0.0, grad=('linear', 2.521014378100428, 103.24175890218261)
+++ Source 'observed-34SO2v=0' added
 |- Component added to 'observed-34SO2v=0' (observed-34SO2v=0-c1)
 ---+ Model: mol_list = ['34SO2v=0'] @ spa_form=('normal', 100.06082393544409, 50.6944864212811, 0.6781072167551714), spe_form=('skew', 8, 1), z=0.0, grad=('linear', 0.6781072167551714, 96.23165465792846)
+++ Source 'observed-OS18O' added
 |- Component added to 'observed-OS18O' (observed-OS18O-c1)
 ---+ Model: mol_list = ['OS18O'] @ spa_form=('normal', 70.47461018415635, 49.624292803022236, 1.7098062800521407), spe_form=('skew', 8, 1), z=0.0, grad=('linear', 1.7098062800521407, 47.3774812456394)
+++ Source 'observed-OS17O' added
 |- Component added to 'observed-OS17O' (observed-OS17O-c1)
 ---+ Model: mol_list = ['OS17O'] @ spa_form=('normal', 86.58203018663795, 57.3876851887053, 1.38526147865864), spe_form=('skew', 8, 1), z=0.0, grad=('linear', 1.38526147865864, 70.63951829793831)
+++ Source 'observed-H2C34S' added
 |- Component added to 'observed-H2C34S' (observed-H2C34S-c1)
 ---+ Model: mol_list = ['H2C34S'] @ spa_form=('normal', 145.33131975307572, 62.00175957001625, 1.4418554110999648), spe_form=('skew', 8, 1), z=0.0, grad=('linear', 1.4418554110999648, 40.976210296054916)
+++ Source 'observed-H2C18O' added
 |- Component added to 'observed-H2C18O' (observed-H2C18O-c1)
 ---+ Model: mol_list = ['H2C18O'] @ spa_form=('normal', 87.76842371094486, 60.194278905728375, 2.696139357308659), spe_form=('skew', 8, 1), z=0.0, grad=('linear', 2.696139357308659, 83.05179764838954)
[*] Generating cube observerd
  |- Angular Coordinates (deg): ra=0 dec=0
  |- FOV (arcsec): ra=[-0.002777777777777778, 0.002777777777777778] dec=[-0.002777777777777778, 0.002777777777777778]
!!! WARNING: max ALMA bandwidth exceeded
  |- Spectral (MHz): center=277000 bandwidth=[275000.0, 279000.0]
  |- Cube size: 2 x 2 x 4000 
  |- Band: 7
*** Source: observed-OS18O
  |- Projecting observed-OS18O-c1
   --+ Generating template image
   --+ Generating template line distribution
   --+ Loading and correcting lines
      |- Projecting Sulfur Dioxide (OS18O) around 275207.6031 Mhz, at 0.122090703181 K
      |- Projecting Sulfur Dioxide (OS18O) around 275282.0764 Mhz, at 0.226239197864 K
      |- Projecting Sulfur Dioxide (OS18O) around 275552.9984 Mhz, at 0.280666117951 K
      |- Projecting Sulfur Dioxide (OS18O) around 276002.289 Mhz, at 0.296227805212 K
      |- Projecting Sulfur Dioxide (OS18O) around 276274.7786 Mhz, at 0.181811318393 K
      |- Projecting Sulfur Dioxide (OS18O) around 277080.9497 Mhz, at 0.196935356874 K
      |- Projecting Sulfur Dioxide (OS18O) around 277088.3147 Mhz, at 0.196935159939 K
      |- Projecting Sulfur Dioxide (OS18O) around 278393.6459 Mhz, at 0.135625625626 K
*** Source: observed-H2C18O
  |- Projecting observed-H2C18O-c1
   --+ Generating template image
   --+ Generating template line distribution
   --+ Loading and correcting lines
      |- Projecting Formaldehyde (H2C18O) around 277062.652 Mhz, at 0.562576973017 K
      |- Projecting Formaldehyde (H2C18O) around 277562.802 Mhz, at 0.659005644007 K
      |- Projecting Formaldehyde (H2C18O) around 277675.2025 Mhz, at 0.802951809419 K
      |- Projecting Formaldehyde (H2C18O) around 277678.1029 Mhz, at 0.802951809419 K
      |- Projecting Formaldehyde (H2C18O) around 277853.3599 Mhz, at 0.406840682628 K
      |- Projecting Formaldehyde (H2C18O) around 278145.446 Mhz, at 0.65903631045 K
*** Source: observed-34SO2v=0
  |- Projecting observed-34SO2v=0-c1
   --+ Generating template image
   --+ Generating template line distribution
   --+ Loading and correcting lines
      |- Projecting Sulfur Dioxide (34SO2v=0) around 275434.2181 Mhz, at 1.44848560876 K
      |- Projecting Sulfur Dioxide (34SO2v=0) around 276483.977 Mhz, at 1.21807633074 K
      |- Projecting Sulfur Dioxide (34SO2v=0) around 276999.6054 Mhz, at 0.641236802399 K
      |- Projecting Sulfur Dioxide (34SO2v=0) around 277150.575 Mhz, at 0.715461804927 K
      |- Projecting Sulfur Dioxide (34SO2v=0) around 277470.0761 Mhz, at 0.383210411349 K
      |- Projecting Sulfur Dioxide (34SO2v=0) around 277475.9774 Mhz, at 0.187184928107 K
      |- Projecting Sulfur Dioxide (34SO2v=0) around 278835.2175 Mhz, at 0.803127661402 K
*** Source: observed-H2C34S
  |- Projecting observed-H2C34S-c1
   --+ Generating template image
   --+ Generating template line distribution
   --+ Loading and correcting lines
      |- Projecting Thioformaldehyde (H2C34S) around 277295.9149 Mhz, at 1.07796625213 K
*** Source: observed-OS17O
  |- Projecting observed-OS17O-c1
   --+ Generating template image
   --+ Generating template line distribution
   --+ Loading and correcting lines
      |- Projecting Sulfur Dioxide (OS17O) around 275054.7862 Mhz, at 0.971990413998 K
      |- Projecting Sulfur Dioxide (OS17O) around 275142.6319 Mhz, at 1.20877026144 K
      |- Projecting Sulfur Dioxide (OS17O) around 275151.3474 Mhz, at 1.20876848858 K
      |- Projecting Sulfur Dioxide (OS17O) around 275431.4561 Mhz, at 1.0619928568 K
      |- Projecting Sulfur Dioxide (OS17O) around 275846.0173 Mhz, at 0.337938066089 K
      |- Projecting Sulfur Dioxide (OS17O) around 276201.24 Mhz, at 0.71492693043 K
      |- Projecting Sulfur Dioxide (OS17O) around 277061.5867 Mhz, at 0.900076934339 K
      |- Projecting Sulfur Dioxide (OS17O) around 277269.543 Mhz, at 0.158694283952 K
      |- Projecting Sulfur Dioxide (OS17O) around 277365.4535 Mhz, at 1.11810758125 K
*** Source: observed-CH3OHvt=0
  |- Projecting observed-CH3OHvt=0-c1
   --+ Generating template image
   --+ Generating template line distribution
   --+ Loading and correcting lines
      |- Projecting Methanol (CH3OHvt=0) around 275663.705 Mhz, at 0.276865890185 K
      |- Projecting Methanol (CH3OHvt=0) around 276648.18 Mhz, at 1.6849944876 K
      |- Projecting Methanol (CH3OHvt=0) around 276925.919 Mhz, at 1.21677326766 K
      |- Projecting Methanol (CH3OHvt=0) around 277940.773 Mhz, at 0.540800169413 K
      |- Projecting Methanol (CH3OHvt=0) around 278186.616 Mhz, at 0.540820918511 K
      |- Projecting Methanol (CH3OHvt=0) around 278304.51 Mhz, at 0.880110796499 K
      |- Projecting Methanol (CH3OHvt=0) around 278342.257 Mhz, at 0.680628455976 K
      |- Projecting Methanol (CH3OHvt=0) around 278480.23 Mhz, at 0.753876029961 K
      |- Projecting Methanol (CH3OHvt=0) around 278599.055 Mhz, at 1.58829152456 K
      |- Projecting Methanol (CH3OHvt=0) around 278672.92 Mhz, at 0.829425593063 K
      |- Projecting Methanol (CH3OHvt=0) around 278723.25 Mhz, at 0.829433555587 K
      |- Projecting Methanol (CH3OHvt=0) around 278965.129 Mhz, at 0.42377900497 K
*** Source: observed-SO2v=0
  |- Projecting observed-SO2v=0-c1
   --+ Generating template image
   --+ Generating template line distribution
   --+ Loading and correcting lines
      |- Projecting Sulfur dioxide (SO2v=0) around 275240.184 Mhz, at 0.992208157629 K
      |- Projecting Sulfur dioxide (SO2v=0) around 275375.7013 Mhz, at 0.46907538365 K
      |- Projecting Sulfur dioxide (SO2v=0) around 276254.5765 Mhz, at 0.982210576374 K
      |- Projecting Sulfur dioxide (SO2v=0) around 276301.2521 Mhz, at 0.158196593399 K
      |- Projecting Sulfur dioxide (SO2v=0) around 276558.3672 Mhz, at 0.379810567404 K
      |- Projecting Sulfur dioxide (SO2v=0) around 278250.9723 Mhz, at 1.70319393891 K
   -++ Saving FITS: data-skew/cube_fixed_width_71.fits
