+++ Source 'observed-SO2v=0' added
 |- Component added to 'observed-SO2v=0' (observed-SO2v=0-c1)
 ---+ Model: mol_list = ['SO2v=0'] @ spa_form=('normal', 137.7163877193604, 75.6238833335842, 1.0843839579508814), spe_form=('skew', 8, 1), z=0.0, grad=('linear', 1.0843839579508814, 129.9047645844821)
+++ Source 'observed-34SO2v=0' added
 |- Component added to 'observed-34SO2v=0' (observed-34SO2v=0-c1)
 ---+ Model: mol_list = ['34SO2v=0'] @ spa_form=('normal', 102.27824723558547, 45.335495762338304, 2.853515779756322), spe_form=('skew', 8, 1), z=0.0, grad=('linear', 2.853515779756322, 104.13773671168761)
+++ Source 'observed-SO2v2=1' added
 |- Component added to 'observed-SO2v2=1' (observed-SO2v2=1-c1)
 ---+ Model: mol_list = ['SO2v2=1'] @ spa_form=('normal', 123.5833250406735, 81.1987241286023, 1.305354477998216), spe_form=('skew', 8, 1), z=0.0, grad=('linear', 1.305354477998216, 33.71898486548947)
+++ Source 'observed-OS18O' added
 |- Component added to 'observed-OS18O' (observed-OS18O-c1)
 ---+ Model: mol_list = ['OS18O'] @ spa_form=('normal', 96.4814660201191, 56.507981211708994, 1.4217875258915214), spe_form=('skew', 8, 1), z=0.0, grad=('linear', 1.4217875258915214, 59.472165674697294)
+++ Source 'observed-OS17O' added
 |- Component added to 'observed-OS17O' (observed-OS17O-c1)
 ---+ Model: mol_list = ['OS17O'] @ spa_form=('normal', 78.28713296358951, 84.99107851516119, 2.6323395413450172), spe_form=('skew', 8, 1), z=0.0, grad=('linear', 2.6323395413450172, 117.9389197855536)
+++ Source 'observed-HC15Nv=0' added
 |- Component added to 'observed-HC15Nv=0' (observed-HC15Nv=0-c1)
 ---+ Model: mol_list = ['HC15Nv=0'] @ spa_form=('normal', 84.1229803043625, 50.477261095626396, 2.005570305578475), spe_form=('skew', 8, 1), z=0.0, grad=('linear', 2.005570305578475, 58.66561665037305)
+++ Source 'observed-H13CNv2=1' added
 |- Component added to 'observed-H13CNv2=1' (observed-H13CNv2=1-c1)
 ---+ Model: mol_list = ['H13CNv2=1'] @ spa_form=('normal', 111.28375563105624, 45.870993958346745, 3.002695010329664), spe_form=('skew', 8, 1), z=0.0, grad=('linear', 3.002695010329664, 37.69464506594939)
+++ Source 'observed-H213CS' added
 |- Component added to 'observed-H213CS' (observed-H213CS-c1)
 ---+ Model: mol_list = ['H213CS'] @ spa_form=('normal', 119.75753444698577, 50.342502281298266, 2.8918562175385074), spe_form=('skew', 8, 1), z=0.0, grad=('linear', 2.8918562175385074, 94.87116229619636)
+++ Source 'observed-H2C34S' added
 |- Component added to 'observed-H2C34S' (observed-H2C34S-c1)
 ---+ Model: mol_list = ['H2C34S'] @ spa_form=('normal', 66.08152598973611, 99.66835105810561, 2.150673936026594), spe_form=('skew', 8, 1), z=0.0, grad=('linear', 2.150673936026594, 93.77217890462829)
[*] Generating cube observerd
  |- Angular Coordinates (deg): ra=0 dec=0
  |- FOV (arcsec): ra=[-0.002777777777777778, 0.002777777777777778] dec=[-0.002777777777777778, 0.002777777777777778]
!!! WARNING: max ALMA bandwidth exceeded
  |- Spectral (MHz): center=604000 bandwidth=[602000.0, 606000.0]
  |- Cube size: 2 x 2 x 4000 
  |- Band: 9
*** Source: observed-OS18O
  |- Projecting observed-OS18O-c1
   --+ Generating template image
   --+ Generating template line distribution
   --+ Loading and correcting lines
      |- Projecting Sulfur Dioxide (OS18O) around 602313.3835 Mhz, at 1.17550162911 K
      |- Projecting Sulfur Dioxide (OS18O) around 603090.155 Mhz, at 0.958352330211 K
      |- Projecting Sulfur Dioxide (OS18O) around 603608.7849 Mhz, at 0.823036311439 K
      |- Projecting Sulfur Dioxide (OS18O) around 605850.3965 Mhz, at 0.532487764859 K
*** Source: observed-H213CS
  |- Projecting observed-H213CS-c1
   --+ Generating template image
   --+ Generating template line distribution
   --+ Loading and correcting lines
      |- Projecting Thioformaldehyde (H213CS) around 602149.9892 Mhz, at 0.94396858485 K
*** Source: observed-H13CNv2=1
  |- Projecting observed-H13CNv2=1-c1
   --+ Generating template image
   --+ Generating template line distribution
   --+ Loading and correcting lines
*** Source: observed-34SO2v=0
  |- Projecting observed-34SO2v=0-c1
   --+ Generating template image
   --+ Generating template line distribution
   --+ Loading and correcting lines
      |- Projecting Sulfur Dioxide (34SO2v=0) around 602815.8891 Mhz, at 0.541954168552 K
      |- Projecting Sulfur Dioxide (34SO2v=0) around 604080.004 Mhz, at 0.844251670545 K
      |- Projecting Sulfur Dioxide (34SO2v=0) around 604376.563 Mhz, at 1.15732710406 K
      |- Projecting Sulfur Dioxide (34SO2v=0) around 605499.8855 Mhz, at 1.21448019113 K
      |- Projecting Sulfur Dioxide (34SO2v=0) around 605924.403 Mhz, at 0.563701283119 K
*** Source: observed-OS17O
  |- Projecting observed-OS17O-c1
   --+ Generating template image
   --+ Generating template line distribution
   --+ Loading and correcting lines
      |- Projecting Sulfur Dioxide (OS17O) around 603105.7123 Mhz, at 0.724895340429 K
      |- Projecting Sulfur Dioxide (OS17O) around 603106.5013 Mhz, at 0.724895340429 K
      |- Projecting Sulfur Dioxide (OS17O) around 604501.9322 Mhz, at 1.15909721682 K
      |- Projecting Sulfur Dioxide (OS17O) around 605172.0102 Mhz, at 0.743744716577 K
      |- Projecting Sulfur Dioxide (OS17O) around 605172.0102 Mhz, at 0.743744716577 K
      |- Projecting Sulfur Dioxide (OS17O) around 605240.925 Mhz, at 0.771837333359 K
      |- Projecting Sulfur Dioxide (OS17O) around 605724.232 Mhz, at 0.502205527419 K
*** Source: observed-HC15Nv=0
  |- Projecting observed-HC15Nv=0-c1
   --+ Generating template image
   --+ Generating template line distribution
   --+ Loading and correcting lines
*** Source: observed-SO2v2=1
  |- Projecting observed-SO2v2=1-c1
   --+ Generating template image
   --+ Generating template line distribution
   --+ Loading and correcting lines
*** Source: observed-H2C34S
  |- Projecting observed-H2C34S-c1
   --+ Generating template image
   --+ Generating template line distribution
   --+ Loading and correcting lines
      |- Projecting Thioformaldehyde (H2C34S) around 604710.9998 Mhz, at 0.578731829785 K
*** Source: observed-SO2v=0
  |- Projecting observed-SO2v=0-c1
   --+ Generating template image
   --+ Generating template line distribution
   --+ Loading and correcting lines
      |- Projecting Sulfur dioxide (SO2v=0) around 604367.4364 Mhz, at 0.599099870841 K
      |- Projecting Sulfur dioxide (SO2v=0) around 604406.5377 Mhz, at 0.571173574506 K
      |- Projecting Sulfur dioxide (SO2v=0) around 605532.5228 Mhz, at 0.725770909592 K
   -++ Saving FITS: data-skew/cube_variable_width_25.fits
