+++ Source 'observed-SO2v2=1' added
 |- Component added to 'observed-SO2v2=1' (observed-SO2v2=1-c1)
 ---+ Model: mol_list = ['SO2v2=1'] @ spa_form=('normal', 141.42853941254327, 73.06254968543766, 2.836214601383092), spe_form=('skew', 8, 1), z=0.0, grad=('linear', 2.836214601383092, 69.08618989478299)
+++ Source 'observed-OS18O' added
 |- Component added to 'observed-OS18O' (observed-OS18O-c1)
 ---+ Model: mol_list = ['OS18O'] @ spa_form=('normal', 128.22226158040908, 75.70642167422224, 1.8705632782365318), spe_form=('skew', 8, 1), z=0.0, grad=('linear', 1.8705632782365318, 105.49447856545042)
+++ Source 'observed-OS17O' added
 |- Component added to 'observed-OS17O' (observed-OS17O-c1)
 ---+ Model: mol_list = ['OS17O'] @ spa_form=('normal', 132.21799185125963, 95.33211051763374, 1.156594488031898), spe_form=('skew', 8, 1), z=0.0, grad=('linear', 1.156594488031898, 60.973012011252834)
+++ Source 'observed-HC15Nv=0' added
 |- Component added to 'observed-HC15Nv=0' (observed-HC15Nv=0-c1)
 ---+ Model: mol_list = ['HC15Nv=0'] @ spa_form=('normal', 60.98032086290639, 82.75282168501639, 1.2921888848039382), spe_form=('skew', 8, 1), z=0.0, grad=('linear', 1.2921888848039382, 128.20452291952037)
[*] Generating cube observerd
  |- Angular Coordinates (deg): ra=0 dec=0
  |- FOV (arcsec): ra=[-0.002777777777777778, 0.002777777777777778] dec=[-0.002777777777777778, 0.002777777777777778]
!!! WARNING: max ALMA bandwidth exceeded
  |- Spectral (MHz): center=604000 bandwidth=[602000.0, 606000.0]
  |- Cube size: 2 x 2 x 4000 
  |- Band: 9
*** Source: observed-SO2v2=1
  |- Projecting observed-SO2v2=1-c1
   --+ Generating template image
   --+ Generating template line distribution
   --+ Loading and correcting lines
*** Source: observed-OS17O
  |- Projecting observed-OS17O-c1
   --+ Generating template image
   --+ Generating template line distribution
   --+ Loading and correcting lines
      |- Projecting Sulfur Dioxide (OS17O) around 603105.7123 Mhz, at 0.66119459896 K
      |- Projecting Sulfur Dioxide (OS17O) around 603106.5013 Mhz, at 0.66119459896 K
      |- Projecting Sulfur Dioxide (OS17O) around 604501.9322 Mhz, at 1.05724064798 K
      |- Projecting Sulfur Dioxide (OS17O) around 605172.0102 Mhz, at 0.678387571527 K
      |- Projecting Sulfur Dioxide (OS17O) around 605172.0102 Mhz, at 0.678387571527 K
      |- Projecting Sulfur Dioxide (OS17O) around 605240.925 Mhz, at 0.704011527775 K
*** Source: observed-HC15Nv=0
  |- Projecting observed-HC15Nv=0-c1
   --+ Generating template image
   --+ Generating template line distribution
   --+ Loading and correcting lines
      |- Projecting Hydrogen Cyanide (HC15Nv=0) around 602274.1332 Mhz, at 0.833801183928 K
*** Source: observed-OS18O
  |- Projecting observed-OS18O-c1
   --+ Generating template image
   --+ Generating template line distribution
   --+ Loading and correcting lines
   -++ Saving FITS: data-skew/cube_variable_width_39.fits
