+++ Source 'observed-SO2v=0' added
 |- Component added to 'observed-SO2v=0' (observed-SO2v=0-c1)
 ---+ Model: mol_list = ['SO2v=0'] @ spa_form=('normal', 141.76606053639034, 78.94544005634037, 2.3252405672828567), spe_form=('skew', 8, 1), z=0.0, grad=('linear', 2.3252405672828567, 99.43490961116886)
+++ Source 'observed-34SO2v=0' added
 |- Component added to 'observed-34SO2v=0' (observed-34SO2v=0-c1)
 ---+ Model: mol_list = ['34SO2v=0'] @ spa_form=('normal', 67.60658923276465, 75.36268623466705, 2.149968901564007), spe_form=('skew', 8, 1), z=0.0, grad=('linear', 2.149968901564007, 60.87885582333932)
+++ Source 'observed-OS18O' added
 |- Component added to 'observed-OS18O' (observed-OS18O-c1)
 ---+ Model: mol_list = ['OS18O'] @ spa_form=('normal', 111.70560999695942, 78.82902420287178, 0.4314176196020907), spe_form=('skew', 8, 1), z=0.0, grad=('linear', 0.4314176196020907, 49.710986307804696)
+++ Source 'observed-H13CNv2=1' added
 |- Component added to 'observed-H13CNv2=1' (observed-H13CNv2=1-c1)
 ---+ Model: mol_list = ['H13CNv2=1'] @ spa_form=('normal', 77.92755637800855, 76.86655266779448, 1.2101873209204044), spe_form=('skew', 8, 1), z=0.0, grad=('linear', 1.2101873209204044, 65.16228745383606)
+++ Source 'observed-H13CNv=0' added
 |- Component added to 'observed-H13CNv=0' (observed-H13CNv=0-c1)
 ---+ Model: mol_list = ['H13CNv=0'] @ spa_form=('normal', 89.33804837978307, 81.91764848493483, 2.7772526150932193), spe_form=('skew', 8, 1), z=0.0, grad=('linear', 2.7772526150932193, 48.84190324904536)
+++ Source 'observed-H213CS' added
 |- Component added to 'observed-H213CS' (observed-H213CS-c1)
 ---+ Model: mol_list = ['H213CS'] @ spa_form=('normal', 63.193783541610074, 88.64679439976729, 1.5092124316558633), spe_form=('skew', 8, 1), z=0.0, grad=('linear', 1.5092124316558633, 23.662074323272098)
+++ Source 'observed-H213CO' added
 |- Component added to 'observed-H213CO' (observed-H213CO-c1)
 ---+ Model: mol_list = ['H213CO'] @ spa_form=('normal', 113.09405374059699, 52.705725808022116, 2.864721183901869), spe_form=('skew', 8, 1), z=0.0, grad=('linear', 2.864721183901869, 148.92265844257201)
[*] Generating cube observerd
  |- Angular Coordinates (deg): ra=0 dec=0
  |- FOV (arcsec): ra=[-0.002777777777777778, 0.002777777777777778] dec=[-0.002777777777777778, 0.002777777777777778]
!!! WARNING: max ALMA bandwidth exceeded
  |- Spectral (MHz): center=277000 bandwidth=[275000.0, 279000.0]
  |- Cube size: 2 x 2 x 4000 
  |- Band: 7
*** Source: observed-OS18O
  |- Projecting observed-OS18O-c1
   --+ Generating template image
   --+ Generating template line distribution
   --+ Loading and correcting lines
      |- Projecting Sulfur Dioxide (OS18O) around 275207.6031 Mhz, at 0.440425143536 K
      |- Projecting Sulfur Dioxide (OS18O) around 275282.0764 Mhz, at 0.816126278225 K
      |- Projecting Sulfur Dioxide (OS18O) around 275454.6038 Mhz, at 0.367036083133 K
      |- Projecting Sulfur Dioxide (OS18O) around 275552.9984 Mhz, at 1.01246378359 K
      |- Projecting Sulfur Dioxide (OS18O) around 275646.3336 Mhz, at 0.181019699504 K
      |- Projecting Sulfur Dioxide (OS18O) around 276002.289 Mhz, at 1.06860039488 K
      |- Projecting Sulfur Dioxide (OS18O) around 276274.7786 Mhz, at 0.655858914017 K
      |- Projecting Sulfur Dioxide (OS18O) around 276277.2242 Mhz, at 0.432854883177 K
      |- Projecting Sulfur Dioxide (OS18O) around 277080.9497 Mhz, at 0.710416768508 K
      |- Projecting Sulfur Dioxide (OS18O) around 277088.3147 Mhz, at 0.710416058091 K
      |- Projecting Sulfur Dioxide (OS18O) around 278393.6459 Mhz, at 0.489250484084 K
*** Source: observed-H213CS
  |- Projecting observed-H213CS-c1
   --+ Generating template image
   --+ Generating template line distribution
   --+ Loading and correcting lines
*** Source: observed-H13CNv2=1
  |- Projecting observed-H13CNv2=1-c1
   --+ Generating template image
   --+ Generating template line distribution
   --+ Loading and correcting lines
*** Source: observed-34SO2v=0
  |- Projecting observed-34SO2v=0-c1
   --+ Generating template image
   --+ Generating template line distribution
   --+ Loading and correcting lines
      |- Projecting Sulfur Dioxide (34SO2v=0) around 275434.2181 Mhz, at 0.311067674309 K
      |- Projecting Sulfur Dioxide (34SO2v=0) around 276483.977 Mhz, at 0.2615864245 K
      |- Projecting Sulfur Dioxide (34SO2v=0) around 276999.6054 Mhz, at 0.137707989364 K
      |- Projecting Sulfur Dioxide (34SO2v=0) around 277150.575 Mhz, at 0.153648084848 K
      |- Projecting Sulfur Dioxide (34SO2v=0) around 278835.2175 Mhz, at 0.172474653732 K
*** Source: observed-H13CNv=0
  |- Projecting observed-H13CNv=0-c1
   --+ Generating template image
   --+ Generating template line distribution
   --+ Loading and correcting lines
*** Source: observed-H213CO
  |- Projecting observed-H213CO-c1
   --+ Generating template image
   --+ Generating template line distribution
   --+ Loading and correcting lines
*** Source: observed-SO2v=0
  |- Projecting observed-SO2v=0-c1
   --+ Generating template image
   --+ Generating template line distribution
   --+ Loading and correcting lines
      |- Projecting Sulfur dioxide (SO2v=0) around 275240.184 Mhz, at 0.940147411535 K
      |- Projecting Sulfur dioxide (SO2v=0) around 275375.7013 Mhz, at 0.444463194908 K
      |- Projecting Sulfur dioxide (SO2v=0) around 276254.5765 Mhz, at 0.930674399177 K
      |- Projecting Sulfur dioxide (SO2v=0) around 276301.2521 Mhz, at 0.14989608446 K
      |- Projecting Sulfur dioxide (SO2v=0) around 276558.3672 Mhz, at 0.35988206615 K
      |- Projecting Sulfur dioxide (SO2v=0) around 278250.9723 Mhz, at 1.61382806692 K
   -++ Saving FITS: data-skew/cube_fixed_width_66.fits
