+++ Source 'observed-33SO2' added
 |- Component added to 'observed-33SO2' (observed-33SO2-c1)
 ---+ Model: mol_list = ['33SO2'] @ spa_form=('normal', 135.00663181360142, 69.7402353869369, 1.8754915474267237), spe_form=('skew', 8, 1), z=0.0, grad=('linear', 1.8754915474267237, 35.82293998215249)
+++ Source 'observed-34SO2v=0' added
 |- Component added to 'observed-34SO2v=0' (observed-34SO2v=0-c1)
 ---+ Model: mol_list = ['34SO2v=0'] @ spa_form=('normal', 131.17215387510197, 82.03873393005631, 1.9613019174629893), spe_form=('skew', 8, 1), z=0.0, grad=('linear', 1.9613019174629893, 50.83412944857747)
+++ Source 'observed-SO2v2=1' added
 |- Component added to 'observed-SO2v2=1' (observed-SO2v2=1-c1)
 ---+ Model: mol_list = ['SO2v2=1'] @ spa_form=('normal', 112.26674857602308, 67.80388359655097, 2.0684515413795825), spe_form=('skew', 8, 1), z=0.0, grad=('linear', 2.0684515413795825, 97.03839284483665)
+++ Source 'observed-OS17O' added
 |- Component added to 'observed-OS17O' (observed-OS17O-c1)
 ---+ Model: mol_list = ['OS17O'] @ spa_form=('normal', 137.14717133979735, 73.91075292234628, 0.7677509011902812), spe_form=('skew', 8, 1), z=0.0, grad=('linear', 0.7677509011902812, 91.98129667937052)
+++ Source 'observed-HC15Nv=0' added
 |- Component added to 'observed-HC15Nv=0' (observed-HC15Nv=0-c1)
 ---+ Model: mol_list = ['HC15Nv=0'] @ spa_form=('normal', 87.71424549148523, 52.99723228331516, 2.229678958886446), spe_form=('skew', 8, 1), z=0.0, grad=('linear', 2.229678958886446, 117.48208880508028)
+++ Source 'observed-H213CS' added
 |- Component added to 'observed-H213CS' (observed-H213CS-c1)
 ---+ Model: mol_list = ['H213CS'] @ spa_form=('normal', 133.7942502450727, 45.177586974360764, 0.037431958421841174), spe_form=('skew', 8, 1), z=0.0, grad=('linear', 0.037431958421841174, 87.06439084104481)
+++ Source 'observed-H2C18O' added
 |- Component added to 'observed-H2C18O' (observed-H2C18O-c1)
 ---+ Model: mol_list = ['H2C18O'] @ spa_form=('normal', 88.31161940604107, 77.63423677349434, 2.8658453040348233), spe_form=('skew', 8, 1), z=0.0, grad=('linear', 2.8658453040348233, 136.21728929959096)
[*] Generating cube observerd
  |- Angular Coordinates (deg): ra=0 dec=0
  |- FOV (arcsec): ra=[-0.002777777777777778, 0.002777777777777778] dec=[-0.002777777777777778, 0.002777777777777778]
!!! WARNING: max ALMA bandwidth exceeded
  |- Spectral (MHz): center=604000 bandwidth=[602000.0, 606000.0]
  |- Cube size: 2 x 2 x 4000 
  |- Band: 9
*** Source: observed-H2C18O
  |- Projecting observed-H2C18O-c1
   --+ Generating template image
   --+ Generating template line distribution
   --+ Loading and correcting lines
      |- Projecting Formaldehyde (H2C18O) around 603231.51 Mhz, at 0.60190065968 K
*** Source: observed-H213CS
  |- Projecting observed-H213CS-c1
   --+ Generating template image
   --+ Generating template line distribution
   --+ Loading and correcting lines
      |- Projecting Thioformaldehyde (H213CS) around 602149.9892 Mhz, at 1.357978353 K
*** Source: observed-OS17O
  |- Projecting observed-OS17O-c1
   --+ Generating template image
   --+ Generating template line distribution
   --+ Loading and correcting lines
*** Source: observed-33SO2
  |- Projecting observed-33SO2-c1
   --+ Generating template image
   --+ Generating template line distribution
   --+ Loading and correcting lines
      |- Projecting Sulfur Dioxide (33SO2) around 602337.0627 Mhz, at 0.876771228979 K
      |- Projecting Sulfur Dioxide (33SO2) around 602338.0039 Mhz, at 0.876771228979 K
      |- Projecting Sulfur Dioxide (33SO2) around 602348.9212 Mhz, at 0.876770381434 K
      |- Projecting Sulfur Dioxide (33SO2) around 602349.8184 Mhz, at 0.876769943048 K
      |- Projecting Sulfur Dioxide (33SO2) around 602488.3231 Mhz, at 1.04522250864 K
      |- Projecting Sulfur Dioxide (33SO2) around 602499.1576 Mhz, at 1.04522097564 K
      |- Projecting Sulfur Dioxide (33SO2) around 603112.9816 Mhz, at 1.18218527808 K
      |- Projecting Sulfur Dioxide (33SO2) around 603113.1191 Mhz, at 1.18218527808 K
      |- Projecting Sulfur Dioxide (33SO2) around 603113.2126 Mhz, at 1.18218527808 K
      |- Projecting Sulfur Dioxide (33SO2) around 603113.2683 Mhz, at 1.18218527808 K
      |- Projecting Sulfur Dioxide (33SO2) around 604736.5656 Mhz, at 0.653491375334 K
      |- Projecting Sulfur Dioxide (33SO2) around 604736.767 Mhz, at 0.653491375334 K
      |- Projecting Sulfur Dioxide (33SO2) around 604736.8741 Mhz, at 0.653491375334 K
      |- Projecting Sulfur Dioxide (33SO2) around 604736.8962 Mhz, at 0.653491375334 K
      |- Projecting Sulfur Dioxide (33SO2) around 604736.926 Mhz, at 0.653491375334 K
      |- Projecting Sulfur Dioxide (33SO2) around 604736.9663 Mhz, at 0.653491375334 K
      |- Projecting Sulfur Dioxide (33SO2) around 604736.9892 Mhz, at 0.653491375334 K
      |- Projecting Sulfur Dioxide (33SO2) around 605162.1267 Mhz, at 0.731469117841 K
      |- Projecting Sulfur Dioxide (33SO2) around 605162.2359 Mhz, at 0.731469117841 K
      |- Projecting Sulfur Dioxide (33SO2) around 605162.3107 Mhz, at 0.731469117841 K
      |- Projecting Sulfur Dioxide (33SO2) around 605162.3529 Mhz, at 0.731469117841 K
      |- Projecting Sulfur Dioxide (33SO2) around 605357.5302 Mhz, at 0.750319714721 K
      |- Projecting Sulfur Dioxide (33SO2) around 605366.9145 Mhz, at 0.750319714721 K
      |- Projecting Sulfur Dioxide (33SO2) around 605367.499 Mhz, at 0.75032081519 K
      |- Projecting Sulfur Dioxide (33SO2) around 605367.499 Mhz, at 0.75032081519 K
      |- Projecting Sulfur Dioxide (33SO2) around 605367.499 Mhz, at 0.750319714721 K
      |- Projecting Sulfur Dioxide (33SO2) around 605367.499 Mhz, at 0.750319714721 K
      |- Projecting Sulfur Dioxide (33SO2) around 605377.1052 Mhz, at 0.75032081519 K
*** Source: observed-34SO2v=0
  |- Projecting observed-34SO2v=0-c1
   --+ Generating template image
   --+ Generating template line distribution
   --+ Loading and correcting lines
      |- Projecting Sulfur Dioxide (34SO2v=0) around 604080.004 Mhz, at 0.711684867266 K
      |- Projecting Sulfur Dioxide (34SO2v=0) around 604376.563 Mhz, at 0.975600304002 K
      |- Projecting Sulfur Dioxide (34SO2v=0) around 605499.8855 Mhz, at 1.02377905046 K
*** Source: observed-HC15Nv=0
  |- Projecting observed-HC15Nv=0-c1
   --+ Generating template image
   --+ Generating template line distribution
   --+ Loading and correcting lines
*** Source: observed-SO2v2=1
  |- Projecting observed-SO2v2=1-c1
   --+ Generating template image
   --+ Generating template line distribution
   --+ Loading and correcting lines
   -++ Saving FITS: data-skew/cube_fixed_width_23.fits
