+++ Source 'observed-CH3OHvt=0' added
 |- Component added to 'observed-CH3OHvt=0' (observed-CH3OHvt=0-c1)
 ---+ Model: mol_list = ['CH3OHvt=0'] @ spa_form=('normal', 100.72861857831316, 57.21038654533691, 0.05348002095082494), spe_form=('skew', 8, 1), z=0.0, grad=('linear', 0.05348002095082494, 66.53083946799504)
+++ Source 'observed-SO2v=0' added
 |- Component added to 'observed-SO2v=0' (observed-SO2v=0-c1)
 ---+ Model: mol_list = ['SO2v=0'] @ spa_form=('normal', 133.3882385165263, 96.7042893232015, 0.08007084198754978), spe_form=('skew', 8, 1), z=0.0, grad=('linear', 0.08007084198754978, 71.9789694433538)
+++ Source 'observed-33SO2' added
 |- Component added to 'observed-33SO2' (observed-33SO2-c1)
 ---+ Model: mol_list = ['33SO2'] @ spa_form=('normal', 57.366552193811636, 56.54373864633086, 1.1604116018938972), spe_form=('skew', 8, 1), z=0.0, grad=('linear', 1.1604116018938972, 146.73440953630805)
+++ Source 'observed-34SO2v=0' added
 |- Component added to 'observed-34SO2v=0' (observed-34SO2v=0-c1)
 ---+ Model: mol_list = ['34SO2v=0'] @ spa_form=('normal', 64.9539607657718, 82.11470863363071, 0.5844249683829031), spe_form=('skew', 8, 1), z=0.0, grad=('linear', 0.5844249683829031, 131.08273867552685)
+++ Source 'observed-OS17O' added
 |- Component added to 'observed-OS17O' (observed-OS17O-c1)
 ---+ Model: mol_list = ['OS17O'] @ spa_form=('normal', 69.24021254341756, 86.73827664637895, 0.5144934558353446), spe_form=('skew', 8, 1), z=0.0, grad=('linear', 0.5144934558353446, 67.80950385189938)
+++ Source 'observed-HC15Nv=0' added
 |- Component added to 'observed-HC15Nv=0' (observed-HC15Nv=0-c1)
 ---+ Model: mol_list = ['HC15Nv=0'] @ spa_form=('normal', 86.50248236465784, 75.22648575651783, 3.038318268978867), spe_form=('skew', 8, 1), z=0.0, grad=('linear', 3.038318268978867, 102.2699292525544)
+++ Source 'observed-H13CNv=0' added
 |- Component added to 'observed-H13CNv=0' (observed-H13CNv=0-c1)
 ---+ Model: mol_list = ['H13CNv=0'] @ spa_form=('normal', 138.71287991567743, 72.7875189288255, 1.4185766549520864), spe_form=('skew', 8, 1), z=0.0, grad=('linear', 1.4185766549520864, 26.203845911473483)
+++ Source 'observed-H2C34S' added
 |- Component added to 'observed-H2C34S' (observed-H2C34S-c1)
 ---+ Model: mol_list = ['H2C34S'] @ spa_form=('normal', 78.62392130118604, 88.12558568524682, 2.3649590994401213), spe_form=('skew', 8, 1), z=0.0, grad=('linear', 2.3649590994401213, 108.88048447913584)
+++ Source 'observed-H213CO' added
 |- Component added to 'observed-H213CO' (observed-H213CO-c1)
 ---+ Model: mol_list = ['H213CO'] @ spa_form=('normal', 148.18702304866508, 84.0004627527218, 1.7172361453887315), spe_form=('skew', 8, 1), z=0.0, grad=('linear', 1.7172361453887315, 47.37532490001361)
[*] Generating cube observerd
  |- Angular Coordinates (deg): ra=0 dec=0
  |- FOV (arcsec): ra=[-0.002777777777777778, 0.002777777777777778] dec=[-0.002777777777777778, 0.002777777777777778]
!!! WARNING: max ALMA bandwidth exceeded
  |- Spectral (MHz): center=604000 bandwidth=[602000.0, 606000.0]
  |- Cube size: 2 x 2 x 4000 
  |- Band: 9
*** Source: observed-H13CNv=0
  |- Projecting observed-H13CNv=0-c1
   --+ Generating template image
   --+ Generating template line distribution
   --+ Loading and correcting lines
*** Source: observed-34SO2v=0
  |- Projecting observed-34SO2v=0-c1
   --+ Generating template image
   --+ Generating template line distribution
   --+ Loading and correcting lines
      |- Projecting Sulfur Dioxide (34SO2v=0) around 604080.004 Mhz, at 0.683435124226 K
      |- Projecting Sulfur Dioxide (34SO2v=0) around 604376.563 Mhz, at 0.936874655663 K
      |- Projecting Sulfur Dioxide (34SO2v=0) around 605499.8855 Mhz, at 0.983140986569 K
*** Source: observed-33SO2
  |- Projecting observed-33SO2-c1
   --+ Generating template image
   --+ Generating template line distribution
   --+ Loading and correcting lines
      |- Projecting Sulfur Dioxide (33SO2) around 602337.0627 Mhz, at 0.857734625094 K
      |- Projecting Sulfur Dioxide (33SO2) around 602338.0039 Mhz, at 0.857734625094 K
      |- Projecting Sulfur Dioxide (33SO2) around 602348.9212 Mhz, at 0.857733795951 K
      |- Projecting Sulfur Dioxide (33SO2) around 602349.8184 Mhz, at 0.857733367084 K
      |- Projecting Sulfur Dioxide (33SO2) around 602488.3231 Mhz, at 1.02252846233 K
      |- Projecting Sulfur Dioxide (33SO2) around 602499.1576 Mhz, at 1.02252696262 K
      |- Projecting Sulfur Dioxide (33SO2) around 603112.9816 Mhz, at 1.15651747317 K
      |- Projecting Sulfur Dioxide (33SO2) around 603113.1191 Mhz, at 1.15651747317 K
      |- Projecting Sulfur Dioxide (33SO2) around 603113.2126 Mhz, at 1.15651747317 K
      |- Projecting Sulfur Dioxide (33SO2) around 603113.2683 Mhz, at 1.15651747317 K
      |- Projecting Sulfur Dioxide (33SO2) around 604736.5656 Mhz, at 0.639302661056 K
      |- Projecting Sulfur Dioxide (33SO2) around 604736.767 Mhz, at 0.639302661056 K
      |- Projecting Sulfur Dioxide (33SO2) around 604736.8741 Mhz, at 0.639302661056 K
      |- Projecting Sulfur Dioxide (33SO2) around 604736.8962 Mhz, at 0.639302661056 K
      |- Projecting Sulfur Dioxide (33SO2) around 604736.926 Mhz, at 0.639302661056 K
      |- Projecting Sulfur Dioxide (33SO2) around 604736.9663 Mhz, at 0.639302661056 K
      |- Projecting Sulfur Dioxide (33SO2) around 604736.9892 Mhz, at 0.639302661056 K
      |- Projecting Sulfur Dioxide (33SO2) around 605162.1267 Mhz, at 0.715587337748 K
      |- Projecting Sulfur Dioxide (33SO2) around 605162.2359 Mhz, at 0.715587337748 K
      |- Projecting Sulfur Dioxide (33SO2) around 605162.3107 Mhz, at 0.715587337748 K
      |- Projecting Sulfur Dioxide (33SO2) around 605162.3529 Mhz, at 0.715587337748 K
      |- Projecting Sulfur Dioxide (33SO2) around 605357.5302 Mhz, at 0.734028647309 K
      |- Projecting Sulfur Dioxide (33SO2) around 605366.9145 Mhz, at 0.734028647309 K
      |- Projecting Sulfur Dioxide (33SO2) around 605367.499 Mhz, at 0.734029723885 K
      |- Projecting Sulfur Dioxide (33SO2) around 605367.499 Mhz, at 0.734029723885 K
      |- Projecting Sulfur Dioxide (33SO2) around 605367.499 Mhz, at 0.734028647309 K
      |- Projecting Sulfur Dioxide (33SO2) around 605367.499 Mhz, at 0.734028647309 K
      |- Projecting Sulfur Dioxide (33SO2) around 605377.1052 Mhz, at 0.734029723885 K
*** Source: observed-OS17O
  |- Projecting observed-OS17O-c1
   --+ Generating template image
   --+ Generating template line distribution
   --+ Loading and correcting lines
*** Source: observed-CH3OHvt=0
  |- Projecting observed-CH3OHvt=0-c1
   --+ Generating template image
   --+ Generating template line distribution
   --+ Loading and correcting lines
      |- Projecting Methanol (CH3OHvt=0) around 602233.197 Mhz, at 0.883415366458 K
      |- Projecting Methanol (CH3OHvt=0) around 605587.005 Mhz, at 0.786755133097 K
*** Source: observed-HC15Nv=0
  |- Projecting observed-HC15Nv=0-c1
   --+ Generating template image
   --+ Generating template line distribution
   --+ Loading and correcting lines
      |- Projecting Hydrogen Cyanide (HC15Nv=0) around 602274.1332 Mhz, at 0.974560938996 K
*** Source: observed-H2C34S
  |- Projecting observed-H2C34S-c1
   --+ Generating template image
   --+ Generating template line distribution
   --+ Loading and correcting lines
      |- Projecting Thioformaldehyde (H2C34S) around 604710.9998 Mhz, at 0.692539414624 K
*** Source: observed-H213CO
  |- Projecting observed-H213CO-c1
   --+ Generating template image
   --+ Generating template line distribution
   --+ Loading and correcting lines
*** Source: observed-SO2v=0
  |- Projecting observed-SO2v=0-c1
   --+ Generating template image
   --+ Generating template line distribution
   --+ Loading and correcting lines
      |- Projecting Sulfur dioxide (SO2v=0) around 605532.5228 Mhz, at 0.565503584539 K
   -++ Saving FITS: data-skew/cube_fixed_width_24.fits
