+++ Source 'observed-SO2v=0' added
 |- Component added to 'observed-SO2v=0' (observed-SO2v=0-c1)
 ---+ Model: mol_list = ['SO2v=0'] @ spa_form=('normal', 129.11430875361185, 80.10227359892895, 2.689614350109693), spe_form=('skew', 8, 1), z=0.0, grad=('linear', 2.689614350109693, 116.82496665698218)
+++ Source 'observed-33SO2' added
 |- Component added to 'observed-33SO2' (observed-33SO2-c1)
 ---+ Model: mol_list = ['33SO2'] @ spa_form=('normal', 84.57570712131889, 46.312458435218886, 0.5406210853589684), spe_form=('skew', 8, 1), z=0.0, grad=('linear', 0.5406210853589684, 25.7721214543058)
+++ Source 'observed-H213CS' added
 |- Component added to 'observed-H213CS' (observed-H213CS-c1)
 ---+ Model: mol_list = ['H213CS'] @ spa_form=('normal', 84.7822010029645, 97.71255647844157, 1.1154392671744127), spe_form=('skew', 8, 1), z=0.0, grad=('linear', 1.1154392671744127, 78.4297409867473)
[*] Generating cube observerd
  |- Angular Coordinates (deg): ra=0 dec=0
  |- FOV (arcsec): ra=[-0.002777777777777778, 0.002777777777777778] dec=[-0.002777777777777778, 0.002777777777777778]
!!! WARNING: max ALMA bandwidth exceeded
  |- Spectral (MHz): center=604000 bandwidth=[602000.0, 606000.0]
  |- Cube size: 2 x 2 x 4000 
  |- Band: 9
*** Source: observed-33SO2
  |- Projecting observed-33SO2-c1
   --+ Generating template image
   --+ Generating template line distribution
   --+ Loading and correcting lines
      |- Projecting Sulfur Dioxide (33SO2) around 602337.0627 Mhz, at 0.85353053498 K
      |- Projecting Sulfur Dioxide (33SO2) around 602338.0039 Mhz, at 0.85353053498 K
      |- Projecting Sulfur Dioxide (33SO2) around 602348.9212 Mhz, at 0.853529709901 K
      |- Projecting Sulfur Dioxide (33SO2) around 602349.8184 Mhz, at 0.853529283136 K
      |- Projecting Sulfur Dioxide (33SO2) around 602488.3231 Mhz, at 1.0175166537 K
      |- Projecting Sulfur Dioxide (33SO2) around 602499.1576 Mhz, at 1.01751516134 K
      |- Projecting Sulfur Dioxide (33SO2) around 603112.9816 Mhz, at 1.15084893241 K
      |- Projecting Sulfur Dioxide (33SO2) around 603113.1191 Mhz, at 1.15084893241 K
      |- Projecting Sulfur Dioxide (33SO2) around 603113.2126 Mhz, at 1.15084893241 K
      |- Projecting Sulfur Dioxide (33SO2) around 603113.2683 Mhz, at 1.15084893241 K
      |- Projecting Sulfur Dioxide (33SO2) around 604736.5656 Mhz, at 0.636169190728 K
      |- Projecting Sulfur Dioxide (33SO2) around 604736.767 Mhz, at 0.636169190728 K
      |- Projecting Sulfur Dioxide (33SO2) around 604736.8741 Mhz, at 0.636169190728 K
      |- Projecting Sulfur Dioxide (33SO2) around 604736.8962 Mhz, at 0.636169190728 K
      |- Projecting Sulfur Dioxide (33SO2) around 604736.926 Mhz, at 0.636169190728 K
      |- Projecting Sulfur Dioxide (33SO2) around 604736.9663 Mhz, at 0.636169190728 K
      |- Projecting Sulfur Dioxide (33SO2) around 604736.9892 Mhz, at 0.636169190728 K
      |- Projecting Sulfur Dioxide (33SO2) around 605162.1267 Mhz, at 0.712079966629 K
      |- Projecting Sulfur Dioxide (33SO2) around 605162.2359 Mhz, at 0.712079966629 K
      |- Projecting Sulfur Dioxide (33SO2) around 605162.3107 Mhz, at 0.712079966629 K
      |- Projecting Sulfur Dioxide (33SO2) around 605162.3529 Mhz, at 0.712079966629 K
      |- Projecting Sulfur Dioxide (33SO2) around 605357.5302 Mhz, at 0.730430888178 K
      |- Projecting Sulfur Dioxide (33SO2) around 605366.9145 Mhz, at 0.730430888178 K
      |- Projecting Sulfur Dioxide (33SO2) around 605367.499 Mhz, at 0.730431959477 K
      |- Projecting Sulfur Dioxide (33SO2) around 605367.499 Mhz, at 0.730431959477 K
      |- Projecting Sulfur Dioxide (33SO2) around 605367.499 Mhz, at 0.730430888178 K
      |- Projecting Sulfur Dioxide (33SO2) around 605367.499 Mhz, at 0.730430888178 K
      |- Projecting Sulfur Dioxide (33SO2) around 605377.1052 Mhz, at 0.730431959477 K
*** Source: observed-H213CS
  |- Projecting observed-H213CS-c1
   --+ Generating template image
   --+ Generating template line distribution
   --+ Loading and correcting lines
      |- Projecting Thioformaldehyde (H213CS) around 602149.9892 Mhz, at 1.29101288685 K
*** Source: observed-SO2v=0
  |- Projecting observed-SO2v=0-c1
   --+ Generating template image
   --+ Generating template line distribution
   --+ Loading and correcting lines
      |- Projecting Sulfur dioxide (SO2v=0) around 604367.4364 Mhz, at 0.521976935155 K
      |- Projecting Sulfur dioxide (SO2v=0) around 604406.5377 Mhz, at 0.497645628672 K
      |- Projecting Sulfur dioxide (SO2v=0) around 605532.5228 Mhz, at 0.632341439969 K
   -++ Saving FITS: data-skew/cube_variable_width_34.fits
