+++ Source 'observed-CH3OHvt=0' added
 |- Component added to 'observed-CH3OHvt=0' (observed-CH3OHvt=0-c1)
 ---+ Model: mol_list = ['CH3OHvt=0'] @ spa_form=('normal', 51.05177041392, 80.38267862736147, 0.01040093904319108), spe_form=('skew', 8, 1), z=0.0, grad=('linear', 0.01040093904319108, 149.77971537591347)
+++ Source 'observed-SO2v=0' added
 |- Component added to 'observed-SO2v=0' (observed-SO2v=0-c1)
 ---+ Model: mol_list = ['SO2v=0'] @ spa_form=('normal', 119.63918165013932, 62.7585976100909, 0.5396923149412395), spe_form=('skew', 8, 1), z=0.0, grad=('linear', 0.5396923149412395, 35.48928552457927)
+++ Source 'observed-34SO2v=0' added
 |- Component added to 'observed-34SO2v=0' (observed-34SO2v=0-c1)
 ---+ Model: mol_list = ['34SO2v=0'] @ spa_form=('normal', 145.9986058034101, 63.35523607691691, 0.20696983943949301), spe_form=('skew', 8, 1), z=0.0, grad=('linear', 0.20696983943949301, 93.96875311639465)
+++ Source 'observed-HC15Nv=0' added
 |- Component added to 'observed-HC15Nv=0' (observed-HC15Nv=0-c1)
 ---+ Model: mol_list = ['HC15Nv=0'] @ spa_form=('normal', 123.88806703774719, 76.60588788289886, 2.1937644001760472), spe_form=('skew', 8, 1), z=0.0, grad=('linear', 2.1937644001760472, 11.159474433297756)
+++ Source 'observed-H13CNv2=1' added
 |- Component added to 'observed-H13CNv2=1' (observed-H13CNv2=1-c1)
 ---+ Model: mol_list = ['H13CNv2=1'] @ spa_form=('normal', 135.2696593156712, 86.9538471743506, 3.141490575909949), spe_form=('skew', 8, 1), z=0.0, grad=('linear', 3.141490575909949, 143.8598861845975)
+++ Source 'observed-H2C18O' added
 |- Component added to 'observed-H2C18O' (observed-H2C18O-c1)
 ---+ Model: mol_list = ['H2C18O'] @ spa_form=('normal', 143.21885724638037, 67.96104993614384, 0.23765056163273632), spe_form=('skew', 8, 1), z=0.0, grad=('linear', 0.23765056163273632, 76.37975853755799)
[*] Generating cube observerd
  |- Angular Coordinates (deg): ra=0 dec=0
  |- FOV (arcsec): ra=[-0.002777777777777778, 0.002777777777777778] dec=[-0.002777777777777778, 0.002777777777777778]
!!! WARNING: max ALMA bandwidth exceeded
  |- Spectral (MHz): center=604000 bandwidth=[602000.0, 606000.0]
  |- Cube size: 2 x 2 x 4000 
  |- Band: 9
*** Source: observed-H2C18O
  |- Projecting observed-H2C18O-c1
   --+ Generating template image
   --+ Generating template line distribution
   --+ Loading and correcting lines
      |- Projecting Formaldehyde (H2C18O) around 603231.51 Mhz, at 0.733502809889 K
*** Source: observed-H13CNv2=1
  |- Projecting observed-H13CNv2=1-c1
   --+ Generating template image
   --+ Generating template line distribution
   --+ Loading and correcting lines
*** Source: observed-34SO2v=0
  |- Projecting observed-34SO2v=0-c1
   --+ Generating template image
   --+ Generating template line distribution
   --+ Loading and correcting lines
      |- Projecting Sulfur Dioxide (34SO2v=0) around 604080.004 Mhz, at 0.587698086368 K
      |- Projecting Sulfur Dioxide (34SO2v=0) around 604376.563 Mhz, at 0.805635272146 K
      |- Projecting Sulfur Dioxide (34SO2v=0) around 605499.8855 Mhz, at 0.845420517551 K
*** Source: observed-CH3OHvt=0
  |- Projecting observed-CH3OHvt=0-c1
   --+ Generating template image
   --+ Generating template line distribution
   --+ Loading and correcting lines
      |- Projecting Methanol (CH3OHvt=0) around 602233.197 Mhz, at 0.78829189168 K
      |- Projecting Methanol (CH3OHvt=0) around 605587.005 Mhz, at 0.70203973771 K
*** Source: observed-HC15Nv=0
  |- Projecting observed-HC15Nv=0-c1
   --+ Generating template image
   --+ Generating template line distribution
   --+ Loading and correcting lines
*** Source: observed-SO2v=0
  |- Projecting observed-SO2v=0-c1
   --+ Generating template image
   --+ Generating template line distribution
   --+ Loading and correcting lines
      |- Projecting Sulfur dioxide (SO2v=0) around 604367.4364 Mhz, at 0.910453652761 K
      |- Projecting Sulfur dioxide (SO2v=0) around 604406.5377 Mhz, at 0.868013986615 K
      |- Projecting Sulfur dioxide (SO2v=0) around 605532.5228 Mhz, at 1.10295596422 K
   -++ Saving FITS: data-skew/cube_variable_width_37.fits
