+++ Source 'observed-SO2v=0' added
 |- Component added to 'observed-SO2v=0' (observed-SO2v=0-c1)
 ---+ Model: mol_list = ['SO2v=0'] @ spa_form=('normal', 103.70639552235579, 41.04232894892826, 1.0947609768802047), spe_form=('skew', 8, 1), z=0.0, grad=('linear', 1.0947609768802047, 88.66378651312723)
+++ Source 'observed-34SO2v=0' added
 |- Component added to 'observed-34SO2v=0' (observed-34SO2v=0-c1)
 ---+ Model: mol_list = ['34SO2v=0'] @ spa_form=('normal', 114.15453003994674, 75.13793546473259, 1.4829983692867925), spe_form=('skew', 8, 1), z=0.0, grad=('linear', 1.4829983692867925, 39.92437024765266)
+++ Source 'observed-OS18O' added
 |- Component added to 'observed-OS18O' (observed-OS18O-c1)
 ---+ Model: mol_list = ['OS18O'] @ spa_form=('normal', 56.438847453776134, 44.70927213433407, 2.734647419538027), spe_form=('skew', 8, 1), z=0.0, grad=('linear', 2.734647419538027, 125.68775663837442)
+++ Source 'observed-H13CNv2=1' added
 |- Component added to 'observed-H13CNv2=1' (observed-H13CNv2=1-c1)
 ---+ Model: mol_list = ['H13CNv2=1'] @ spa_form=('normal', 148.0476289737098, 58.459821485579, 0.14044362282364017), spe_form=('skew', 8, 1), z=0.0, grad=('linear', 0.14044362282364017, 114.83927004388063)
+++ Source 'observed-H13CNv=0' added
 |- Component added to 'observed-H13CNv=0' (observed-H13CNv=0-c1)
 ---+ Model: mol_list = ['H13CNv=0'] @ spa_form=('normal', 65.441970995496, 68.15329378377798, 2.098968792640035), spe_form=('skew', 8, 1), z=0.0, grad=('linear', 2.098968792640035, 77.96388012983321)
+++ Source 'observed-H213CS' added
 |- Component added to 'observed-H213CS' (observed-H213CS-c1)
 ---+ Model: mol_list = ['H213CS'] @ spa_form=('normal', 118.96299577476644, 49.66895171044055, 1.9933461186150099), spe_form=('skew', 8, 1), z=0.0, grad=('linear', 1.9933461186150099, 22.424317648335816)
+++ Source 'observed-H213CO' added
 |- Component added to 'observed-H213CO' (observed-H213CO-c1)
 ---+ Model: mol_list = ['H213CO'] @ spa_form=('normal', 107.38318181545532, 61.11678266387389, 1.0128070994663088), spe_form=('skew', 8, 1), z=0.0, grad=('linear', 1.0128070994663088, 86.7322800399996)
[*] Generating cube observerd
  |- Angular Coordinates (deg): ra=0 dec=0
  |- FOV (arcsec): ra=[-0.002777777777777778, 0.002777777777777778] dec=[-0.002777777777777778, 0.002777777777777778]
!!! WARNING: max ALMA bandwidth exceeded
  |- Spectral (MHz): center=604000 bandwidth=[602000.0, 606000.0]
  |- Cube size: 2 x 2 x 4000 
  |- Band: 9
*** Source: observed-OS18O
  |- Projecting observed-OS18O-c1
   --+ Generating template image
   --+ Generating template line distribution
   --+ Loading and correcting lines
      |- Projecting Sulfur Dioxide (OS18O) around 602313.3835 Mhz, at 0.765302547471 K
      |- Projecting Sulfur Dioxide (OS18O) around 603090.155 Mhz, at 0.623928935125 K
      |- Projecting Sulfur Dioxide (OS18O) around 603608.7849 Mhz, at 0.535832337625 K
*** Source: observed-H213CS
  |- Projecting observed-H213CS-c1
   --+ Generating template image
   --+ Generating template line distribution
   --+ Loading and correcting lines
      |- Projecting Thioformaldehyde (H213CS) around 602149.9892 Mhz, at 1.36799122157 K
*** Source: observed-H13CNv2=1
  |- Projecting observed-H13CNv2=1-c1
   --+ Generating template image
   --+ Generating template line distribution
   --+ Loading and correcting lines
*** Source: observed-34SO2v=0
  |- Projecting observed-34SO2v=0-c1
   --+ Generating template image
   --+ Generating template line distribution
   --+ Loading and correcting lines
      |- Projecting Sulfur Dioxide (34SO2v=0) around 602815.8891 Mhz, at 0.549413224569 K
      |- Projecting Sulfur Dioxide (34SO2v=0) around 604080.004 Mhz, at 0.855871325618 K
      |- Projecting Sulfur Dioxide (34SO2v=0) around 604376.563 Mhz, at 1.17325569766 K
      |- Projecting Sulfur Dioxide (34SO2v=0) around 605499.8855 Mhz, at 1.23119539751 K
      |- Projecting Sulfur Dioxide (34SO2v=0) around 605924.403 Mhz, at 0.571459650324 K
*** Source: observed-H13CNv=0
  |- Projecting observed-H13CNv=0-c1
   --+ Generating template image
   --+ Generating template line distribution
   --+ Loading and correcting lines
*** Source: observed-H213CO
  |- Projecting observed-H213CO-c1
   --+ Generating template image
   --+ Generating template line distribution
   --+ Loading and correcting lines
      |- Projecting Formaldehyde (H213CO) around 602083.584 Mhz, at 0.745709230918 K
*** Source: observed-SO2v=0
  |- Projecting observed-SO2v=0-c1
   --+ Generating template image
   --+ Generating template line distribution
   --+ Loading and correcting lines
   -++ Saving FITS: data-skew/cube_fixed_width_16.fits
