+++ Source 'observed-SO2v=0' added
 |- Component added to 'observed-SO2v=0' (observed-SO2v=0-c1)
 ---+ Model: mol_list = ['SO2v=0'] @ spa_form=('normal', 136.53558484720048, 96.18500626360097, 0.49412841711241384), spe_form=('skew', 8, 1), z=0.0, grad=('linear', 0.49412841711241384, 65.72404505347217)
+++ Source 'observed-33SO2' added
 |- Component added to 'observed-33SO2' (observed-33SO2-c1)
 ---+ Model: mol_list = ['33SO2'] @ spa_form=('normal', 135.8748516513138, 57.59478293950909, 2.654040783143332), spe_form=('skew', 8, 1), z=0.0, grad=('linear', 2.654040783143332, 53.8630230025697)
+++ Source 'observed-SO2v2=1' added
 |- Component added to 'observed-SO2v2=1' (observed-SO2v2=1-c1)
 ---+ Model: mol_list = ['SO2v2=1'] @ spa_form=('normal', 68.4196311807265, 53.619011106258974, 1.6882912629693658), spe_form=('skew', 8, 1), z=0.0, grad=('linear', 1.6882912629693658, 138.98457137035578)
+++ Source 'observed-H13CNv2=1' added
 |- Component added to 'observed-H13CNv2=1' (observed-H13CNv2=1-c1)
 ---+ Model: mol_list = ['H13CNv2=1'] @ spa_form=('normal', 121.48391001622736, 81.48081967942339, 2.0436216412411956), spe_form=('skew', 8, 1), z=0.0, grad=('linear', 2.0436216412411956, 140.21548896369555)
+++ Source 'observed-H2C34S' added
 |- Component added to 'observed-H2C34S' (observed-H2C34S-c1)
 ---+ Model: mol_list = ['H2C34S'] @ spa_form=('normal', 135.49968165799424, 91.95526649907538, 0.6160177914129713), spe_form=('skew', 8, 1), z=0.0, grad=('linear', 0.6160177914129713, 107.32141237445006)
+++ Source 'observed-H2C18O' added
 |- Component added to 'observed-H2C18O' (observed-H2C18O-c1)
 ---+ Model: mol_list = ['H2C18O'] @ spa_form=('normal', 124.92837613797143, 94.47278044714528, 0.6709615945797833), spe_form=('skew', 8, 1), z=0.0, grad=('linear', 0.6709615945797833, 34.903580666070006)
+++ Source 'observed-H213CO' added
 |- Component added to 'observed-H213CO' (observed-H213CO-c1)
 ---+ Model: mol_list = ['H213CO'] @ spa_form=('normal', 112.84695750222744, 49.82935610255353, 1.6187646985605568), spe_form=('skew', 8, 1), z=0.0, grad=('linear', 1.6187646985605568, 148.07924547178968)
[*] Generating cube observerd
  |- Angular Coordinates (deg): ra=0 dec=0
  |- FOV (arcsec): ra=[-0.002777777777777778, 0.002777777777777778] dec=[-0.002777777777777778, 0.002777777777777778]
!!! WARNING: max ALMA bandwidth exceeded
  |- Spectral (MHz): center=604000 bandwidth=[602000.0, 606000.0]
  |- Cube size: 2 x 2 x 4000 
  |- Band: 9
*** Source: observed-H2C18O
  |- Projecting observed-H2C18O-c1
   --+ Generating template image
   --+ Generating template line distribution
   --+ Loading and correcting lines
      |- Projecting Formaldehyde (H2C18O) around 603231.51 Mhz, at 0.65590403035 K
*** Source: observed-H13CNv2=1
  |- Projecting observed-H13CNv2=1-c1
   --+ Generating template image
   --+ Generating template line distribution
   --+ Loading and correcting lines
*** Source: observed-H2C34S
  |- Projecting observed-H2C34S-c1
   --+ Generating template image
   --+ Generating template line distribution
   --+ Loading and correcting lines
*** Source: observed-33SO2
  |- Projecting observed-33SO2-c1
   --+ Generating template image
   --+ Generating template line distribution
   --+ Loading and correcting lines
*** Source: observed-SO2v2=1
  |- Projecting observed-SO2v2=1-c1
   --+ Generating template image
   --+ Generating template line distribution
   --+ Loading and correcting lines
*** Source: observed-H213CO
  |- Projecting observed-H213CO-c1
   --+ Generating template image
   --+ Generating template line distribution
   --+ Loading and correcting lines
      |- Projecting Formaldehyde (H213CO) around 602083.584 Mhz, at 0.762450489571 K
*** Source: observed-SO2v=0
  |- Projecting observed-SO2v=0-c1
   --+ Generating template image
   --+ Generating template line distribution
   --+ Loading and correcting lines
      |- Projecting Sulfur dioxide (SO2v=0) around 604367.4364 Mhz, at 0.729023690771 K
      |- Projecting Sulfur dioxide (SO2v=0) around 604406.5377 Mhz, at 0.695041156948 K
      |- Projecting Sulfur dioxide (SO2v=0) around 605532.5228 Mhz, at 0.883165249931 K
   -++ Saving FITS: data-skew/cube_fixed_width_2.fits
