+++ Source 'observed-CH3OHvt=0' added
 |- Component added to 'observed-CH3OHvt=0' (observed-CH3OHvt=0-c1)
 ---+ Model: mol_list = ['CH3OHvt=0'] @ spa_form=('normal', 132.4433842975962, 52.291492442086074, 1.6314104005275234), spe_form=('skew', 8, 1), z=0.0, grad=('linear', 1.6314104005275234, 117.18855052349551)
+++ Source 'observed-SO2v=0' added
 |- Component added to 'observed-SO2v=0' (observed-SO2v=0-c1)
 ---+ Model: mol_list = ['SO2v=0'] @ spa_form=('normal', 130.27681387703024, 52.82138404319034, 0.19420122252138325), spe_form=('skew', 8, 1), z=0.0, grad=('linear', 0.19420122252138325, 145.14819559511787)
+++ Source 'observed-33SO2' added
 |- Component added to 'observed-33SO2' (observed-33SO2-c1)
 ---+ Model: mol_list = ['33SO2'] @ spa_form=('normal', 131.7119639231221, 67.72248363427501, 0.9550438122624201), spe_form=('skew', 8, 1), z=0.0, grad=('linear', 0.9550438122624201, 75.24909444615297)
+++ Source 'observed-OS18O' added
 |- Component added to 'observed-OS18O' (observed-OS18O-c1)
 ---+ Model: mol_list = ['OS18O'] @ spa_form=('normal', 126.1809965946652, 52.25644035072381, 1.5404191982545596), spe_form=('skew', 8, 1), z=0.0, grad=('linear', 1.5404191982545596, 118.42912666399724)
+++ Source 'observed-HC15Nv=0' added
 |- Component added to 'observed-HC15Nv=0' (observed-HC15Nv=0-c1)
 ---+ Model: mol_list = ['HC15Nv=0'] @ spa_form=('normal', 87.31954063742106, 99.09369530207454, 2.9390115260764116), spe_form=('skew', 8, 1), z=0.0, grad=('linear', 2.9390115260764116, 111.9661516798073)
+++ Source 'observed-H13CNv2=1' added
 |- Component added to 'observed-H13CNv2=1' (observed-H13CNv2=1-c1)
 ---+ Model: mol_list = ['H13CNv2=1'] @ spa_form=('normal', 110.43070186983215, 40.871109736866465, 2.8359650836182464), spe_form=('skew', 8, 1), z=0.0, grad=('linear', 2.8359650836182464, 25.282152904047706)
+++ Source 'observed-H213CO' added
 |- Component added to 'observed-H213CO' (observed-H213CO-c1)
 ---+ Model: mol_list = ['H213CO'] @ spa_form=('normal', 86.84589572668337, 43.65646489593082, 0.5583010894430369), spe_form=('skew', 8, 1), z=0.0, grad=('linear', 0.5583010894430369, 101.36931622419614)
[*] Generating cube observerd
  |- Angular Coordinates (deg): ra=0 dec=0
  |- FOV (arcsec): ra=[-0.002777777777777778, 0.002777777777777778] dec=[-0.002777777777777778, 0.002777777777777778]
!!! WARNING: max ALMA bandwidth exceeded
  |- Spectral (MHz): center=277000 bandwidth=[275000.0, 279000.0]
  |- Cube size: 2 x 2 x 4000 
  |- Band: 7
*** Source: observed-OS18O
  |- Projecting observed-OS18O-c1
   --+ Generating template image
   --+ Generating template line distribution
   --+ Loading and correcting lines
      |- Projecting Sulfur Dioxide (OS18O) around 275207.6031 Mhz, at 0.30367083022 K
      |- Projecting Sulfur Dioxide (OS18O) around 275282.0764 Mhz, at 0.562714795261 K
      |- Projecting Sulfur Dioxide (OS18O) around 275454.6038 Mhz, at 0.253069457367 K
      |- Projecting Sulfur Dioxide (OS18O) around 275552.9984 Mhz, at 0.698088477108 K
      |- Projecting Sulfur Dioxide (OS18O) around 275646.3336 Mhz, at 0.124812134914 K
      |- Projecting Sulfur Dioxide (OS18O) around 276002.289 Mhz, at 0.736794376633 K
      |- Projecting Sulfur Dioxide (OS18O) around 276274.7786 Mhz, at 0.452211286866 K
      |- Projecting Sulfur Dioxide (OS18O) around 276277.2242 Mhz, at 0.298451175343 K
      |- Projecting Sulfur Dioxide (OS18O) around 277080.9497 Mhz, at 0.489828641849 K
      |- Projecting Sulfur Dioxide (OS18O) around 277088.3147 Mhz, at 0.489828152021 K
      |- Projecting Sulfur Dioxide (OS18O) around 278393.6459 Mhz, at 0.337335646858 K
*** Source: observed-H13CNv2=1
  |- Projecting observed-H13CNv2=1-c1
   --+ Generating template image
   --+ Generating template line distribution
   --+ Loading and correcting lines
*** Source: observed-33SO2
  |- Projecting observed-33SO2-c1
   --+ Generating template image
   --+ Generating template line distribution
   --+ Loading and correcting lines
*** Source: observed-CH3OHvt=0
  |- Projecting observed-CH3OHvt=0-c1
   --+ Generating template image
   --+ Generating template line distribution
   --+ Loading and correcting lines
      |- Projecting Methanol (CH3OHvt=0) around 276648.18 Mhz, at 0.47296357549 K
      |- Projecting Methanol (CH3OHvt=0) around 276925.919 Mhz, at 0.341537874141 K
      |- Projecting Methanol (CH3OHvt=0) around 277940.773 Mhz, at 0.151797993189 K
      |- Projecting Methanol (CH3OHvt=0) around 278186.616 Mhz, at 0.151803817283 K
      |- Projecting Methanol (CH3OHvt=0) around 278304.51 Mhz, at 0.247039591051 K
      |- Projecting Methanol (CH3OHvt=0) around 278342.257 Mhz, at 0.191046600145 K
      |- Projecting Methanol (CH3OHvt=0) around 278480.23 Mhz, at 0.211606569179 K
      |- Projecting Methanol (CH3OHvt=0) around 278599.055 Mhz, at 0.445819878883 K
      |- Projecting Methanol (CH3OHvt=0) around 278672.92 Mhz, at 0.232812686917 K
      |- Projecting Methanol (CH3OHvt=0) around 278723.25 Mhz, at 0.23281492193 K
*** Source: observed-HC15Nv=0
  |- Projecting observed-HC15Nv=0-c1
   --+ Generating template image
   --+ Generating template line distribution
   --+ Loading and correcting lines
*** Source: observed-H213CO
  |- Projecting observed-H213CO-c1
   --+ Generating template image
   --+ Generating template line distribution
   --+ Loading and correcting lines
*** Source: observed-SO2v=0
  |- Projecting observed-SO2v=0-c1
   --+ Generating template image
   --+ Generating template line distribution
   --+ Loading and correcting lines
      |- Projecting Sulfur dioxide (SO2v=0) around 275240.184 Mhz, at 0.457856191634 K
      |- Projecting Sulfur dioxide (SO2v=0) around 275375.7013 Mhz, at 0.216455657107 K
      |- Projecting Sulfur dioxide (SO2v=0) around 276254.5765 Mhz, at 0.453242790258 K
      |- Projecting Sulfur dioxide (SO2v=0) around 276558.3672 Mhz, at 0.175264251353 K
      |- Projecting Sulfur dioxide (SO2v=0) around 278250.9723 Mhz, at 0.785941825299 K
   -++ Saving FITS: data-skew/cube_variable_width_97.fits
