+++ Source 'observed-SO2v2=1' added
 |- Component added to 'observed-SO2v2=1' (observed-SO2v2=1-c1)
 ---+ Model: mol_list = ['SO2v2=1'] @ spa_form=('normal', 57.07481807543727, 63.018306338173865, 1.0220224364771993), spe_form=('skew', 8, 1), z=0.0, grad=('linear', 1.0220224364771993, 24.625832692669572)
+++ Source 'observed-OS18O' added
 |- Component added to 'observed-OS18O' (observed-OS18O-c1)
 ---+ Model: mol_list = ['OS18O'] @ spa_form=('normal', 67.79687209181921, 51.36113392765365, 2.7802086485578617), spe_form=('skew', 8, 1), z=0.0, grad=('linear', 2.7802086485578617, 63.42652358198498)
+++ Source 'observed-OS17O' added
 |- Component added to 'observed-OS17O' (observed-OS17O-c1)
 ---+ Model: mol_list = ['OS17O'] @ spa_form=('normal', 89.17371490452015, 43.31762843264638, 2.6991533367984495), spe_form=('skew', 8, 1), z=0.0, grad=('linear', 2.6991533367984495, 97.84920681936751)
+++ Source 'observed-HC15Nv=0' added
 |- Component added to 'observed-HC15Nv=0' (observed-HC15Nv=0-c1)
 ---+ Model: mol_list = ['HC15Nv=0'] @ spa_form=('normal', 121.11150317612923, 68.29417380094307, 0.1117618894954112), spe_form=('skew', 8, 1), z=0.0, grad=('linear', 0.1117618894954112, 113.26262942772783)
[*] Generating cube observerd
  |- Angular Coordinates (deg): ra=0 dec=0
  |- FOV (arcsec): ra=[-0.002777777777777778, 0.002777777777777778] dec=[-0.002777777777777778, 0.002777777777777778]
!!! WARNING: max ALMA bandwidth exceeded
  |- Spectral (MHz): center=277000 bandwidth=[275000.0, 279000.0]
  |- Cube size: 2 x 2 x 4000 
  |- Band: 7
*** Source: observed-SO2v2=1
  |- Projecting observed-SO2v2=1-c1
   --+ Generating template image
   --+ Generating template line distribution
   --+ Loading and correcting lines
      |- Projecting Sulfur dioxide (SO2v2=1) around 275061.7269 Mhz, at 0.227565590975 K
      |- Projecting Sulfur dioxide (SO2v2=1) around 278755.1244 Mhz, at 0.181918589303 K
      |- Projecting Sulfur dioxide (SO2v2=1) around 278849.6017 Mhz, at 0.212158175817 K
*** Source: observed-OS17O
  |- Projecting observed-OS17O-c1
   --+ Generating template image
   --+ Generating template line distribution
   --+ Loading and correcting lines
      |- Projecting Sulfur Dioxide (OS17O) around 275054.7862 Mhz, at 1.02045459274 K
      |- Projecting Sulfur Dioxide (OS17O) around 275142.6319 Mhz, at 1.26904046284 K
      |- Projecting Sulfur Dioxide (OS17O) around 275151.3474 Mhz, at 1.26903860158 K
      |- Projecting Sulfur Dioxide (OS17O) around 275431.4561 Mhz, at 1.11494462556 K
      |- Projecting Sulfur Dioxide (OS17O) around 275846.0173 Mhz, at 0.354787914198 K
      |- Projecting Sulfur Dioxide (OS17O) around 276201.24 Mhz, at 0.750573729048 K
      |- Projecting Sulfur Dioxide (OS17O) around 277061.5867 Mhz, at 0.944955452482 K
      |- Projecting Sulfur Dioxide (OS17O) around 277269.543 Mhz, at 0.166606901229 K
      |- Projecting Sulfur Dioxide (OS17O) around 277365.4535 Mhz, at 1.1738572727 K
*** Source: observed-HC15Nv=0
  |- Projecting observed-HC15Nv=0-c1
   --+ Generating template image
   --+ Generating template line distribution
   --+ Loading and correcting lines
*** Source: observed-OS18O
  |- Projecting observed-OS18O-c1
   --+ Generating template image
   --+ Generating template line distribution
   --+ Loading and correcting lines
      |- Projecting Sulfur Dioxide (OS18O) around 275207.6031 Mhz, at 0.363730009818 K
      |- Projecting Sulfur Dioxide (OS18O) around 275282.0764 Mhz, at 0.674006976096 K
      |- Projecting Sulfur Dioxide (OS18O) around 275454.6038 Mhz, at 0.303120836948 K
      |- Projecting Sulfur Dioxide (OS18O) around 275552.9984 Mhz, at 0.836154491522 K
      |- Projecting Sulfur Dioxide (OS18O) around 275646.3336 Mhz, at 0.149497134858 K
      |- Projecting Sulfur Dioxide (OS18O) around 276002.289 Mhz, at 0.882515537146 K
      |- Projecting Sulfur Dioxide (OS18O) around 276274.7786 Mhz, at 0.541648388463 K
      |- Projecting Sulfur Dioxide (OS18O) around 276277.2242 Mhz, at 0.35747802599 K
      |- Projecting Sulfur Dioxide (OS18O) around 277080.9497 Mhz, at 0.586705600206 K
      |- Projecting Sulfur Dioxide (OS18O) around 277088.3147 Mhz, at 0.586705013501 K
      |- Projecting Sulfur Dioxide (OS18O) around 278393.6459 Mhz, at 0.404052961079 K
   -++ Saving FITS: data-skew/cube_variable_width_89.fits
