+++ Source 'observed-CH3OHvt=0' added
 |- Component added to 'observed-CH3OHvt=0' (observed-CH3OHvt=0-c1)
 ---+ Model: mol_list = ['CH3OHvt=0'] @ spa_form=('normal', 141.8043307118343, 48.01677367564893, 1.4916385781891), spe_form=('skew', 8, 1), z=0.0, grad=('linear', 1.4916385781891, 80.37133414879263)
+++ Source 'observed-SO2v=0' added
 |- Component added to 'observed-SO2v=0' (observed-SO2v=0-c1)
 ---+ Model: mol_list = ['SO2v=0'] @ spa_form=('normal', 78.4571217755535, 73.67664188785807, 2.2667532494574147), spe_form=('skew', 8, 1), z=0.0, grad=('linear', 2.2667532494574147, 61.02227832273464)
+++ Source 'observed-33SO2' added
 |- Component added to 'observed-33SO2' (observed-33SO2-c1)
 ---+ Model: mol_list = ['33SO2'] @ spa_form=('normal', 132.32092561837976, 66.80494746312964, 1.5213411120206741), spe_form=('skew', 8, 1), z=0.0, grad=('linear', 1.5213411120206741, 62.030044269346604)
+++ Source 'observed-HC15Nv=0' added
 |- Component added to 'observed-HC15Nv=0' (observed-HC15Nv=0-c1)
 ---+ Model: mol_list = ['HC15Nv=0'] @ spa_form=('normal', 92.91373551283175, 91.70288560016255, 2.741875848964965), spe_form=('skew', 8, 1), z=0.0, grad=('linear', 2.741875848964965, 119.92212392957549)
+++ Source 'observed-H13CNv=0' added
 |- Component added to 'observed-H13CNv=0' (observed-H13CNv=0-c1)
 ---+ Model: mol_list = ['H13CNv=0'] @ spa_form=('normal', 98.2850853679453, 65.9889289358072, 2.2763595166246264), spe_form=('skew', 8, 1), z=0.0, grad=('linear', 2.2763595166246264, 24.7523042073964)
+++ Source 'observed-H2C34S' added
 |- Component added to 'observed-H2C34S' (observed-H2C34S-c1)
 ---+ Model: mol_list = ['H2C34S'] @ spa_form=('normal', 97.30277352527398, 80.61129787330594, 0.3682759304168069), spe_form=('skew', 8, 1), z=0.0, grad=('linear', 0.3682759304168069, 91.42865050309085)
+++ Source 'observed-H2C18O' added
 |- Component added to 'observed-H2C18O' (observed-H2C18O-c1)
 ---+ Model: mol_list = ['H2C18O'] @ spa_form=('normal', 92.17861494880233, 94.37096767420425, 1.7299340120764672), spe_form=('skew', 8, 1), z=0.0, grad=('linear', 1.7299340120764672, 139.86757763186523)
+++ Source 'observed-H213CO' added
 |- Component added to 'observed-H213CO' (observed-H213CO-c1)
 ---+ Model: mol_list = ['H213CO'] @ spa_form=('normal', 94.78473873781834, 52.48045858920169, 0.688173738378739), spe_form=('skew', 8, 1), z=0.0, grad=('linear', 0.688173738378739, 77.69635849100995)
[*] Generating cube observerd
  |- Angular Coordinates (deg): ra=0 dec=0
  |- FOV (arcsec): ra=[-0.002777777777777778, 0.002777777777777778] dec=[-0.002777777777777778, 0.002777777777777778]
!!! WARNING: max ALMA bandwidth exceeded
  |- Spectral (MHz): center=277000 bandwidth=[275000.0, 279000.0]
  |- Cube size: 2 x 2 x 4000 
  |- Band: 7
*** Source: observed-H2C18O
  |- Projecting observed-H2C18O-c1
   --+ Generating template image
   --+ Generating template line distribution
   --+ Loading and correcting lines
      |- Projecting Formaldehyde (H2C18O) around 277062.652 Mhz, at 0.275304745677 K
      |- Projecting Formaldehyde (H2C18O) around 277562.802 Mhz, at 0.322493436321 K
      |- Projecting Formaldehyde (H2C18O) around 277675.2025 Mhz, at 0.392935463564 K
      |- Projecting Formaldehyde (H2C18O) around 277678.1029 Mhz, at 0.392935463564 K
      |- Projecting Formaldehyde (H2C18O) around 277853.3599 Mhz, at 0.199093059322 K
      |- Projecting Formaldehyde (H2C18O) around 278145.446 Mhz, at 0.322508443365 K
*** Source: observed-H13CNv=0
  |- Projecting observed-H13CNv=0-c1
   --+ Generating template image
   --+ Generating template line distribution
   --+ Loading and correcting lines
*** Source: observed-H2C34S
  |- Projecting observed-H2C34S-c1
   --+ Generating template image
   --+ Generating template line distribution
   --+ Loading and correcting lines
      |- Projecting Thioformaldehyde (H2C34S) around 277295.9149 Mhz, at 0.507221103217 K
*** Source: observed-33SO2
  |- Projecting observed-33SO2-c1
   --+ Generating template image
   --+ Generating template line distribution
   --+ Loading and correcting lines
*** Source: observed-CH3OHvt=0
  |- Projecting observed-CH3OHvt=0-c1
   --+ Generating template image
   --+ Generating template line distribution
   --+ Loading and correcting lines
      |- Projecting Methanol (CH3OHvt=0) around 276648.18 Mhz, at 0.308008476301 K
      |- Projecting Methanol (CH3OHvt=0) around 276925.919 Mhz, at 0.222420003706 K
      |- Projecting Methanol (CH3OHvt=0) around 278304.51 Mhz, at 0.160879805484 K
      |- Projecting Methanol (CH3OHvt=0) around 278342.257 Mhz, at 0.124415441828 K
      |- Projecting Methanol (CH3OHvt=0) around 278480.23 Mhz, at 0.137804728156 K
      |- Projecting Methanol (CH3OHvt=0) around 278599.055 Mhz, at 0.2903316634 K
      |- Projecting Methanol (CH3OHvt=0) around 278672.92 Mhz, at 0.151614806461 K
      |- Projecting Methanol (CH3OHvt=0) around 278723.25 Mhz, at 0.15161626197 K
*** Source: observed-HC15Nv=0
  |- Projecting observed-HC15Nv=0-c1
   --+ Generating template image
   --+ Generating template line distribution
   --+ Loading and correcting lines
*** Source: observed-H213CO
  |- Projecting observed-H213CO-c1
   --+ Generating template image
   --+ Generating template line distribution
   --+ Loading and correcting lines
*** Source: observed-SO2v=0
  |- Projecting observed-SO2v=0-c1
   --+ Generating template image
   --+ Generating template line distribution
   --+ Loading and correcting lines
      |- Projecting Sulfur dioxide (SO2v=0) around 275240.184 Mhz, at 1.010373642 K
      |- Projecting Sulfur dioxide (SO2v=0) around 275375.7013 Mhz, at 0.477663280742 K
      |- Projecting Sulfur dioxide (SO2v=0) around 276254.5765 Mhz, at 1.00019302365 K
      |- Projecting Sulfur dioxide (SO2v=0) around 276301.2521 Mhz, at 0.161092878542 K
      |- Projecting Sulfur dioxide (SO2v=0) around 276558.3672 Mhz, at 0.386764191877 K
      |- Projecting Sulfur dioxide (SO2v=0) around 278250.9723 Mhz, at 1.73437624944 K
   -++ Saving FITS: data-skew/cube_variable_width_79.fits
