+++ Source 'observed-CH3OHvt=0' added
 |- Component added to 'observed-CH3OHvt=0' (observed-CH3OHvt=0-c1)
 ---+ Model: mol_list = ['CH3OHvt=0'] @ spa_form=('normal', 136.9462670000037, 60.935799223309544, 1.0429495552751655), spe_form=('skew', 8, 1), z=0.0, grad=('linear', 1.0429495552751655, 105.42607441746645)
+++ Source 'observed-SO2v=0' added
 |- Component added to 'observed-SO2v=0' (observed-SO2v=0-c1)
 ---+ Model: mol_list = ['SO2v=0'] @ spa_form=('normal', 84.81341736559412, 43.40815460479976, 1.5401425645817808), spe_form=('skew', 8, 1), z=0.0, grad=('linear', 1.5401425645817808, 78.65386760381024)
+++ Source 'observed-33SO2' added
 |- Component added to 'observed-33SO2' (observed-33SO2-c1)
 ---+ Model: mol_list = ['33SO2'] @ spa_form=('normal', 112.51691849455375, 55.797487108334515, 1.5750704453586433), spe_form=('skew', 8, 1), z=0.0, grad=('linear', 1.5750704453586433, 141.22945388470316)
+++ Source 'observed-OS18O' added
 |- Component added to 'observed-OS18O' (observed-OS18O-c1)
 ---+ Model: mol_list = ['OS18O'] @ spa_form=('normal', 129.26342364839158, 99.96957823326207, 0.42089659424140535), spe_form=('skew', 8, 1), z=0.0, grad=('linear', 0.42089659424140535, 12.403385448467631)
+++ Source 'observed-HC15Nv=0' added
 |- Component added to 'observed-HC15Nv=0' (observed-HC15Nv=0-c1)
 ---+ Model: mol_list = ['HC15Nv=0'] @ spa_form=('normal', 139.7588107601196, 82.36726345320085, 2.0499708882988297), spe_form=('skew', 8, 1), z=0.0, grad=('linear', 2.0499708882988297, 52.84834277445544)
+++ Source 'observed-H13CNv2=1' added
 |- Component added to 'observed-H13CNv2=1' (observed-H13CNv2=1-c1)
 ---+ Model: mol_list = ['H13CNv2=1'] @ spa_form=('normal', 147.6446844374131, 64.62386021144863, 1.908254723408903), spe_form=('skew', 8, 1), z=0.0, grad=('linear', 1.908254723408903, 78.99713522268011)
+++ Source 'observed-H213CO' added
 |- Component added to 'observed-H213CO' (observed-H213CO-c1)
 ---+ Model: mol_list = ['H213CO'] @ spa_form=('normal', 98.65627587874638, 64.22318702885858, 2.862859666086966), spe_form=('skew', 8, 1), z=0.0, grad=('linear', 2.862859666086966, 33.79271956589243)
[*] Generating cube observerd
  |- Angular Coordinates (deg): ra=0 dec=0
  |- FOV (arcsec): ra=[-0.002777777777777778, 0.002777777777777778] dec=[-0.002777777777777778, 0.002777777777777778]
!!! WARNING: max ALMA bandwidth exceeded
  |- Spectral (MHz): center=277000 bandwidth=[275000.0, 279000.0]
  |- Cube size: 2 x 2 x 4000 
  |- Band: 7
*** Source: observed-OS18O
  |- Projecting observed-OS18O-c1
   --+ Generating template image
   --+ Generating template line distribution
   --+ Loading and correcting lines
      |- Projecting Sulfur Dioxide (OS18O) around 275207.6031 Mhz, at 0.544643256387 K
      |- Projecting Sulfur Dioxide (OS18O) around 275282.0764 Mhz, at 1.00924681599 K
      |- Projecting Sulfur Dioxide (OS18O) around 275454.6038 Mhz, at 0.453888090775 K
      |- Projecting Sulfur Dioxide (OS18O) around 275552.9984 Mhz, at 1.25204380395 K
      |- Projecting Sulfur Dioxide (OS18O) around 275646.3336 Mhz, at 0.223854518878 K
      |- Projecting Sulfur Dioxide (OS18O) around 276002.289 Mhz, at 1.32146406122 K
      |- Projecting Sulfur Dioxide (OS18O) around 276274.7786 Mhz, at 0.811055272169 K
      |- Projecting Sulfur Dioxide (OS18O) around 276277.2242 Mhz, at 0.535281639971 K
      |- Projecting Sulfur Dioxide (OS18O) around 277080.9497 Mhz, at 0.87852319031 K
      |- Projecting Sulfur Dioxide (OS18O) around 277088.3147 Mhz, at 0.878522311787 K
      |- Projecting Sulfur Dioxide (OS18O) around 278393.6459 Mhz, at 0.605022171762 K
*** Source: observed-H13CNv2=1
  |- Projecting observed-H13CNv2=1-c1
   --+ Generating template image
   --+ Generating template line distribution
   --+ Loading and correcting lines
*** Source: observed-33SO2
  |- Projecting observed-33SO2-c1
   --+ Generating template image
   --+ Generating template line distribution
   --+ Loading and correcting lines
      |- Projecting Sulfur Dioxide (33SO2) around 275160.7805 Mhz, at 0.153636369714 K
      |- Projecting Sulfur Dioxide (33SO2) around 275160.8324 Mhz, at 0.153636369714 K
      |- Projecting Sulfur Dioxide (33SO2) around 275160.9909 Mhz, at 0.153636441411 K
      |- Projecting Sulfur Dioxide (33SO2) around 275161.0124 Mhz, at 0.153636441411 K
      |- Projecting Sulfur Dioxide (33SO2) around 275828.2515 Mhz, at 0.656793902652 K
      |- Projecting Sulfur Dioxide (33SO2) around 275828.3672 Mhz, at 0.656793902652 K
      |- Projecting Sulfur Dioxide (33SO2) around 275831.1722 Mhz, at 0.656793902652 K
      |- Projecting Sulfur Dioxide (33SO2) around 275831.2604 Mhz, at 0.656794209156 K
      |- Projecting Sulfur Dioxide (33SO2) around 276035.3021 Mhz, at 0.180243432743 K
      |- Projecting Sulfur Dioxide (33SO2) around 276035.3702 Mhz, at 0.180243432743 K
      |- Projecting Sulfur Dioxide (33SO2) around 276037.6419 Mhz, at 0.180243342622 K
      |- Projecting Sulfur Dioxide (33SO2) around 276037.6851 Mhz, at 0.180243432743 K
*** Source: observed-CH3OHvt=0
  |- Projecting observed-CH3OHvt=0-c1
   --+ Generating template image
   --+ Generating template line distribution
   --+ Loading and correcting lines
      |- Projecting Methanol (CH3OHvt=0) around 275663.705 Mhz, at 0.173853401578 K
      |- Projecting Methanol (CH3OHvt=0) around 276648.18 Mhz, at 1.05806469375 K
      |- Projecting Methanol (CH3OHvt=0) around 276925.919 Mhz, at 0.764052846633 K
      |- Projecting Methanol (CH3OHvt=0) around 277940.773 Mhz, at 0.339586609832 K
      |- Projecting Methanol (CH3OHvt=0) around 278186.616 Mhz, at 0.339599638888 K
      |- Projecting Methanol (CH3OHvt=0) around 278304.51 Mhz, at 0.552651161305 K
      |- Projecting Methanol (CH3OHvt=0) around 278342.257 Mhz, at 0.427389492447 K
      |- Projecting Methanol (CH3OHvt=0) around 278480.23 Mhz, at 0.473384106973 K
      |- Projecting Methanol (CH3OHvt=0) around 278599.055 Mhz, at 0.997341651793 K
      |- Projecting Methanol (CH3OHvt=0) around 278672.92 Mhz, at 0.520824217866 K
      |- Projecting Methanol (CH3OHvt=0) around 278723.25 Mhz, at 0.520829217803 K
      |- Projecting Methanol (CH3OHvt=0) around 278965.129 Mhz, at 0.266105086047 K
*** Source: observed-HC15Nv=0
  |- Projecting observed-HC15Nv=0-c1
   --+ Generating template image
   --+ Generating template line distribution
   --+ Loading and correcting lines
*** Source: observed-H213CO
  |- Projecting observed-H213CO-c1
   --+ Generating template image
   --+ Generating template line distribution
   --+ Loading and correcting lines
*** Source: observed-SO2v=0
  |- Projecting observed-SO2v=0-c1
   --+ Generating template image
   --+ Generating template line distribution
   --+ Loading and correcting lines
      |- Projecting Sulfur dioxide (SO2v=0) around 275240.184 Mhz, at 0.124938849933 K
      |- Projecting Sulfur dioxide (SO2v=0) around 276254.5765 Mhz, at 0.123679954514 K
      |- Projecting Sulfur dioxide (SO2v=0) around 278250.9723 Mhz, at 0.214466178598 K
   -++ Saving FITS: data-skew/cube_fixed_width_72.fits
