+++ Source 'observed-SO2v=0' added
 |- Component added to 'observed-SO2v=0' (observed-SO2v=0-c1)
 ---+ Model: mol_list = ['SO2v=0'] @ spa_form=('normal', 111.68044278138468, 52.202658972723356, 1.9556590905541476), spe_form=('skew', 8, 0), z=0.0, grad=('linear', 1.9556590905541476, 86.44759020267482)
+++ Source 'observed-34SO2v=0' added
 |- Component added to 'observed-34SO2v=0' (observed-34SO2v=0-c1)
 ---+ Model: mol_list = ['34SO2v=0'] @ spa_form=('normal', 81.90300698251555, 45.802134349819966, 0.7639399418417959), spe_form=('skew', 8, 0), z=0.0, grad=('linear', 0.7639399418417959, 52.46152325747432)
+++ Source 'observed-OS18O' added
 |- Component added to 'observed-OS18O' (observed-OS18O-c1)
 ---+ Model: mol_list = ['OS18O'] @ spa_form=('normal', 101.1820806921431, 54.755134578270145, 1.3607701110555732), spe_form=('skew', 8, 0), z=0.0, grad=('linear', 1.3607701110555732, 23.69287276647823)
+++ Source 'observed-H13CNv2=1' added
 |- Component added to 'observed-H13CNv2=1' (observed-H13CNv2=1-c1)
 ---+ Model: mol_list = ['H13CNv2=1'] @ spa_form=('normal', 79.4711838084997, 70.19787310591181, 1.55206732659008), spe_form=('skew', 8, 0), z=0.0, grad=('linear', 1.55206732659008, 38.838262088961486)
+++ Source 'observed-H13CNv=0' added
 |- Component added to 'observed-H13CNv=0' (observed-H13CNv=0-c1)
 ---+ Model: mol_list = ['H13CNv=0'] @ spa_form=('normal', 57.40035370971813, 79.37648592117908, 0.4751782109797908), spe_form=('skew', 8, 0), z=0.0, grad=('linear', 0.4751782109797908, 37.21530936413954)
+++ Source 'observed-H213CS' added
 |- Component added to 'observed-H213CS' (observed-H213CS-c1)
 ---+ Model: mol_list = ['H213CS'] @ spa_form=('normal', 52.46235533793063, 99.60899799847263, 1.2828409235309883), spe_form=('skew', 8, 0), z=0.0, grad=('linear', 1.2828409235309883, 58.98440802854115)
+++ Source 'observed-H213CO' added
 |- Component added to 'observed-H213CO' (observed-H213CO-c1)
 ---+ Model: mol_list = ['H213CO'] @ spa_form=('normal', 128.69491284783516, 82.71799967563776, 2.4656409593801425), spe_form=('skew', 8, 0), z=0.0, grad=('linear', 2.4656409593801425, 35.29786681658859)
[*] Generating cube observerd
  |- Angular Coordinates (deg): ra=0 dec=0
  |- FOV (arcsec): ra=[-0.002777777777777778, 0.002777777777777778] dec=[-0.002777777777777778, 0.002777777777777778]
!!! WARNING: max ALMA bandwidth exceeded
  |- Spectral (MHz): center=604000 bandwidth=[602000.0, 606000.0]
  |- Cube size: 2 x 2 x 4000 
  |- Band: 9
*** Source: observed-OS18O
  |- Projecting observed-OS18O-c1
   --+ Generating template image
   --+ Generating template line distribution
   --+ Loading and correcting lines
      |- Projecting Sulfur Dioxide (OS18O) around 602313.3835 Mhz, at 1.05230532345 K
      |- Projecting Sulfur Dioxide (OS18O) around 603090.155 Mhz, at 0.857913961032 K
      |- Projecting Sulfur Dioxide (OS18O) around 603608.7849 Mhz, at 0.736779490967 K
*** Source: observed-H213CS
  |- Projecting observed-H213CS-c1
   --+ Generating template image
   --+ Generating template line distribution
   --+ Loading and correcting lines
      |- Projecting Thioformaldehyde (H213CS) around 602149.9892 Mhz, at 1.60788074437 K
*** Source: observed-H13CNv2=1
  |- Projecting observed-H13CNv2=1-c1
   --+ Generating template image
   --+ Generating template line distribution
   --+ Loading and correcting lines
*** Source: observed-34SO2v=0
  |- Projecting observed-34SO2v=0-c1
   --+ Generating template image
   --+ Generating template line distribution
   --+ Loading and correcting lines
      |- Projecting Sulfur Dioxide (34SO2v=0) around 602815.8891 Mhz, at 0.662305568817 K
      |- Projecting Sulfur Dioxide (34SO2v=0) around 604080.004 Mhz, at 1.03173407519 K
      |- Projecting Sulfur Dioxide (34SO2v=0) around 604376.563 Mhz, at 1.41433396114 K
      |- Projecting Sulfur Dioxide (34SO2v=0) around 605499.8855 Mhz, at 1.48417899607 K
      |- Projecting Sulfur Dioxide (34SO2v=0) around 605924.403 Mhz, at 0.688882050592 K
*** Source: observed-H13CNv=0
  |- Projecting observed-H13CNv=0-c1
   --+ Generating template image
   --+ Generating template line distribution
   --+ Loading and correcting lines
*** Source: observed-H213CO
  |- Projecting observed-H213CO-c1
   --+ Generating template image
   --+ Generating template line distribution
   --+ Loading and correcting lines
*** Source: observed-SO2v=0
  |- Projecting observed-SO2v=0-c1
   --+ Generating template image
   --+ Generating template line distribution
   --+ Loading and correcting lines
      |- Projecting Sulfur dioxide (SO2v=0) around 604367.4364 Mhz, at 0.732092765686 K
      |- Projecting Sulfur dioxide (SO2v=0) around 604406.5377 Mhz, at 0.697967170748 K
      |- Projecting Sulfur dioxide (SO2v=0) around 605532.5228 Mhz, at 0.886883236532 K
   -++ Saving FITS: data/cube_variable_width_41.fits
