+++ Source 'observed-SO2v=0' added
 |- Component added to 'observed-SO2v=0' (observed-SO2v=0-c1)
 ---+ Model: mol_list = ['SO2v=0'] @ spa_form=('normal', 141.54608008373748, 56.479310739116876, 0.542545078814202), spe_form=('skew', 8, 0), z=0.0, grad=('linear', 0.542545078814202, 138.6361922641602)
+++ Source 'observed-33SO2' added
 |- Component added to 'observed-33SO2' (observed-33SO2-c1)
 ---+ Model: mol_list = ['33SO2'] @ spa_form=('normal', 116.26251142160474, 78.63837474153188, 1.5724988180330663), spe_form=('skew', 8, 0), z=0.0, grad=('linear', 1.5724988180330663, 120.30206187100599)
+++ Source 'observed-H213CS' added
 |- Component added to 'observed-H213CS' (observed-H213CS-c1)
 ---+ Model: mol_list = ['H213CS'] @ spa_form=('normal', 129.1518179319147, 54.47481412616729, 2.410253214527854), spe_form=('skew', 8, 0), z=0.0, grad=('linear', 2.410253214527854, 43.59313246637833)
[*] Generating cube observerd
  |- Angular Coordinates (deg): ra=0 dec=0
  |- FOV (arcsec): ra=[-0.002777777777777778, 0.002777777777777778] dec=[-0.002777777777777778, 0.002777777777777778]
!!! WARNING: max ALMA bandwidth exceeded
  |- Spectral (MHz): center=277000 bandwidth=[275000.0, 279000.0]
  |- Cube size: 2 x 2 x 4000 
  |- Band: 7
*** Source: observed-33SO2
  |- Projecting observed-33SO2-c1
   --+ Generating template image
   --+ Generating template line distribution
   --+ Loading and correcting lines
      |- Projecting Sulfur Dioxide (33SO2) around 275828.2515 Mhz, at 0.136198459579 K
      |- Projecting Sulfur Dioxide (33SO2) around 275828.3672 Mhz, at 0.136198459579 K
      |- Projecting Sulfur Dioxide (33SO2) around 275831.1722 Mhz, at 0.136198459579 K
      |- Projecting Sulfur Dioxide (33SO2) around 275831.2604 Mhz, at 0.136198523138 K
*** Source: observed-H213CS
  |- Projecting observed-H213CS-c1
   --+ Generating template image
   --+ Generating template line distribution
   --+ Loading and correcting lines
*** Source: observed-SO2v=0
  |- Projecting observed-SO2v=0-c1
   --+ Generating template image
   --+ Generating template line distribution
   --+ Loading and correcting lines
      |- Projecting Sulfur dioxide (SO2v=0) around 275240.184 Mhz, at 0.220050684678 K
      |- Projecting Sulfur dioxide (SO2v=0) around 276254.5765 Mhz, at 0.217833433606 K
      |- Projecting Sulfur dioxide (SO2v=0) around 278250.9723 Mhz, at 0.377732222331 K
   -++ Saving FITS: data/cube_variable_width_84.fits
