+++ Source 'observed-SO2v=0' added
 |- Component added to 'observed-SO2v=0' (observed-SO2v=0-c1)
 ---+ Model: mol_list = ['SO2v=0'] @ spa_form=('normal', 117.97108494197249, 62.82446329281983, 2.9636637833666053), spe_form=('skew', 8, 0), z=0.0, grad=('linear', 2.9636637833666053, 97.76373771550176)
+++ Source 'observed-33SO2' added
 |- Component added to 'observed-33SO2' (observed-33SO2-c1)
 ---+ Model: mol_list = ['33SO2'] @ spa_form=('normal', 77.51631994934604, 72.25382094723194, 1.3020772691071878), spe_form=('skew', 8, 0), z=0.0, grad=('linear', 1.3020772691071878, 103.61074739089347)
+++ Source 'observed-H213CS' added
 |- Component added to 'observed-H213CS' (observed-H213CS-c1)
 ---+ Model: mol_list = ['H213CS'] @ spa_form=('normal', 84.3116712979286, 62.12886368229915, 2.3312920029262254), spe_form=('skew', 8, 0), z=0.0, grad=('linear', 2.3312920029262254, 125.05948247130627)
[*] Generating cube observerd
  |- Angular Coordinates (deg): ra=0 dec=0
  |- FOV (arcsec): ra=[-0.002777777777777778, 0.002777777777777778] dec=[-0.002777777777777778, 0.002777777777777778]
!!! WARNING: max ALMA bandwidth exceeded
  |- Spectral (MHz): center=604000 bandwidth=[602000.0, 606000.0]
  |- Cube size: 2 x 2 x 4000 
  |- Band: 9
*** Source: observed-33SO2
  |- Projecting observed-33SO2-c1
   --+ Generating template image
   --+ Generating template line distribution
   --+ Loading and correcting lines
      |- Projecting Sulfur Dioxide (33SO2) around 602337.0627 Mhz, at 0.598435501148 K
      |- Projecting Sulfur Dioxide (33SO2) around 602338.0039 Mhz, at 0.598435501148 K
      |- Projecting Sulfur Dioxide (33SO2) around 602348.9212 Mhz, at 0.598434922661 K
      |- Projecting Sulfur Dioxide (33SO2) around 602349.8184 Mhz, at 0.598434623444 K
      |- Projecting Sulfur Dioxide (33SO2) around 602488.3231 Mhz, at 0.713411018853 K
      |- Projecting Sulfur Dioxide (33SO2) around 602499.1576 Mhz, at 0.713409972518 K
      |- Projecting Sulfur Dioxide (33SO2) around 603112.9816 Mhz, at 0.80689422275 K
      |- Projecting Sulfur Dioxide (33SO2) around 603113.1191 Mhz, at 0.80689422275 K
      |- Projecting Sulfur Dioxide (33SO2) around 603113.2126 Mhz, at 0.80689422275 K
      |- Projecting Sulfur Dioxide (33SO2) around 603113.2683 Mhz, at 0.80689422275 K
      |- Projecting Sulfur Dioxide (33SO2) around 605162.1267 Mhz, at 0.499260324292 K
      |- Projecting Sulfur Dioxide (33SO2) around 605162.2359 Mhz, at 0.499260324292 K
      |- Projecting Sulfur Dioxide (33SO2) around 605162.3107 Mhz, at 0.499260324292 K
      |- Projecting Sulfur Dioxide (33SO2) around 605162.3529 Mhz, at 0.499260324292 K
      |- Projecting Sulfur Dioxide (33SO2) around 605357.5302 Mhz, at 0.512126698117 K
      |- Projecting Sulfur Dioxide (33SO2) around 605366.9145 Mhz, at 0.512126698117 K
      |- Projecting Sulfur Dioxide (33SO2) around 605367.499 Mhz, at 0.512127449236 K
      |- Projecting Sulfur Dioxide (33SO2) around 605367.499 Mhz, at 0.512127449236 K
      |- Projecting Sulfur Dioxide (33SO2) around 605367.499 Mhz, at 0.512126698117 K
      |- Projecting Sulfur Dioxide (33SO2) around 605367.499 Mhz, at 0.512126698117 K
      |- Projecting Sulfur Dioxide (33SO2) around 605377.1052 Mhz, at 0.512127449236 K
*** Source: observed-H213CS
  |- Projecting observed-H213CS-c1
   --+ Generating template image
   --+ Generating template line distribution
   --+ Loading and correcting lines
      |- Projecting Thioformaldehyde (H213CS) around 602149.9892 Mhz, at 0.750292502508 K
*** Source: observed-SO2v=0
  |- Projecting observed-SO2v=0-c1
   --+ Generating template image
   --+ Generating template line distribution
   --+ Loading and correcting lines
      |- Projecting Sulfur dioxide (SO2v=0) around 604367.4364 Mhz, at 0.885862757394 K
      |- Projecting Sulfur dioxide (SO2v=0) around 604406.5377 Mhz, at 0.844569365291 K
      |- Projecting Sulfur dioxide (SO2v=0) around 605532.5228 Mhz, at 1.07316567821 K
   -++ Saving FITS: data/cube_variable_width_34.fits
