+++ Source 'observed-CH3OHvt=0' added
 |- Component added to 'observed-CH3OHvt=0' (observed-CH3OHvt=0-c1)
 ---+ Model: mol_list = ['CH3OHvt=0'] @ spa_form=('normal', 140.56800428778314, 55.63964892146955, 3.036790873786827), spe_form=('skew', 8, 0), z=0.0, grad=('linear', 3.036790873786827, 74.13566344307674)
+++ Source 'observed-33SO2' added
 |- Component added to 'observed-33SO2' (observed-33SO2-c1)
 ---+ Model: mol_list = ['33SO2'] @ spa_form=('normal', 99.7720441072803, 76.45315857473855, 2.2566907772395326), spe_form=('skew', 8, 0), z=0.0, grad=('linear', 2.2566907772395326, 39.30449970652483)
+++ Source 'observed-SO2v2=1' added
 |- Component added to 'observed-SO2v2=1' (observed-SO2v2=1-c1)
 ---+ Model: mol_list = ['SO2v2=1'] @ spa_form=('normal', 104.5168778409593, 82.75156182846632, 2.1324662839724526), spe_form=('skew', 8, 0), z=0.0, grad=('linear', 2.1324662839724526, 14.669733818755692)
+++ Source 'observed-H13CNv2=1' added
 |- Component added to 'observed-H13CNv2=1' (observed-H13CNv2=1-c1)
 ---+ Model: mol_list = ['H13CNv2=1'] @ spa_form=('normal', 57.74676220341327, 57.46679860549801, 3.0452282242455175), spe_form=('skew', 8, 0), z=0.0, grad=('linear', 3.0452282242455175, 63.93711855493496)
+++ Source 'observed-H213CS' added
 |- Component added to 'observed-H213CS' (observed-H213CS-c1)
 ---+ Model: mol_list = ['H213CS'] @ spa_form=('normal', 104.52501228982445, 97.87636250197164, 0.007505836363348972), spe_form=('skew', 8, 0), z=0.0, grad=('linear', 0.007505836363348972, 13.048694282285178)
+++ Source 'observed-H2C34S' added
 |- Component added to 'observed-H2C34S' (observed-H2C34S-c1)
 ---+ Model: mol_list = ['H2C34S'] @ spa_form=('normal', 132.06041169764197, 71.26141898890698, 0.3022837941408552), spe_form=('skew', 8, 0), z=0.0, grad=('linear', 0.3022837941408552, 24.602147719825624)
+++ Source 'observed-H2C18O' added
 |- Component added to 'observed-H2C18O' (observed-H2C18O-c1)
 ---+ Model: mol_list = ['H2C18O'] @ spa_form=('normal', 53.83839852876879, 94.68636062998843, 0.0014507642107497068), spe_form=('skew', 8, 0), z=0.0, grad=('linear', 0.0014507642107497068, 19.397058686609142)
+++ Source 'observed-H213CO' added
 |- Component added to 'observed-H213CO' (observed-H213CO-c1)
 ---+ Model: mol_list = ['H213CO'] @ spa_form=('normal', 65.20216108197263, 49.414371983883555, 2.5381712649469006), spe_form=('skew', 8, 0), z=0.0, grad=('linear', 2.5381712649469006, 117.53240684368622)
[*] Generating cube observerd
  |- Angular Coordinates (deg): ra=0 dec=0
  |- FOV (arcsec): ra=[-0.002777777777777778, 0.002777777777777778] dec=[-0.002777777777777778, 0.002777777777777778]
!!! WARNING: max ALMA bandwidth exceeded
  |- Spectral (MHz): center=277000 bandwidth=[275000.0, 279000.0]
  |- Cube size: 2 x 2 x 4000 
  |- Band: 7
*** Source: observed-H2C18O
  |- Projecting observed-H2C18O-c1
   --+ Generating template image
   --+ Generating template line distribution
   --+ Loading and correcting lines
      |- Projecting Formaldehyde (H2C18O) around 277562.802 Mhz, at 0.140223580354 K
      |- Projecting Formaldehyde (H2C18O) around 277675.2025 Mhz, at 0.170852523939 K
      |- Projecting Formaldehyde (H2C18O) around 277678.1029 Mhz, at 0.170852523939 K
      |- Projecting Formaldehyde (H2C18O) around 278145.446 Mhz, at 0.140230105577 K
*** Source: observed-H213CS
  |- Projecting observed-H213CS-c1
   --+ Generating template image
   --+ Generating template line distribution
   --+ Loading and correcting lines
*** Source: observed-H13CNv2=1
  |- Projecting observed-H13CNv2=1-c1
   --+ Generating template image
   --+ Generating template line distribution
   --+ Loading and correcting lines
*** Source: observed-H2C34S
  |- Projecting observed-H2C34S-c1
   --+ Generating template image
   --+ Generating template line distribution
   --+ Loading and correcting lines
      |- Projecting Thioformaldehyde (H2C34S) around 277295.9149 Mhz, at 0.432786499792 K
*** Source: observed-33SO2
  |- Projecting observed-33SO2-c1
   --+ Generating template image
   --+ Generating template line distribution
   --+ Loading and correcting lines
      |- Projecting Sulfur Dioxide (33SO2) around 275828.2515 Mhz, at 0.484336509258 K
      |- Projecting Sulfur Dioxide (33SO2) around 275828.3672 Mhz, at 0.484336509258 K
      |- Projecting Sulfur Dioxide (33SO2) around 275831.1722 Mhz, at 0.484336509258 K
      |- Projecting Sulfur Dioxide (33SO2) around 275831.2604 Mhz, at 0.484336735282 K
      |- Projecting Sulfur Dioxide (33SO2) around 276035.3021 Mhz, at 0.132916086278 K
      |- Projecting Sulfur Dioxide (33SO2) around 276035.3702 Mhz, at 0.132916086278 K
      |- Projecting Sulfur Dioxide (33SO2) around 276037.6419 Mhz, at 0.13291601982 K
      |- Projecting Sulfur Dioxide (33SO2) around 276037.6851 Mhz, at 0.132916086278 K
*** Source: observed-CH3OHvt=0
  |- Projecting observed-CH3OHvt=0-c1
   --+ Generating template image
   --+ Generating template line distribution
   --+ Loading and correcting lines
      |- Projecting Methanol (CH3OHvt=0) around 275663.705 Mhz, at 0.19300622801 K
      |- Projecting Methanol (CH3OHvt=0) around 276648.18 Mhz, at 1.17462801232 K
      |- Projecting Methanol (CH3OHvt=0) around 276925.919 Mhz, at 0.848225899469 K
      |- Projecting Methanol (CH3OHvt=0) around 277940.773 Mhz, at 0.376997689155 K
      |- Projecting Methanol (CH3OHvt=0) around 278186.616 Mhz, at 0.377012153577 K
      |- Projecting Methanol (CH3OHvt=0) around 278304.51 Mhz, at 0.613534823482 K
      |- Projecting Methanol (CH3OHvt=0) around 278342.257 Mhz, at 0.474473510899 K
      |- Projecting Methanol (CH3OHvt=0) around 278480.23 Mhz, at 0.525535192625 K
      |- Projecting Methanol (CH3OHvt=0) around 278599.055 Mhz, at 1.10721532339 K
      |- Projecting Methanol (CH3OHvt=0) around 278672.92 Mhz, at 0.578201616042 K
      |- Projecting Methanol (CH3OHvt=0) around 278723.25 Mhz, at 0.578207166805 K
      |- Projecting Methanol (CH3OHvt=0) around 278965.129 Mhz, at 0.295420960684 K
*** Source: observed-SO2v2=1
  |- Projecting observed-SO2v2=1-c1
   --+ Generating template image
   --+ Generating template line distribution
   --+ Loading and correcting lines
      |- Projecting Sulfur dioxide (SO2v2=1) around 275061.7269 Mhz, at 0.167877458211 K
      |- Projecting Sulfur dioxide (SO2v2=1) around 278755.1244 Mhz, at 0.134203199362 K
      |- Projecting Sulfur dioxide (SO2v2=1) around 278849.6017 Mhz, at 0.156511250855 K
*** Source: observed-H213CO
  |- Projecting observed-H213CO-c1
   --+ Generating template image
   --+ Generating template line distribution
   --+ Loading and correcting lines
   -++ Saving FITS: data/cube_fixed_width_65.fits
