+++ Source 'observed-CH3OHvt=0' added
 |- Component added to 'observed-CH3OHvt=0' (observed-CH3OHvt=0-c1)
 ---+ Model: mol_list = ['CH3OHvt=0'] @ spa_form=('normal', 128.53546522679449, 54.41175666707663, 0.6503303715514334), spe_form=('skew', 8, 0), z=0.0, grad=('linear', 0.6503303715514334, 134.82731549208455)
+++ Source 'observed-SO2v=0' added
 |- Component added to 'observed-SO2v=0' (observed-SO2v=0-c1)
 ---+ Model: mol_list = ['SO2v=0'] @ spa_form=('normal', 59.466891656061364, 90.48195014871256, 1.2144286039705796), spe_form=('skew', 8, 0), z=0.0, grad=('linear', 1.2144286039705796, 84.93105980146912)
+++ Source 'observed-33SO2' added
 |- Component added to 'observed-33SO2' (observed-33SO2-c1)
 ---+ Model: mol_list = ['33SO2'] @ spa_form=('normal', 103.24367106681552, 75.954671021689, 0.5432157704835406), spe_form=('skew', 8, 0), z=0.0, grad=('linear', 0.5432157704835406, 19.39361914196062)
+++ Source 'observed-34SO2v=0' added
 |- Component added to 'observed-34SO2v=0' (observed-34SO2v=0-c1)
 ---+ Model: mol_list = ['34SO2v=0'] @ spa_form=('normal', 80.11694603693218, 67.76664245691981, 2.097774949320126), spe_form=('skew', 8, 0), z=0.0, grad=('linear', 2.097774949320126, 99.26121562602924)
+++ Source 'observed-OS17O' added
 |- Component added to 'observed-OS17O' (observed-OS17O-c1)
 ---+ Model: mol_list = ['OS17O'] @ spa_form=('normal', 147.3610897837385, 92.16727600542684, 2.616995041300445), spe_form=('skew', 8, 0), z=0.0, grad=('linear', 2.616995041300445, 88.44348390668316)
+++ Source 'observed-HC15Nv=0' added
 |- Component added to 'observed-HC15Nv=0' (observed-HC15Nv=0-c1)
 ---+ Model: mol_list = ['HC15Nv=0'] @ spa_form=('normal', 134.88074060173392, 85.61796723943417, 0.6656505610472303), spe_form=('skew', 8, 0), z=0.0, grad=('linear', 0.6656505610472303, 42.411410162988844)
+++ Source 'observed-H13CNv=0' added
 |- Component added to 'observed-H13CNv=0' (observed-H13CNv=0-c1)
 ---+ Model: mol_list = ['H13CNv=0'] @ spa_form=('normal', 81.67055636358299, 77.31743635872033, 1.2092571618594654), spe_form=('skew', 8, 0), z=0.0, grad=('linear', 1.2092571618594654, 141.30545309937736)
+++ Source 'observed-H2C34S' added
 |- Component added to 'observed-H2C34S' (observed-H2C34S-c1)
 ---+ Model: mol_list = ['H2C34S'] @ spa_form=('normal', 70.47749255549591, 41.995202382919224, 1.6075891168413996), spe_form=('skew', 8, 0), z=0.0, grad=('linear', 1.6075891168413996, 57.1637250840516)
+++ Source 'observed-H213CO' added
 |- Component added to 'observed-H213CO' (observed-H213CO-c1)
 ---+ Model: mol_list = ['H213CO'] @ spa_form=('normal', 108.92131480858514, 81.31709931617192, 1.1446288984054656), spe_form=('skew', 8, 0), z=0.0, grad=('linear', 1.1446288984054656, 28.397352323972587)
[*] Generating cube observerd
  |- Angular Coordinates (deg): ra=0 dec=0
  |- FOV (arcsec): ra=[-0.002777777777777778, 0.002777777777777778] dec=[-0.002777777777777778, 0.002777777777777778]
!!! WARNING: max ALMA bandwidth exceeded
  |- Spectral (MHz): center=277000 bandwidth=[275000.0, 279000.0]
  |- Cube size: 2 x 2 x 4000 
  |- Band: 7
*** Source: observed-H13CNv=0
  |- Projecting observed-H13CNv=0-c1
   --+ Generating template image
   --+ Generating template line distribution
   --+ Loading and correcting lines
*** Source: observed-34SO2v=0
  |- Projecting observed-34SO2v=0-c1
   --+ Generating template image
   --+ Generating template line distribution
   --+ Loading and correcting lines
      |- Projecting Sulfur Dioxide (34SO2v=0) around 275434.2181 Mhz, at 0.850498266244 K
      |- Projecting Sulfur Dioxide (34SO2v=0) around 276483.977 Mhz, at 0.715210286648 K
      |- Projecting Sulfur Dioxide (34SO2v=0) around 276999.6054 Mhz, at 0.37651101633 K
      |- Projecting Sulfur Dioxide (34SO2v=0) around 277150.575 Mhz, at 0.420093248408 K
      |- Projecting Sulfur Dioxide (34SO2v=0) around 277470.0761 Mhz, at 0.225007268618 K
      |- Projecting Sulfur Dioxide (34SO2v=0) around 278835.2175 Mhz, at 0.471567462919 K
*** Source: observed-33SO2
  |- Projecting observed-33SO2-c1
   --+ Generating template image
   --+ Generating template line distribution
   --+ Loading and correcting lines
      |- Projecting Sulfur Dioxide (33SO2) around 275160.7805 Mhz, at 0.126751425716 K
      |- Projecting Sulfur Dioxide (33SO2) around 275160.8324 Mhz, at 0.126751425716 K
      |- Projecting Sulfur Dioxide (33SO2) around 275160.9909 Mhz, at 0.126751484867 K
      |- Projecting Sulfur Dioxide (33SO2) around 275161.0124 Mhz, at 0.126751484867 K
      |- Projecting Sulfur Dioxide (33SO2) around 275828.2515 Mhz, at 0.541861043174 K
      |- Projecting Sulfur Dioxide (33SO2) around 275828.3672 Mhz, at 0.541861043174 K
      |- Projecting Sulfur Dioxide (33SO2) around 275831.1722 Mhz, at 0.541861043174 K
      |- Projecting Sulfur Dioxide (33SO2) around 275831.2604 Mhz, at 0.541861296042 K
      |- Projecting Sulfur Dioxide (33SO2) around 276035.3021 Mhz, at 0.148702498755 K
      |- Projecting Sulfur Dioxide (33SO2) around 276035.3702 Mhz, at 0.148702498755 K
      |- Projecting Sulfur Dioxide (33SO2) around 276037.6419 Mhz, at 0.148702424404 K
      |- Projecting Sulfur Dioxide (33SO2) around 276037.6851 Mhz, at 0.148702498755 K
*** Source: observed-OS17O
  |- Projecting observed-OS17O-c1
   --+ Generating template image
   --+ Generating template line distribution
   --+ Loading and correcting lines
      |- Projecting Sulfur Dioxide (OS17O) around 275054.7862 Mhz, at 0.201757757195 K
      |- Projecting Sulfur Dioxide (OS17O) around 275142.6319 Mhz, at 0.25090656595 K
      |- Projecting Sulfur Dioxide (OS17O) around 275151.3474 Mhz, at 0.250906197954 K
      |- Projecting Sulfur Dioxide (OS17O) around 275431.4561 Mhz, at 0.220439722305 K
      |- Projecting Sulfur Dioxide (OS17O) around 276201.24 Mhz, at 0.148398638469 K
      |- Projecting Sulfur Dioxide (OS17O) around 277061.5867 Mhz, at 0.186830549931 K
      |- Projecting Sulfur Dioxide (OS17O) around 277365.4535 Mhz, at 0.232087554204 K
*** Source: observed-CH3OHvt=0
  |- Projecting observed-CH3OHvt=0-c1
   --+ Generating template image
   --+ Generating template line distribution
   --+ Loading and correcting lines
      |- Projecting Methanol (CH3OHvt=0) around 275663.705 Mhz, at 0.123740634795 K
      |- Projecting Methanol (CH3OHvt=0) around 276648.18 Mhz, at 0.753080444043 K
      |- Projecting Methanol (CH3OHvt=0) around 276925.919 Mhz, at 0.543816706496 K
      |- Projecting Methanol (CH3OHvt=0) around 277940.773 Mhz, at 0.241701699749 K
      |- Projecting Methanol (CH3OHvt=0) around 278186.616 Mhz, at 0.241710973216 K
      |- Projecting Methanol (CH3OHvt=0) around 278304.51 Mhz, at 0.393350977889 K
      |- Projecting Methanol (CH3OHvt=0) around 278342.257 Mhz, at 0.304195641961 K
      |- Projecting Methanol (CH3OHvt=0) around 278480.23 Mhz, at 0.336932434839 K
      |- Projecting Methanol (CH3OHvt=0) around 278599.055 Mhz, at 0.709860652597 K
      |- Projecting Methanol (CH3OHvt=0) around 278672.92 Mhz, at 0.370698063716 K
      |- Projecting Methanol (CH3OHvt=0) around 278723.25 Mhz, at 0.370701622435 K
      |- Projecting Methanol (CH3OHvt=0) around 278965.129 Mhz, at 0.189401023913 K
*** Source: observed-HC15Nv=0
  |- Projecting observed-HC15Nv=0-c1
   --+ Generating template image
   --+ Generating template line distribution
   --+ Loading and correcting lines
*** Source: observed-H2C34S
  |- Projecting observed-H2C34S-c1
   --+ Generating template image
   --+ Generating template line distribution
   --+ Loading and correcting lines
      |- Projecting Thioformaldehyde (H2C34S) around 277295.9149 Mhz, at 0.362331160966 K
*** Source: observed-H213CO
  |- Projecting observed-H213CO-c1
   --+ Generating template image
   --+ Generating template line distribution
   --+ Loading and correcting lines
*** Source: observed-SO2v=0
  |- Projecting observed-SO2v=0-c1
   --+ Generating template image
   --+ Generating template line distribution
   --+ Loading and correcting lines
      |- Projecting Sulfur dioxide (SO2v=0) around 275240.184 Mhz, at 0.612316803387 K
      |- Projecting Sulfur dioxide (SO2v=0) around 275375.7013 Mhz, at 0.289478308816 K
      |- Projecting Sulfur dioxide (SO2v=0) around 276254.5765 Mhz, at 0.606147042588 K
      |- Projecting Sulfur dioxide (SO2v=0) around 276558.3672 Mhz, at 0.234390728132 K
      |- Projecting Sulfur dioxide (SO2v=0) around 278250.9723 Mhz, at 1.05108415024 K
   -++ Saving FITS: data/cube_variable_width_99.fits
