+++ Source 'observed-CH3OHvt=0' added
 |- Component added to 'observed-CH3OHvt=0' (observed-CH3OHvt=0-c1)
 ---+ Model: mol_list = ['CH3OHvt=0'] @ spa_form=('normal', 83.32883908183277, 85.30352441113774, 2.6449097156860084), spe_form=('skew', 8, 0), z=0.0, grad=('linear', 2.6449097156860084, 66.03782156252069)
+++ Source 'observed-SO2v=0' added
 |- Component added to 'observed-SO2v=0' (observed-SO2v=0-c1)
 ---+ Model: mol_list = ['SO2v=0'] @ spa_form=('normal', 149.12713216421866, 68.25813414717359, 1.6434294078542069), spe_form=('skew', 8, 0), z=0.0, grad=('linear', 1.6434294078542069, 52.618138096516084)
+++ Source 'observed-33SO2' added
 |- Component added to 'observed-33SO2' (observed-33SO2-c1)
 ---+ Model: mol_list = ['33SO2'] @ spa_form=('normal', 54.80658999493083, 57.87153681248163, 2.0678492117995755), spe_form=('skew', 8, 0), z=0.0, grad=('linear', 2.0678492117995755, 12.526676972910211)
+++ Source 'observed-OS18O' added
 |- Component added to 'observed-OS18O' (observed-OS18O-c1)
 ---+ Model: mol_list = ['OS18O'] @ spa_form=('normal', 89.92873100406203, 81.80175248399459, 3.0003666486258873), spe_form=('skew', 8, 0), z=0.0, grad=('linear', 3.0003666486258873, 127.1208594874349)
+++ Source 'observed-HC15Nv=0' added
 |- Component added to 'observed-HC15Nv=0' (observed-HC15Nv=0-c1)
 ---+ Model: mol_list = ['HC15Nv=0'] @ spa_form=('normal', 79.84912530216353, 92.41057979868948, 0.561064595048455), spe_form=('skew', 8, 0), z=0.0, grad=('linear', 0.561064595048455, 140.12165375676386)
+++ Source 'observed-H13CNv2=1' added
 |- Component added to 'observed-H13CNv2=1' (observed-H13CNv2=1-c1)
 ---+ Model: mol_list = ['H13CNv2=1'] @ spa_form=('normal', 129.32309799661516, 51.65459355745932, 2.210867636100375), spe_form=('skew', 8, 0), z=0.0, grad=('linear', 2.210867636100375, 122.07990938195196)
+++ Source 'observed-H213CO' added
 |- Component added to 'observed-H213CO' (observed-H213CO-c1)
 ---+ Model: mol_list = ['H213CO'] @ spa_form=('normal', 79.17200787432338, 77.70121068347169, 1.526591737879275), spe_form=('skew', 8, 0), z=0.0, grad=('linear', 1.526591737879275, 41.32062342583455)
[*] Generating cube observerd
  |- Angular Coordinates (deg): ra=0 dec=0
  |- FOV (arcsec): ra=[-0.002777777777777778, 0.002777777777777778] dec=[-0.002777777777777778, 0.002777777777777778]
!!! WARNING: max ALMA bandwidth exceeded
  |- Spectral (MHz): center=277000 bandwidth=[275000.0, 279000.0]
  |- Cube size: 2 x 2 x 4000 
  |- Band: 7
*** Source: observed-OS18O
  |- Projecting observed-OS18O-c1
   --+ Generating template image
   --+ Generating template line distribution
   --+ Loading and correcting lines
      |- Projecting Sulfur Dioxide (OS18O) around 275207.6031 Mhz, at 0.714089917543 K
      |- Projecting Sulfur Dioxide (OS18O) around 275282.0764 Mhz, at 1.32323859179 K
      |- Projecting Sulfur Dioxide (OS18O) around 275454.6038 Mhz, at 0.595099462839 K
      |- Projecting Sulfur Dioxide (OS18O) around 275552.9984 Mhz, at 1.64157335327 K
      |- Projecting Sulfur Dioxide (OS18O) around 275646.3336 Mhz, at 0.293499007016 K
      |- Projecting Sulfur Dioxide (OS18O) around 276002.289 Mhz, at 1.73259129063 K
      |- Projecting Sulfur Dioxide (OS18O) around 276274.7786 Mhz, at 1.06338669511 K
      |- Projecting Sulfur Dioxide (OS18O) around 276277.2242 Mhz, at 0.701815762274 K
      |- Projecting Sulfur Dioxide (OS18O) around 276567.9332 Mhz, at 0.133169163051 K
      |- Projecting Sulfur Dioxide (OS18O) around 276568.1446 Mhz, at 0.133169163051 K
      |- Projecting Sulfur Dioxide (OS18O) around 277080.9497 Mhz, at 1.15184489144 K
      |- Projecting Sulfur Dioxide (OS18O) around 277088.3147 Mhz, at 1.1518437396 K
      |- Projecting Sulfur Dioxide (OS18O) around 278393.6459 Mhz, at 0.793253616341 K
*** Source: observed-H13CNv2=1
  |- Projecting observed-H13CNv2=1-c1
   --+ Generating template image
   --+ Generating template line distribution
   --+ Loading and correcting lines
*** Source: observed-33SO2
  |- Projecting observed-33SO2-c1
   --+ Generating template image
   --+ Generating template line distribution
   --+ Loading and correcting lines
      |- Projecting Sulfur Dioxide (33SO2) around 275160.7805 Mhz, at 0.147011620544 K
      |- Projecting Sulfur Dioxide (33SO2) around 275160.8324 Mhz, at 0.147011620544 K
      |- Projecting Sulfur Dioxide (33SO2) around 275160.9909 Mhz, at 0.147011689149 K
      |- Projecting Sulfur Dioxide (33SO2) around 275161.0124 Mhz, at 0.147011689149 K
      |- Projecting Sulfur Dioxide (33SO2) around 275828.2515 Mhz, at 0.628473167985 K
      |- Projecting Sulfur Dioxide (33SO2) around 275828.3672 Mhz, at 0.628473167985 K
      |- Projecting Sulfur Dioxide (33SO2) around 275831.1722 Mhz, at 0.628473167985 K
      |- Projecting Sulfur Dioxide (33SO2) around 275831.2604 Mhz, at 0.628473461273 K
      |- Projecting Sulfur Dioxide (33SO2) around 276035.3021 Mhz, at 0.172471395863 K
      |- Projecting Sulfur Dioxide (33SO2) around 276035.3702 Mhz, at 0.172471395863 K
      |- Projecting Sulfur Dioxide (33SO2) around 276037.6419 Mhz, at 0.172471309627 K
      |- Projecting Sulfur Dioxide (33SO2) around 276037.6851 Mhz, at 0.172471395863 K
*** Source: observed-CH3OHvt=0
  |- Projecting observed-CH3OHvt=0-c1
   --+ Generating template image
   --+ Generating template line distribution
   --+ Loading and correcting lines
      |- Projecting Methanol (CH3OHvt=0) around 276648.18 Mhz, at 0.686183272729 K
      |- Projecting Methanol (CH3OHvt=0) around 276925.919 Mhz, at 0.495508720722 K
      |- Projecting Methanol (CH3OHvt=0) around 277940.773 Mhz, at 0.220231005426 K
      |- Projecting Methanol (CH3OHvt=0) around 278186.616 Mhz, at 0.220239455117 K
      |- Projecting Methanol (CH3OHvt=0) around 278304.51 Mhz, at 0.358409069674 K
      |- Projecting Methanol (CH3OHvt=0) around 278342.257 Mhz, at 0.277173524823 K
      |- Projecting Methanol (CH3OHvt=0) around 278480.23 Mhz, at 0.307002263377 K
      |- Projecting Methanol (CH3OHvt=0) around 278599.055 Mhz, at 0.646802754784 K
      |- Projecting Methanol (CH3OHvt=0) around 278672.92 Mhz, at 0.337768445014 K
      |- Projecting Methanol (CH3OHvt=0) around 278723.25 Mhz, at 0.337771687607 K
      |- Projecting Methanol (CH3OHvt=0) around 278965.129 Mhz, at 0.172576270536 K
*** Source: observed-HC15Nv=0
  |- Projecting observed-HC15Nv=0-c1
   --+ Generating template image
   --+ Generating template line distribution
   --+ Loading and correcting lines
*** Source: observed-H213CO
  |- Projecting observed-H213CO-c1
   --+ Generating template image
   --+ Generating template line distribution
   --+ Loading and correcting lines
*** Source: observed-SO2v=0
  |- Projecting observed-SO2v=0-c1
   --+ Generating template image
   --+ Generating template line distribution
   --+ Loading and correcting lines
      |- Projecting Sulfur dioxide (SO2v=0) around 275240.184 Mhz, at 0.304275623888 K
      |- Projecting Sulfur dioxide (SO2v=0) around 275375.7013 Mhz, at 0.143849054166 K
      |- Projecting Sulfur dioxide (SO2v=0) around 276254.5765 Mhz, at 0.301209714531 K
      |- Projecting Sulfur dioxide (SO2v=0) around 278250.9723 Mhz, at 0.522310156774 K
   -++ Saving FITS: data/cube_variable_width_97.fits
