+++ Source 'observed-CH3OHvt=0' added
 |- Component added to 'observed-CH3OHvt=0' (observed-CH3OHvt=0-c1)
 ---+ Model: mol_list = ['CH3OHvt=0'] @ spa_form=('normal', 147.28949398364762, 79.15344596453915, 0.5352209564563132), spe_form=('skew', 8, 0), z=0.0, grad=('linear', 0.5352209564563132, 129.73048173708457)
+++ Source 'observed-SO2v=0' added
 |- Component added to 'observed-SO2v=0' (observed-SO2v=0-c1)
 ---+ Model: mol_list = ['SO2v=0'] @ spa_form=('normal', 54.26810290536439, 96.03685447813749, 1.0297903186509572), spe_form=('skew', 8, 0), z=0.0, grad=('linear', 1.0297903186509572, 81.77382549033662)
+++ Source 'observed-33SO2' added
 |- Component added to 'observed-33SO2' (observed-33SO2-c1)
 ---+ Model: mol_list = ['33SO2'] @ spa_form=('normal', 85.51118125642543, 75.33842103715011, 1.7169645070298856), spe_form=('skew', 8, 0), z=0.0, grad=('linear', 1.7169645070298856, 86.50830770884919)
+++ Source 'observed-34SO2v=0' added
 |- Component added to 'observed-34SO2v=0' (observed-34SO2v=0-c1)
 ---+ Model: mol_list = ['34SO2v=0'] @ spa_form=('normal', 129.71006659999506, 55.35107262213331, 2.501856149411407), spe_form=('skew', 8, 0), z=0.0, grad=('linear', 2.501856149411407, 83.56455602641822)
+++ Source 'observed-HC15Nv=0' added
 |- Component added to 'observed-HC15Nv=0' (observed-HC15Nv=0-c1)
 ---+ Model: mol_list = ['HC15Nv=0'] @ spa_form=('normal', 140.80284139786806, 56.66500925645046, 0.19777922413076132), spe_form=('skew', 8, 0), z=0.0, grad=('linear', 0.19777922413076132, 103.32573547359961)
+++ Source 'observed-H2C18O' added
 |- Component added to 'observed-H2C18O' (observed-H2C18O-c1)
 ---+ Model: mol_list = ['H2C18O'] @ spa_form=('normal', 58.59798812852139, 66.94668578625328, 1.1507883593893131), spe_form=('skew', 8, 0), z=0.0, grad=('linear', 1.1507883593893131, 11.010268746003334)
[*] Generating cube observerd
  |- Angular Coordinates (deg): ra=0 dec=0
  |- FOV (arcsec): ra=[-0.002777777777777778, 0.002777777777777778] dec=[-0.002777777777777778, 0.002777777777777778]
!!! WARNING: max ALMA bandwidth exceeded
  |- Spectral (MHz): center=604000 bandwidth=[602000.0, 606000.0]
  |- Cube size: 2 x 2 x 4000 
  |- Band: 9
*** Source: observed-H2C18O
  |- Projecting observed-H2C18O-c1
   --+ Generating template image
   --+ Generating template line distribution
   --+ Loading and correcting lines
      |- Projecting Formaldehyde (H2C18O) around 603231.51 Mhz, at 0.643551616309 K
*** Source: observed-33SO2
  |- Projecting observed-33SO2-c1
   --+ Generating template image
   --+ Generating template line distribution
   --+ Loading and correcting lines
      |- Projecting Sulfur Dioxide (33SO2) around 602337.0627 Mhz, at 0.151785708248 K
      |- Projecting Sulfur Dioxide (33SO2) around 602338.0039 Mhz, at 0.151785708248 K
      |- Projecting Sulfur Dioxide (33SO2) around 602348.9212 Mhz, at 0.151785561522 K
      |- Projecting Sulfur Dioxide (33SO2) around 602349.8184 Mhz, at 0.151785485629 K
      |- Projecting Sulfur Dioxide (33SO2) around 602488.3231 Mhz, at 0.180947815697 K
      |- Projecting Sulfur Dioxide (33SO2) around 602499.1576 Mhz, at 0.180947550307 K
      |- Projecting Sulfur Dioxide (33SO2) around 603032.3367 Mhz, at 0.0438227320195 K
      |- Projecting Sulfur Dioxide (33SO2) around 603032.5397 Mhz, at 0.0438227320195 K
      |- Projecting Sulfur Dioxide (33SO2) around 603036.2959 Mhz, at 0.0438227743815 K
      |- Projecting Sulfur Dioxide (33SO2) around 603036.4592 Mhz, at 0.0438227743815 K
      |- Projecting Sulfur Dioxide (33SO2) around 603112.9816 Mhz, at 0.204658665547 K
      |- Projecting Sulfur Dioxide (33SO2) around 603113.1191 Mhz, at 0.204658665547 K
      |- Projecting Sulfur Dioxide (33SO2) around 603113.2126 Mhz, at 0.204658665547 K
      |- Projecting Sulfur Dioxide (33SO2) around 603113.2683 Mhz, at 0.204658665547 K
      |- Projecting Sulfur Dioxide (33SO2) around 604736.5656 Mhz, at 0.113131736034 K
      |- Projecting Sulfur Dioxide (33SO2) around 604736.767 Mhz, at 0.113131736034 K
      |- Projecting Sulfur Dioxide (33SO2) around 604736.8741 Mhz, at 0.113131736034 K
      |- Projecting Sulfur Dioxide (33SO2) around 604736.8962 Mhz, at 0.113131736034 K
      |- Projecting Sulfur Dioxide (33SO2) around 604736.926 Mhz, at 0.113131736034 K
      |- Projecting Sulfur Dioxide (33SO2) around 604736.9663 Mhz, at 0.113131736034 K
      |- Projecting Sulfur Dioxide (33SO2) around 604736.9892 Mhz, at 0.113131736034 K
      |- Projecting Sulfur Dioxide (33SO2) around 605162.1267 Mhz, at 0.126631160379 K
      |- Projecting Sulfur Dioxide (33SO2) around 605162.2359 Mhz, at 0.126631160379 K
      |- Projecting Sulfur Dioxide (33SO2) around 605162.3107 Mhz, at 0.126631160379 K
      |- Projecting Sulfur Dioxide (33SO2) around 605162.3529 Mhz, at 0.126631160379 K
      |- Projecting Sulfur Dioxide (33SO2) around 605357.5302 Mhz, at 0.129894555783 K
      |- Projecting Sulfur Dioxide (33SO2) around 605366.9145 Mhz, at 0.129894555783 K
      |- Projecting Sulfur Dioxide (33SO2) around 605367.499 Mhz, at 0.129894746295 K
      |- Projecting Sulfur Dioxide (33SO2) around 605367.499 Mhz, at 0.129894746295 K
      |- Projecting Sulfur Dioxide (33SO2) around 605367.499 Mhz, at 0.129894555783 K
      |- Projecting Sulfur Dioxide (33SO2) around 605367.499 Mhz, at 0.129894555783 K
      |- Projecting Sulfur Dioxide (33SO2) around 605377.1052 Mhz, at 0.129894746295 K
*** Source: observed-34SO2v=0
  |- Projecting observed-34SO2v=0-c1
   --+ Generating template image
   --+ Generating template line distribution
   --+ Loading and correcting lines
      |- Projecting Sulfur Dioxide (34SO2v=0) around 602629.7294 Mhz, at 1.32870242776e-06 K
      |- Projecting Sulfur Dioxide (34SO2v=0) around 602815.8891 Mhz, at 0.107475004272 K
      |- Projecting Sulfur Dioxide (34SO2v=0) around 603267.8807 Mhz, at 1.76431819056e-05 K
      |- Projecting Sulfur Dioxide (34SO2v=0) around 603928.816 Mhz, at 0.0114064011492 K
      |- Projecting Sulfur Dioxide (34SO2v=0) around 604080.004 Mhz, at 0.167423662671 K
      |- Projecting Sulfur Dioxide (34SO2v=0) around 604376.563 Mhz, at 0.229509694124 K
      |- Projecting Sulfur Dioxide (34SO2v=0) around 604504.0028 Mhz, at 1.48943306578e-05 K
      |- Projecting Sulfur Dioxide (34SO2v=0) around 605440.428 Mhz, at 0.025989959806 K
      |- Projecting Sulfur Dioxide (34SO2v=0) around 605499.8855 Mhz, at 0.240843730529 K
      |- Projecting Sulfur Dioxide (34SO2v=0) around 605890.93 Mhz, at 7.61119062113e-06 K
      |- Projecting Sulfur Dioxide (34SO2v=0) around 605924.403 Mhz, at 0.111787677496 K
*** Source: observed-CH3OHvt=0
  |- Projecting observed-CH3OHvt=0-c1
   --+ Generating template image
   --+ Generating template line distribution
   --+ Loading and correcting lines
      |- Projecting Methanol (CH3OHvt=0) around 602233.197 Mhz, at 0.961762614103 K
      |- Projecting Methanol (CH3OHvt=0) around 604903.184 Mhz, at 0.493569966046 K
      |- Projecting Methanol (CH3OHvt=0) around 605587.005 Mhz, at 0.856529897708 K
*** Source: observed-HC15Nv=0
  |- Projecting observed-HC15Nv=0-c1
   --+ Generating template image
   --+ Generating template line distribution
   --+ Loading and correcting lines
      |- Projecting Hydrogen Cyanide (HC15Nv=0) around 602274.1332 Mhz, at 0.351927336588 K
*** Source: observed-SO2v=0
  |- Projecting observed-SO2v=0-c1
   --+ Generating template image
   --+ Generating template line distribution
   --+ Loading and correcting lines
      |- Projecting Sulfur dioxide (SO2v=0) around 604367.4364 Mhz, at 0.0767012822331 K
      |- Projecting Sulfur dioxide (SO2v=0) around 604406.5377 Mhz, at 0.0731259472327 K
      |- Projecting Sulfur dioxide (SO2v=0) around 604987.346 Mhz, at 6.44729200022e-07 K
      |- Projecting Sulfur dioxide (SO2v=0) around 605118.5165 Mhz, at 0.0010559220776 K
      |- Projecting Sulfur dioxide (SO2v=0) around 605532.5228 Mhz, at 0.0929186636195 K
   -++ Saving FITS: data/cube_fixed_width_9.fits
