+++ Source 'observed-CH3OHvt=0' added
 |- Component added to 'observed-CH3OHvt=0' (observed-CH3OHvt=0-c1)
 ---+ Model: mol_list = ['CH3OHvt=0'] @ spa_form=('normal', 125.17432380797123, 76.57252193623262, 0.31143540913099865), spe_form=('skew', 8, 0), z=0.0, grad=('linear', 0.31143540913099865, 130.8915138230205)
+++ Source 'observed-SO2v=0' added
 |- Component added to 'observed-SO2v=0' (observed-SO2v=0-c1)
 ---+ Model: mol_list = ['SO2v=0'] @ spa_form=('normal', 61.81743359616727, 56.60405160164106, 2.6498743381034284), spe_form=('skew', 8, 0), z=0.0, grad=('linear', 2.6498743381034284, 11.22766680152245)
+++ Source 'observed-33SO2' added
 |- Component added to 'observed-33SO2' (observed-33SO2-c1)
 ---+ Model: mol_list = ['33SO2'] @ spa_form=('normal', 98.8477514292297, 87.39343804306537, 0.5111595314288017), spe_form=('skew', 8, 0), z=0.0, grad=('linear', 0.5111595314288017, 56.00939456517548)
+++ Source 'observed-SO2v2=1' added
 |- Component added to 'observed-SO2v2=1' (observed-SO2v2=1-c1)
 ---+ Model: mol_list = ['SO2v2=1'] @ spa_form=('normal', 94.56073558191366, 94.47745338789201, 3.131142726318328), spe_form=('skew', 8, 0), z=0.0, grad=('linear', 3.131142726318328, 37.138602340278496)
+++ Source 'observed-OS17O' added
 |- Component added to 'observed-OS17O' (observed-OS17O-c1)
 ---+ Model: mol_list = ['OS17O'] @ spa_form=('normal', 56.350504994477475, 67.9727383108368, 2.675325580189428), spe_form=('skew', 8, 0), z=0.0, grad=('linear', 2.675325580189428, 89.66483416722234)
+++ Source 'observed-H13CNv2=1' added
 |- Component added to 'observed-H13CNv2=1' (observed-H13CNv2=1-c1)
 ---+ Model: mol_list = ['H13CNv2=1'] @ spa_form=('normal', 70.89631537613134, 94.37479335297267, 0.009265000803886035), spe_form=('skew', 8, 0), z=0.0, grad=('linear', 0.009265000803886035, 75.6458366042818)
+++ Source 'observed-H13CNv=0' added
 |- Component added to 'observed-H13CNv=0' (observed-H13CNv=0-c1)
 ---+ Model: mol_list = ['H13CNv=0'] @ spa_form=('normal', 52.636883545646164, 63.43352453044582, 0.1325758967278699), spe_form=('skew', 8, 0), z=0.0, grad=('linear', 0.1325758967278699, 34.97190670973993)
+++ Source 'observed-H213CO' added
 |- Component added to 'observed-H213CO' (observed-H213CO-c1)
 ---+ Model: mol_list = ['H213CO'] @ spa_form=('normal', 101.5892046982958, 61.536079079376414, 0.7954670505430023), spe_form=('skew', 8, 0), z=0.0, grad=('linear', 0.7954670505430023, 20.007415030761194)
[*] Generating cube observerd
  |- Angular Coordinates (deg): ra=0 dec=0
  |- FOV (arcsec): ra=[-0.002777777777777778, 0.002777777777777778] dec=[-0.002777777777777778, 0.002777777777777778]
!!! WARNING: max ALMA bandwidth exceeded
  |- Spectral (MHz): center=277000 bandwidth=[275000.0, 279000.0]
  |- Cube size: 2 x 2 x 4000 
  |- Band: 7
*** Source: observed-H13CNv=0
  |- Projecting observed-H13CNv=0-c1
   --+ Generating template image
   --+ Generating template line distribution
   --+ Loading and correcting lines
*** Source: observed-H13CNv2=1
  |- Projecting observed-H13CNv2=1-c1
   --+ Generating template image
   --+ Generating template line distribution
   --+ Loading and correcting lines
*** Source: observed-33SO2
  |- Projecting observed-33SO2-c1
   --+ Generating template image
   --+ Generating template line distribution
   --+ Loading and correcting lines
      |- Projecting Sulfur Dioxide (33SO2) around 275828.2515 Mhz, at 0.292986642386 K
      |- Projecting Sulfur Dioxide (33SO2) around 275828.3672 Mhz, at 0.292986642386 K
      |- Projecting Sulfur Dioxide (33SO2) around 275831.1722 Mhz, at 0.292986642386 K
      |- Projecting Sulfur Dioxide (33SO2) around 275831.2604 Mhz, at 0.292986779113 K
*** Source: observed-OS17O
  |- Projecting observed-OS17O-c1
   --+ Generating template image
   --+ Generating template line distribution
   --+ Loading and correcting lines
      |- Projecting Sulfur Dioxide (OS17O) around 275054.7862 Mhz, at 0.246152093191 K
      |- Projecting Sulfur Dioxide (OS17O) around 275142.6319 Mhz, at 0.30611549842 K
      |- Projecting Sulfur Dioxide (OS17O) around 275151.3474 Mhz, at 0.306115049451 K
      |- Projecting Sulfur Dioxide (OS17O) around 275431.4561 Mhz, at 0.268944797079 K
      |- Projecting Sulfur Dioxide (OS17O) around 276201.24 Mhz, at 0.181051950585 K
      |- Projecting Sulfur Dioxide (OS17O) around 277061.5867 Mhz, at 0.227940335861 K
      |- Projecting Sulfur Dioxide (OS17O) around 277365.4535 Mhz, at 0.283155592455 K
*** Source: observed-CH3OHvt=0
  |- Projecting observed-CH3OHvt=0-c1
   --+ Generating template image
   --+ Generating template line distribution
   --+ Loading and correcting lines
      |- Projecting Methanol (CH3OHvt=0) around 275663.705 Mhz, at 0.193505983531 K
      |- Projecting Methanol (CH3OHvt=0) around 276648.18 Mhz, at 1.177669504 K
      |- Projecting Methanol (CH3OHvt=0) around 276925.919 Mhz, at 0.850422230546 K
      |- Projecting Methanol (CH3OHvt=0) around 277940.773 Mhz, at 0.377973858052 K
      |- Projecting Methanol (CH3OHvt=0) around 278186.616 Mhz, at 0.377988359927 K
      |- Projecting Methanol (CH3OHvt=0) around 278304.51 Mhz, at 0.615123463491 K
      |- Projecting Methanol (CH3OHvt=0) around 278342.257 Mhz, at 0.475702076211 K
      |- Projecting Methanol (CH3OHvt=0) around 278480.23 Mhz, at 0.52689597314 K
      |- Projecting Methanol (CH3OHvt=0) around 278599.055 Mhz, at 1.11008226181 K
      |- Projecting Methanol (CH3OHvt=0) around 278672.92 Mhz, at 0.579698766954 K
      |- Projecting Methanol (CH3OHvt=0) around 278723.25 Mhz, at 0.579704332089 K
      |- Projecting Methanol (CH3OHvt=0) around 278965.129 Mhz, at 0.296185901058 K
*** Source: observed-SO2v2=1
  |- Projecting observed-SO2v2=1-c1
   --+ Generating template image
   --+ Generating template line distribution
   --+ Loading and correcting lines
*** Source: observed-H213CO
  |- Projecting observed-H213CO-c1
   --+ Generating template image
   --+ Generating template line distribution
   --+ Loading and correcting lines
*** Source: observed-SO2v=0
  |- Projecting observed-SO2v=0-c1
   --+ Generating template image
   --+ Generating template line distribution
   --+ Loading and correcting lines
      |- Projecting Sulfur dioxide (SO2v=0) around 275240.184 Mhz, at 0.87345197111 K
      |- Projecting Sulfur dioxide (SO2v=0) around 275375.7013 Mhz, at 0.412932322011 K
      |- Projecting Sulfur dioxide (SO2v=0) around 276254.5765 Mhz, at 0.864650988184 K
      |- Projecting Sulfur dioxide (SO2v=0) around 276301.2521 Mhz, at 0.139262235716 K
      |- Projecting Sulfur dioxide (SO2v=0) around 276558.3672 Mhz, at 0.334351502954 K
      |- Projecting Sulfur dioxide (SO2v=0) around 278250.9723 Mhz, at 1.49934072975 K
   -++ Saving FITS: data/cube_variable_width_94.fits
