+++ Source 'observed-CH3OHvt=0' added
 |- Component added to 'observed-CH3OHvt=0' (observed-CH3OHvt=0-c1)
 ---+ Model: mol_list = ['CH3OHvt=0'] @ spa_form=('normal', 110.15522964511962, 87.86571966098117, 2.7198682876978624), spe_form=('skew', 8, 0), z=0.0, grad=('linear', 2.7198682876978624, 107.6722588792721)
+++ Source 'observed-SO2v=0' added
 |- Component added to 'observed-SO2v=0' (observed-SO2v=0-c1)
 ---+ Model: mol_list = ['SO2v=0'] @ spa_form=('normal', 75.5393526854469, 50.900390704730086, 2.711519848416975), spe_form=('skew', 8, 0), z=0.0, grad=('linear', 2.711519848416975, 61.57207109421559)
+++ Source 'observed-33SO2' added
 |- Component added to 'observed-33SO2' (observed-33SO2-c1)
 ---+ Model: mol_list = ['33SO2'] @ spa_form=('normal', 78.73041511230252, 98.97918924770997, 1.5037880074398218), spe_form=('skew', 8, 0), z=0.0, grad=('linear', 1.5037880074398218, 20.354259344902466)
+++ Source 'observed-HC15Nv=0' added
 |- Component added to 'observed-HC15Nv=0' (observed-HC15Nv=0-c1)
 ---+ Model: mol_list = ['HC15Nv=0'] @ spa_form=('normal', 113.15008061204952, 80.73935377643545, 0.01314612223376775), spe_form=('skew', 8, 0), z=0.0, grad=('linear', 0.01314612223376775, 126.83628442938607)
+++ Source 'observed-H13CNv=0' added
 |- Component added to 'observed-H13CNv=0' (observed-H13CNv=0-c1)
 ---+ Model: mol_list = ['H13CNv=0'] @ spa_form=('normal', 58.41187237629533, 55.33333823067335, 2.664444374378828), spe_form=('skew', 8, 0), z=0.0, grad=('linear', 2.664444374378828, 57.302934725830546)
+++ Source 'observed-H2C34S' added
 |- Component added to 'observed-H2C34S' (observed-H2C34S-c1)
 ---+ Model: mol_list = ['H2C34S'] @ spa_form=('normal', 52.749519747990014, 85.84692740187916, 0.6992161852057666), spe_form=('skew', 8, 0), z=0.0, grad=('linear', 0.6992161852057666, 24.502571457168134)
+++ Source 'observed-H2C18O' added
 |- Component added to 'observed-H2C18O' (observed-H2C18O-c1)
 ---+ Model: mol_list = ['H2C18O'] @ spa_form=('normal', 74.16377567480626, 97.21535536980463, 1.8925957420795325), spe_form=('skew', 8, 0), z=0.0, grad=('linear', 1.8925957420795325, 14.118509218229454)
+++ Source 'observed-H213CO' added
 |- Component added to 'observed-H213CO' (observed-H213CO-c1)
 ---+ Model: mol_list = ['H213CO'] @ spa_form=('normal', 96.84342509427526, 67.08003474680513, 2.6683855533747347), spe_form=('skew', 8, 0), z=0.0, grad=('linear', 2.6683855533747347, 14.588743003238772)
[*] Generating cube observerd
  |- Angular Coordinates (deg): ra=0 dec=0
  |- FOV (arcsec): ra=[-0.002777777777777778, 0.002777777777777778] dec=[-0.002777777777777778, 0.002777777777777778]
!!! WARNING: max ALMA bandwidth exceeded
  |- Spectral (MHz): center=604000 bandwidth=[602000.0, 606000.0]
  |- Cube size: 2 x 2 x 4000 
  |- Band: 9
*** Source: observed-H2C18O
  |- Projecting observed-H2C18O-c1
   --+ Generating template image
   --+ Generating template line distribution
   --+ Loading and correcting lines
      |- Projecting Formaldehyde (H2C18O) around 603231.51 Mhz, at 0.657927373682 K
*** Source: observed-H13CNv=0
  |- Projecting observed-H13CNv=0-c1
   --+ Generating template image
   --+ Generating template line distribution
   --+ Loading and correcting lines
      |- Projecting Hydrogen Cyanide (H13CNv=0) around 604267.914 Mhz, at 0.920421564016 K
*** Source: observed-H2C34S
  |- Projecting observed-H2C34S-c1
   --+ Generating template image
   --+ Generating template line distribution
   --+ Loading and correcting lines
      |- Projecting Thioformaldehyde (H2C34S) around 604710.9998 Mhz, at 0.748553786797 K
*** Source: observed-33SO2
  |- Projecting observed-33SO2-c1
   --+ Generating template image
   --+ Generating template line distribution
   --+ Loading and correcting lines
      |- Projecting Sulfur Dioxide (33SO2) around 602337.0627 Mhz, at 1.12127282348 K
      |- Projecting Sulfur Dioxide (33SO2) around 602338.0039 Mhz, at 1.12127282348 K
      |- Projecting Sulfur Dioxide (33SO2) around 602348.9212 Mhz, at 1.12127173958 K
      |- Projecting Sulfur Dioxide (33SO2) around 602349.8184 Mhz, at 1.12127117895 K
      |- Projecting Sulfur Dioxide (33SO2) around 602488.3231 Mhz, at 1.3366994202 K
      |- Projecting Sulfur Dioxide (33SO2) around 602499.1576 Mhz, at 1.3366974597 K
      |- Projecting Sulfur Dioxide (33SO2) around 603112.9816 Mhz, at 1.51185643508 K
      |- Projecting Sulfur Dioxide (33SO2) around 603113.1191 Mhz, at 1.51185643508 K
      |- Projecting Sulfur Dioxide (33SO2) around 603113.2126 Mhz, at 1.51185643508 K
      |- Projecting Sulfur Dioxide (33SO2) around 603113.2683 Mhz, at 1.51185643508 K
      |- Projecting Sulfur Dioxide (33SO2) around 604736.5656 Mhz, at 0.83572783335 K
      |- Projecting Sulfur Dioxide (33SO2) around 604736.767 Mhz, at 0.83572783335 K
      |- Projecting Sulfur Dioxide (33SO2) around 604736.8741 Mhz, at 0.83572783335 K
      |- Projecting Sulfur Dioxide (33SO2) around 604736.8962 Mhz, at 0.83572783335 K
      |- Projecting Sulfur Dioxide (33SO2) around 604736.926 Mhz, at 0.83572783335 K
      |- Projecting Sulfur Dioxide (33SO2) around 604736.9663 Mhz, at 0.83572783335 K
      |- Projecting Sulfur Dioxide (33SO2) around 604736.9892 Mhz, at 0.83572783335 K
      |- Projecting Sulfur Dioxide (33SO2) around 605162.1267 Mhz, at 0.935450908903 K
      |- Projecting Sulfur Dioxide (33SO2) around 605162.2359 Mhz, at 0.935450908903 K
      |- Projecting Sulfur Dioxide (33SO2) around 605162.3107 Mhz, at 0.935450908903 K
      |- Projecting Sulfur Dioxide (33SO2) around 605162.3529 Mhz, at 0.935450908903 K
      |- Projecting Sulfur Dioxide (33SO2) around 605357.5302 Mhz, at 0.959558294375 K
      |- Projecting Sulfur Dioxide (33SO2) around 605366.9145 Mhz, at 0.959558294375 K
      |- Projecting Sulfur Dioxide (33SO2) around 605367.499 Mhz, at 0.959559701728 K
      |- Projecting Sulfur Dioxide (33SO2) around 605367.499 Mhz, at 0.959559701728 K
      |- Projecting Sulfur Dioxide (33SO2) around 605367.499 Mhz, at 0.959558294375 K
      |- Projecting Sulfur Dioxide (33SO2) around 605367.499 Mhz, at 0.959558294375 K
      |- Projecting Sulfur Dioxide (33SO2) around 605377.1052 Mhz, at 0.959559701728 K
*** Source: observed-CH3OHvt=0
  |- Projecting observed-CH3OHvt=0-c1
   --+ Generating template image
   --+ Generating template line distribution
   --+ Loading and correcting lines
      |- Projecting Methanol (CH3OHvt=0) around 602233.197 Mhz, at 0.978005873778 K
      |- Projecting Methanol (CH3OHvt=0) around 604903.184 Mhz, at 0.501905895317 K
      |- Projecting Methanol (CH3OHvt=0) around 605587.005 Mhz, at 0.870995876468 K
*** Source: observed-HC15Nv=0
  |- Projecting observed-HC15Nv=0-c1
   --+ Generating template image
   --+ Generating template line distribution
   --+ Loading and correcting lines
      |- Projecting Hydrogen Cyanide (HC15Nv=0) around 602274.1332 Mhz, at 0.519189239219 K
*** Source: observed-H213CO
  |- Projecting observed-H213CO-c1
   --+ Generating template image
   --+ Generating template line distribution
   --+ Loading and correcting lines
*** Source: observed-SO2v=0
  |- Projecting observed-SO2v=0-c1
   --+ Generating template image
   --+ Generating template line distribution
   --+ Loading and correcting lines
      |- Projecting Sulfur dioxide (SO2v=0) around 605532.5228 Mhz, at 0.482532196749 K
   -++ Saving FITS: data/cube_variable_width_29.fits
