+++ Source 'observed-CH3OHvt=0' added
 |- Component added to 'observed-CH3OHvt=0' (observed-CH3OHvt=0-c1)
 ---+ Model: mol_list = ['CH3OHvt=0'] @ spa_form=('normal', 81.55651891925255, 97.14035349703866, 1.9786910559823006), spe_form=('skew', 8, 0), z=0.0, grad=('linear', 1.9786910559823006, 103.27921393398329)
+++ Source 'observed-SO2v=0' added
 |- Component added to 'observed-SO2v=0' (observed-SO2v=0-c1)
 ---+ Model: mol_list = ['SO2v=0'] @ spa_form=('normal', 145.89460148035488, 97.77365232014607, 0.29207309326328323), spe_form=('skew', 8, 0), z=0.0, grad=('linear', 0.29207309326328323, 120.96983609847814)
+++ Source 'observed-33SO2' added
 |- Component added to 'observed-33SO2' (observed-33SO2-c1)
 ---+ Model: mol_list = ['33SO2'] @ spa_form=('normal', 67.96802885752582, 40.77433257142674, 2.287633288612945), spe_form=('skew', 8, 0), z=0.0, grad=('linear', 2.287633288612945, 41.10815218135251)
+++ Source 'observed-OS18O' added
 |- Component added to 'observed-OS18O' (observed-OS18O-c1)
 ---+ Model: mol_list = ['OS18O'] @ spa_form=('normal', 127.50735146841717, 48.56818118071116, 2.6696726611832964), spe_form=('skew', 8, 0), z=0.0, grad=('linear', 2.6696726611832964, 127.58596231925746)
+++ Source 'observed-HC15Nv=0' added
 |- Component added to 'observed-HC15Nv=0' (observed-HC15Nv=0-c1)
 ---+ Model: mol_list = ['HC15Nv=0'] @ spa_form=('normal', 113.42623717024847, 69.76509876197875, 1.9001115609416865), spe_form=('skew', 8, 0), z=0.0, grad=('linear', 1.9001115609416865, 66.63232345251163)
+++ Source 'observed-H13CNv2=1' added
 |- Component added to 'observed-H13CNv2=1' (observed-H13CNv2=1-c1)
 ---+ Model: mol_list = ['H13CNv2=1'] @ spa_form=('normal', 71.85794219351365, 57.360454400056355, 1.404451193293386), spe_form=('skew', 8, 0), z=0.0, grad=('linear', 1.404451193293386, 113.89319358844455)
+++ Source 'observed-H213CO' added
 |- Component added to 'observed-H213CO' (observed-H213CO-c1)
 ---+ Model: mol_list = ['H213CO'] @ spa_form=('normal', 94.16343894507361, 59.49799670780908, 2.608458883204832), spe_form=('skew', 8, 0), z=0.0, grad=('linear', 2.608458883204832, 95.80115030145892)
[*] Generating cube observerd
  |- Angular Coordinates (deg): ra=0 dec=0
  |- FOV (arcsec): ra=[-0.002777777777777778, 0.002777777777777778] dec=[-0.002777777777777778, 0.002777777777777778]
!!! WARNING: max ALMA bandwidth exceeded
  |- Spectral (MHz): center=604000 bandwidth=[602000.0, 606000.0]
  |- Cube size: 2 x 2 x 4000 
  |- Band: 9
*** Source: observed-OS18O
  |- Projecting observed-OS18O-c1
   --+ Generating template image
   --+ Generating template line distribution
   --+ Loading and correcting lines
      |- Projecting Sulfur Dioxide (OS18O) around 602313.3835 Mhz, at 0.994532736552 K
      |- Projecting Sulfur Dioxide (OS18O) around 603090.155 Mhz, at 0.810813649209 K
      |- Projecting Sulfur Dioxide (OS18O) around 603608.7849 Mhz, at 0.696329579501 K
*** Source: observed-H13CNv2=1
  |- Projecting observed-H13CNv2=1-c1
   --+ Generating template image
   --+ Generating template line distribution
   --+ Loading and correcting lines
*** Source: observed-33SO2
  |- Projecting observed-33SO2-c1
   --+ Generating template image
   --+ Generating template line distribution
   --+ Loading and correcting lines
*** Source: observed-CH3OHvt=0
  |- Projecting observed-CH3OHvt=0-c1
   --+ Generating template image
   --+ Generating template line distribution
   --+ Loading and correcting lines
      |- Projecting Methanol (CH3OHvt=0) around 602233.197 Mhz, at 1.00467255061 K
      |- Projecting Methanol (CH3OHvt=0) around 604903.184 Mhz, at 0.515591050659 K
      |- Projecting Methanol (CH3OHvt=0) around 605587.005 Mhz, at 0.894744778371 K
*** Source: observed-HC15Nv=0
  |- Projecting observed-HC15Nv=0-c1
   --+ Generating template image
   --+ Generating template line distribution
   --+ Loading and correcting lines
      |- Projecting Hydrogen Cyanide (HC15Nv=0) around 602274.1332 Mhz, at 0.781756338161 K
*** Source: observed-H213CO
  |- Projecting observed-H213CO-c1
   --+ Generating template image
   --+ Generating template line distribution
   --+ Loading and correcting lines
      |- Projecting Formaldehyde (H213CO) around 602083.584 Mhz, at 1.0513061929 K
*** Source: observed-SO2v=0
  |- Projecting observed-SO2v=0-c1
   --+ Generating template image
   --+ Generating template line distribution
   --+ Loading and correcting lines
   -++ Saving FITS: data/cube_fixed_width_22.fits
