+++ Source 'observed-CH3OHvt=0' added
 |- Component added to 'observed-CH3OHvt=0' (observed-CH3OHvt=0-c1)
 ---+ Model: mol_list = ['CH3OHvt=0'] @ spa_form=('normal', 72.87180715155944, 92.39564778472877, 2.694355285849544), spe_form=('skew', 8, 0), z=0.0, grad=('linear', 2.694355285849544, 93.81819353828216)
+++ Source 'observed-SO2v=0' added
 |- Component added to 'observed-SO2v=0' (observed-SO2v=0-c1)
 ---+ Model: mol_list = ['SO2v=0'] @ spa_form=('normal', 83.90872879181441, 46.70015746269098, 0.21219370181411798), spe_form=('skew', 8, 0), z=0.0, grad=('linear', 0.21219370181411798, 67.52983512938334)
+++ Source 'observed-33SO2' added
 |- Component added to 'observed-33SO2' (observed-33SO2-c1)
 ---+ Model: mol_list = ['33SO2'] @ spa_form=('normal', 104.86508676878358, 81.60277964851475, 2.675340418168817), spe_form=('skew', 8, 0), z=0.0, grad=('linear', 2.675340418168817, 126.98969056821105)
+++ Source 'observed-SO2v2=1' added
 |- Component added to 'observed-SO2v2=1' (observed-SO2v2=1-c1)
 ---+ Model: mol_list = ['SO2v2=1'] @ spa_form=('normal', 52.59621789161297, 62.13778593550003, 0.6407973678760269), spe_form=('skew', 8, 0), z=0.0, grad=('linear', 0.6407973678760269, 99.80362251597245)
+++ Source 'observed-HC15Nv=0' added
 |- Component added to 'observed-HC15Nv=0' (observed-HC15Nv=0-c1)
 ---+ Model: mol_list = ['HC15Nv=0'] @ spa_form=('normal', 98.81551362176657, 46.59117479926525, 2.5803988452156483), spe_form=('skew', 8, 0), z=0.0, grad=('linear', 2.5803988452156483, 81.15550889603465)
+++ Source 'observed-H13CNv=0' added
 |- Component added to 'observed-H13CNv=0' (observed-H13CNv=0-c1)
 ---+ Model: mol_list = ['H13CNv=0'] @ spa_form=('normal', 100.89117713594547, 71.93846050961592, 0.8847484462950498), spe_form=('skew', 8, 0), z=0.0, grad=('linear', 0.8847484462950498, 41.39265590657276)
+++ Source 'observed-H2C34S' added
 |- Component added to 'observed-H2C34S' (observed-H2C34S-c1)
 ---+ Model: mol_list = ['H2C34S'] @ spa_form=('normal', 52.13651317020446, 57.357028683976175, 2.8136811428207404), spe_form=('skew', 8, 0), z=0.0, grad=('linear', 2.8136811428207404, 114.46680118626807)
[*] Generating cube observerd
  |- Angular Coordinates (deg): ra=0 dec=0
  |- FOV (arcsec): ra=[-0.002777777777777778, 0.002777777777777778] dec=[-0.002777777777777778, 0.002777777777777778]
!!! WARNING: max ALMA bandwidth exceeded
  |- Spectral (MHz): center=604000 bandwidth=[602000.0, 606000.0]
  |- Cube size: 2 x 2 x 4000 
  |- Band: 9
*** Source: observed-H13CNv=0
  |- Projecting observed-H13CNv=0-c1
   --+ Generating template image
   --+ Generating template line distribution
   --+ Loading and correcting lines
*** Source: observed-H2C34S
  |- Projecting observed-H2C34S-c1
   --+ Generating template image
   --+ Generating template line distribution
   --+ Loading and correcting lines
*** Source: observed-33SO2
  |- Projecting observed-33SO2-c1
   --+ Generating template image
   --+ Generating template line distribution
   --+ Loading and correcting lines
      |- Projecting Sulfur Dioxide (33SO2) around 602337.0627 Mhz, at 0.519444561941 K
      |- Projecting Sulfur Dioxide (33SO2) around 602338.0039 Mhz, at 0.519444561941 K
      |- Projecting Sulfur Dioxide (33SO2) around 602348.9212 Mhz, at 0.519444059811 K
      |- Projecting Sulfur Dioxide (33SO2) around 602349.8184 Mhz, at 0.519443800089 K
      |- Projecting Sulfur Dioxide (33SO2) around 602488.3231 Mhz, at 0.619243800645 K
      |- Projecting Sulfur Dioxide (33SO2) around 602499.1576 Mhz, at 0.619242892421 K
      |- Projecting Sulfur Dioxide (33SO2) around 603112.9816 Mhz, at 0.700387619492 K
      |- Projecting Sulfur Dioxide (33SO2) around 603113.1191 Mhz, at 0.700387619492 K
      |- Projecting Sulfur Dioxide (33SO2) around 603113.2126 Mhz, at 0.700387619492 K
      |- Projecting Sulfur Dioxide (33SO2) around 603113.2683 Mhz, at 0.700387619492 K
*** Source: observed-CH3OHvt=0
  |- Projecting observed-CH3OHvt=0-c1
   --+ Generating template image
   --+ Generating template line distribution
   --+ Loading and correcting lines
      |- Projecting Methanol (CH3OHvt=0) around 602233.197 Mhz, at 0.882544445178 K
      |- Projecting Methanol (CH3OHvt=0) around 605587.005 Mhz, at 0.785979504991 K
*** Source: observed-HC15Nv=0
  |- Projecting observed-HC15Nv=0-c1
   --+ Generating template image
   --+ Generating template line distribution
   --+ Loading and correcting lines
      |- Projecting Hydrogen Cyanide (HC15Nv=0) around 602274.1332 Mhz, at 0.759765300434 K
*** Source: observed-SO2v2=1
  |- Projecting observed-SO2v2=1-c1
   --+ Generating template image
   --+ Generating template line distribution
   --+ Loading and correcting lines
*** Source: observed-SO2v=0
  |- Projecting observed-SO2v=0-c1
   --+ Generating template image
   --+ Generating template line distribution
   --+ Loading and correcting lines
   -++ Saving FITS: data/cube_fixed_width_10.fits
