+++ Source 'observed-SO2v=0' added
 |- Component added to 'observed-SO2v=0' (observed-SO2v=0-c1)
 ---+ Model: mol_list = ['SO2v=0'] @ spa_form=('normal', 120.86485383906205, 71.9835361506783, 0.28326983538709016), spe_form=('skew', 8, 0), z=0.0, grad=('linear', 0.28326983538709016, 35.37917382532902)
+++ Source 'observed-33SO2' added
 |- Component added to 'observed-33SO2' (observed-33SO2-c1)
 ---+ Model: mol_list = ['33SO2'] @ spa_form=('normal', 62.14163109431136, 88.52191395661845, 1.6472108021697085), spe_form=('skew', 8, 0), z=0.0, grad=('linear', 1.6472108021697085, 53.7326857111052)
+++ Source 'observed-SO2v2=1' added
 |- Component added to 'observed-SO2v2=1' (observed-SO2v2=1-c1)
 ---+ Model: mol_list = ['SO2v2=1'] @ spa_form=('normal', 89.88349578689393, 67.1637526129604, 2.975027000205578), spe_form=('skew', 8, 0), z=0.0, grad=('linear', 2.975027000205578, 115.53659095484645)
+++ Source 'observed-HC15Nv=0' added
 |- Component added to 'observed-HC15Nv=0' (observed-HC15Nv=0-c1)
 ---+ Model: mol_list = ['HC15Nv=0'] @ spa_form=('normal', 104.31264480060851, 85.24507811276557, 2.1132539244611412), spe_form=('skew', 8, 0), z=0.0, grad=('linear', 2.1132539244611412, 70.29232648117423)
[*] Generating cube observerd
  |- Angular Coordinates (deg): ra=0 dec=0
  |- FOV (arcsec): ra=[-0.002777777777777778, 0.002777777777777778] dec=[-0.002777777777777778, 0.002777777777777778]
!!! WARNING: max ALMA bandwidth exceeded
  |- Spectral (MHz): center=277000 bandwidth=[275000.0, 279000.0]
  |- Cube size: 2 x 2 x 4000 
  |- Band: 7
*** Source: observed-SO2v2=1
  |- Projecting observed-SO2v2=1-c1
   --+ Generating template image
   --+ Generating template line distribution
   --+ Loading and correcting lines
      |- Projecting Sulfur dioxide (SO2v2=1) around 275061.7269 Mhz, at 0.183995806105 K
      |- Projecting Sulfur dioxide (SO2v2=1) around 278755.1244 Mhz, at 0.147088394783 K
      |- Projecting Sulfur dioxide (SO2v2=1) around 278849.6017 Mhz, at 0.171538299855 K
*** Source: observed-33SO2
  |- Projecting observed-33SO2-c1
   --+ Generating template image
   --+ Generating template line distribution
   --+ Loading and correcting lines
      |- Projecting Sulfur Dioxide (33SO2) around 275828.2515 Mhz, at 0.14119488906 K
      |- Projecting Sulfur Dioxide (33SO2) around 275828.3672 Mhz, at 0.14119488906 K
      |- Projecting Sulfur Dioxide (33SO2) around 275831.1722 Mhz, at 0.14119488906 K
      |- Projecting Sulfur Dioxide (33SO2) around 275831.2604 Mhz, at 0.141194954951 K
*** Source: observed-HC15Nv=0
  |- Projecting observed-HC15Nv=0-c1
   --+ Generating template image
   --+ Generating template line distribution
   --+ Loading and correcting lines
*** Source: observed-SO2v=0
  |- Projecting observed-SO2v=0-c1
   --+ Generating template image
   --+ Generating template line distribution
   --+ Loading and correcting lines
      |- Projecting Sulfur dioxide (SO2v=0) around 275240.184 Mhz, at 0.839760535854 K
      |- Projecting Sulfur dioxide (SO2v=0) around 275375.7013 Mhz, at 0.397004391166 K
      |- Projecting Sulfur dioxide (SO2v=0) around 276254.5765 Mhz, at 0.831299030949 K
      |- Projecting Sulfur dioxide (SO2v=0) around 276301.2521 Mhz, at 0.13389050979 K
      |- Projecting Sulfur dioxide (SO2v=0) around 276558.3672 Mhz, at 0.321454649565 K
      |- Projecting Sulfur dioxide (SO2v=0) around 278250.9723 Mhz, at 1.44150705052 K
   -++ Saving FITS: data/cube_fixed_width_51.fits
