+++ Source 'observed-SO2v=0' added
 |- Component added to 'observed-SO2v=0' (observed-SO2v=0-c1)
 ---+ Model: mol_list = ['SO2v=0'] @ spa_form=('normal', 134.79489903898082, 49.25552662687545, 0.23803117049635328), spe_form=('skew', 8, 0), z=0.0, grad=('linear', 0.23803117049635328, 54.831320608600514)
+++ Source 'observed-33SO2' added
 |- Component added to 'observed-33SO2' (observed-33SO2-c1)
 ---+ Model: mol_list = ['33SO2'] @ spa_form=('normal', 131.13298772109732, 83.46876963920083, 2.601903017435819), spe_form=('skew', 8, 0), z=0.0, grad=('linear', 2.601903017435819, 88.56657373075673)
+++ Source 'observed-SO2v2=1' added
 |- Component added to 'observed-SO2v2=1' (observed-SO2v2=1-c1)
 ---+ Model: mol_list = ['SO2v2=1'] @ spa_form=('normal', 110.47000717376557, 48.281582624317295, 0.9118302779309465), spe_form=('skew', 8, 0), z=0.0, grad=('linear', 0.9118302779309465, 136.33725440359132)
+++ Source 'observed-HC15Nv=0' added
 |- Component added to 'observed-HC15Nv=0' (observed-HC15Nv=0-c1)
 ---+ Model: mol_list = ['HC15Nv=0'] @ spa_form=('normal', 141.8874440432939, 78.31576818220805, 0.6934584798815284), spe_form=('skew', 8, 0), z=0.0, grad=('linear', 0.6934584798815284, 103.46044495932098)
[*] Generating cube observerd
  |- Angular Coordinates (deg): ra=0 dec=0
  |- FOV (arcsec): ra=[-0.002777777777777778, 0.002777777777777778] dec=[-0.002777777777777778, 0.002777777777777778]
!!! WARNING: max ALMA bandwidth exceeded
  |- Spectral (MHz): center=604000 bandwidth=[602000.0, 606000.0]
  |- Cube size: 2 x 2 x 4000 
  |- Band: 9
*** Source: observed-SO2v2=1
  |- Projecting observed-SO2v2=1-c1
   --+ Generating template image
   --+ Generating template line distribution
   --+ Loading and correcting lines
*** Source: observed-33SO2
  |- Projecting observed-33SO2-c1
   --+ Generating template image
   --+ Generating template line distribution
   --+ Loading and correcting lines
      |- Projecting Sulfur Dioxide (33SO2) around 602337.0627 Mhz, at 1.13500221229 K
      |- Projecting Sulfur Dioxide (33SO2) around 602338.0039 Mhz, at 1.13500221229 K
      |- Projecting Sulfur Dioxide (33SO2) around 602348.9212 Mhz, at 1.13500111512 K
      |- Projecting Sulfur Dioxide (33SO2) around 602349.8184 Mhz, at 1.13500054762 K
      |- Projecting Sulfur Dioxide (33SO2) around 602488.3231 Mhz, at 1.35306659301 K
      |- Projecting Sulfur Dioxide (33SO2) around 602499.1576 Mhz, at 1.35306460851 K
      |- Projecting Sulfur Dioxide (33SO2) around 603112.9816 Mhz, at 1.53036831229 K
      |- Projecting Sulfur Dioxide (33SO2) around 603113.1191 Mhz, at 1.53036831229 K
      |- Projecting Sulfur Dioxide (33SO2) around 603113.2126 Mhz, at 1.53036831229 K
      |- Projecting Sulfur Dioxide (33SO2) around 603113.2683 Mhz, at 1.53036831229 K
      |- Projecting Sulfur Dioxide (33SO2) around 604736.5656 Mhz, at 0.845960875771 K
      |- Projecting Sulfur Dioxide (33SO2) around 604736.767 Mhz, at 0.845960875771 K
      |- Projecting Sulfur Dioxide (33SO2) around 604736.8741 Mhz, at 0.845960875771 K
      |- Projecting Sulfur Dioxide (33SO2) around 604736.8962 Mhz, at 0.845960875771 K
      |- Projecting Sulfur Dioxide (33SO2) around 604736.926 Mhz, at 0.845960875771 K
      |- Projecting Sulfur Dioxide (33SO2) around 604736.9663 Mhz, at 0.845960875771 K
      |- Projecting Sulfur Dioxide (33SO2) around 604736.9892 Mhz, at 0.845960875771 K
      |- Projecting Sulfur Dioxide (33SO2) around 605162.1267 Mhz, at 0.946905007297 K
      |- Projecting Sulfur Dioxide (33SO2) around 605162.2359 Mhz, at 0.946905007297 K
      |- Projecting Sulfur Dioxide (33SO2) around 605162.3107 Mhz, at 0.946905007297 K
      |- Projecting Sulfur Dioxide (33SO2) around 605162.3529 Mhz, at 0.946905007297 K
      |- Projecting Sulfur Dioxide (33SO2) around 605357.5302 Mhz, at 0.97130757487 K
      |- Projecting Sulfur Dioxide (33SO2) around 605366.9145 Mhz, at 0.97130757487 K
      |- Projecting Sulfur Dioxide (33SO2) around 605367.499 Mhz, at 0.971308999456 K
      |- Projecting Sulfur Dioxide (33SO2) around 605367.499 Mhz, at 0.971308999456 K
      |- Projecting Sulfur Dioxide (33SO2) around 605367.499 Mhz, at 0.97130757487 K
      |- Projecting Sulfur Dioxide (33SO2) around 605367.499 Mhz, at 0.97130757487 K
      |- Projecting Sulfur Dioxide (33SO2) around 605377.1052 Mhz, at 0.971308999456 K
*** Source: observed-HC15Nv=0
  |- Projecting observed-HC15Nv=0-c1
   --+ Generating template image
   --+ Generating template line distribution
   --+ Loading and correcting lines
      |- Projecting Hydrogen Cyanide (HC15Nv=0) around 602274.1332 Mhz, at 0.667654815671 K
*** Source: observed-SO2v=0
  |- Projecting observed-SO2v=0-c1
   --+ Generating template image
   --+ Generating template line distribution
   --+ Loading and correcting lines
   -++ Saving FITS: data/cube_fixed_width_1.fits
