+++ Source 'observed-CH3OHvt=0' added
 |- Component added to 'observed-CH3OHvt=0' (observed-CH3OHvt=0-c1)
 ---+ Model: mol_list = ['CH3OHvt=0'] @ spa_form=('normal', 55.643066872571325, 79.11974455203537, 2.267034846984455), spe_form=('skew', 8, 0), z=0.0, grad=('linear', 2.267034846984455, 67.50037158571271)
+++ Source 'observed-34SO2v=0' added
 |- Component added to 'observed-34SO2v=0' (observed-34SO2v=0-c1)
 ---+ Model: mol_list = ['34SO2v=0'] @ spa_form=('normal', 50.50601640450273, 74.08174410356114, 2.556356544394116), spe_form=('skew', 8, 0), z=0.0, grad=('linear', 2.556356544394116, 141.5957655460754)
+++ Source 'observed-SO2v2=1' added
 |- Component added to 'observed-SO2v2=1' (observed-SO2v2=1-c1)
 ---+ Model: mol_list = ['SO2v2=1'] @ spa_form=('normal', 144.03879486897515, 51.80950638325807, 1.2997893485128207), spe_form=('skew', 8, 0), z=0.0, grad=('linear', 1.2997893485128207, 71.619244418994)
+++ Source 'observed-OS17O' added
 |- Component added to 'observed-OS17O' (observed-OS17O-c1)
 ---+ Model: mol_list = ['OS17O'] @ spa_form=('normal', 70.46138351003945, 90.11550073291889, 2.6994109790833845), spe_form=('skew', 8, 0), z=0.0, grad=('linear', 2.6994109790833845, 73.24387287746933)
+++ Source 'observed-H13CNv2=1' added
 |- Component added to 'observed-H13CNv2=1' (observed-H13CNv2=1-c1)
 ---+ Model: mol_list = ['H13CNv2=1'] @ spa_form=('normal', 63.259292187271896, 41.29016396778717, 1.932802990547792), spe_form=('skew', 8, 0), z=0.0, grad=('linear', 1.932802990547792, 51.242878076540485)
+++ Source 'observed-H2C34S' added
 |- Component added to 'observed-H2C34S' (observed-H2C34S-c1)
 ---+ Model: mol_list = ['H2C34S'] @ spa_form=('normal', 140.74843192826782, 78.29254555835693, 0.4787009839335293), spe_form=('skew', 8, 0), z=0.0, grad=('linear', 0.4787009839335293, 43.35022571634966)
[*] Generating cube observerd
  |- Angular Coordinates (deg): ra=0 dec=0
  |- FOV (arcsec): ra=[-0.002777777777777778, 0.002777777777777778] dec=[-0.002777777777777778, 0.002777777777777778]
!!! WARNING: max ALMA bandwidth exceeded
  |- Spectral (MHz): center=604000 bandwidth=[602000.0, 606000.0]
  |- Cube size: 2 x 2 x 4000 
  |- Band: 9
*** Source: observed-H13CNv2=1
  |- Projecting observed-H13CNv2=1-c1
   --+ Generating template image
   --+ Generating template line distribution
   --+ Loading and correcting lines
*** Source: observed-H2C34S
  |- Projecting observed-H2C34S-c1
   --+ Generating template image
   --+ Generating template line distribution
   --+ Loading and correcting lines
      |- Projecting Thioformaldehyde (H2C34S) around 604710.9998 Mhz, at 1.2261794613 K
*** Source: observed-34SO2v=0
  |- Projecting observed-34SO2v=0-c1
   --+ Generating template image
   --+ Generating template line distribution
   --+ Loading and correcting lines
*** Source: observed-CH3OHvt=0
  |- Projecting observed-CH3OHvt=0-c1
   --+ Generating template image
   --+ Generating template line distribution
   --+ Loading and correcting lines
      |- Projecting Methanol (CH3OHvt=0) around 602233.197 Mhz, at 0.719579630119 K
      |- Projecting Methanol (CH3OHvt=0) around 605587.005 Mhz, at 0.640845732555 K
*** Source: observed-OS17O
  |- Projecting observed-OS17O-c1
   --+ Generating template image
   --+ Generating template line distribution
   --+ Loading and correcting lines
      |- Projecting Sulfur Dioxide (OS17O) around 603105.7123 Mhz, at 0.666081873979 K
      |- Projecting Sulfur Dioxide (OS17O) around 603106.5013 Mhz, at 0.666081873979 K
      |- Projecting Sulfur Dioxide (OS17O) around 604501.9322 Mhz, at 1.0650553304 K
      |- Projecting Sulfur Dioxide (OS17O) around 605172.0102 Mhz, at 0.683401929837 K
      |- Projecting Sulfur Dioxide (OS17O) around 605172.0102 Mhz, at 0.683401929837 K
      |- Projecting Sulfur Dioxide (OS17O) around 605240.925 Mhz, at 0.709215287694 K
*** Source: observed-SO2v2=1
  |- Projecting observed-SO2v2=1-c1
   --+ Generating template image
   --+ Generating template line distribution
   --+ Loading and correcting lines
   -++ Saving FITS: data/cube_variable_width_42.fits
