+++ Source 'observed-CH3OHvt=0' added
 |- Component added to 'observed-CH3OHvt=0' (observed-CH3OHvt=0-c1)
 ---+ Model: mol_list = ['CH3OHvt=0'] @ spa_form=('normal', 142.1872536852943, 60.55624993101323, 1.646831242667359), spe_form=('skew', 8, 0), z=0.0, grad=('linear', 1.646831242667359, 31.172650555431606)
+++ Source 'observed-SO2v=0' added
 |- Component added to 'observed-SO2v=0' (observed-SO2v=0-c1)
 ---+ Model: mol_list = ['SO2v=0'] @ spa_form=('normal', 129.42368762649596, 66.75151362668282, 1.6092441238986506), spe_form=('skew', 8, 0), z=0.0, grad=('linear', 1.6092441238986506, 61.92389144059271)
+++ Source 'observed-33SO2' added
 |- Component added to 'observed-33SO2' (observed-33SO2-c1)
 ---+ Model: mol_list = ['33SO2'] @ spa_form=('normal', 62.79689500542249, 69.83262364394722, 2.4107553501251933), spe_form=('skew', 8, 0), z=0.0, grad=('linear', 2.4107553501251933, 139.71114142303634)
+++ Source 'observed-34SO2v=0' added
 |- Component added to 'observed-34SO2v=0' (observed-34SO2v=0-c1)
 ---+ Model: mol_list = ['34SO2v=0'] @ spa_form=('normal', 70.79167568088995, 71.11554837764554, 0.46601361126301893), spe_form=('skew', 8, 0), z=0.0, grad=('linear', 0.46601361126301893, 29.407217553156503)
+++ Source 'observed-SO2v2=1' added
 |- Component added to 'observed-SO2v2=1' (observed-SO2v2=1-c1)
 ---+ Model: mol_list = ['SO2v2=1'] @ spa_form=('normal', 82.1885633936983, 54.32758505282813, 2.614227884743514), spe_form=('skew', 8, 0), z=0.0, grad=('linear', 2.614227884743514, 130.30069912929434)
+++ Source 'observed-OS18O' added
 |- Component added to 'observed-OS18O' (observed-OS18O-c1)
 ---+ Model: mol_list = ['OS18O'] @ spa_form=('normal', 106.07706690593434, 46.57194065368086, 3.125088913523446), spe_form=('skew', 8, 0), z=0.0, grad=('linear', 3.125088913523446, 80.81718696077311)
+++ Source 'observed-OS17O' added
 |- Component added to 'observed-OS17O' (observed-OS17O-c1)
 ---+ Model: mol_list = ['OS17O'] @ spa_form=('normal', 65.06891011576458, 69.3176286804291, 0.10902180427092098), spe_form=('skew', 8, 0), z=0.0, grad=('linear', 0.10902180427092098, 47.24465350860066)
+++ Source 'observed-HC15Nv=0' added
 |- Component added to 'observed-HC15Nv=0' (observed-HC15Nv=0-c1)
 ---+ Model: mol_list = ['HC15Nv=0'] @ spa_form=('normal', 78.2188951955712, 50.387129517664555, 2.3116766672509916), spe_form=('skew', 8, 0), z=0.0, grad=('linear', 2.3116766672509916, 24.278595374551102)
+++ Source 'observed-H13CNv2=1' added
 |- Component added to 'observed-H13CNv2=1' (observed-H13CNv2=1-c1)
 ---+ Model: mol_list = ['H13CNv2=1'] @ spa_form=('normal', 114.09444974109245, 48.0337818335709, 1.9727133401600188), spe_form=('skew', 8, 0), z=0.0, grad=('linear', 1.9727133401600188, 94.75829199158828)
+++ Source 'observed-H13CNv=0' added
 |- Component added to 'observed-H13CNv=0' (observed-H13CNv=0-c1)
 ---+ Model: mol_list = ['H13CNv=0'] @ spa_form=('normal', 65.15845883928728, 93.08878822181117, 0.30631722230987685), spe_form=('skew', 8, 0), z=0.0, grad=('linear', 0.30631722230987685, 128.6661105541311)
+++ Source 'observed-H213CS' added
 |- Component added to 'observed-H213CS' (observed-H213CS-c1)
 ---+ Model: mol_list = ['H213CS'] @ spa_form=('normal', 120.15393926858937, 59.016801633488335, 0.14767162128648154), spe_form=('skew', 8, 0), z=0.0, grad=('linear', 0.14767162128648154, 125.93608985968753)
+++ Source 'observed-H2C34S' added
 |- Component added to 'observed-H2C34S' (observed-H2C34S-c1)
 ---+ Model: mol_list = ['H2C34S'] @ spa_form=('normal', 97.64064920747927, 85.45967679607884, 0.7752322675962751), spe_form=('skew', 8, 0), z=0.0, grad=('linear', 0.7752322675962751, 99.19142174183663)
+++ Source 'observed-H2C18O' added
 |- Component added to 'observed-H2C18O' (observed-H2C18O-c1)
 ---+ Model: mol_list = ['H2C18O'] @ spa_form=('normal', 118.34151441555427, 43.086202366946104, 3.0780892085376426), spe_form=('skew', 8, 0), z=0.0, grad=('linear', 3.0780892085376426, 38.86861945228745)
+++ Source 'observed-H213CO' added
 |- Component added to 'observed-H213CO' (observed-H213CO-c1)
 ---+ Model: mol_list = ['H213CO'] @ spa_form=('normal', 146.1155365725374, 50.17129396138428, 0.3961920244076305), spe_form=('skew', 8, 0), z=0.0, grad=('linear', 0.3961920244076305, 119.14061649221289)
[*] Generating cube observerd
  |- Angular Coordinates (deg): ra=0 dec=0
  |- FOV (arcsec): ra=[-0.002777777777777778, 0.002777777777777778] dec=[-0.002777777777777778, 0.002777777777777778]
!!! WARNING: max ALMA bandwidth exceeded
  |- Spectral (MHz): center=604000 bandwidth=[602000.0, 606000.0]
  |- Cube size: 2 x 2 x 4000 
  |- Band: 9
*** Source: observed-OS18O
  |- Projecting observed-OS18O-c1
   --+ Generating template image
   --+ Generating template line distribution
   --+ Loading and correcting lines
      |- Projecting Sulfur Dioxide (OS18O) around 602313.3835 Mhz, at 1.15510282421 K
      |- Projecting Sulfur Dioxide (OS18O) around 603090.155 Mhz, at 0.941721777161 K
      |- Projecting Sulfur Dioxide (OS18O) around 603608.7849 Mhz, at 0.808753934689 K
      |- Projecting Sulfur Dioxide (OS18O) around 605850.3965 Mhz, at 0.523247357398 K
*** Source: observed-H13CNv=0
  |- Projecting observed-H13CNv=0-c1
   --+ Generating template image
   --+ Generating template line distribution
   --+ Loading and correcting lines
*** Source: observed-H213CS
  |- Projecting observed-H213CS-c1
   --+ Generating template image
   --+ Generating template line distribution
   --+ Loading and correcting lines
      |- Projecting Thioformaldehyde (H213CS) around 602149.9892 Mhz, at 1.1820201434 K
*** Source: observed-H13CNv2=1
  |- Projecting observed-H13CNv2=1-c1
   --+ Generating template image
   --+ Generating template line distribution
   --+ Loading and correcting lines
*** Source: observed-OS17O
  |- Projecting observed-OS17O-c1
   --+ Generating template image
   --+ Generating template line distribution
   --+ Loading and correcting lines
*** Source: observed-33SO2
  |- Projecting observed-33SO2-c1
   --+ Generating template image
   --+ Generating template line distribution
   --+ Loading and correcting lines
      |- Projecting Sulfur Dioxide (33SO2) around 602337.0627 Mhz, at 0.939147051035 K
      |- Projecting Sulfur Dioxide (33SO2) around 602338.0039 Mhz, at 0.939147051035 K
      |- Projecting Sulfur Dioxide (33SO2) around 602348.9212 Mhz, at 0.939146143194 K
      |- Projecting Sulfur Dioxide (33SO2) around 602349.8184 Mhz, at 0.939145673621 K
      |- Projecting Sulfur Dioxide (33SO2) around 602488.3231 Mhz, at 1.11958239985 K
      |- Projecting Sulfur Dioxide (33SO2) around 602499.1576 Mhz, at 1.1195807578 K
      |- Projecting Sulfur Dioxide (33SO2) around 603112.9816 Mhz, at 1.26628906263 K
      |- Projecting Sulfur Dioxide (33SO2) around 603113.1191 Mhz, at 1.26628906263 K
      |- Projecting Sulfur Dioxide (33SO2) around 603113.2126 Mhz, at 1.26628906263 K
      |- Projecting Sulfur Dioxide (33SO2) around 603113.2683 Mhz, at 1.26628906263 K
      |- Projecting Sulfur Dioxide (33SO2) around 604736.5656 Mhz, at 0.699982478595 K
      |- Projecting Sulfur Dioxide (33SO2) around 604736.767 Mhz, at 0.699982478595 K
      |- Projecting Sulfur Dioxide (33SO2) around 604736.8741 Mhz, at 0.699982478595 K
      |- Projecting Sulfur Dioxide (33SO2) around 604736.8962 Mhz, at 0.699982478595 K
      |- Projecting Sulfur Dioxide (33SO2) around 604736.926 Mhz, at 0.699982478595 K
      |- Projecting Sulfur Dioxide (33SO2) around 604736.9663 Mhz, at 0.699982478595 K
      |- Projecting Sulfur Dioxide (33SO2) around 604736.9892 Mhz, at 0.699982478595 K
      |- Projecting Sulfur Dioxide (33SO2) around 605162.1267 Mhz, at 0.783507763758 K
      |- Projecting Sulfur Dioxide (33SO2) around 605162.2359 Mhz, at 0.783507763758 K
      |- Projecting Sulfur Dioxide (33SO2) around 605162.3107 Mhz, at 0.783507763758 K
      |- Projecting Sulfur Dioxide (33SO2) around 605162.3529 Mhz, at 0.783507763758 K
      |- Projecting Sulfur Dioxide (33SO2) around 605357.5302 Mhz, at 0.803699441911 K
      |- Projecting Sulfur Dioxide (33SO2) around 605366.9145 Mhz, at 0.803699441911 K
      |- Projecting Sulfur Dioxide (33SO2) around 605367.499 Mhz, at 0.803700620671 K
      |- Projecting Sulfur Dioxide (33SO2) around 605367.499 Mhz, at 0.803700620671 K
      |- Projecting Sulfur Dioxide (33SO2) around 605367.499 Mhz, at 0.803699441911 K
      |- Projecting Sulfur Dioxide (33SO2) around 605367.499 Mhz, at 0.803699441911 K
      |- Projecting Sulfur Dioxide (33SO2) around 605377.1052 Mhz, at 0.803700620671 K
*** Source: observed-34SO2v=0
  |- Projecting observed-34SO2v=0-c1
   --+ Generating template image
   --+ Generating template line distribution
   --+ Loading and correcting lines
*** Source: observed-CH3OHvt=0
  |- Projecting observed-CH3OHvt=0-c1
   --+ Generating template image
   --+ Generating template line distribution
   --+ Loading and correcting lines
      |- Projecting Methanol (CH3OHvt=0) around 602233.197 Mhz, at 0.834303451278 K
      |- Projecting Methanol (CH3OHvt=0) around 605587.005 Mhz, at 0.743016872669 K
*** Source: observed-HC15Nv=0
  |- Projecting observed-HC15Nv=0-c1
   --+ Generating template image
   --+ Generating template line distribution
   --+ Loading and correcting lines
*** Source: observed-SO2v2=1
  |- Projecting observed-SO2v2=1-c1
   --+ Generating template image
   --+ Generating template line distribution
   --+ Loading and correcting lines
*** Source: observed-H2C18O
  |- Projecting observed-H2C18O-c1
   --+ Generating template image
   --+ Generating template line distribution
   --+ Loading and correcting lines
*** Source: observed-H2C34S
  |- Projecting observed-H2C34S-c1
   --+ Generating template image
   --+ Generating template line distribution
   --+ Loading and correcting lines
*** Source: observed-H213CO
  |- Projecting observed-H213CO-c1
   --+ Generating template image
   --+ Generating template line distribution
   --+ Loading and correcting lines
      |- Projecting Formaldehyde (H213CO) around 602083.584 Mhz, at 0.80296234912 K
*** Source: observed-SO2v=0
  |- Projecting observed-SO2v=0-c1
   --+ Generating template image
   --+ Generating template line distribution
   --+ Loading and correcting lines
   -++ Saving FITS: data/cube_1.fits
