+++ Source 'observed-SO2v=0' added
 |- Component added to 'observed-SO2v=0' (observed-SO2v=0-c1)
 ---+ Model: mol_list = ['SO2v=0'] @ spa_form=('normal', 98.74904325314753, 72.46092821652351, 0.04262269777807018), spe_form=('skew', 8, 0), z=0.0, grad=('linear', 0.04262269777807018, 111.55781389827317)
+++ Source 'observed-H13CNv=0' added
 |- Component added to 'observed-H13CNv=0' (observed-H13CNv=0-c1)
 ---+ Model: mol_list = ['H13CNv=0'] @ spa_form=('normal', 133.3197435412827, 46.402096736147534, 0.2940570943517888), spe_form=('skew', 8, 0), z=0.0, grad=('linear', 0.2940570943517888, 149.82116808245704)
+++ Source 'observed-H2C34S' added
 |- Component added to 'observed-H2C34S' (observed-H2C34S-c1)
 ---+ Model: mol_list = ['H2C34S'] @ spa_form=('normal', 106.8703854431254, 66.55264541218065, 2.548378773812529), spe_form=('skew', 8, 0), z=0.0, grad=('linear', 2.548378773812529, 31.9766722380547)
[*] Generating cube observerd
  |- Angular Coordinates (deg): ra=0 dec=0
  |- FOV (arcsec): ra=[-0.002777777777777778, 0.002777777777777778] dec=[-0.002777777777777778, 0.002777777777777778]
!!! WARNING: max ALMA bandwidth exceeded
  |- Spectral (MHz): center=604000 bandwidth=[602000.0, 606000.0]
  |- Cube size: 2 x 2 x 4000 
  |- Band: 9
*** Source: observed-H13CNv=0
  |- Projecting observed-H13CNv=0-c1
   --+ Generating template image
   --+ Generating template line distribution
   --+ Loading and correcting lines
      |- Projecting Hydrogen Cyanide (H13CNv=0) around 604267.914 Mhz, at 0.301638121519 K
*** Source: observed-H2C34S
  |- Projecting observed-H2C34S-c1
   --+ Generating template image
   --+ Generating template line distribution
   --+ Loading and correcting lines
      |- Projecting Thioformaldehyde (H2C34S) around 604710.9998 Mhz, at 0.68347159623 K
      |- Projecting Thioformaldehyde (H2C34S) around 605200.1552 Mhz, at 0.00500841266859 K
      |- Projecting Thioformaldehyde (H2C34S) around 605200.1552 Mhz, at 0.00500841266859 K
      |- Projecting Thioformaldehyde (H2C34S) around 605585.4505 Mhz, at 0.0124026926588 K
      |- Projecting Thioformaldehyde (H2C34S) around 605585.4505 Mhz, at 0.0124026926588 K
      |- Projecting Thioformaldehyde (H2C34S) around 605935.8198 Mhz, at 0.0282429037763 K
      |- Projecting Thioformaldehyde (H2C34S) around 605935.8198 Mhz, at 0.0282429037763 K
*** Source: observed-SO2v=0
  |- Projecting observed-SO2v=0-c1
   --+ Generating template image
   --+ Generating template line distribution
   --+ Loading and correcting lines
      |- Projecting Sulfur dioxide (SO2v=0) around 604367.4364 Mhz, at 0.880135125485 K
      |- Projecting Sulfur dioxide (SO2v=0) around 604406.5377 Mhz, at 0.839108719829 K
      |- Projecting Sulfur dioxide (SO2v=0) around 604987.346 Mhz, at 7.39816596078e-06 K
      |- Projecting Sulfur dioxide (SO2v=0) around 605118.5165 Mhz, at 0.0121165394269 K
      |- Projecting Sulfur dioxide (SO2v=0) around 605532.5228 Mhz, at 1.06622702103 K
   -++ Saving FITS: data/cube_fixed_width_21.fits
