+++ Source 'observed-CH3OHvt=0' added
 |- Component added to 'observed-CH3OHvt=0' (observed-CH3OHvt=0-c1)
 ---+ Model: mol_list = ['CH3OHvt=0'] @ spa_form=('normal', 139.19383160419022, 84.87703643511982, 1.019424562956006), spe_form=('skew', 8, 0), z=0.0, grad=('linear', 1.019424562956006, 22.27223628972427)
+++ Source 'observed-SO2v=0' added
 |- Component added to 'observed-SO2v=0' (observed-SO2v=0-c1)
 ---+ Model: mol_list = ['SO2v=0'] @ spa_form=('normal', 110.04766544316405, 56.686753487154725, 2.6106262293665266), spe_form=('skew', 8, 0), z=0.0, grad=('linear', 2.6106262293665266, 89.99513928757257)
+++ Source 'observed-33SO2' added
 |- Component added to 'observed-33SO2' (observed-33SO2-c1)
 ---+ Model: mol_list = ['33SO2'] @ spa_form=('normal', 140.79890974737964, 57.433952285442366, 2.5996631755319184), spe_form=('skew', 8, 0), z=0.0, grad=('linear', 2.5996631755319184, 74.65103377363214)
+++ Source 'observed-34SO2v=0' added
 |- Component added to 'observed-34SO2v=0' (observed-34SO2v=0-c1)
 ---+ Model: mol_list = ['34SO2v=0'] @ spa_form=('normal', 130.0358459131988, 47.53718316131729, 2.7254958385105255), spe_form=('skew', 8, 0), z=0.0, grad=('linear', 2.7254958385105255, 124.47212518476739)
+++ Source 'observed-SO2v2=1' added
 |- Component added to 'observed-SO2v2=1' (observed-SO2v2=1-c1)
 ---+ Model: mol_list = ['SO2v2=1'] @ spa_form=('normal', 125.94664326564477, 51.31994139440474, 2.182126504073587), spe_form=('skew', 8, 0), z=0.0, grad=('linear', 2.182126504073587, 36.1506490147394)
+++ Source 'observed-OS18O' added
 |- Component added to 'observed-OS18O' (observed-OS18O-c1)
 ---+ Model: mol_list = ['OS18O'] @ spa_form=('normal', 89.08687097066786, 57.5074082809351, 0.8716074303299551), spe_form=('skew', 8, 0), z=0.0, grad=('linear', 0.8716074303299551, 109.76324971972517)
+++ Source 'observed-OS17O' added
 |- Component added to 'observed-OS17O' (observed-OS17O-c1)
 ---+ Model: mol_list = ['OS17O'] @ spa_form=('normal', 99.40202191603447, 49.83420970637653, 3.093435153624676), spe_form=('skew', 8, 0), z=0.0, grad=('linear', 3.093435153624676, 92.796834040801)
+++ Source 'observed-HC15Nv=0' added
 |- Component added to 'observed-HC15Nv=0' (observed-HC15Nv=0-c1)
 ---+ Model: mol_list = ['HC15Nv=0'] @ spa_form=('normal', 108.13481550345645, 98.3911056337508, 0.8483006671950145), spe_form=('skew', 8, 0), z=0.0, grad=('linear', 0.8483006671950145, 113.92870288993893)
+++ Source 'observed-H13CNv2=1' added
 |- Component added to 'observed-H13CNv2=1' (observed-H13CNv2=1-c1)
 ---+ Model: mol_list = ['H13CNv2=1'] @ spa_form=('normal', 73.240647870734, 61.66533492355366, 1.1055488746255147), spe_form=('skew', 8, 0), z=0.0, grad=('linear', 1.1055488746255147, 23.311035082804857)
+++ Source 'observed-H13CNv=0' added
 |- Component added to 'observed-H13CNv=0' (observed-H13CNv=0-c1)
 ---+ Model: mol_list = ['H13CNv=0'] @ spa_form=('normal', 86.0449447489444, 63.44850956462879, 1.5860709765768335), spe_form=('skew', 8, 0), z=0.0, grad=('linear', 1.5860709765768335, 54.18079118944598)
+++ Source 'observed-H213CS' added
 |- Component added to 'observed-H213CS' (observed-H213CS-c1)
 ---+ Model: mol_list = ['H213CS'] @ spa_form=('normal', 73.73957830911496, 43.9930354837079, 2.7104848713438483), spe_form=('skew', 8, 0), z=0.0, grad=('linear', 2.7104848713438483, 15.972299344251844)
+++ Source 'observed-H2C34S' added
 |- Component added to 'observed-H2C34S' (observed-H2C34S-c1)
 ---+ Model: mol_list = ['H2C34S'] @ spa_form=('normal', 142.07132041608662, 55.959668131143616, 2.1042198539027495), spe_form=('skew', 8, 0), z=0.0, grad=('linear', 2.1042198539027495, 120.1171685200588)
+++ Source 'observed-H2C18O' added
 |- Component added to 'observed-H2C18O' (observed-H2C18O-c1)
 ---+ Model: mol_list = ['H2C18O'] @ spa_form=('normal', 125.5114396381068, 41.8228713236734, 2.5377607525522268), spe_form=('skew', 8, 0), z=0.0, grad=('linear', 2.5377607525522268, 104.67879641879989)
+++ Source 'observed-H213CO' added
 |- Component added to 'observed-H213CO' (observed-H213CO-c1)
 ---+ Model: mol_list = ['H213CO'] @ spa_form=('normal', 71.92364177389635, 41.97735601752058, 3.110195652381434), spe_form=('skew', 8, 0), z=0.0, grad=('linear', 3.110195652381434, 23.853560781123125)
[*] Generating cube observerd
  |- Angular Coordinates (deg): ra=0 dec=0
  |- FOV (arcsec): ra=[-0.002777777777777778, 0.002777777777777778] dec=[-0.002777777777777778, 0.002777777777777778]
!!! WARNING: max ALMA bandwidth exceeded
  |- Spectral (MHz): center=604000 bandwidth=[602000.0, 606000.0]
  |- Cube size: 2 x 2 x 4000 
  |- Band: 9
*** Source: observed-OS18O
  |- Projecting observed-OS18O-c1
   --+ Generating template image
   --+ Generating template line distribution
   --+ Loading and correcting lines
      |- Projecting Sulfur Dioxide (OS18O) around 602313.3835 Mhz, at 0.532270456302 K
*** Source: observed-H13CNv=0
  |- Projecting observed-H13CNv=0-c1
   --+ Generating template image
   --+ Generating template line distribution
   --+ Loading and correcting lines
*** Source: observed-H213CS
  |- Projecting observed-H213CS-c1
   --+ Generating template image
   --+ Generating template line distribution
   --+ Loading and correcting lines
      |- Projecting Thioformaldehyde (H213CS) around 602149.9892 Mhz, at 0.706579733035 K
*** Source: observed-H13CNv2=1
  |- Projecting observed-H13CNv2=1-c1
   --+ Generating template image
   --+ Generating template line distribution
   --+ Loading and correcting lines
*** Source: observed-OS17O
  |- Projecting observed-OS17O-c1
   --+ Generating template image
   --+ Generating template line distribution
   --+ Loading and correcting lines
*** Source: observed-33SO2
  |- Projecting observed-33SO2-c1
   --+ Generating template image
   --+ Generating template line distribution
   --+ Loading and correcting lines
*** Source: observed-34SO2v=0
  |- Projecting observed-34SO2v=0-c1
   --+ Generating template image
   --+ Generating template line distribution
   --+ Loading and correcting lines
      |- Projecting Sulfur Dioxide (34SO2v=0) around 602815.8891 Mhz, at 0.673104295984 K
      |- Projecting Sulfur Dioxide (34SO2v=0) around 604080.004 Mhz, at 1.04855624204 K
      |- Projecting Sulfur Dioxide (34SO2v=0) around 604376.563 Mhz, at 1.43739432374 K
      |- Projecting Sulfur Dioxide (34SO2v=0) around 605499.8855 Mhz, at 1.50837816456 K
      |- Projecting Sulfur Dioxide (34SO2v=0) around 605924.403 Mhz, at 0.700114100669 K
*** Source: observed-CH3OHvt=0
  |- Projecting observed-CH3OHvt=0-c1
   --+ Generating template image
   --+ Generating template line distribution
   --+ Loading and correcting lines
      |- Projecting Methanol (CH3OHvt=0) around 602233.197 Mhz, at 0.602530985 K
      |- Projecting Methanol (CH3OHvt=0) around 605587.005 Mhz, at 0.536604142624 K
*** Source: observed-HC15Nv=0
  |- Projecting observed-HC15Nv=0-c1
   --+ Generating template image
   --+ Generating template line distribution
   --+ Loading and correcting lines
*** Source: observed-SO2v2=1
  |- Projecting observed-SO2v2=1-c1
   --+ Generating template image
   --+ Generating template line distribution
   --+ Loading and correcting lines
*** Source: observed-H2C18O
  |- Projecting observed-H2C18O-c1
   --+ Generating template image
   --+ Generating template line distribution
   --+ Loading and correcting lines
      |- Projecting Formaldehyde (H2C18O) around 603231.51 Mhz, at 0.90542765716 K
*** Source: observed-H2C34S
  |- Projecting observed-H2C34S-c1
   --+ Generating template image
   --+ Generating template line distribution
   --+ Loading and correcting lines
      |- Projecting Thioformaldehyde (H2C34S) around 604710.9998 Mhz, at 0.607686263155 K
*** Source: observed-H213CO
  |- Projecting observed-H213CO-c1
   --+ Generating template image
   --+ Generating template line distribution
   --+ Loading and correcting lines
      |- Projecting Formaldehyde (H213CO) around 602083.584 Mhz, at 0.932329211383 K
*** Source: observed-SO2v=0
  |- Projecting observed-SO2v=0-c1
   --+ Generating template image
   --+ Generating template line distribution
   --+ Loading and correcting lines
      |- Projecting Sulfur dioxide (SO2v=0) around 604367.4364 Mhz, at 0.54660450505 K
      |- Projecting Sulfur dioxide (SO2v=0) around 604406.5377 Mhz, at 0.521125214986 K
      |- Projecting Sulfur dioxide (SO2v=0) around 605532.5228 Mhz, at 0.662176154804 K
   -++ Saving FITS: data/cube_2.fits
