+++ Source 'observed-CH3OHvt=0' added
 |- Component added to 'observed-CH3OHvt=0' (observed-CH3OHvt=0-c1)
 ---+ Model: mol_list = ['CH3OHvt=0'] @ spa_form=('normal', 89.38200480545188, 91.43619393899134, 1.5353292235264149), spe_form=('skew', 8, 0), z=0.0, grad=('linear', 1.5353292235264149, 123.80347988864806)
+++ Source 'observed-SO2v=0' added
 |- Component added to 'observed-SO2v=0' (observed-SO2v=0-c1)
 ---+ Model: mol_list = ['SO2v=0'] @ spa_form=('normal', 58.57138344698319, 54.62255937337095, 2.443987145681181), spe_form=('skew', 8, 0), z=0.0, grad=('linear', 2.443987145681181, 138.8493159853186)
+++ Source 'observed-34SO2v=0' added
 |- Component added to 'observed-34SO2v=0' (observed-34SO2v=0-c1)
 ---+ Model: mol_list = ['34SO2v=0'] @ spa_form=('normal', 87.37052621013491, 81.40395305069576, 1.1529528231516968), spe_form=('skew', 8, 0), z=0.0, grad=('linear', 1.1529528231516968, 28.04712304692412)
+++ Source 'observed-SO2v2=1' added
 |- Component added to 'observed-SO2v2=1' (observed-SO2v2=1-c1)
 ---+ Model: mol_list = ['SO2v2=1'] @ spa_form=('normal', 98.13936775831948, 90.95073843177576, 0.36913460644979945), spe_form=('skew', 8, 0), z=0.0, grad=('linear', 0.36913460644979945, 11.385115956333308)
+++ Source 'observed-OS18O' added
 |- Component added to 'observed-OS18O' (observed-OS18O-c1)
 ---+ Model: mol_list = ['OS18O'] @ spa_form=('normal', 125.427493782873, 76.04790058138565, 0.2838293179615755), spe_form=('skew', 8, 0), z=0.0, grad=('linear', 0.2838293179615755, 112.96792030218174)
+++ Source 'observed-H13CNv2=1' added
 |- Component added to 'observed-H13CNv2=1' (observed-H13CNv2=1-c1)
 ---+ Model: mol_list = ['H13CNv2=1'] @ spa_form=('normal', 139.4349076961064, 76.77013813187, 2.1593166137897404), spe_form=('skew', 8, 0), z=0.0, grad=('linear', 2.1593166137897404, 99.25123947944805)
+++ Source 'observed-H13CNv=0' added
 |- Component added to 'observed-H13CNv=0' (observed-H13CNv=0-c1)
 ---+ Model: mol_list = ['H13CNv=0'] @ spa_form=('normal', 126.83471480055172, 85.48973086227039, 0.8934515310873846), spe_form=('skew', 8, 0), z=0.0, grad=('linear', 0.8934515310873846, 75.39266182720881)
+++ Source 'observed-H213CS' added
 |- Component added to 'observed-H213CS' (observed-H213CS-c1)
 ---+ Model: mol_list = ['H213CS'] @ spa_form=('normal', 137.837918629096, 40.21672916889068, 3.0048331170135927), spe_form=('skew', 8, 0), z=0.0, grad=('linear', 3.0048331170135927, 121.21443608391392)
+++ Source 'observed-H2C34S' added
 |- Component added to 'observed-H2C34S' (observed-H2C34S-c1)
 ---+ Model: mol_list = ['H2C34S'] @ spa_form=('normal', 114.85324940924738, 57.95205055017841, 1.8465984979651076), spe_form=('skew', 8, 0), z=0.0, grad=('linear', 1.8465984979651076, 122.67248685260357)
[*] Generating cube observerd
  |- Angular Coordinates (deg): ra=0 dec=0
  |- FOV (arcsec): ra=[-0.002777777777777778, 0.002777777777777778] dec=[-0.002777777777777778, 0.002777777777777778]
!!! WARNING: max ALMA bandwidth exceeded
  |- Spectral (MHz): center=277000 bandwidth=[275000.0, 279000.0]
  |- Cube size: 2 x 2 x 4000 
  |- Band: 7
*** Source: observed-OS18O
  |- Projecting observed-OS18O-c1
   --+ Generating template image
   --+ Generating template line distribution
   --+ Loading and correcting lines
      |- Projecting Sulfur Dioxide (OS18O) around 275207.6031 Mhz, at 0.339920415279 K
      |- Projecting Sulfur Dioxide (OS18O) around 275282.0764 Mhz, at 0.629886797985 K
      |- Projecting Sulfur Dioxide (OS18O) around 275454.6038 Mhz, at 0.28327869022 K
      |- Projecting Sulfur Dioxide (OS18O) around 275552.9984 Mhz, at 0.781420213685 K
      |- Projecting Sulfur Dioxide (OS18O) around 275646.3336 Mhz, at 0.139711123064 K
      |- Projecting Sulfur Dioxide (OS18O) around 276002.289 Mhz, at 0.824746487172 K
      |- Projecting Sulfur Dioxide (OS18O) around 276274.7786 Mhz, at 0.506192340944 K
      |- Projecting Sulfur Dioxide (OS18O) around 276277.2242 Mhz, at 0.334077683358 K
      |- Projecting Sulfur Dioxide (OS18O) around 276567.9332 Mhz, at 0.0633910605578 K
      |- Projecting Sulfur Dioxide (OS18O) around 276568.1446 Mhz, at 0.0633910605578 K
      |- Projecting Sulfur Dioxide (OS18O) around 276651.2492 Mhz, at 0.0030632227586 K
      |- Projecting Sulfur Dioxide (OS18O) around 276651.2621 Mhz, at 0.0030632227586 K
      |- Projecting Sulfur Dioxide (OS18O) around 277080.9497 Mhz, at 0.548300128901 K
      |- Projecting Sulfur Dioxide (OS18O) around 277088.3147 Mhz, at 0.548299580601 K
      |- Projecting Sulfur Dioxide (OS18O) around 277598.0815 Mhz, at 0.0143626059142 K
      |- Projecting Sulfur Dioxide (OS18O) around 277728.8297 Mhz, at 0.00308862420554 K
      |- Projecting Sulfur Dioxide (OS18O) around 278108.0163 Mhz, at 0.000531744917773 K
      |- Projecting Sulfur Dioxide (OS18O) around 278116.0342 Mhz, at 0.0307317877603 K
      |- Projecting Sulfur Dioxide (OS18O) around 278393.6459 Mhz, at 0.377603845208 K
*** Source: observed-H13CNv=0
  |- Projecting observed-H13CNv=0-c1
   --+ Generating template image
   --+ Generating template line distribution
   --+ Loading and correcting lines
*** Source: observed-H213CS
  |- Projecting observed-H213CS-c1
   --+ Generating template image
   --+ Generating template line distribution
   --+ Loading and correcting lines
*** Source: observed-H13CNv2=1
  |- Projecting observed-H13CNv2=1-c1
   --+ Generating template image
   --+ Generating template line distribution
   --+ Loading and correcting lines
*** Source: observed-H2C34S
  |- Projecting observed-H2C34S-c1
   --+ Generating template image
   --+ Generating template line distribution
   --+ Loading and correcting lines
      |- Projecting Thioformaldehyde (H2C34S) around 277295.9149 Mhz, at 0.807562676873 K
*** Source: observed-34SO2v=0
  |- Projecting observed-34SO2v=0-c1
   --+ Generating template image
   --+ Generating template line distribution
   --+ Loading and correcting lines
      |- Projecting Sulfur Dioxide (34SO2v=0) around 275434.2181 Mhz, at 0.44152106721 K
      |- Projecting Sulfur Dioxide (34SO2v=0) around 275795.981 Mhz, at 0.00383048592912 K
      |- Projecting Sulfur Dioxide (34SO2v=0) around 275913.8166 Mhz, at 0.00415327495822 K
      |- Projecting Sulfur Dioxide (34SO2v=0) around 276129.3028 Mhz, at 0.0247274270942 K
      |- Projecting Sulfur Dioxide (34SO2v=0) around 276483.977 Mhz, at 0.371288715773 K
      |- Projecting Sulfur Dioxide (34SO2v=0) around 276625.149 Mhz, at 0.0103308373127 K
      |- Projecting Sulfur Dioxide (34SO2v=0) around 276769.4987 Mhz, at 1.42687545271e-05 K
      |- Projecting Sulfur Dioxide (34SO2v=0) around 276999.6054 Mhz, at 0.195459006026 K
      |- Projecting Sulfur Dioxide (34SO2v=0) around 277150.575 Mhz, at 0.218083947642 K
      |- Projecting Sulfur Dioxide (34SO2v=0) around 277188.8824 Mhz, at 0.0254199975553 K
      |- Projecting Sulfur Dioxide (34SO2v=0) around 277470.0761 Mhz, at 0.116808526617 K
      |- Projecting Sulfur Dioxide (34SO2v=0) around 277475.9774 Mhz, at 0.0570568935748 K
      |- Projecting Sulfur Dioxide (34SO2v=0) around 278835.2175 Mhz, at 0.24480587175 K
*** Source: observed-CH3OHvt=0
  |- Projecting observed-CH3OHvt=0-c1
   --+ Generating template image
   --+ Generating template line distribution
   --+ Loading and correcting lines
      |- Projecting Methanol (CH3OHvt=0) around 275663.705 Mhz, at 0.0464573503297 K
      |- Projecting Methanol (CH3OHvt=0) around 276648.18 Mhz, at 0.282737534629 K
      |- Projecting Methanol (CH3OHvt=0) around 276925.919 Mhz, at 0.204171275594 K
      |- Projecting Methanol (CH3OHvt=0) around 277171.928 Mhz, at 0.0172101850247 K
      |- Projecting Methanol (CH3OHvt=0) around 277940.773 Mhz, at 0.0907448111863 K
      |- Projecting Methanol (CH3OHvt=0) around 278186.616 Mhz, at 0.090748292829 K
      |- Projecting Methanol (CH3OHvt=0) around 278304.51 Mhz, at 0.147680220104 K
      |- Projecting Methanol (CH3OHvt=0) around 278342.257 Mhz, at 0.11420762089 K
      |- Projecting Methanol (CH3OHvt=0) around 278480.23 Mhz, at 0.126498366432 K
      |- Projecting Methanol (CH3OHvt=0) around 278599.055 Mhz, at 0.266511038008 K
      |- Projecting Methanol (CH3OHvt=0) around 278672.92 Mhz, at 0.139175379544 K
      |- Projecting Methanol (CH3OHvt=0) around 278723.25 Mhz, at 0.139176715634 K
      |- Projecting Methanol (CH3OHvt=0) around 278965.129 Mhz, at 0.0711089751182 K
*** Source: observed-SO2v2=1
  |- Projecting observed-SO2v2=1-c1
   --+ Generating template image
   --+ Generating template line distribution
   --+ Loading and correcting lines
      |- Projecting Sulfur dioxide (SO2v2=1) around 275061.7269 Mhz, at 0.052312769461 K
      |- Projecting Sulfur dioxide (SO2v2=1) around 276760.8235 Mhz, at 0.0185410964711 K
      |- Projecting Sulfur dioxide (SO2v2=1) around 277895.254 Mhz, at 2.33029371727e-05 K
      |- Projecting Sulfur dioxide (SO2v2=1) around 278469.1825 Mhz, at 0.00168976443654 K
      |- Projecting Sulfur dioxide (SO2v2=1) around 278709.8722 Mhz, at 0.00051346151402 K
      |- Projecting Sulfur dioxide (SO2v2=1) around 278755.1244 Mhz, at 0.0418194384402 K
      |- Projecting Sulfur dioxide (SO2v2=1) around 278849.6017 Mhz, at 0.0487709134463 K
*** Source: observed-SO2v=0
  |- Projecting observed-SO2v=0-c1
   --+ Generating template image
   --+ Generating template line distribution
   --+ Loading and correcting lines
      |- Projecting Sulfur dioxide (SO2v=0) around 275184.4681 Mhz, at 0.00171748638941 K
      |- Projecting Sulfur dioxide (SO2v=0) around 275240.184 Mhz, at 0.671807418898 K
      |- Projecting Sulfur dioxide (SO2v=0) around 275297.6122 Mhz, at 2.19837649857e-06 K
      |- Projecting Sulfur dioxide (SO2v=0) around 275375.7013 Mhz, at 0.317603035548 K
      |- Projecting Sulfur dioxide (SO2v=0) around 276254.5765 Mhz, at 0.665038225149 K
      |- Projecting Sulfur dioxide (SO2v=0) around 276301.2521 Mhz, at 0.107112246833 K
      |- Projecting Sulfur dioxide (SO2v=0) around 276405.6375 Mhz, at 8.42090445338e-05 K
      |- Projecting Sulfur dioxide (SO2v=0) around 276558.3672 Mhz, at 0.257163333113 K
      |- Projecting Sulfur dioxide (SO2v=0) around 276641.1033 Mhz, at 6.40535990957e-07 K
      |- Projecting Sulfur dioxide (SO2v=0) around 276861.1198 Mhz, at 0.00996998972881 K
      |- Projecting Sulfur dioxide (SO2v=0) around 276992.9155 Mhz, at 0.0127570707574 K
      |- Projecting Sulfur dioxide (SO2v=0) around 277085.9287 Mhz, at 0.0452096497349 K
      |- Projecting Sulfur dioxide (SO2v=0) around 277629.5888 Mhz, at 5.81275320867e-06 K
      |- Projecting Sulfur dioxide (SO2v=0) around 278250.9723 Mhz, at 1.15320390705 K
      |- Projecting Sulfur dioxide (SO2v=0) around 278858.6075 Mhz, at 0.000687269980275 K
   -++ Saving FITS: data/cube_fixed_width_64.fits
