+++ Source 'observed-SO2v2=1' added
 |- Component added to 'observed-SO2v2=1' (observed-SO2v2=1-c1)
 ---+ Model: mol_list = ['SO2v2=1'] @ spa_form=('normal', 70.4295060119775, 43.82136447257131, 0.746746046569834), spe_form=('skew', 8, 0), z=0.0, grad=('linear', 0.746746046569834, 80.30401465332504)
+++ Source 'observed-OS18O' added
 |- Component added to 'observed-OS18O' (observed-OS18O-c1)
 ---+ Model: mol_list = ['OS18O'] @ spa_form=('normal', 67.34684863898907, 48.660440094940185, 0.6583117896626071), spe_form=('skew', 8, 0), z=0.0, grad=('linear', 0.6583117896626071, 102.36378996992286)
+++ Source 'observed-OS17O' added
 |- Component added to 'observed-OS17O' (observed-OS17O-c1)
 ---+ Model: mol_list = ['OS17O'] @ spa_form=('normal', 81.59116505928979, 80.39129951789175, 1.4807437898803522), spe_form=('skew', 8, 0), z=0.0, grad=('linear', 1.4807437898803522, 119.36365357383195)
+++ Source 'observed-HC15Nv=0' added
 |- Component added to 'observed-HC15Nv=0' (observed-HC15Nv=0-c1)
 ---+ Model: mol_list = ['HC15Nv=0'] @ spa_form=('normal', 131.34353925938353, 40.64066156803899, 1.0682636486168524), spe_form=('skew', 8, 0), z=0.0, grad=('linear', 1.0682636486168524, 30.37003897949447)
[*] Generating cube observerd
  |- Angular Coordinates (deg): ra=0 dec=0
  |- FOV (arcsec): ra=[-0.002777777777777778, 0.002777777777777778] dec=[-0.002777777777777778, 0.002777777777777778]
!!! WARNING: max ALMA bandwidth exceeded
  |- Spectral (MHz): center=277000 bandwidth=[275000.0, 279000.0]
  |- Cube size: 2 x 2 x 4000 
  |- Band: 7
*** Source: observed-SO2v2=1
  |- Projecting observed-SO2v2=1-c1
   --+ Generating template image
   --+ Generating template line distribution
   --+ Loading and correcting lines
      |- Projecting Sulfur dioxide (SO2v2=1) around 275061.7269 Mhz, at 0.145001136075 K
      |- Projecting Sulfur dioxide (SO2v2=1) around 278849.6017 Mhz, at 0.135183778837 K
*** Source: observed-OS17O
  |- Projecting observed-OS17O-c1
   --+ Generating template image
   --+ Generating template line distribution
   --+ Loading and correcting lines
      |- Projecting Sulfur Dioxide (OS17O) around 275054.7862 Mhz, at 0.343958259917 K
      |- Projecting Sulfur Dioxide (OS17O) around 275142.6319 Mhz, at 0.427747547483 K
      |- Projecting Sulfur Dioxide (OS17O) around 275151.3474 Mhz, at 0.427746920121 K
      |- Projecting Sulfur Dioxide (OS17O) around 275431.4561 Mhz, at 0.375807425474 K
      |- Projecting Sulfur Dioxide (OS17O) around 276201.24 Mhz, at 0.252991201783 K
      |- Projecting Sulfur Dioxide (OS17O) around 277061.5867 Mhz, at 0.318510235974 K
      |- Projecting Sulfur Dioxide (OS17O) around 277365.4535 Mhz, at 0.395664743713 K
*** Source: observed-HC15Nv=0
  |- Projecting observed-HC15Nv=0-c1
   --+ Generating template image
   --+ Generating template line distribution
   --+ Loading and correcting lines
*** Source: observed-OS18O
  |- Projecting observed-OS18O-c1
   --+ Generating template image
   --+ Generating template line distribution
   --+ Loading and correcting lines
      |- Projecting Sulfur Dioxide (OS18O) around 275207.6031 Mhz, at 0.548229896595 K
      |- Projecting Sulfur Dioxide (OS18O) around 275282.0764 Mhz, at 1.01589301085 K
      |- Projecting Sulfur Dioxide (OS18O) around 275454.6038 Mhz, at 0.456877080828 K
      |- Projecting Sulfur Dioxide (OS18O) around 275552.9984 Mhz, at 1.26028889025 K
      |- Projecting Sulfur Dioxide (OS18O) around 275646.3336 Mhz, at 0.225328668441 K
      |- Projecting Sulfur Dioxide (OS18O) around 276002.289 Mhz, at 1.33016630086 K
      |- Projecting Sulfur Dioxide (OS18O) around 276274.7786 Mhz, at 0.816396315899 K
      |- Projecting Sulfur Dioxide (OS18O) around 276277.2242 Mhz, at 0.538806631109 K
      |- Projecting Sulfur Dioxide (OS18O) around 277080.9497 Mhz, at 0.884308530641 K
      |- Projecting Sulfur Dioxide (OS18O) around 277088.3147 Mhz, at 0.884307646333 K
      |- Projecting Sulfur Dioxide (OS18O) around 278393.6459 Mhz, at 0.609006425348 K
   -++ Saving FITS: data/cube_variable_width_89.fits
