+++ Source 'observed-CH3OHvt=0' added
 |- Component added to 'observed-CH3OHvt=0' (observed-CH3OHvt=0-c1)
 ---+ Model: mol_list = ['CH3OHvt=0'] @ spa_form=('normal', 78.84984567618244, 40.23247925262098, 0.17020972616121127), spe_form=('skew', 8, 0), z=0.0, grad=('linear', 0.17020972616121127, 49.91785644100789)
+++ Source 'observed-SO2v=0' added
 |- Component added to 'observed-SO2v=0' (observed-SO2v=0-c1)
 ---+ Model: mol_list = ['SO2v=0'] @ spa_form=('normal', 126.78310496064125, 69.864181726477, 2.6134992342531103), spe_form=('skew', 8, 0), z=0.0, grad=('linear', 2.6134992342531103, 81.93618829271432)
+++ Source 'observed-34SO2v=0' added
 |- Component added to 'observed-34SO2v=0' (observed-34SO2v=0-c1)
 ---+ Model: mol_list = ['34SO2v=0'] @ spa_form=('normal', 146.315482494275, 95.46853151074019, 0.1231133410401081), spe_form=('skew', 8, 0), z=0.0, grad=('linear', 0.1231133410401081, 43.43811390511199)
+++ Source 'observed-OS18O' added
 |- Component added to 'observed-OS18O' (observed-OS18O-c1)
 ---+ Model: mol_list = ['OS18O'] @ spa_form=('normal', 72.17159078901739, 58.822238053315075, 1.1831913678326897), spe_form=('skew', 8, 0), z=0.0, grad=('linear', 1.1831913678326897, 75.95061425370926)
+++ Source 'observed-OS17O' added
 |- Component added to 'observed-OS17O' (observed-OS17O-c1)
 ---+ Model: mol_list = ['OS17O'] @ spa_form=('normal', 132.32140008521677, 76.74767832946199, 2.346173362628979), spe_form=('skew', 8, 0), z=0.0, grad=('linear', 2.346173362628979, 66.64255676433767)
+++ Source 'observed-H2C34S' added
 |- Component added to 'observed-H2C34S' (observed-H2C34S-c1)
 ---+ Model: mol_list = ['H2C34S'] @ spa_form=('normal', 117.46974946008159, 73.40659581440781, 0.5753302028526317), spe_form=('skew', 8, 0), z=0.0, grad=('linear', 0.5753302028526317, 144.22424243865817)
+++ Source 'observed-H2C18O' added
 |- Component added to 'observed-H2C18O' (observed-H2C18O-c1)
 ---+ Model: mol_list = ['H2C18O'] @ spa_form=('normal', 86.12698291073347, 41.14275321183779, 0.7536590595258871), spe_form=('skew', 8, 0), z=0.0, grad=('linear', 0.7536590595258871, 15.786882571175344)
[*] Generating cube observerd
  |- Angular Coordinates (deg): ra=0 dec=0
  |- FOV (arcsec): ra=[-0.002777777777777778, 0.002777777777777778] dec=[-0.002777777777777778, 0.002777777777777778]
!!! WARNING: max ALMA bandwidth exceeded
  |- Spectral (MHz): center=277000 bandwidth=[275000.0, 279000.0]
  |- Cube size: 2 x 2 x 4000 
  |- Band: 7
*** Source: observed-OS18O
  |- Projecting observed-OS18O-c1
   --+ Generating template image
   --+ Generating template line distribution
   --+ Loading and correcting lines
      |- Projecting Sulfur Dioxide (OS18O) around 275207.6031 Mhz, at 0.424457056291 K
      |- Projecting Sulfur Dioxide (OS18O) around 275282.0764 Mhz, at 0.786536742284 K
      |- Projecting Sulfur Dioxide (OS18O) around 275454.6038 Mhz, at 0.353728795201 K
      |- Projecting Sulfur Dioxide (OS18O) around 275552.9984 Mhz, at 0.97575582024 K
      |- Projecting Sulfur Dioxide (OS18O) around 275646.3336 Mhz, at 0.174456635617 K
      |- Projecting Sulfur Dioxide (OS18O) around 276002.289 Mhz, at 1.02985713831 K
      |- Projecting Sulfur Dioxide (OS18O) around 276274.7786 Mhz, at 0.63208004373 K
      |- Projecting Sulfur Dioxide (OS18O) around 276277.2242 Mhz, at 0.417161263863 K
      |- Projecting Sulfur Dioxide (OS18O) around 277080.9497 Mhz, at 0.68465984453 K
      |- Projecting Sulfur Dioxide (OS18O) around 277088.3147 Mhz, at 0.68465915987 K
      |- Projecting Sulfur Dioxide (OS18O) around 278393.6459 Mhz, at 0.471512181607 K
*** Source: observed-H2C18O
  |- Projecting observed-H2C18O-c1
   --+ Generating template image
   --+ Generating template line distribution
   --+ Loading and correcting lines
      |- Projecting Formaldehyde (H2C18O) around 277062.652 Mhz, at 0.486861183897 K
      |- Projecting Formaldehyde (H2C18O) around 277562.802 Mhz, at 0.570311767856 K
      |- Projecting Formaldehyde (H2C18O) around 277675.2025 Mhz, at 0.694884588769 K
      |- Projecting Formaldehyde (H2C18O) around 277678.1029 Mhz, at 0.694884588769 K
      |- Projecting Formaldehyde (H2C18O) around 277853.3599 Mhz, at 0.35208504063 K
      |- Projecting Formaldehyde (H2C18O) around 278145.446 Mhz, at 0.570338306981 K
*** Source: observed-34SO2v=0
  |- Projecting observed-34SO2v=0-c1
   --+ Generating template image
   --+ Generating template line distribution
   --+ Loading and correcting lines
      |- Projecting Sulfur Dioxide (34SO2v=0) around 275434.2181 Mhz, at 1.25293398437 K
      |- Projecting Sulfur Dioxide (34SO2v=0) around 276483.977 Mhz, at 1.05363092398 K
      |- Projecting Sulfur Dioxide (34SO2v=0) around 276999.6054 Mhz, at 0.554667148155 K
      |- Projecting Sulfur Dioxide (34SO2v=0) around 277150.575 Mhz, at 0.618871464439 K
      |- Projecting Sulfur Dioxide (34SO2v=0) around 277470.0761 Mhz, at 0.331475400681 K
      |- Projecting Sulfur Dioxide (34SO2v=0) around 277475.9774 Mhz, at 0.161914178759 K
      |- Projecting Sulfur Dioxide (34SO2v=0) around 278835.2175 Mhz, at 0.694702063087 K
*** Source: observed-H2C34S
  |- Projecting observed-H2C34S-c1
   --+ Generating template image
   --+ Generating template line distribution
   --+ Loading and correcting lines
      |- Projecting Thioformaldehyde (H2C34S) around 277295.9149 Mhz, at 0.643837243519 K
*** Source: observed-OS17O
  |- Projecting observed-OS17O-c1
   --+ Generating template image
   --+ Generating template line distribution
   --+ Loading and correcting lines
      |- Projecting Sulfur Dioxide (OS17O) around 275054.7862 Mhz, at 0.640996586533 K
      |- Projecting Sulfur Dioxide (OS17O) around 275142.6319 Mhz, at 0.797145321938 K
      |- Projecting Sulfur Dioxide (OS17O) around 275151.3474 Mhz, at 0.797144152792 K
      |- Projecting Sulfur Dioxide (OS17O) around 275431.4561 Mhz, at 0.700350318613 K
      |- Projecting Sulfur Dioxide (OS17O) around 275846.0173 Mhz, at 0.222859344807 K
      |- Projecting Sulfur Dioxide (OS17O) around 276201.24 Mhz, at 0.471471441927 K
      |- Projecting Sulfur Dioxide (OS17O) around 277061.5867 Mhz, at 0.593571947027 K
      |- Projecting Sulfur Dioxide (OS17O) around 277365.4535 Mhz, at 0.737356184418 K
*** Source: observed-CH3OHvt=0
  |- Projecting observed-CH3OHvt=0-c1
   --+ Generating template image
   --+ Generating template line distribution
   --+ Loading and correcting lines
*** Source: observed-SO2v=0
  |- Projecting observed-SO2v=0-c1
   --+ Generating template image
   --+ Generating template line distribution
   --+ Loading and correcting lines
      |- Projecting Sulfur dioxide (SO2v=0) around 275240.184 Mhz, at 0.151097446036 K
      |- Projecting Sulfur dioxide (SO2v=0) around 276254.5765 Mhz, at 0.149574974181 K
      |- Projecting Sulfur dioxide (SO2v=0) around 278250.9723 Mhz, at 0.259369218338 K
   -++ Saving FITS: data/cube_fixed_width_71.fits
