+++ Source 'observed-CH3OHvt=0' added
 |- Component added to 'observed-CH3OHvt=0' (observed-CH3OHvt=0-c1)
 ---+ Model: mol_list = ['CH3OHvt=0'] @ spa_form=('normal', 94.43788590299525, 63.946622533705224, 1.2779354987917506), spe_form=('skew', 8, 0), z=0.0, grad=('linear', 1.2779354987917506, 34.6166700461833)
+++ Source 'observed-33SO2' added
 |- Component added to 'observed-33SO2' (observed-33SO2-c1)
 ---+ Model: mol_list = ['33SO2'] @ spa_form=('normal', 63.625985468865274, 66.59155417878367, 0.2788809773562781), spe_form=('skew', 8, 0), z=0.0, grad=('linear', 0.2788809773562781, 16.12520606393001)
+++ Source 'observed-SO2v2=1' added
 |- Component added to 'observed-SO2v2=1' (observed-SO2v2=1-c1)
 ---+ Model: mol_list = ['SO2v2=1'] @ spa_form=('normal', 70.31595470545284, 90.42998710708775, 0.394812600680998), spe_form=('skew', 8, 0), z=0.0, grad=('linear', 0.394812600680998, 56.24361984323795)
+++ Source 'observed-H13CNv2=1' added
 |- Component added to 'observed-H13CNv2=1' (observed-H13CNv2=1-c1)
 ---+ Model: mol_list = ['H13CNv2=1'] @ spa_form=('normal', 89.86697338856122, 93.01723942867162, 0.6291208195968022), spe_form=('skew', 8, 0), z=0.0, grad=('linear', 0.6291208195968022, 34.15365779645905)
+++ Source 'observed-H213CS' added
 |- Component added to 'observed-H213CS' (observed-H213CS-c1)
 ---+ Model: mol_list = ['H213CS'] @ spa_form=('normal', 83.84378680758795, 49.08868263437306, 1.8874990511718794), spe_form=('skew', 8, 0), z=0.0, grad=('linear', 1.8874990511718794, 66.32381177156088)
+++ Source 'observed-H2C34S' added
 |- Component added to 'observed-H2C34S' (observed-H2C34S-c1)
 ---+ Model: mol_list = ['H2C34S'] @ spa_form=('normal', 79.0773202785289, 53.205314617184904, 0.3045728925101838), spe_form=('skew', 8, 0), z=0.0, grad=('linear', 0.3045728925101838, 146.83756595938593)
+++ Source 'observed-H2C18O' added
 |- Component added to 'observed-H2C18O' (observed-H2C18O-c1)
 ---+ Model: mol_list = ['H2C18O'] @ spa_form=('normal', 94.76456952678863, 56.555243964332576, 2.0438150089676776), spe_form=('skew', 8, 0), z=0.0, grad=('linear', 2.0438150089676776, 64.64864781866814)
+++ Source 'observed-H213CO' added
 |- Component added to 'observed-H213CO' (observed-H213CO-c1)
 ---+ Model: mol_list = ['H213CO'] @ spa_form=('normal', 101.39291374554871, 98.15563669348055, 0.3747450051181325), spe_form=('skew', 8, 0), z=0.0, grad=('linear', 0.3747450051181325, 23.763303584125502)
[*] Generating cube observerd
  |- Angular Coordinates (deg): ra=0 dec=0
  |- FOV (arcsec): ra=[-0.002777777777777778, 0.002777777777777778] dec=[-0.002777777777777778, 0.002777777777777778]
!!! WARNING: max ALMA bandwidth exceeded
  |- Spectral (MHz): center=604000 bandwidth=[602000.0, 606000.0]
  |- Cube size: 2 x 2 x 4000 
  |- Band: 9
*** Source: observed-H2C18O
  |- Projecting observed-H2C18O-c1
   --+ Generating template image
   --+ Generating template line distribution
   --+ Loading and correcting lines
      |- Projecting Formaldehyde (H2C18O) around 603231.51 Mhz, at 0.67171550798 K
*** Source: observed-H213CS
  |- Projecting observed-H213CS-c1
   --+ Generating template image
   --+ Generating template line distribution
   --+ Loading and correcting lines
*** Source: observed-H13CNv2=1
  |- Projecting observed-H13CNv2=1-c1
   --+ Generating template image
   --+ Generating template line distribution
   --+ Loading and correcting lines
*** Source: observed-H2C34S
  |- Projecting observed-H2C34S-c1
   --+ Generating template image
   --+ Generating template line distribution
   --+ Loading and correcting lines
      |- Projecting Thioformaldehyde (H2C34S) around 604710.9998 Mhz, at 0.768883902238 K
*** Source: observed-33SO2
  |- Projecting observed-33SO2-c1
   --+ Generating template image
   --+ Generating template line distribution
   --+ Loading and correcting lines
      |- Projecting Sulfur Dioxide (33SO2) around 602337.0627 Mhz, at 1.02494311913 K
      |- Projecting Sulfur Dioxide (33SO2) around 602338.0039 Mhz, at 1.02494311913 K
      |- Projecting Sulfur Dioxide (33SO2) around 602348.9212 Mhz, at 1.02494212835 K
      |- Projecting Sulfur Dioxide (33SO2) around 602349.8184 Mhz, at 1.02494161588 K
      |- Projecting Sulfur Dioxide (33SO2) around 602488.3231 Mhz, at 1.22186219481 K
      |- Projecting Sulfur Dioxide (33SO2) around 602499.1576 Mhz, at 1.22186040274 K
      |- Projecting Sulfur Dioxide (33SO2) around 603112.9816 Mhz, at 1.38197128995 K
      |- Projecting Sulfur Dioxide (33SO2) around 603113.1191 Mhz, at 1.38197128995 K
      |- Projecting Sulfur Dioxide (33SO2) around 603113.2126 Mhz, at 1.38197128995 K
      |- Projecting Sulfur Dioxide (33SO2) around 603113.2683 Mhz, at 1.38197128995 K
      |- Projecting Sulfur Dioxide (33SO2) around 604736.5656 Mhz, at 0.763929593513 K
      |- Projecting Sulfur Dioxide (33SO2) around 604736.767 Mhz, at 0.763929593513 K
      |- Projecting Sulfur Dioxide (33SO2) around 604736.8741 Mhz, at 0.763929593513 K
      |- Projecting Sulfur Dioxide (33SO2) around 604736.8962 Mhz, at 0.763929593513 K
      |- Projecting Sulfur Dioxide (33SO2) around 604736.926 Mhz, at 0.763929593513 K
      |- Projecting Sulfur Dioxide (33SO2) around 604736.9663 Mhz, at 0.763929593513 K
      |- Projecting Sulfur Dioxide (33SO2) around 604736.9892 Mhz, at 0.763929593513 K
      |- Projecting Sulfur Dioxide (33SO2) around 605162.1267 Mhz, at 0.855085356826 K
      |- Projecting Sulfur Dioxide (33SO2) around 605162.2359 Mhz, at 0.855085356826 K
      |- Projecting Sulfur Dioxide (33SO2) around 605162.3107 Mhz, at 0.855085356826 K
      |- Projecting Sulfur Dioxide (33SO2) around 605162.3529 Mhz, at 0.855085356826 K
      |- Projecting Sulfur Dioxide (33SO2) around 605357.5302 Mhz, at 0.877121651956 K
      |- Projecting Sulfur Dioxide (33SO2) around 605366.9145 Mhz, at 0.877121651956 K
      |- Projecting Sulfur Dioxide (33SO2) around 605367.499 Mhz, at 0.877122938402 K
      |- Projecting Sulfur Dioxide (33SO2) around 605367.499 Mhz, at 0.877122938402 K
      |- Projecting Sulfur Dioxide (33SO2) around 605367.499 Mhz, at 0.877121651956 K
      |- Projecting Sulfur Dioxide (33SO2) around 605367.499 Mhz, at 0.877121651956 K
      |- Projecting Sulfur Dioxide (33SO2) around 605377.1052 Mhz, at 0.877122938402 K
*** Source: observed-CH3OHvt=0
  |- Projecting observed-CH3OHvt=0-c1
   --+ Generating template image
   --+ Generating template line distribution
   --+ Loading and correcting lines
*** Source: observed-SO2v2=1
  |- Projecting observed-SO2v2=1-c1
   --+ Generating template image
   --+ Generating template line distribution
   --+ Loading and correcting lines
*** Source: observed-H213CO
  |- Projecting observed-H213CO-c1
   --+ Generating template image
   --+ Generating template line distribution
   --+ Loading and correcting lines
   -++ Saving FITS: data/cube_variable_width_40.fits
