+++ Source 'observed-33SO2' added
 |- Component added to 'observed-33SO2' (observed-33SO2-c1)
 ---+ Model: mol_list = ['33SO2'] @ spa_form=('normal', 53.82206169902539, 70.6482310845422, 0.3489051806676539), spe_form=('skew', 8, 0), z=0.0, grad=('linear', 0.3489051806676539, 24.09838999935353)
+++ Source 'observed-34SO2v=0' added
 |- Component added to 'observed-34SO2v=0' (observed-34SO2v=0-c1)
 ---+ Model: mol_list = ['34SO2v=0'] @ spa_form=('normal', 120.34752672189924, 52.194276337525835, 2.6063509451404525), spe_form=('skew', 8, 0), z=0.0, grad=('linear', 2.6063509451404525, 97.62716114004293)
+++ Source 'observed-SO2v2=1' added
 |- Component added to 'observed-SO2v2=1' (observed-SO2v2=1-c1)
 ---+ Model: mol_list = ['SO2v2=1'] @ spa_form=('normal', 145.09115597256678, 56.93528287471444, 2.514123835301039), spe_form=('skew', 8, 0), z=0.0, grad=('linear', 2.514123835301039, 86.79621245619325)
+++ Source 'observed-OS18O' added
 |- Component added to 'observed-OS18O' (observed-OS18O-c1)
 ---+ Model: mol_list = ['OS18O'] @ spa_form=('normal', 131.75843364742497, 70.92788447623799, 1.3400363631028382), spe_form=('skew', 8, 0), z=0.0, grad=('linear', 1.3400363631028382, 97.37940790874563)
+++ Source 'observed-H13CNv=0' added
 |- Component added to 'observed-H13CNv=0' (observed-H13CNv=0-c1)
 ---+ Model: mol_list = ['H13CNv=0'] @ spa_form=('normal', 64.78797766721244, 48.1259811823189, 2.94534988687066), spe_form=('skew', 8, 0), z=0.0, grad=('linear', 2.94534988687066, 21.4256960227679)
+++ Source 'observed-H2C34S' added
 |- Component added to 'observed-H2C34S' (observed-H2C34S-c1)
 ---+ Model: mol_list = ['H2C34S'] @ spa_form=('normal', 114.55419354608509, 50.78907067930729, 1.6184395039654609), spe_form=('skew', 8, 0), z=0.0, grad=('linear', 1.6184395039654609, 139.6252604703653)
[*] Generating cube observerd
  |- Angular Coordinates (deg): ra=0 dec=0
  |- FOV (arcsec): ra=[-0.002777777777777778, 0.002777777777777778] dec=[-0.002777777777777778, 0.002777777777777778]
!!! WARNING: max ALMA bandwidth exceeded
  |- Spectral (MHz): center=604000 bandwidth=[602000.0, 606000.0]
  |- Cube size: 2 x 2 x 4000 
  |- Band: 9
*** Source: observed-OS18O
  |- Projecting observed-OS18O-c1
   --+ Generating template image
   --+ Generating template line distribution
   --+ Loading and correcting lines
      |- Projecting Sulfur Dioxide (OS18O) around 602281.8842 Mhz, at 0.00407412351292 K
      |- Projecting Sulfur Dioxide (OS18O) around 602281.8842 Mhz, at 0.00407412351292 K
      |- Projecting Sulfur Dioxide (OS18O) around 602313.3835 Mhz, at 1.03473548333 K
      |- Projecting Sulfur Dioxide (OS18O) around 602454.8308 Mhz, at 0.233311849377 K
      |- Projecting Sulfur Dioxide (OS18O) around 602841.4703 Mhz, at 0.17984053976 K
      |- Projecting Sulfur Dioxide (OS18O) around 602894.7504 Mhz, at 0.0402965732654 K
      |- Projecting Sulfur Dioxide (OS18O) around 603090.155 Mhz, at 0.843589780774 K
      |- Projecting Sulfur Dioxide (OS18O) around 603331.9213 Mhz, at 0.000319431008188 K
      |- Projecting Sulfur Dioxide (OS18O) around 603608.7849 Mhz, at 0.724477835186 K
      |- Projecting Sulfur Dioxide (OS18O) around 604295.149 Mhz, at 0.0106079996598 K
      |- Projecting Sulfur Dioxide (OS18O) around 605850.3965 Mhz, at 0.468722433975 K
*** Source: observed-H13CNv=0
  |- Projecting observed-H13CNv=0-c1
   --+ Generating template image
   --+ Generating template line distribution
   --+ Loading and correcting lines
      |- Projecting Hydrogen Cyanide (H13CNv=0) around 604267.914 Mhz, at 0.790649645847 K
*** Source: observed-H2C34S
  |- Projecting observed-H2C34S-c1
   --+ Generating template image
   --+ Generating template line distribution
   --+ Loading and correcting lines
      |- Projecting Thioformaldehyde (H2C34S) around 604710.9998 Mhz, at 0.966889736621 K
      |- Projecting Thioformaldehyde (H2C34S) around 605200.1552 Mhz, at 0.00708527293999 K
      |- Projecting Thioformaldehyde (H2C34S) around 605200.1552 Mhz, at 0.00708527293999 K
      |- Projecting Thioformaldehyde (H2C34S) around 605585.4505 Mhz, at 0.0175457711841 K
      |- Projecting Thioformaldehyde (H2C34S) around 605585.4505 Mhz, at 0.0175457711841 K
      |- Projecting Thioformaldehyde (H2C34S) around 605935.8198 Mhz, at 0.0399545115617 K
      |- Projecting Thioformaldehyde (H2C34S) around 605935.8198 Mhz, at 0.0399545115617 K
*** Source: observed-33SO2
  |- Projecting observed-33SO2-c1
   --+ Generating template image
   --+ Generating template line distribution
   --+ Loading and correcting lines
      |- Projecting Sulfur Dioxide (33SO2) around 602337.0627 Mhz, at 0.214684095926 K
      |- Projecting Sulfur Dioxide (33SO2) around 602338.0039 Mhz, at 0.214684095926 K
      |- Projecting Sulfur Dioxide (33SO2) around 602348.9212 Mhz, at 0.214683888398 K
      |- Projecting Sulfur Dioxide (33SO2) around 602349.8184 Mhz, at 0.214683781056 K
      |- Projecting Sulfur Dioxide (33SO2) around 602488.3231 Mhz, at 0.255930671413 K
      |- Projecting Sulfur Dioxide (33SO2) around 602499.1576 Mhz, at 0.255930296048 K
      |- Projecting Sulfur Dioxide (33SO2) around 603032.3367 Mhz, at 0.0619824073902 K
      |- Projecting Sulfur Dioxide (33SO2) around 603032.5397 Mhz, at 0.0619824073902 K
      |- Projecting Sulfur Dioxide (33SO2) around 603036.2959 Mhz, at 0.0619824673066 K
      |- Projecting Sulfur Dioxide (33SO2) around 603036.4592 Mhz, at 0.0619824673066 K
      |- Projecting Sulfur Dioxide (33SO2) around 603112.9816 Mhz, at 0.289467045967 K
      |- Projecting Sulfur Dioxide (33SO2) around 603113.1191 Mhz, at 0.289467045967 K
      |- Projecting Sulfur Dioxide (33SO2) around 603113.2126 Mhz, at 0.289467045967 K
      |- Projecting Sulfur Dioxide (33SO2) around 603113.2683 Mhz, at 0.289467045967 K
      |- Projecting Sulfur Dioxide (33SO2) around 604736.5656 Mhz, at 0.160012327586 K
      |- Projecting Sulfur Dioxide (33SO2) around 604736.767 Mhz, at 0.160012327586 K
      |- Projecting Sulfur Dioxide (33SO2) around 604736.8741 Mhz, at 0.160012327586 K
      |- Projecting Sulfur Dioxide (33SO2) around 604736.8962 Mhz, at 0.160012327586 K
      |- Projecting Sulfur Dioxide (33SO2) around 604736.926 Mhz, at 0.160012327586 K
      |- Projecting Sulfur Dioxide (33SO2) around 604736.9663 Mhz, at 0.160012327586 K
      |- Projecting Sulfur Dioxide (33SO2) around 604736.9892 Mhz, at 0.160012327586 K
      |- Projecting Sulfur Dioxide (33SO2) around 605162.1267 Mhz, at 0.179105770207 K
      |- Projecting Sulfur Dioxide (33SO2) around 605162.2359 Mhz, at 0.179105770207 K
      |- Projecting Sulfur Dioxide (33SO2) around 605162.3107 Mhz, at 0.179105770207 K
      |- Projecting Sulfur Dioxide (33SO2) around 605162.3529 Mhz, at 0.179105770207 K
      |- Projecting Sulfur Dioxide (33SO2) around 605357.5302 Mhz, at 0.183721482054 K
      |- Projecting Sulfur Dioxide (33SO2) around 605366.9145 Mhz, at 0.183721482054 K
      |- Projecting Sulfur Dioxide (33SO2) around 605367.499 Mhz, at 0.183721751512 K
      |- Projecting Sulfur Dioxide (33SO2) around 605367.499 Mhz, at 0.183721751512 K
      |- Projecting Sulfur Dioxide (33SO2) around 605367.499 Mhz, at 0.183721482054 K
      |- Projecting Sulfur Dioxide (33SO2) around 605367.499 Mhz, at 0.183721482054 K
      |- Projecting Sulfur Dioxide (33SO2) around 605377.1052 Mhz, at 0.183721751512 K
*** Source: observed-34SO2v=0
  |- Projecting observed-34SO2v=0-c1
   --+ Generating template image
   --+ Generating template line distribution
   --+ Loading and correcting lines
      |- Projecting Sulfur Dioxide (34SO2v=0) around 602629.7294 Mhz, at 3.02031484995e-06 K
      |- Projecting Sulfur Dioxide (34SO2v=0) around 602815.8891 Mhz, at 0.244304777819 K
      |- Projecting Sulfur Dioxide (34SO2v=0) around 603267.8807 Mhz, at 4.01052660073e-05 K
      |- Projecting Sulfur Dioxide (34SO2v=0) around 603928.816 Mhz, at 0.0259282455241 K
      |- Projecting Sulfur Dioxide (34SO2v=0) around 604080.004 Mhz, at 0.380575939378 K
      |- Projecting Sulfur Dioxide (34SO2v=0) around 604376.563 Mhz, at 0.521705630161 K
      |- Projecting Sulfur Dioxide (34SO2v=0) around 604504.0028 Mhz, at 3.38567666665e-05 K
      |- Projecting Sulfur Dioxide (34SO2v=0) around 605440.428 Mhz, at 0.059078586681 K
      |- Projecting Sulfur Dioxide (34SO2v=0) around 605499.8855 Mhz, at 0.547469381132 K
      |- Projecting Sulfur Dioxide (34SO2v=0) around 605890.93 Mhz, at 1.7301234331e-05 K
      |- Projecting Sulfur Dioxide (34SO2v=0) around 605924.403 Mhz, at 0.254108049574 K
*** Source: observed-SO2v2=1
  |- Projecting observed-SO2v2=1-c1
   --+ Generating template image
   --+ Generating template line distribution
   --+ Loading and correcting lines
      |- Projecting Sulfur dioxide (SO2v2=1) around 602454.6493 Mhz, at 6.13519314946e-05 K
      |- Projecting Sulfur dioxide (SO2v2=1) around 603332.8487 Mhz, at 0.0146700682068 K
      |- Projecting Sulfur dioxide (SO2v2=1) around 603981.474 Mhz, at 0.00097649176835 K
      |- Projecting Sulfur dioxide (SO2v2=1) around 604022.2577 Mhz, at 0.000914150410232 K
      |- Projecting Sulfur dioxide (SO2v2=1) around 604315.0048 Mhz, at 0.0176841343798 K
      |- Projecting Sulfur dioxide (SO2v2=1) around 604398.1207 Mhz, at 0.0459714556661 K
      |- Projecting Sulfur dioxide (SO2v2=1) around 604728.5953 Mhz, at 0.00310580810738 K
      |- Projecting Sulfur dioxide (SO2v2=1) around 605781.546 Mhz, at 0.0107709418818 K
      |- Projecting Sulfur dioxide (SO2v2=1) around 605850.4063 Mhz, at 5.51678233604e-07 K
      |- Projecting Sulfur dioxide (SO2v2=1) around 605984.3296 Mhz, at 8.85973765263e-06 K
   -++ Saving FITS: data/cube_fixed_width_8.fits
