+++ Source 'observed-33SO2' added
 |- Component added to 'observed-33SO2' (observed-33SO2-c1)
 ---+ Model: mol_list = ['33SO2'] @ spa_form=('normal', 121.66558703405425, 54.584806424719694, 1.0201513998876324), spe_form=('skew', 8, 0), z=0.0, grad=('linear', 1.0201513998876324, 105.80879981045787)
+++ Source 'observed-34SO2v=0' added
 |- Component added to 'observed-34SO2v=0' (observed-34SO2v=0-c1)
 ---+ Model: mol_list = ['34SO2v=0'] @ spa_form=('normal', 110.40971642546204, 41.6119862775985, 0.537566878500718), spe_form=('skew', 8, 0), z=0.0, grad=('linear', 0.537566878500718, 91.6228712681878)
+++ Source 'observed-SO2v2=1' added
 |- Component added to 'observed-SO2v2=1' (observed-SO2v2=1-c1)
 ---+ Model: mol_list = ['SO2v2=1'] @ spa_form=('normal', 141.48598416175483, 76.2263451625846, 1.451862142367065), spe_form=('skew', 8, 0), z=0.0, grad=('linear', 1.451862142367065, 85.66932122064854)
+++ Source 'observed-OS17O' added
 |- Component added to 'observed-OS17O' (observed-OS17O-c1)
 ---+ Model: mol_list = ['OS17O'] @ spa_form=('normal', 84.70287119936458, 91.94390034669502, 3.07703311105889), spe_form=('skew', 8, 0), z=0.0, grad=('linear', 3.07703311105889, 101.91976037920041)
+++ Source 'observed-HC15Nv=0' added
 |- Component added to 'observed-HC15Nv=0' (observed-HC15Nv=0-c1)
 ---+ Model: mol_list = ['HC15Nv=0'] @ spa_form=('normal', 127.36366147515203, 70.9424056133604, 1.0032330527688704), spe_form=('skew', 8, 0), z=0.0, grad=('linear', 1.0032330527688704, 145.7182082260372)
+++ Source 'observed-H213CS' added
 |- Component added to 'observed-H213CS' (observed-H213CS-c1)
 ---+ Model: mol_list = ['H213CS'] @ spa_form=('normal', 121.94347605168171, 95.084376935443, 2.500226238347389), spe_form=('skew', 8, 0), z=0.0, grad=('linear', 2.500226238347389, 109.00982312950823)
+++ Source 'observed-H2C18O' added
 |- Component added to 'observed-H2C18O' (observed-H2C18O-c1)
 ---+ Model: mol_list = ['H2C18O'] @ spa_form=('normal', 148.41769277875042, 93.04235573438913, 1.4644628171627199), spe_form=('skew', 8, 0), z=0.0, grad=('linear', 1.4644628171627199, 110.96940587820089)
[*] Generating cube observerd
  |- Angular Coordinates (deg): ra=0 dec=0
  |- FOV (arcsec): ra=[-0.002777777777777778, 0.002777777777777778] dec=[-0.002777777777777778, 0.002777777777777778]
!!! WARNING: max ALMA bandwidth exceeded
  |- Spectral (MHz): center=277000 bandwidth=[275000.0, 279000.0]
  |- Cube size: 2 x 2 x 4000 
  |- Band: 7
*** Source: observed-H2C18O
  |- Projecting observed-H2C18O-c1
   --+ Generating template image
   --+ Generating template line distribution
   --+ Loading and correcting lines
      |- Projecting Formaldehyde (H2C18O) around 277062.652 Mhz, at 0.588875705398 K
      |- Projecting Formaldehyde (H2C18O) around 277562.802 Mhz, at 0.689812118322 K
      |- Projecting Formaldehyde (H2C18O) around 277675.2025 Mhz, at 0.84048732147 K
      |- Projecting Formaldehyde (H2C18O) around 277678.1029 Mhz, at 0.84048732147 K
      |- Projecting Formaldehyde (H2C18O) around 277853.3599 Mhz, at 0.425859225419 K
      |- Projecting Formaldehyde (H2C18O) around 278145.446 Mhz, at 0.689844218326 K
*** Source: observed-H213CS
  |- Projecting observed-H213CS-c1
   --+ Generating template image
   --+ Generating template line distribution
   --+ Loading and correcting lines
*** Source: observed-OS17O
  |- Projecting observed-OS17O-c1
   --+ Generating template image
   --+ Generating template line distribution
   --+ Loading and correcting lines
      |- Projecting Sulfur Dioxide (OS17O) around 275054.7862 Mhz, at 0.190704827127 K
      |- Projecting Sulfur Dioxide (OS17O) around 275142.6319 Mhz, at 0.237161108201 K
      |- Projecting Sulfur Dioxide (OS17O) around 275151.3474 Mhz, at 0.237160760365 K
      |- Projecting Sulfur Dioxide (OS17O) around 275431.4561 Mhz, at 0.208363334915 K
      |- Projecting Sulfur Dioxide (OS17O) around 276201.24 Mhz, at 0.14026889022 K
      |- Projecting Sulfur Dioxide (OS17O) around 277061.5867 Mhz, at 0.176595379637 K
      |- Projecting Sulfur Dioxide (OS17O) around 277365.4535 Mhz, at 0.219373061627 K
*** Source: observed-33SO2
  |- Projecting observed-33SO2-c1
   --+ Generating template image
   --+ Generating template line distribution
   --+ Loading and correcting lines
      |- Projecting Sulfur Dioxide (33SO2) around 275160.7805 Mhz, at 0.162856068873 K
      |- Projecting Sulfur Dioxide (33SO2) around 275160.8324 Mhz, at 0.162856068873 K
      |- Projecting Sulfur Dioxide (33SO2) around 275160.9909 Mhz, at 0.162856144873 K
      |- Projecting Sulfur Dioxide (33SO2) around 275161.0124 Mhz, at 0.162856144873 K
      |- Projecting Sulfur Dioxide (33SO2) around 275828.2515 Mhz, at 0.69620802187 K
      |- Projecting Sulfur Dioxide (33SO2) around 275828.3672 Mhz, at 0.69620802187 K
      |- Projecting Sulfur Dioxide (33SO2) around 275831.1722 Mhz, at 0.69620802187 K
      |- Projecting Sulfur Dioxide (33SO2) around 275831.2604 Mhz, at 0.696208346767 K
      |- Projecting Sulfur Dioxide (33SO2) around 276035.3021 Mhz, at 0.191059818397 K
      |- Projecting Sulfur Dioxide (33SO2) around 276035.3702 Mhz, at 0.191059818397 K
      |- Projecting Sulfur Dioxide (33SO2) around 276037.6419 Mhz, at 0.191059722868 K
      |- Projecting Sulfur Dioxide (33SO2) around 276037.6851 Mhz, at 0.191059818397 K
*** Source: observed-34SO2v=0
  |- Projecting observed-34SO2v=0-c1
   --+ Generating template image
   --+ Generating template line distribution
   --+ Loading and correcting lines
      |- Projecting Sulfur Dioxide (34SO2v=0) around 275434.2181 Mhz, at 1.7121184503 K
      |- Projecting Sulfur Dioxide (34SO2v=0) around 276483.977 Mhz, at 1.43977333783 K
      |- Projecting Sulfur Dioxide (34SO2v=0) around 276999.6054 Mhz, at 0.757945645963 K
      |- Projecting Sulfur Dioxide (34SO2v=0) around 277150.575 Mhz, at 0.845680032507 K
      |- Projecting Sulfur Dioxide (34SO2v=0) around 277470.0761 Mhz, at 0.452956944585 K
      |- Projecting Sulfur Dioxide (34SO2v=0) around 277475.9774 Mhz, at 0.221253678388 K
      |- Projecting Sulfur Dioxide (34SO2v=0) around 278835.2175 Mhz, at 0.949301586925 K
*** Source: observed-HC15Nv=0
  |- Projecting observed-HC15Nv=0-c1
   --+ Generating template image
   --+ Generating template line distribution
   --+ Loading and correcting lines
*** Source: observed-SO2v2=1
  |- Projecting observed-SO2v2=1-c1
   --+ Generating template image
   --+ Generating template line distribution
   --+ Loading and correcting lines
      |- Projecting Sulfur dioxide (SO2v2=1) around 275061.7269 Mhz, at 0.132294352964 K
      |- Projecting Sulfur dioxide (SO2v2=1) around 278849.6017 Mhz, at 0.123337313323 K
   -++ Saving FITS: data/cube_fixed_width_73.fits
