+++ Source 'observed-CH3OHvt=0' added
 |- Component added to 'observed-CH3OHvt=0' (observed-CH3OHvt=0-c1)
 ---+ Model: mol_list = ['CH3OHvt=0'] @ spa_form=('normal', 67.37775727152766, 69.87810583460262, 0.33184737969255823), spe_form=('skew', 8, 0), z=0.0, grad=('linear', 0.33184737969255823, 103.13903536811034)
+++ Source 'observed-SO2v=0' added
 |- Component added to 'observed-SO2v=0' (observed-SO2v=0-c1)
 ---+ Model: mol_list = ['SO2v=0'] @ spa_form=('normal', 142.63993717173184, 57.639790362199946, 2.3821426984727077), spe_form=('skew', 8, 0), z=0.0, grad=('linear', 2.3821426984727077, 78.31332852912023)
+++ Source 'observed-33SO2' added
 |- Component added to 'observed-33SO2' (observed-33SO2-c1)
 ---+ Model: mol_list = ['33SO2'] @ spa_form=('normal', 145.90435443441964, 86.88102943890614, 0.09140538345923553), spe_form=('skew', 8, 0), z=0.0, grad=('linear', 0.09140538345923553, 91.04474949456066)
+++ Source 'observed-SO2v2=1' added
 |- Component added to 'observed-SO2v2=1' (observed-SO2v2=1-c1)
 ---+ Model: mol_list = ['SO2v2=1'] @ spa_form=('normal', 140.5384011283914, 72.54491859178962, 0.6974787526720484), spe_form=('skew', 8, 0), z=0.0, grad=('linear', 0.6974787526720484, 58.52769561316431)
+++ Source 'observed-OS17O' added
 |- Component added to 'observed-OS17O' (observed-OS17O-c1)
 ---+ Model: mol_list = ['OS17O'] @ spa_form=('normal', 91.20447123837815, 54.94085693226373, 0.0019890425386640187), spe_form=('skew', 8, 0), z=0.0, grad=('linear', 0.0019890425386640187, 85.70735953990554)
+++ Source 'observed-H13CNv2=1' added
 |- Component added to 'observed-H13CNv2=1' (observed-H13CNv2=1-c1)
 ---+ Model: mol_list = ['H13CNv2=1'] @ spa_form=('normal', 66.12480356685174, 69.76425010545273, 0.6053959419511847), spe_form=('skew', 8, 0), z=0.0, grad=('linear', 0.6053959419511847, 23.571305490064898)
+++ Source 'observed-H13CNv=0' added
 |- Component added to 'observed-H13CNv=0' (observed-H13CNv=0-c1)
 ---+ Model: mol_list = ['H13CNv=0'] @ spa_form=('normal', 130.46529022119756, 73.10062499928758, 2.9280209751281374), spe_form=('skew', 8, 0), z=0.0, grad=('linear', 2.9280209751281374, 109.63054851169716)
+++ Source 'observed-H213CO' added
 |- Component added to 'observed-H213CO' (observed-H213CO-c1)
 ---+ Model: mol_list = ['H213CO'] @ spa_form=('normal', 141.32540848455633, 65.82086977253871, 1.6086805248403926), spe_form=('skew', 8, 0), z=0.0, grad=('linear', 1.6086805248403926, 111.32729869732583)
[*] Generating cube observerd
  |- Angular Coordinates (deg): ra=0 dec=0
  |- FOV (arcsec): ra=[-0.002777777777777778, 0.002777777777777778] dec=[-0.002777777777777778, 0.002777777777777778]
!!! WARNING: max ALMA bandwidth exceeded
  |- Spectral (MHz): center=604000 bandwidth=[602000.0, 606000.0]
  |- Cube size: 2 x 2 x 4000 
  |- Band: 9
*** Source: observed-H13CNv=0
  |- Projecting observed-H13CNv=0-c1
   --+ Generating template image
   --+ Generating template line distribution
   --+ Loading and correcting lines
      |- Projecting Hydrogen Cyanide (H13CNv=0) around 604267.914 Mhz, at 0.784833128764 K
*** Source: observed-H13CNv2=1
  |- Projecting observed-H13CNv2=1-c1
   --+ Generating template image
   --+ Generating template line distribution
   --+ Loading and correcting lines
*** Source: observed-33SO2
  |- Projecting observed-33SO2-c1
   --+ Generating template image
   --+ Generating template line distribution
   --+ Loading and correcting lines
*** Source: observed-OS17O
  |- Projecting observed-OS17O-c1
   --+ Generating template image
   --+ Generating template line distribution
   --+ Loading and correcting lines
*** Source: observed-CH3OHvt=0
  |- Projecting observed-CH3OHvt=0-c1
   --+ Generating template image
   --+ Generating template line distribution
   --+ Loading and correcting lines
*** Source: observed-SO2v2=1
  |- Projecting observed-SO2v2=1-c1
   --+ Generating template image
   --+ Generating template line distribution
   --+ Loading and correcting lines
*** Source: observed-H213CO
  |- Projecting observed-H213CO-c1
   --+ Generating template image
   --+ Generating template line distribution
   --+ Loading and correcting lines
      |- Projecting Formaldehyde (H213CO) around 602083.584 Mhz, at 0.77375153213 K
*** Source: observed-SO2v=0
  |- Projecting observed-SO2v=0-c1
   --+ Generating template image
   --+ Generating template line distribution
   --+ Loading and correcting lines
      |- Projecting Sulfur dioxide (SO2v=0) around 604367.4364 Mhz, at 0.845906982781 K
      |- Projecting Sulfur dioxide (SO2v=0) around 604406.5377 Mhz, at 0.806476079482 K
      |- Projecting Sulfur dioxide (SO2v=0) around 605532.5228 Mhz, at 1.02476183055 K
   -++ Saving FITS: data/cube_variable_width_44.fits
