+++ Source 'observed-SO2v=0' added
 |- Component added to 'observed-SO2v=0' (observed-SO2v=0-c1)
 ---+ Model: mol_list = ['SO2v=0'] @ spa_form=('normal', 107.11564842694764, 94.19963424482005, 0.7550041455992539), spe_form=('skew', 8, 0), z=0.0, grad=('linear', 0.7550041455992539, 135.91112472929598)
+++ Source 'observed-33SO2' added
 |- Component added to 'observed-33SO2' (observed-33SO2-c1)
 ---+ Model: mol_list = ['33SO2'] @ spa_form=('normal', 110.87971774750197, 86.07503029908358, 3.1088348080608994), spe_form=('skew', 8, 0), z=0.0, grad=('linear', 3.1088348080608994, 103.29166628154054)
+++ Source 'observed-SO2v2=1' added
 |- Component added to 'observed-SO2v2=1' (observed-SO2v2=1-c1)
 ---+ Model: mol_list = ['SO2v2=1'] @ spa_form=('normal', 79.31593610432729, 45.55742111380712, 0.564313845729166), spe_form=('skew', 8, 0), z=0.0, grad=('linear', 0.564313845729166, 138.75124797660024)
+++ Source 'observed-H13CNv2=1' added
 |- Component added to 'observed-H13CNv2=1' (observed-H13CNv2=1-c1)
 ---+ Model: mol_list = ['H13CNv2=1'] @ spa_form=('normal', 96.76859036310589, 68.65030944208164, 0.035007544540649374), spe_form=('skew', 8, 0), z=0.0, grad=('linear', 0.035007544540649374, 99.86453104832812)
+++ Source 'observed-H2C34S' added
 |- Component added to 'observed-H2C34S' (observed-H2C34S-c1)
 ---+ Model: mol_list = ['H2C34S'] @ spa_form=('normal', 133.00453857419382, 42.56971386796026, 2.169583287535915), spe_form=('skew', 8, 0), z=0.0, grad=('linear', 2.169583287535915, 42.08408303575132)
+++ Source 'observed-H2C18O' added
 |- Component added to 'observed-H2C18O' (observed-H2C18O-c1)
 ---+ Model: mol_list = ['H2C18O'] @ spa_form=('normal', 101.78298360131444, 95.4990593044316, 2.5051758609196946), spe_form=('skew', 8, 0), z=0.0, grad=('linear', 2.5051758609196946, 106.82200399924835)
+++ Source 'observed-H213CO' added
 |- Component added to 'observed-H213CO' (observed-H213CO-c1)
 ---+ Model: mol_list = ['H213CO'] @ spa_form=('normal', 124.18831332611428, 54.77244886031895, 0.5106680097683612), spe_form=('skew', 8, 0), z=0.0, grad=('linear', 0.5106680097683612, 89.67376173390213)
[*] Generating cube observerd
  |- Angular Coordinates (deg): ra=0 dec=0
  |- FOV (arcsec): ra=[-0.002777777777777778, 0.002777777777777778] dec=[-0.002777777777777778, 0.002777777777777778]
!!! WARNING: max ALMA bandwidth exceeded
  |- Spectral (MHz): center=277000 bandwidth=[275000.0, 279000.0]
  |- Cube size: 2 x 2 x 4000 
  |- Band: 7
*** Source: observed-H2C18O
  |- Projecting observed-H2C18O-c1
   --+ Generating template image
   --+ Generating template line distribution
   --+ Loading and correcting lines
      |- Projecting Formaldehyde (H2C18O) around 277675.2025 Mhz, at 0.130169454165 K
      |- Projecting Formaldehyde (H2C18O) around 277678.1029 Mhz, at 0.130169454165 K
*** Source: observed-H13CNv2=1
  |- Projecting observed-H13CNv2=1-c1
   --+ Generating template image
   --+ Generating template line distribution
   --+ Loading and correcting lines
*** Source: observed-H2C34S
  |- Projecting observed-H2C34S-c1
   --+ Generating template image
   --+ Generating template line distribution
   --+ Loading and correcting lines
      |- Projecting Thioformaldehyde (H2C34S) around 277295.9149 Mhz, at 1.1896696926 K
*** Source: observed-33SO2
  |- Projecting observed-33SO2-c1
   --+ Generating template image
   --+ Generating template line distribution
   --+ Loading and correcting lines
      |- Projecting Sulfur Dioxide (33SO2) around 275828.2515 Mhz, at 0.492823061063 K
      |- Projecting Sulfur Dioxide (33SO2) around 275828.3672 Mhz, at 0.492823061063 K
      |- Projecting Sulfur Dioxide (33SO2) around 275831.1722 Mhz, at 0.492823061063 K
      |- Projecting Sulfur Dioxide (33SO2) around 275831.2604 Mhz, at 0.492823291048 K
      |- Projecting Sulfur Dioxide (33SO2) around 276035.3021 Mhz, at 0.135245043997 K
      |- Projecting Sulfur Dioxide (33SO2) around 276035.3702 Mhz, at 0.135245043997 K
      |- Projecting Sulfur Dioxide (33SO2) around 276037.6419 Mhz, at 0.135244976375 K
      |- Projecting Sulfur Dioxide (33SO2) around 276037.6851 Mhz, at 0.135245043997 K
*** Source: observed-SO2v2=1
  |- Projecting observed-SO2v2=1-c1
   --+ Generating template image
   --+ Generating template line distribution
   --+ Loading and correcting lines
      |- Projecting Sulfur dioxide (SO2v2=1) around 275061.7269 Mhz, at 0.151288963191 K
      |- Projecting Sulfur dioxide (SO2v2=1) around 278755.1244 Mhz, at 0.120942162842 K
      |- Projecting Sulfur dioxide (SO2v2=1) around 278849.6017 Mhz, at 0.141045886219 K
*** Source: observed-H213CO
  |- Projecting observed-H213CO-c1
   --+ Generating template image
   --+ Generating template line distribution
   --+ Loading and correcting lines
*** Source: observed-SO2v=0
  |- Projecting observed-SO2v=0-c1
   --+ Generating template image
   --+ Generating template line distribution
   --+ Loading and correcting lines
      |- Projecting Sulfur dioxide (SO2v=0) around 275240.184 Mhz, at 0.49286953295 K
      |- Projecting Sulfur dioxide (SO2v=0) around 275375.7013 Mhz, at 0.233008531002 K
      |- Projecting Sulfur dioxide (SO2v=0) around 276254.5765 Mhz, at 0.487903333905 K
      |- Projecting Sulfur dioxide (SO2v=0) around 276558.3672 Mhz, at 0.188667121436 K
      |- Projecting Sulfur dioxide (SO2v=0) around 278250.9723 Mhz, at 0.846044647728 K
   -++ Saving FITS: data/cube_variable_width_77.fits
