+++ Source 'observed-CH3OHvt=0' added
 |- Component added to 'observed-CH3OHvt=0' (observed-CH3OHvt=0-c1)
 ---+ Model: mol_list = ['CH3OHvt=0'] @ spa_form=('normal', 82.48573539609504, 92.66949494997723, 2.6606721383458423), spe_form=('skew', 8, 0), z=0.0, grad=('linear', 2.6606721383458423, 69.92260452615689)
+++ Source 'observed-SO2v=0' added
 |- Component added to 'observed-SO2v=0' (observed-SO2v=0-c1)
 ---+ Model: mol_list = ['SO2v=0'] @ spa_form=('normal', 136.63951416232732, 50.90609262623008, 0.9490300588210536), spe_form=('skew', 8, 0), z=0.0, grad=('linear', 0.9490300588210536, 122.94228427749411)
+++ Source 'observed-33SO2' added
 |- Component added to 'observed-33SO2' (observed-33SO2-c1)
 ---+ Model: mol_list = ['33SO2'] @ spa_form=('normal', 147.47815694574734, 84.09837136898783, 0.889338375929752), spe_form=('skew', 8, 0), z=0.0, grad=('linear', 0.889338375929752, 115.76444229837801)
+++ Source 'observed-34SO2v=0' added
 |- Component added to 'observed-34SO2v=0' (observed-34SO2v=0-c1)
 ---+ Model: mol_list = ['34SO2v=0'] @ spa_form=('normal', 70.31184068573259, 84.3940039614567, 2.0089727364282264), spe_form=('skew', 8, 0), z=0.0, grad=('linear', 2.0089727364282264, 102.95055606981393)
+++ Source 'observed-OS17O' added
 |- Component added to 'observed-OS17O' (observed-OS17O-c1)
 ---+ Model: mol_list = ['OS17O'] @ spa_form=('normal', 126.37291192354122, 98.75548285212498, 0.6813564271845284), spe_form=('skew', 8, 0), z=0.0, grad=('linear', 0.6813564271845284, 126.21086326034964)
+++ Source 'observed-HC15Nv=0' added
 |- Component added to 'observed-HC15Nv=0' (observed-HC15Nv=0-c1)
 ---+ Model: mol_list = ['HC15Nv=0'] @ spa_form=('normal', 131.43413439261917, 98.37109187451185, 0.9472044189117554), spe_form=('skew', 8, 0), z=0.0, grad=('linear', 0.9472044189117554, 127.56435229508617)
+++ Source 'observed-H13CNv=0' added
 |- Component added to 'observed-H13CNv=0' (observed-H13CNv=0-c1)
 ---+ Model: mol_list = ['H13CNv=0'] @ spa_form=('normal', 60.92722614725366, 70.94257274127673, 0.9644031581498588), spe_form=('skew', 8, 0), z=0.0, grad=('linear', 0.9644031581498588, 96.85320610222364)
+++ Source 'observed-H2C34S' added
 |- Component added to 'observed-H2C34S' (observed-H2C34S-c1)
 ---+ Model: mol_list = ['H2C34S'] @ spa_form=('normal', 121.65375556664047, 74.29424308308491, 0.49584643930424316), spe_form=('skew', 8, 0), z=0.0, grad=('linear', 0.49584643930424316, 135.5407130652618)
+++ Source 'observed-H213CO' added
 |- Component added to 'observed-H213CO' (observed-H213CO-c1)
 ---+ Model: mol_list = ['H213CO'] @ spa_form=('normal', 138.29740381167034, 46.91344335562592, 1.574138475619951), spe_form=('skew', 8, 0), z=0.0, grad=('linear', 1.574138475619951, 11.013890445151953)
[*] Generating cube observerd
  |- Angular Coordinates (deg): ra=0 dec=0
  |- FOV (arcsec): ra=[-0.002777777777777778, 0.002777777777777778] dec=[-0.002777777777777778, 0.002777777777777778]
!!! WARNING: max ALMA bandwidth exceeded
  |- Spectral (MHz): center=604000 bandwidth=[602000.0, 606000.0]
  |- Cube size: 2 x 2 x 4000 
  |- Band: 9
*** Source: observed-H13CNv=0
  |- Projecting observed-H13CNv=0-c1
   --+ Generating template image
   --+ Generating template line distribution
   --+ Loading and correcting lines
*** Source: observed-34SO2v=0
  |- Projecting observed-34SO2v=0-c1
   --+ Generating template image
   --+ Generating template line distribution
   --+ Loading and correcting lines
      |- Projecting Sulfur Dioxide (34SO2v=0) around 605499.8855 Mhz, at 0.493979212273 K
*** Source: observed-33SO2
  |- Projecting observed-33SO2-c1
   --+ Generating template image
   --+ Generating template line distribution
   --+ Loading and correcting lines
      |- Projecting Sulfur Dioxide (33SO2) around 602488.3231 Mhz, at 0.561671272099 K
      |- Projecting Sulfur Dioxide (33SO2) around 602499.1576 Mhz, at 0.561670448315 K
      |- Projecting Sulfur Dioxide (33SO2) around 603112.9816 Mhz, at 0.63527096241 K
      |- Projecting Sulfur Dioxide (33SO2) around 603113.1191 Mhz, at 0.63527096241 K
      |- Projecting Sulfur Dioxide (33SO2) around 603113.2126 Mhz, at 0.63527096241 K
      |- Projecting Sulfur Dioxide (33SO2) around 603113.2683 Mhz, at 0.63527096241 K
*** Source: observed-OS17O
  |- Projecting observed-OS17O-c1
   --+ Generating template image
   --+ Generating template line distribution
   --+ Loading and correcting lines
      |- Projecting Sulfur Dioxide (OS17O) around 604501.9322 Mhz, at 0.647240830085 K
*** Source: observed-CH3OHvt=0
  |- Projecting observed-CH3OHvt=0-c1
   --+ Generating template image
   --+ Generating template line distribution
   --+ Loading and correcting lines
*** Source: observed-HC15Nv=0
  |- Projecting observed-HC15Nv=0-c1
   --+ Generating template image
   --+ Generating template line distribution
   --+ Loading and correcting lines
      |- Projecting Hydrogen Cyanide (HC15Nv=0) around 602274.1332 Mhz, at 0.501143691183 K
*** Source: observed-H2C34S
  |- Projecting observed-H2C34S-c1
   --+ Generating template image
   --+ Generating template line distribution
   --+ Loading and correcting lines
      |- Projecting Thioformaldehyde (H2C34S) around 604710.9998 Mhz, at 1.14501978171 K
*** Source: observed-H213CO
  |- Projecting observed-H213CO-c1
   --+ Generating template image
   --+ Generating template line distribution
   --+ Loading and correcting lines
*** Source: observed-SO2v=0
  |- Projecting observed-SO2v=0-c1
   --+ Generating template image
   --+ Generating template line distribution
   --+ Loading and correcting lines
   -++ Saving FITS: data/cube_variable_width_49.fits
