+++ Source 'observed-CH3OHvt=0' added
 |- Component added to 'observed-CH3OHvt=0' (observed-CH3OHvt=0-c1)
 ---+ Model: mol_list = ['CH3OHvt=0'] @ spa_form=('normal', 95.63536491844059, 98.58735558528124, 1.7718539624784635), spe_form=('skew', 8, 0), z=0.0, grad=('linear', 1.7718539624784635, 109.95505152288757)
+++ Source 'observed-SO2v=0' added
 |- Component added to 'observed-SO2v=0' (observed-SO2v=0-c1)
 ---+ Model: mol_list = ['SO2v=0'] @ spa_form=('normal', 77.10093068216017, 88.77088628885703, 1.5802409327865115), spe_form=('skew', 8, 0), z=0.0, grad=('linear', 1.5802409327865115, 59.591933658584736)
+++ Source 'observed-33SO2' added
 |- Component added to 'observed-33SO2' (observed-33SO2-c1)
 ---+ Model: mol_list = ['33SO2'] @ spa_form=('normal', 92.62217223590255, 68.32625636110002, 0.584434245186679), spe_form=('skew', 8, 0), z=0.0, grad=('linear', 0.584434245186679, 83.70203640580554)
+++ Source 'observed-34SO2v=0' added
 |- Component added to 'observed-34SO2v=0' (observed-34SO2v=0-c1)
 ---+ Model: mol_list = ['34SO2v=0'] @ spa_form=('normal', 67.96437516997764, 59.26187207881411, 1.4055465619876062), spe_form=('skew', 8, 0), z=0.0, grad=('linear', 1.4055465619876062, 66.99427684723048)
+++ Source 'observed-OS17O' added
 |- Component added to 'observed-OS17O' (observed-OS17O-c1)
 ---+ Model: mol_list = ['OS17O'] @ spa_form=('normal', 139.04767814852238, 83.92150568240586, 2.231061718729166), spe_form=('skew', 8, 0), z=0.0, grad=('linear', 2.231061718729166, 85.22682310652617)
+++ Source 'observed-HC15Nv=0' added
 |- Component added to 'observed-HC15Nv=0' (observed-HC15Nv=0-c1)
 ---+ Model: mol_list = ['HC15Nv=0'] @ spa_form=('normal', 96.22686288591439, 55.04542138573156, 0.508247541978107), spe_form=('skew', 8, 0), z=0.0, grad=('linear', 0.508247541978107, 89.03709530355563)
+++ Source 'observed-H13CNv=0' added
 |- Component added to 'observed-H13CNv=0' (observed-H13CNv=0-c1)
 ---+ Model: mol_list = ['H13CNv=0'] @ spa_form=('normal', 58.69679730049976, 91.37945459096676, 2.26115080712965), spe_form=('skew', 8, 0), z=0.0, grad=('linear', 2.26115080712965, 135.35086251420762)
+++ Source 'observed-H2C34S' added
 |- Component added to 'observed-H2C34S' (observed-H2C34S-c1)
 ---+ Model: mol_list = ['H2C34S'] @ spa_form=('normal', 129.42428301219041, 48.735492563381854, 2.860704935160716), spe_form=('skew', 8, 0), z=0.0, grad=('linear', 2.860704935160716, 45.9583544343543)
+++ Source 'observed-H213CO' added
 |- Component added to 'observed-H213CO' (observed-H213CO-c1)
 ---+ Model: mol_list = ['H213CO'] @ spa_form=('normal', 92.0324714082856, 75.96970427322054, 1.6727566679850163), spe_form=('skew', 8, 0), z=0.0, grad=('linear', 1.6727566679850163, 28.696819220133204)
[*] Generating cube observerd
  |- Angular Coordinates (deg): ra=0 dec=0
  |- FOV (arcsec): ra=[-0.002777777777777778, 0.002777777777777778] dec=[-0.002777777777777778, 0.002777777777777778]
!!! WARNING: max ALMA bandwidth exceeded
  |- Spectral (MHz): center=604000 bandwidth=[602000.0, 606000.0]
  |- Cube size: 2 x 2 x 4000 
  |- Band: 9
*** Source: observed-H13CNv=0
  |- Projecting observed-H13CNv=0-c1
   --+ Generating template image
   --+ Generating template line distribution
   --+ Loading and correcting lines
*** Source: observed-34SO2v=0
  |- Projecting observed-34SO2v=0-c1
   --+ Generating template image
   --+ Generating template line distribution
   --+ Loading and correcting lines
*** Source: observed-33SO2
  |- Projecting observed-33SO2-c1
   --+ Generating template image
   --+ Generating template line distribution
   --+ Loading and correcting lines
      |- Projecting Sulfur Dioxide (33SO2) around 602488.3231 Mhz, at 0.50673402838 K
      |- Projecting Sulfur Dioxide (33SO2) around 602499.1576 Mhz, at 0.506733285171 K
      |- Projecting Sulfur Dioxide (33SO2) around 603112.9816 Mhz, at 0.573134909842 K
      |- Projecting Sulfur Dioxide (33SO2) around 603113.1191 Mhz, at 0.573134909842 K
      |- Projecting Sulfur Dioxide (33SO2) around 603113.2126 Mhz, at 0.573134909842 K
      |- Projecting Sulfur Dioxide (33SO2) around 603113.2683 Mhz, at 0.573134909842 K
*** Source: observed-OS17O
  |- Projecting observed-OS17O-c1
   --+ Generating template image
   --+ Generating template line distribution
   --+ Loading and correcting lines
      |- Projecting Sulfur Dioxide (OS17O) around 603105.7123 Mhz, at 0.484945630856 K
      |- Projecting Sulfur Dioxide (OS17O) around 603106.5013 Mhz, at 0.484945630856 K
      |- Projecting Sulfur Dioxide (OS17O) around 604501.9322 Mhz, at 0.775421084516 K
      |- Projecting Sulfur Dioxide (OS17O) around 605172.0102 Mhz, at 0.497555620323 K
      |- Projecting Sulfur Dioxide (OS17O) around 605172.0102 Mhz, at 0.497555620323 K
      |- Projecting Sulfur Dioxide (OS17O) around 605240.925 Mhz, at 0.516349218527 K
*** Source: observed-CH3OHvt=0
  |- Projecting observed-CH3OHvt=0-c1
   --+ Generating template image
   --+ Generating template line distribution
   --+ Loading and correcting lines
      |- Projecting Methanol (CH3OHvt=0) around 602233.197 Mhz, at 0.571096565508 K
      |- Projecting Methanol (CH3OHvt=0) around 605587.005 Mhz, at 0.508609167858 K
*** Source: observed-HC15Nv=0
  |- Projecting observed-HC15Nv=0-c1
   --+ Generating template image
   --+ Generating template line distribution
   --+ Loading and correcting lines
      |- Projecting Hydrogen Cyanide (HC15Nv=0) around 602274.1332 Mhz, at 0.836681561781 K
*** Source: observed-H2C34S
  |- Projecting observed-H2C34S-c1
   --+ Generating template image
   --+ Generating template line distribution
   --+ Loading and correcting lines
      |- Projecting Thioformaldehyde (H2C34S) around 604710.9998 Mhz, at 0.639759531851 K
*** Source: observed-H213CO
  |- Projecting observed-H213CO-c1
   --+ Generating template image
   --+ Generating template line distribution
   --+ Loading and correcting lines
      |- Projecting Formaldehyde (H213CO) around 602083.584 Mhz, at 0.845028931464 K
*** Source: observed-SO2v=0
  |- Projecting observed-SO2v=0-c1
   --+ Generating template image
   --+ Generating template line distribution
   --+ Loading and correcting lines
      |- Projecting Sulfur dioxide (SO2v=0) around 604367.4364 Mhz, at 0.706949326302 K
      |- Projecting Sulfur dioxide (SO2v=0) around 604406.5377 Mhz, at 0.67399576156 K
      |- Projecting Sulfur dioxide (SO2v=0) around 605532.5228 Mhz, at 0.856423579036 K
   -++ Saving FITS: data/cube_fixed_width_24.fits
