+++ Source 'observed-CH3OHvt=0' added
 |- Component added to 'observed-CH3OHvt=0' (observed-CH3OHvt=0-c1)
 ---+ Model: mol_list = ['CH3OHvt=0'] @ spa_form=('normal', 116.65297453493213, 70.64060043241989, 0.8651750777864209), spe_form=('skew', 8, 0), z=0.0, grad=('linear', 0.8651750777864209, 76.19713257144701)
+++ Source 'observed-SO2v=0' added
 |- Component added to 'observed-SO2v=0' (observed-SO2v=0-c1)
 ---+ Model: mol_list = ['SO2v=0'] @ spa_form=('normal', 132.22150568729836, 89.61821483136646, 1.7397414851430566), spe_form=('skew', 8, 0), z=0.0, grad=('linear', 1.7397414851430566, 87.83890016412394)
+++ Source 'observed-33SO2' added
 |- Component added to 'observed-33SO2' (observed-33SO2-c1)
 ---+ Model: mol_list = ['33SO2'] @ spa_form=('normal', 95.0865657196372, 57.47272161366591, 0.323775006612623), spe_form=('skew', 8, 0), z=0.0, grad=('linear', 0.323775006612623, 33.053694034344915)
+++ Source 'observed-SO2v2=1' added
 |- Component added to 'observed-SO2v2=1' (observed-SO2v2=1-c1)
 ---+ Model: mol_list = ['SO2v2=1'] @ spa_form=('normal', 99.89399970585303, 97.62938325531205, 2.84242418030561), spe_form=('skew', 8, 0), z=0.0, grad=('linear', 2.84242418030561, 143.23504022534405)
+++ Source 'observed-HC15Nv=0' added
 |- Component added to 'observed-HC15Nv=0' (observed-HC15Nv=0-c1)
 ---+ Model: mol_list = ['HC15Nv=0'] @ spa_form=('normal', 108.66813857986679, 64.53175146643889, 3.0628026941097706), spe_form=('skew', 8, 0), z=0.0, grad=('linear', 3.0628026941097706, 102.79531875867734)
+++ Source 'observed-H13CNv=0' added
 |- Component added to 'observed-H13CNv=0' (observed-H13CNv=0-c1)
 ---+ Model: mol_list = ['H13CNv=0'] @ spa_form=('normal', 136.93163768971073, 63.56086600005908, 2.622158138841703), spe_form=('skew', 8, 0), z=0.0, grad=('linear', 2.622158138841703, 119.80508642416582)
+++ Source 'observed-H2C34S' added
 |- Component added to 'observed-H2C34S' (observed-H2C34S-c1)
 ---+ Model: mol_list = ['H2C34S'] @ spa_form=('normal', 69.16774489176889, 87.7675372956578, 2.3914121332265585), spe_form=('skew', 8, 0), z=0.0, grad=('linear', 2.3914121332265585, 99.81462356845482)
[*] Generating cube observerd
  |- Angular Coordinates (deg): ra=0 dec=0
  |- FOV (arcsec): ra=[-0.002777777777777778, 0.002777777777777778] dec=[-0.002777777777777778, 0.002777777777777778]
!!! WARNING: max ALMA bandwidth exceeded
  |- Spectral (MHz): center=277000 bandwidth=[275000.0, 279000.0]
  |- Cube size: 2 x 2 x 4000 
  |- Band: 7
*** Source: observed-H13CNv=0
  |- Projecting observed-H13CNv=0-c1
   --+ Generating template image
   --+ Generating template line distribution
   --+ Loading and correcting lines
*** Source: observed-H2C34S
  |- Projecting observed-H2C34S-c1
   --+ Generating template image
   --+ Generating template line distribution
   --+ Loading and correcting lines
      |- Projecting Thioformaldehyde (H2C34S) around 277295.9149 Mhz, at 0.215499942716 K
*** Source: observed-33SO2
  |- Projecting observed-33SO2-c1
   --+ Generating template image
   --+ Generating template line distribution
   --+ Loading and correcting lines
      |- Projecting Sulfur Dioxide (33SO2) around 275160.7805 Mhz, at 0.120883278681 K
      |- Projecting Sulfur Dioxide (33SO2) around 275160.8324 Mhz, at 0.120883278681 K
      |- Projecting Sulfur Dioxide (33SO2) around 275160.9909 Mhz, at 0.120883335093 K
      |- Projecting Sulfur Dioxide (33SO2) around 275161.0124 Mhz, at 0.120883335093 K
      |- Projecting Sulfur Dioxide (33SO2) around 275828.2515 Mhz, at 0.516774774866 K
      |- Projecting Sulfur Dioxide (33SO2) around 275828.3672 Mhz, at 0.516774774866 K
      |- Projecting Sulfur Dioxide (33SO2) around 275831.1722 Mhz, at 0.516774774866 K
      |- Projecting Sulfur Dioxide (33SO2) around 275831.2604 Mhz, at 0.516775016028 K
      |- Projecting Sulfur Dioxide (33SO2) around 276035.3021 Mhz, at 0.141818093927 K
      |- Projecting Sulfur Dioxide (33SO2) around 276035.3702 Mhz, at 0.141818093927 K
      |- Projecting Sulfur Dioxide (33SO2) around 276037.6419 Mhz, at 0.141818023018 K
      |- Projecting Sulfur Dioxide (33SO2) around 276037.6851 Mhz, at 0.141818093927 K
*** Source: observed-CH3OHvt=0
  |- Projecting observed-CH3OHvt=0-c1
   --+ Generating template image
   --+ Generating template line distribution
   --+ Loading and correcting lines
      |- Projecting Methanol (CH3OHvt=0) around 275663.705 Mhz, at 0.257974082356 K
      |- Projecting Methanol (CH3OHvt=0) around 276648.18 Mhz, at 1.57001971757 K
      |- Projecting Methanol (CH3OHvt=0) around 276925.919 Mhz, at 1.13374734226 K
      |- Projecting Methanol (CH3OHvt=0) around 277940.773 Mhz, at 0.503898935868 K
      |- Projecting Methanol (CH3OHvt=0) around 278186.616 Mhz, at 0.503918269161 K
      |- Projecting Methanol (CH3OHvt=0) around 278304.51 Mhz, at 0.820056869219 K
      |- Projecting Methanol (CH3OHvt=0) around 278342.257 Mhz, at 0.634186108078 K
      |- Projecting Methanol (CH3OHvt=0) around 278480.23 Mhz, at 0.702435669882 K
      |- Projecting Methanol (CH3OHvt=0) around 278599.055 Mhz, at 1.47991523365 K
      |- Projecting Methanol (CH3OHvt=0) around 278672.92 Mhz, at 0.772830145708 K
      |- Projecting Methanol (CH3OHvt=0) around 278723.25 Mhz, at 0.772837564913 K
      |- Projecting Methanol (CH3OHvt=0) around 278965.129 Mhz, at 0.394862653019 K
*** Source: observed-HC15Nv=0
  |- Projecting observed-HC15Nv=0-c1
   --+ Generating template image
   --+ Generating template line distribution
   --+ Loading and correcting lines
*** Source: observed-SO2v2=1
  |- Projecting observed-SO2v2=1-c1
   --+ Generating template image
   --+ Generating template line distribution
   --+ Loading and correcting lines
      |- Projecting Sulfur dioxide (SO2v2=1) around 275061.7269 Mhz, at 0.242358507352 K
      |- Projecting Sulfur dioxide (SO2v2=1) around 278755.1244 Mhz, at 0.1937442193 K
      |- Projecting Sulfur dioxide (SO2v2=1) around 278849.6017 Mhz, at 0.225949532147 K
*** Source: observed-SO2v=0
  |- Projecting observed-SO2v=0-c1
   --+ Generating template image
   --+ Generating template line distribution
   --+ Loading and correcting lines
      |- Projecting Sulfur dioxide (SO2v=0) around 275240.184 Mhz, at 0.83443466957 K
      |- Projecting Sulfur dioxide (SO2v=0) around 275375.7013 Mhz, at 0.394486539694 K
      |- Projecting Sulfur dioxide (SO2v=0) around 276254.5765 Mhz, at 0.826026828587 K
      |- Projecting Sulfur dioxide (SO2v=0) around 276301.2521 Mhz, at 0.133041359441 K
      |- Projecting Sulfur dioxide (SO2v=0) around 276558.3672 Mhz, at 0.319415943997 K
      |- Projecting Sulfur dioxide (SO2v=0) around 278250.9723 Mhz, at 1.43236483262 K
   -++ Saving FITS: data/cube_variable_width_85.fits
