+++ Source 'observed-CH3OHvt=0' added
 |- Component added to 'observed-CH3OHvt=0' (observed-CH3OHvt=0-c1)
 ---+ Model: mol_list = ['CH3OHvt=0'] @ spa_form=('normal', 106.10244896121414, 86.34202173707364, 2.186656618485749), spe_form=('skew', 8, 0), z=0.0, grad=('linear', 2.186656618485749, 104.90334339068133)
+++ Source 'observed-SO2v=0' added
 |- Component added to 'observed-SO2v=0' (observed-SO2v=0-c1)
 ---+ Model: mol_list = ['SO2v=0'] @ spa_form=('normal', 88.31726645752111, 66.03386552908361, 2.5629206489296505), spe_form=('skew', 8, 0), z=0.0, grad=('linear', 2.5629206489296505, 65.78218530156673)
+++ Source 'observed-33SO2' added
 |- Component added to 'observed-33SO2' (observed-33SO2-c1)
 ---+ Model: mol_list = ['33SO2'] @ spa_form=('normal', 67.47456368216194, 88.26705554451034, 0.623239868925655), spe_form=('skew', 8, 0), z=0.0, grad=('linear', 0.623239868925655, 118.77571011441188)
+++ Source 'observed-34SO2v=0' added
 |- Component added to 'observed-34SO2v=0' (observed-34SO2v=0-c1)
 ---+ Model: mol_list = ['34SO2v=0'] @ spa_form=('normal', 68.22922479052123, 82.30422314653146, 2.191360001606559), spe_form=('skew', 8, 0), z=0.0, grad=('linear', 2.191360001606559, 71.90374382819905)
+++ Source 'observed-SO2v2=1' added
 |- Component added to 'observed-SO2v2=1' (observed-SO2v2=1-c1)
 ---+ Model: mol_list = ['SO2v2=1'] @ spa_form=('normal', 83.85123242380527, 78.02085543384135, 0.5710895225804916), spe_form=('skew', 8, 0), z=0.0, grad=('linear', 0.5710895225804916, 58.92125514546727)
+++ Source 'observed-OS18O' added
 |- Component added to 'observed-OS18O' (observed-OS18O-c1)
 ---+ Model: mol_list = ['OS18O'] @ spa_form=('normal', 51.92233027619139, 50.65074842309285, 0.42370248153989015), spe_form=('skew', 8, 0), z=0.0, grad=('linear', 0.42370248153989015, 136.90610360658772)
+++ Source 'observed-OS17O' added
 |- Component added to 'observed-OS17O' (observed-OS17O-c1)
 ---+ Model: mol_list = ['OS17O'] @ spa_form=('normal', 101.4659478725978, 94.56493123637166, 2.974833821243428), spe_form=('skew', 8, 0), z=0.0, grad=('linear', 2.974833821243428, 124.1369828630558)
+++ Source 'observed-HC15Nv=0' added
 |- Component added to 'observed-HC15Nv=0' (observed-HC15Nv=0-c1)
 ---+ Model: mol_list = ['HC15Nv=0'] @ spa_form=('normal', 110.50832944607495, 56.61294993824299, 1.5184241722848133), spe_form=('skew', 8, 0), z=0.0, grad=('linear', 1.5184241722848133, 33.572430423039805)
+++ Source 'observed-H13CNv2=1' added
 |- Component added to 'observed-H13CNv2=1' (observed-H13CNv2=1-c1)
 ---+ Model: mol_list = ['H13CNv2=1'] @ spa_form=('normal', 120.72188362291986, 40.80567393468987, 2.8213612891498507), spe_form=('skew', 8, 0), z=0.0, grad=('linear', 2.8213612891498507, 39.79208535002573)
+++ Source 'observed-H13CNv=0' added
 |- Component added to 'observed-H13CNv=0' (observed-H13CNv=0-c1)
 ---+ Model: mol_list = ['H13CNv=0'] @ spa_form=('normal', 73.14603394940625, 41.63662974628417, 2.259653597720042), spe_form=('skew', 8, 0), z=0.0, grad=('linear', 2.259653597720042, 118.3911638193104)
+++ Source 'observed-H213CS' added
 |- Component added to 'observed-H213CS' (observed-H213CS-c1)
 ---+ Model: mol_list = ['H213CS'] @ spa_form=('normal', 136.03155810493342, 54.130418352115264, 2.6215764972014295), spe_form=('skew', 8, 0), z=0.0, grad=('linear', 2.6215764972014295, 68.48064312354305)
+++ Source 'observed-H2C34S' added
 |- Component added to 'observed-H2C34S' (observed-H2C34S-c1)
 ---+ Model: mol_list = ['H2C34S'] @ spa_form=('normal', 52.958578339098686, 73.01955732841935, 1.566305011790935), spe_form=('skew', 8, 0), z=0.0, grad=('linear', 1.566305011790935, 143.04801001562976)
+++ Source 'observed-H2C18O' added
 |- Component added to 'observed-H2C18O' (observed-H2C18O-c1)
 ---+ Model: mol_list = ['H2C18O'] @ spa_form=('normal', 118.18188062779367, 71.97425536549291, 3.0809172390352075), spe_form=('skew', 8, 0), z=0.0, grad=('linear', 3.0809172390352075, 90.74925936721152)
+++ Source 'observed-H213CO' added
 |- Component added to 'observed-H213CO' (observed-H213CO-c1)
 ---+ Model: mol_list = ['H213CO'] @ spa_form=('normal', 105.20273656018657, 64.45261029005653, 2.646897341646336), spe_form=('skew', 8, 0), z=0.0, grad=('linear', 2.646897341646336, 86.64396998667317)
[*] Generating cube observerd
  |- Angular Coordinates (deg): ra=0 dec=0
  |- FOV (arcsec): ra=[-0.002777777777777778, 0.002777777777777778] dec=[-0.002777777777777778, 0.002777777777777778]
!!! WARNING: max ALMA bandwidth exceeded
  |- Spectral (MHz): center=604000 bandwidth=[602000.0, 606000.0]
  |- Cube size: 2 x 2 x 4000 
  |- Band: 9
*** Source: observed-OS18O
  |- Projecting observed-OS18O-c1
   --+ Generating template image
   --+ Generating template line distribution
   --+ Loading and correcting lines
      |- Projecting Sulfur Dioxide (OS18O) around 602313.3835 Mhz, at 1.01790039128 K
      |- Projecting Sulfur Dioxide (OS18O) around 603090.155 Mhz, at 0.829864619283 K
      |- Projecting Sulfur Dioxide (OS18O) around 603608.7849 Mhz, at 0.712690618803 K
*** Source: observed-H13CNv=0
  |- Projecting observed-H13CNv=0-c1
   --+ Generating template image
   --+ Generating template line distribution
   --+ Loading and correcting lines
*** Source: observed-H213CS
  |- Projecting observed-H213CS-c1
   --+ Generating template image
   --+ Generating template line distribution
   --+ Loading and correcting lines
*** Source: observed-H13CNv2=1
  |- Projecting observed-H13CNv2=1-c1
   --+ Generating template image
   --+ Generating template line distribution
   --+ Loading and correcting lines
*** Source: observed-OS17O
  |- Projecting observed-OS17O-c1
   --+ Generating template image
   --+ Generating template line distribution
   --+ Loading and correcting lines
      |- Projecting Sulfur Dioxide (OS17O) around 603105.7123 Mhz, at 0.69620128822 K
      |- Projecting Sulfur Dioxide (OS17O) around 603106.5013 Mhz, at 0.69620128822 K
      |- Projecting Sulfur Dioxide (OS17O) around 604501.9322 Mhz, at 1.1132158403 K
      |- Projecting Sulfur Dioxide (OS17O) around 605172.0102 Mhz, at 0.714304535991 K
      |- Projecting Sulfur Dioxide (OS17O) around 605172.0102 Mhz, at 0.714304535991 K
      |- Projecting Sulfur Dioxide (OS17O) around 605240.925 Mhz, at 0.741285142574 K
      |- Projecting Sulfur Dioxide (OS17O) around 605724.232 Mhz, at 0.482326365808 K
*** Source: observed-33SO2
  |- Projecting observed-33SO2-c1
   --+ Generating template image
   --+ Generating template line distribution
   --+ Loading and correcting lines
      |- Projecting Sulfur Dioxide (33SO2) around 602337.0627 Mhz, at 1.13895138899 K
      |- Projecting Sulfur Dioxide (33SO2) around 602338.0039 Mhz, at 1.13895138899 K
      |- Projecting Sulfur Dioxide (33SO2) around 602348.9212 Mhz, at 1.138950288 K
      |- Projecting Sulfur Dioxide (33SO2) around 602349.8184 Mhz, at 1.13894971852 K
      |- Projecting Sulfur Dioxide (33SO2) around 602488.3231 Mhz, at 1.35777451251 K
      |- Projecting Sulfur Dioxide (33SO2) around 602499.1576 Mhz, at 1.35777252111 K
      |- Projecting Sulfur Dioxide (33SO2) around 603112.9816 Mhz, at 1.53569314321 K
      |- Projecting Sulfur Dioxide (33SO2) around 603113.1191 Mhz, at 1.53569314321 K
      |- Projecting Sulfur Dioxide (33SO2) around 603113.2126 Mhz, at 1.53569314321 K
      |- Projecting Sulfur Dioxide (33SO2) around 603113.2683 Mhz, at 1.53569314321 K
      |- Projecting Sulfur Dioxide (33SO2) around 604736.5656 Mhz, at 0.848904349306 K
      |- Projecting Sulfur Dioxide (33SO2) around 604736.767 Mhz, at 0.848904349306 K
      |- Projecting Sulfur Dioxide (33SO2) around 604736.8741 Mhz, at 0.848904349306 K
      |- Projecting Sulfur Dioxide (33SO2) around 604736.8962 Mhz, at 0.848904349306 K
      |- Projecting Sulfur Dioxide (33SO2) around 604736.926 Mhz, at 0.848904349306 K
      |- Projecting Sulfur Dioxide (33SO2) around 604736.9663 Mhz, at 0.848904349306 K
      |- Projecting Sulfur Dioxide (33SO2) around 604736.9892 Mhz, at 0.848904349306 K
      |- Projecting Sulfur Dioxide (33SO2) around 605162.1267 Mhz, at 0.950199710289 K
      |- Projecting Sulfur Dioxide (33SO2) around 605162.2359 Mhz, at 0.950199710289 K
      |- Projecting Sulfur Dioxide (33SO2) around 605162.3107 Mhz, at 0.950199710289 K
      |- Projecting Sulfur Dioxide (33SO2) around 605162.3529 Mhz, at 0.950199710289 K
      |- Projecting Sulfur Dioxide (33SO2) around 605357.5302 Mhz, at 0.97468718523 K
      |- Projecting Sulfur Dioxide (33SO2) around 605366.9145 Mhz, at 0.97468718523 K
      |- Projecting Sulfur Dioxide (33SO2) around 605367.499 Mhz, at 0.974688614773 K
      |- Projecting Sulfur Dioxide (33SO2) around 605367.499 Mhz, at 0.974688614773 K
      |- Projecting Sulfur Dioxide (33SO2) around 605367.499 Mhz, at 0.97468718523 K
      |- Projecting Sulfur Dioxide (33SO2) around 605367.499 Mhz, at 0.97468718523 K
      |- Projecting Sulfur Dioxide (33SO2) around 605377.1052 Mhz, at 0.974688614773 K
*** Source: observed-34SO2v=0
  |- Projecting observed-34SO2v=0-c1
   --+ Generating template image
   --+ Generating template line distribution
   --+ Loading and correcting lines
*** Source: observed-CH3OHvt=0
  |- Projecting observed-CH3OHvt=0-c1
   --+ Generating template image
   --+ Generating template line distribution
   --+ Loading and correcting lines
*** Source: observed-HC15Nv=0
  |- Projecting observed-HC15Nv=0-c1
   --+ Generating template image
   --+ Generating template line distribution
   --+ Loading and correcting lines
      |- Projecting Hydrogen Cyanide (HC15Nv=0) around 602274.1332 Mhz, at 0.784158419229 K
*** Source: observed-SO2v2=1
  |- Projecting observed-SO2v2=1-c1
   --+ Generating template image
   --+ Generating template line distribution
   --+ Loading and correcting lines
*** Source: observed-H2C18O
  |- Projecting observed-H2C18O-c1
   --+ Generating template image
   --+ Generating template line distribution
   --+ Loading and correcting lines
      |- Projecting Formaldehyde (H2C18O) around 603231.51 Mhz, at 0.545024475604 K
*** Source: observed-H2C34S
  |- Projecting observed-H2C34S-c1
   --+ Generating template image
   --+ Generating template line distribution
   --+ Loading and correcting lines
*** Source: observed-H213CO
  |- Projecting observed-H213CO-c1
   --+ Generating template image
   --+ Generating template line distribution
   --+ Loading and correcting lines
*** Source: observed-SO2v=0
  |- Projecting observed-SO2v=0-c1
   --+ Generating template image
   --+ Generating template line distribution
   --+ Loading and correcting lines
      |- Projecting Sulfur dioxide (SO2v=0) around 604367.4364 Mhz, at 0.60298454592 K
      |- Projecting Sulfur dioxide (SO2v=0) around 604406.5377 Mhz, at 0.574877170281 K
      |- Projecting Sulfur dioxide (SO2v=0) around 605532.5228 Mhz, at 0.730476943264 K
   -++ Saving FITS: data/cube_9.fits
