+++ Source 'observed-34SO2v=0' added
 |- Component added to 'observed-34SO2v=0' (observed-34SO2v=0-c1)
 ---+ Model: mol_list = ['34SO2v=0'] @ spa_form=('normal', 119.57105478894073, 95.33524322889406, 2.956143638813124), spe_form=('skew', 8, 0), z=0.0, grad=('linear', 2.956143638813124, 87.60570897019335)
+++ Source 'observed-OS18O' added
 |- Component added to 'observed-OS18O' (observed-OS18O-c1)
 ---+ Model: mol_list = ['OS18O'] @ spa_form=('normal', 113.89843087937635, 66.42996000328284, 0.8105566898024974), spe_form=('skew', 8, 0), z=0.0, grad=('linear', 0.8105566898024974, 147.20633506147507)
+++ Source 'observed-OS17O' added
 |- Component added to 'observed-OS17O' (observed-OS17O-c1)
 ---+ Model: mol_list = ['OS17O'] @ spa_form=('normal', 145.274791100068, 54.322358054664065, 1.0500281861263647), spe_form=('skew', 8, 0), z=0.0, grad=('linear', 1.0500281861263647, 114.50761232712132)
+++ Source 'observed-HC15Nv=0' added
 |- Component added to 'observed-HC15Nv=0' (observed-HC15Nv=0-c1)
 ---+ Model: mol_list = ['HC15Nv=0'] @ spa_form=('normal', 92.19252884490254, 80.70118637054082, 1.5077136474733361), spe_form=('skew', 8, 0), z=0.0, grad=('linear', 1.5077136474733361, 46.663180442759696)
+++ Source 'observed-H13CNv2=1' added
 |- Component added to 'observed-H13CNv2=1' (observed-H13CNv2=1-c1)
 ---+ Model: mol_list = ['H13CNv2=1'] @ spa_form=('normal', 101.83319337215465, 91.83452347604958, 2.916577767689721), spe_form=('skew', 8, 0), z=0.0, grad=('linear', 2.916577767689721, 49.963855352301316)
+++ Source 'observed-H13CNv=0' added
 |- Component added to 'observed-H13CNv=0' (observed-H13CNv=0-c1)
 ---+ Model: mol_list = ['H13CNv=0'] @ spa_form=('normal', 113.34252120468173, 40.59685781909388, 1.1993490097761068), spe_form=('skew', 8, 0), z=0.0, grad=('linear', 1.1993490097761068, 110.14997623805193)
+++ Source 'observed-H2C18O' added
 |- Component added to 'observed-H2C18O' (observed-H2C18O-c1)
 ---+ Model: mol_list = ['H2C18O'] @ spa_form=('normal', 73.34803513049545, 73.01068472853396, 1.1899065683811416), spe_form=('skew', 8, 0), z=0.0, grad=('linear', 1.1899065683811416, 75.0475915126433)
+++ Source 'observed-H213CO' added
 |- Component added to 'observed-H213CO' (observed-H213CO-c1)
 ---+ Model: mol_list = ['H213CO'] @ spa_form=('normal', 60.71380657402007, 46.216446762785566, 1.0449174349290773), spe_form=('skew', 8, 0), z=0.0, grad=('linear', 1.0449174349290773, 24.664712726743957)
[*] Generating cube observerd
  |- Angular Coordinates (deg): ra=0 dec=0
  |- FOV (arcsec): ra=[-0.002777777777777778, 0.002777777777777778] dec=[-0.002777777777777778, 0.002777777777777778]
!!! WARNING: max ALMA bandwidth exceeded
  |- Spectral (MHz): center=277000 bandwidth=[275000.0, 279000.0]
  |- Cube size: 2 x 2 x 4000 
  |- Band: 7
*** Source: observed-OS18O
  |- Projecting observed-OS18O-c1
   --+ Generating template image
   --+ Generating template line distribution
   --+ Loading and correcting lines
      |- Projecting Sulfur Dioxide (OS18O) around 275207.6031 Mhz, at 0.535688380089 K
      |- Projecting Sulfur Dioxide (OS18O) around 275282.0764 Mhz, at 0.992653054318 K
      |- Projecting Sulfur Dioxide (OS18O) around 275454.6038 Mhz, at 0.446425386227 K
      |- Projecting Sulfur Dioxide (OS18O) around 275552.9984 Mhz, at 1.23145804024 K
      |- Projecting Sulfur Dioxide (OS18O) around 275646.3336 Mhz, at 0.220173963759 K
      |- Projecting Sulfur Dioxide (OS18O) around 276002.289 Mhz, at 1.29973690852 K
      |- Projecting Sulfur Dioxide (OS18O) around 276274.7786 Mhz, at 0.797720121961 K
      |- Projecting Sulfur Dioxide (OS18O) around 276277.2242 Mhz, at 0.526480684823 K
      |- Projecting Sulfur Dioxide (OS18O) around 277080.9497 Mhz, at 0.86407875094 K
      |- Projecting Sulfur Dioxide (OS18O) around 277088.3147 Mhz, at 0.864077886862 K
      |- Projecting Sulfur Dioxide (OS18O) around 278393.6459 Mhz, at 0.595074561757 K
*** Source: observed-H2C18O
  |- Projecting observed-H2C18O-c1
   --+ Generating template image
   --+ Generating template line distribution
   --+ Loading and correcting lines
      |- Projecting Formaldehyde (H2C18O) around 277675.2025 Mhz, at 0.14246414367 K
      |- Projecting Formaldehyde (H2C18O) around 277678.1029 Mhz, at 0.14246414367 K
*** Source: observed-H13CNv2=1
  |- Projecting observed-H13CNv2=1-c1
   --+ Generating template image
   --+ Generating template line distribution
   --+ Loading and correcting lines
*** Source: observed-OS17O
  |- Projecting observed-OS17O-c1
   --+ Generating template image
   --+ Generating template line distribution
   --+ Loading and correcting lines
      |- Projecting Sulfur Dioxide (OS17O) around 275054.7862 Mhz, at 0.566825252712 K
      |- Projecting Sulfur Dioxide (OS17O) around 275142.6319 Mhz, at 0.7049056236 K
      |- Projecting Sulfur Dioxide (OS17O) around 275151.3474 Mhz, at 0.704904589739 K
      |- Projecting Sulfur Dioxide (OS17O) around 275431.4561 Mhz, at 0.619311014559 K
      |- Projecting Sulfur Dioxide (OS17O) around 275846.0173 Mhz, at 0.197071727203 K
      |- Projecting Sulfur Dioxide (OS17O) around 276201.24 Mhz, at 0.416916290712 K
      |- Projecting Sulfur Dioxide (OS17O) around 277061.5867 Mhz, at 0.524888238011 K
      |- Projecting Sulfur Dioxide (OS17O) around 277365.4535 Mhz, at 0.652034838175 K
*** Source: observed-34SO2v=0
  |- Projecting observed-34SO2v=0-c1
   --+ Generating template image
   --+ Generating template line distribution
   --+ Loading and correcting lines
      |- Projecting Sulfur Dioxide (34SO2v=0) around 275434.2181 Mhz, at 0.837733562461 K
      |- Projecting Sulfur Dioxide (34SO2v=0) around 276483.977 Mhz, at 0.704476052596 K
      |- Projecting Sulfur Dioxide (34SO2v=0) around 276999.6054 Mhz, at 0.370860150497 K
      |- Projecting Sulfur Dioxide (34SO2v=0) around 277150.575 Mhz, at 0.413788278616 K
      |- Projecting Sulfur Dioxide (34SO2v=0) around 277470.0761 Mhz, at 0.221630246881 K
      |- Projecting Sulfur Dioxide (34SO2v=0) around 278835.2175 Mhz, at 0.464489942344 K
*** Source: observed-HC15Nv=0
  |- Projecting observed-HC15Nv=0-c1
   --+ Generating template image
   --+ Generating template line distribution
   --+ Loading and correcting lines
*** Source: observed-H13CNv=0
  |- Projecting observed-H13CNv=0-c1
   --+ Generating template image
   --+ Generating template line distribution
   --+ Loading and correcting lines
*** Source: observed-H213CO
  |- Projecting observed-H213CO-c1
   --+ Generating template image
   --+ Generating template line distribution
   --+ Loading and correcting lines
   -++ Saving FITS: data/cube_fixed_width_53.fits
