+++ Source 'observed-CH3OHvt=0' added
 |- Component added to 'observed-CH3OHvt=0' (observed-CH3OHvt=0-c1)
 ---+ Model: mol_list = ['CH3OHvt=0'] @ spa_form=('normal', 71.74236520429389, 48.34903027402197, 2.3600469868306853), spe_form=('skew', 8, 0), z=0.0, grad=('linear', 2.3600469868306853, 97.31726419445025)
+++ Source 'observed-SO2v=0' added
 |- Component added to 'observed-SO2v=0' (observed-SO2v=0-c1)
 ---+ Model: mol_list = ['SO2v=0'] @ spa_form=('normal', 97.97676895331321, 75.45613601309846, 0.41965518875814767), spe_form=('skew', 8, 0), z=0.0, grad=('linear', 0.41965518875814767, 23.605313836804683)
+++ Source 'observed-34SO2v=0' added
 |- Component added to 'observed-34SO2v=0' (observed-34SO2v=0-c1)
 ---+ Model: mol_list = ['34SO2v=0'] @ spa_form=('normal', 78.10520098485252, 94.92379129470353, 1.5734040756693763), spe_form=('skew', 8, 0), z=0.0, grad=('linear', 1.5734040756693763, 124.02606645194128)
+++ Source 'observed-SO2v2=1' added
 |- Component added to 'observed-SO2v2=1' (observed-SO2v2=1-c1)
 ---+ Model: mol_list = ['SO2v2=1'] @ spa_form=('normal', 61.109973249661365, 89.6209248509121, 1.7764169991697185), spe_form=('skew', 8, 0), z=0.0, grad=('linear', 1.7764169991697185, 93.95515890413728)
+++ Source 'observed-OS18O' added
 |- Component added to 'observed-OS18O' (observed-OS18O-c1)
 ---+ Model: mol_list = ['OS18O'] @ spa_form=('normal', 149.1834551058123, 61.44667624398705, 0.2349749801413013), spe_form=('skew', 8, 0), z=0.0, grad=('linear', 0.2349749801413013, 36.97735660234402)
+++ Source 'observed-OS17O' added
 |- Component added to 'observed-OS17O' (observed-OS17O-c1)
 ---+ Model: mol_list = ['OS17O'] @ spa_form=('normal', 145.7901093092597, 51.39784450500234, 2.766347711034915), spe_form=('skew', 8, 0), z=0.0, grad=('linear', 2.766347711034915, 135.82121110792048)
+++ Source 'observed-HC15Nv=0' added
 |- Component added to 'observed-HC15Nv=0' (observed-HC15Nv=0-c1)
 ---+ Model: mol_list = ['HC15Nv=0'] @ spa_form=('normal', 129.1661114937649, 90.33138008711175, 3.1321956396694346), spe_form=('skew', 8, 0), z=0.0, grad=('linear', 3.1321956396694346, 148.1172471511342)
+++ Source 'observed-H13CNv2=1' added
 |- Component added to 'observed-H13CNv2=1' (observed-H13CNv2=1-c1)
 ---+ Model: mol_list = ['H13CNv2=1'] @ spa_form=('normal', 69.52063036698007, 97.37896623373258, 0.22913560947776304), spe_form=('skew', 8, 0), z=0.0, grad=('linear', 0.22913560947776304, 136.57974452630324)
+++ Source 'observed-H13CNv=0' added
 |- Component added to 'observed-H13CNv=0' (observed-H13CNv=0-c1)
 ---+ Model: mol_list = ['H13CNv=0'] @ spa_form=('normal', 52.03500720344431, 90.00022702184981, 2.2286681741520304), spe_form=('skew', 8, 0), z=0.0, grad=('linear', 2.2286681741520304, 90.46355410882121)
+++ Source 'observed-H213CS' added
 |- Component added to 'observed-H213CS' (observed-H213CS-c1)
 ---+ Model: mol_list = ['H213CS'] @ spa_form=('normal', 53.91261080622704, 56.96203279224672, 2.1262584277634398), spe_form=('skew', 8, 0), z=0.0, grad=('linear', 2.1262584277634398, 93.06221998931468)
+++ Source 'observed-H2C34S' added
 |- Component added to 'observed-H2C34S' (observed-H2C34S-c1)
 ---+ Model: mol_list = ['H2C34S'] @ spa_form=('normal', 69.94186082877187, 60.1846700907351, 1.5578187189414752), spe_form=('skew', 8, 0), z=0.0, grad=('linear', 1.5578187189414752, 52.5135479383682)
+++ Source 'observed-H213CO' added
 |- Component added to 'observed-H213CO' (observed-H213CO-c1)
 ---+ Model: mol_list = ['H213CO'] @ spa_form=('normal', 146.35328165527346, 85.83493220559878, 2.8446321763605193), spe_form=('skew', 8, 0), z=0.0, grad=('linear', 2.8446321763605193, 103.6890137869251)
[*] Generating cube observerd
  |- Angular Coordinates (deg): ra=0 dec=0
  |- FOV (arcsec): ra=[-0.002777777777777778, 0.002777777777777778] dec=[-0.002777777777777778, 0.002777777777777778]
!!! WARNING: max ALMA bandwidth exceeded
  |- Spectral (MHz): center=277000 bandwidth=[275000.0, 279000.0]
  |- Cube size: 2 x 2 x 4000 
  |- Band: 7
*** Source: observed-OS18O
  |- Projecting observed-OS18O-c1
   --+ Generating template image
   --+ Generating template line distribution
   --+ Loading and correcting lines
      |- Projecting Sulfur Dioxide (OS18O) around 275207.6031 Mhz, at 0.45607555573 K
      |- Projecting Sulfur Dioxide (OS18O) around 275282.0764 Mhz, at 0.845127148959 K
      |- Projecting Sulfur Dioxide (OS18O) around 275454.6038 Mhz, at 0.380078630942 K
      |- Projecting Sulfur Dioxide (OS18O) around 275552.9984 Mhz, at 1.04844146511 K
      |- Projecting Sulfur Dioxide (OS18O) around 275646.3336 Mhz, at 0.187452195364 K
      |- Projecting Sulfur Dioxide (OS18O) around 276002.289 Mhz, at 1.10657287873 K
      |- Projecting Sulfur Dioxide (OS18O) around 276274.7786 Mhz, at 0.679164718637 K
      |- Projecting Sulfur Dioxide (OS18O) around 276277.2242 Mhz, at 0.448236287806 K
      |- Projecting Sulfur Dioxide (OS18O) around 277080.9497 Mhz, at 0.735661274684 K
      |- Projecting Sulfur Dioxide (OS18O) around 277088.3147 Mhz, at 0.735660539023 K
      |- Projecting Sulfur Dioxide (OS18O) around 278393.6459 Mhz, at 0.506635894191 K
*** Source: observed-H13CNv=0
  |- Projecting observed-H13CNv=0-c1
   --+ Generating template image
   --+ Generating template line distribution
   --+ Loading and correcting lines
*** Source: observed-H213CS
  |- Projecting observed-H213CS-c1
   --+ Generating template image
   --+ Generating template line distribution
   --+ Loading and correcting lines
*** Source: observed-H13CNv2=1
  |- Projecting observed-H13CNv2=1-c1
   --+ Generating template image
   --+ Generating template line distribution
   --+ Loading and correcting lines
*** Source: observed-34SO2v=0
  |- Projecting observed-34SO2v=0-c1
   --+ Generating template image
   --+ Generating template line distribution
   --+ Loading and correcting lines
      |- Projecting Sulfur Dioxide (34SO2v=0) around 275434.2181 Mhz, at 0.529318075787 K
      |- Projecting Sulfur Dioxide (34SO2v=0) around 276483.977 Mhz, at 0.445119934675 K
      |- Projecting Sulfur Dioxide (34SO2v=0) around 276999.6054 Mhz, at 0.23432627036 K
      |- Projecting Sulfur Dioxide (34SO2v=0) around 277150.575 Mhz, at 0.261450209511 K
      |- Projecting Sulfur Dioxide (34SO2v=0) around 277470.0761 Mhz, at 0.140036046151 K
      |- Projecting Sulfur Dioxide (34SO2v=0) around 278835.2175 Mhz, at 0.293485821174 K
*** Source: observed-OS17O
  |- Projecting observed-OS17O-c1
   --+ Generating template image
   --+ Generating template line distribution
   --+ Loading and correcting lines
      |- Projecting Sulfur Dioxide (OS17O) around 275054.7862 Mhz, at 0.447452077834 K
      |- Projecting Sulfur Dioxide (OS17O) around 275142.6319 Mhz, at 0.55645277702 K
      |- Projecting Sulfur Dioxide (OS17O) around 275151.3474 Mhz, at 0.55645196089 K
      |- Projecting Sulfur Dioxide (OS17O) around 275431.4561 Mhz, at 0.488884358916 K
      |- Projecting Sulfur Dioxide (OS17O) around 275846.0173 Mhz, at 0.155568499106 K
      |- Projecting Sulfur Dioxide (OS17O) around 276201.24 Mhz, at 0.329113884163 K
      |- Projecting Sulfur Dioxide (OS17O) around 277061.5867 Mhz, at 0.414346981905 K
      |- Projecting Sulfur Dioxide (OS17O) around 277365.4535 Mhz, at 0.514716558173 K
*** Source: observed-CH3OHvt=0
  |- Projecting observed-CH3OHvt=0-c1
   --+ Generating template image
   --+ Generating template line distribution
   --+ Loading and correcting lines
      |- Projecting Methanol (CH3OHvt=0) around 276648.18 Mhz, at 0.431162957147 K
      |- Projecting Methanol (CH3OHvt=0) around 276925.919 Mhz, at 0.311352686388 K
      |- Projecting Methanol (CH3OHvt=0) around 277940.773 Mhz, at 0.138382055245 K
      |- Projecting Methanol (CH3OHvt=0) around 278186.616 Mhz, at 0.138387364605 K
      |- Projecting Methanol (CH3OHvt=0) around 278304.51 Mhz, at 0.225206181046 K
      |- Projecting Methanol (CH3OHvt=0) around 278342.257 Mhz, at 0.174161862224 K
      |- Projecting Methanol (CH3OHvt=0) around 278480.23 Mhz, at 0.192904736955 K
      |- Projecting Methanol (CH3OHvt=0) around 278599.055 Mhz, at 0.406418226044 K
      |- Projecting Methanol (CH3OHvt=0) around 278672.92 Mhz, at 0.212236653633 K
      |- Projecting Methanol (CH3OHvt=0) around 278723.25 Mhz, at 0.212238691115 K
*** Source: observed-HC15Nv=0
  |- Projecting observed-HC15Nv=0-c1
   --+ Generating template image
   --+ Generating template line distribution
   --+ Loading and correcting lines
*** Source: observed-SO2v2=1
  |- Projecting observed-SO2v2=1-c1
   --+ Generating template image
   --+ Generating template line distribution
   --+ Loading and correcting lines
*** Source: observed-H2C34S
  |- Projecting observed-H2C34S-c1
   --+ Generating template image
   --+ Generating template line distribution
   --+ Loading and correcting lines
      |- Projecting Thioformaldehyde (H2C34S) around 277295.9149 Mhz, at 0.490364479867 K
*** Source: observed-H213CO
  |- Projecting observed-H213CO-c1
   --+ Generating template image
   --+ Generating template line distribution
   --+ Loading and correcting lines
*** Source: observed-SO2v=0
  |- Projecting observed-SO2v=0-c1
   --+ Generating template image
   --+ Generating template line distribution
   --+ Loading and correcting lines
      |- Projecting Sulfur dioxide (SO2v=0) around 275240.184 Mhz, at 0.83315223066 K
      |- Projecting Sulfur dioxide (SO2v=0) around 275375.7013 Mhz, at 0.393880255096 K
      |- Projecting Sulfur dioxide (SO2v=0) around 276254.5765 Mhz, at 0.824757311651 K
      |- Projecting Sulfur dioxide (SO2v=0) around 276301.2521 Mhz, at 0.132836888771 K
      |- Projecting Sulfur dioxide (SO2v=0) around 276558.3672 Mhz, at 0.318925035062 K
      |- Projecting Sulfur dioxide (SO2v=0) around 278250.9723 Mhz, at 1.43016343752 K
   -++ Saving FITS: data/cube_fixed_width_55.fits
