+++ Source 'observed-SO2v=0' added
 |- Component added to 'observed-SO2v=0' (observed-SO2v=0-c1)
 ---+ Model: mol_list = ['SO2v=0'] @ spa_form=('normal', 83.16054591678467, 85.42330933325559, 0.4022710323481359), spe_form=('skew', 8, 0), z=0.0, grad=('linear', 0.4022710323481359, 76.98503267762324)
+++ Source 'observed-33SO2' added
 |- Component added to 'observed-33SO2' (observed-33SO2-c1)
 ---+ Model: mol_list = ['33SO2'] @ spa_form=('normal', 53.452313062738035, 82.22634517174684, 1.2935307892866381), spe_form=('skew', 8, 0), z=0.0, grad=('linear', 1.2935307892866381, 27.240979747924914)
+++ Source 'observed-34SO2v=0' added
 |- Component added to 'observed-34SO2v=0' (observed-34SO2v=0-c1)
 ---+ Model: mol_list = ['34SO2v=0'] @ spa_form=('normal', 121.6569562317106, 77.57801728460078, 3.0064775990184236), spe_form=('skew', 8, 0), z=0.0, grad=('linear', 3.0064775990184236, 113.01169671379698)
+++ Source 'observed-H213CO' added
 |- Component added to 'observed-H213CO' (observed-H213CO-c1)
 ---+ Model: mol_list = ['H213CO'] @ spa_form=('normal', 124.53502636099584, 87.59509796322183, 2.3609197438680685), spe_form=('skew', 8, 0), z=0.0, grad=('linear', 2.3609197438680685, 117.53505006557242)
[*] Generating cube observerd
  |- Angular Coordinates (deg): ra=0 dec=0
  |- FOV (arcsec): ra=[-0.002777777777777778, 0.002777777777777778] dec=[-0.002777777777777778, 0.002777777777777778]
!!! WARNING: max ALMA bandwidth exceeded
  |- Spectral (MHz): center=604000 bandwidth=[602000.0, 606000.0]
  |- Cube size: 2 x 2 x 4000 
  |- Band: 9
*** Source: observed-H213CO
  |- Projecting observed-H213CO-c1
   --+ Generating template image
   --+ Generating template line distribution
   --+ Loading and correcting lines
      |- Projecting Formaldehyde (H213CO) around 602083.584 Mhz, at 0.285752411525 K
*** Source: observed-33SO2
  |- Projecting observed-33SO2-c1
   --+ Generating template image
   --+ Generating template line distribution
   --+ Loading and correcting lines
      |- Projecting Sulfur Dioxide (33SO2) around 602337.0627 Mhz, at 0.717665632933 K
      |- Projecting Sulfur Dioxide (33SO2) around 602338.0039 Mhz, at 0.717665632933 K
      |- Projecting Sulfur Dioxide (33SO2) around 602348.9212 Mhz, at 0.71766493919 K
      |- Projecting Sulfur Dioxide (33SO2) around 602349.8184 Mhz, at 0.717664580358 K
      |- Projecting Sulfur Dioxide (33SO2) around 602488.3231 Mhz, at 0.855548458279 K
      |- Projecting Sulfur Dioxide (33SO2) around 602499.1576 Mhz, at 0.855547203475 K
      |- Projecting Sulfur Dioxide (33SO2) around 603032.3367 Mhz, at 0.207200460931 K
      |- Projecting Sulfur Dioxide (33SO2) around 603032.5397 Mhz, at 0.207200460931 K
      |- Projecting Sulfur Dioxide (33SO2) around 603036.2959 Mhz, at 0.207200661225 K
      |- Projecting Sulfur Dioxide (33SO2) around 603036.4592 Mhz, at 0.207200661225 K
      |- Projecting Sulfur Dioxide (33SO2) around 603112.9816 Mhz, at 0.967656918696 K
      |- Projecting Sulfur Dioxide (33SO2) around 603113.1191 Mhz, at 0.967656918696 K
      |- Projecting Sulfur Dioxide (33SO2) around 603113.2126 Mhz, at 0.967656918696 K
      |- Projecting Sulfur Dioxide (33SO2) around 603113.2683 Mhz, at 0.967656918696 K
      |- Projecting Sulfur Dioxide (33SO2) around 604736.5656 Mhz, at 0.534903844919 K
      |- Projecting Sulfur Dioxide (33SO2) around 604736.767 Mhz, at 0.534903844919 K
      |- Projecting Sulfur Dioxide (33SO2) around 604736.8741 Mhz, at 0.534903844919 K
      |- Projecting Sulfur Dioxide (33SO2) around 604736.8962 Mhz, at 0.534903844919 K
      |- Projecting Sulfur Dioxide (33SO2) around 604736.926 Mhz, at 0.534903844919 K
      |- Projecting Sulfur Dioxide (33SO2) around 604736.9663 Mhz, at 0.534903844919 K
      |- Projecting Sulfur Dioxide (33SO2) around 604736.9892 Mhz, at 0.534903844919 K
      |- Projecting Sulfur Dioxide (33SO2) around 605162.1267 Mhz, at 0.598731151384 K
      |- Projecting Sulfur Dioxide (33SO2) around 605162.2359 Mhz, at 0.598731151384 K
      |- Projecting Sulfur Dioxide (33SO2) around 605162.3107 Mhz, at 0.598731151384 K
      |- Projecting Sulfur Dioxide (33SO2) around 605162.3529 Mhz, at 0.598731151384 K
      |- Projecting Sulfur Dioxide (33SO2) around 605357.5302 Mhz, at 0.614160975144 K
      |- Projecting Sulfur Dioxide (33SO2) around 605366.9145 Mhz, at 0.614160975144 K
      |- Projecting Sulfur Dioxide (33SO2) around 605367.499 Mhz, at 0.614161875914 K
      |- Projecting Sulfur Dioxide (33SO2) around 605367.499 Mhz, at 0.614161875914 K
      |- Projecting Sulfur Dioxide (33SO2) around 605367.499 Mhz, at 0.614160975144 K
      |- Projecting Sulfur Dioxide (33SO2) around 605367.499 Mhz, at 0.614160975144 K
      |- Projecting Sulfur Dioxide (33SO2) around 605377.1052 Mhz, at 0.614161875914 K
*** Source: observed-34SO2v=0
  |- Projecting observed-34SO2v=0-c1
   --+ Generating template image
   --+ Generating template line distribution
   --+ Loading and correcting lines
      |- Projecting Sulfur Dioxide (34SO2v=0) around 602629.7294 Mhz, at 1.92458404038e-06 K
      |- Projecting Sulfur Dioxide (34SO2v=0) around 602815.8891 Mhz, at 0.155674192837 K
      |- Projecting Sulfur Dioxide (34SO2v=0) around 603267.8807 Mhz, at 2.55555989119e-05 K
      |- Projecting Sulfur Dioxide (34SO2v=0) around 603928.816 Mhz, at 0.0165218164363 K
      |- Projecting Sulfur Dioxide (34SO2v=0) around 604080.004 Mhz, at 0.24250795545 K
      |- Projecting Sulfur Dioxide (34SO2v=0) around 604376.563 Mhz, at 0.332437636294 K
      |- Projecting Sulfur Dioxide (34SO2v=0) around 604504.0028 Mhz, at 2.1573973583e-05 K
      |- Projecting Sulfur Dioxide (34SO2v=0) around 605440.428 Mhz, at 0.037645646465 K
      |- Projecting Sulfur Dioxide (34SO2v=0) around 605499.8855 Mhz, at 0.348854634655 K
      |- Projecting Sulfur Dioxide (34SO2v=0) around 605890.93 Mhz, at 1.10245723133e-05 K
      |- Projecting Sulfur Dioxide (34SO2v=0) around 605924.403 Mhz, at 0.161920965541 K
*** Source: observed-SO2v=0
  |- Projecting observed-SO2v=0-c1
   --+ Generating template image
   --+ Generating template line distribution
   --+ Loading and correcting lines
      |- Projecting Sulfur dioxide (SO2v=0) around 604367.4364 Mhz, at 0.951985555259 K
      |- Projecting Sulfur dioxide (SO2v=0) around 604406.5377 Mhz, at 0.907609931065 K
      |- Projecting Sulfur dioxide (SO2v=0) around 604987.346 Mhz, at 8.00212027237e-06 K
      |- Projecting Sulfur dioxide (SO2v=0) around 605118.5165 Mhz, at 0.0131056813666 K
      |- Projecting Sulfur dioxide (SO2v=0) around 605532.5228 Mhz, at 1.15326918931 K
   -++ Saving FITS: data/cube_fixed_width_4.fits
