+++ Source 'observed-CH3OHvt=0' added
 |- Component added to 'observed-CH3OHvt=0' (observed-CH3OHvt=0-c1)
 ---+ Model: mol_list = ['CH3OHvt=0'] @ spa_form=('normal', 89.32441309923513, 99.04278778703414, 0.362217651206875), spe_form=('skew', 8, 0), z=0.0, grad=('linear', 0.362217651206875, 126.79096729288881)
+++ Source 'observed-SO2v=0' added
 |- Component added to 'observed-SO2v=0' (observed-SO2v=0-c1)
 ---+ Model: mol_list = ['SO2v=0'] @ spa_form=('normal', 107.10780115808248, 45.07893481063303, 0.45377437111442975), spe_form=('skew', 8, 0), z=0.0, grad=('linear', 0.45377437111442975, 12.256760171934516)
+++ Source 'observed-OS18O' added
 |- Component added to 'observed-OS18O' (observed-OS18O-c1)
 ---+ Model: mol_list = ['OS18O'] @ spa_form=('normal', 130.96205121949333, 63.56800238337519, 1.4230251457869854), spe_form=('skew', 8, 0), z=0.0, grad=('linear', 1.4230251457869854, 145.9144923800182)
+++ Source 'observed-H213CS' added
 |- Component added to 'observed-H213CS' (observed-H213CS-c1)
 ---+ Model: mol_list = ['H213CS'] @ spa_form=('normal', 133.86328418301886, 47.73221544055557, 0.49223174682479326), spe_form=('skew', 8, 0), z=0.0, grad=('linear', 0.49223174682479326, 34.23692682478416)
+++ Source 'observed-H2C34S' added
 |- Component added to 'observed-H2C34S' (observed-H2C34S-c1)
 ---+ Model: mol_list = ['H2C34S'] @ spa_form=('normal', 95.0852677004008, 56.91701811969175, 2.974546154998928), spe_form=('skew', 8, 0), z=0.0, grad=('linear', 2.974546154998928, 112.70638594878776)
+++ Source 'observed-H2C18O' added
 |- Component added to 'observed-H2C18O' (observed-H2C18O-c1)
 ---+ Model: mol_list = ['H2C18O'] @ spa_form=('normal', 145.36030020761282, 54.81613393587282, 0.4063588383116355), spe_form=('skew', 8, 0), z=0.0, grad=('linear', 0.4063588383116355, 37.464717246137525)
+++ Source 'observed-H213CO' added
 |- Component added to 'observed-H213CO' (observed-H213CO-c1)
 ---+ Model: mol_list = ['H213CO'] @ spa_form=('normal', 65.45236561802848, 66.69181531400731, 1.659860878833838), spe_form=('skew', 8, 0), z=0.0, grad=('linear', 1.659860878833838, 21.90535836406945)
[*] Generating cube observerd
  |- Angular Coordinates (deg): ra=0 dec=0
  |- FOV (arcsec): ra=[-0.002777777777777778, 0.002777777777777778] dec=[-0.002777777777777778, 0.002777777777777778]
!!! WARNING: max ALMA bandwidth exceeded
  |- Spectral (MHz): center=277000 bandwidth=[275000.0, 279000.0]
  |- Cube size: 2 x 2 x 4000 
  |- Band: 7
*** Source: observed-OS18O
  |- Projecting observed-OS18O-c1
   --+ Generating template image
   --+ Generating template line distribution
   --+ Loading and correcting lines
      |- Projecting Sulfur Dioxide (OS18O) around 275207.6031 Mhz, at 0.156896832695 K
      |- Projecting Sulfur Dioxide (OS18O) around 275282.0764 Mhz, at 0.290736416873 K
      |- Projecting Sulfur Dioxide (OS18O) around 275454.6038 Mhz, at 0.130752750549 K
      |- Projecting Sulfur Dioxide (OS18O) around 275552.9984 Mhz, at 0.360679591517 K
      |- Projecting Sulfur Dioxide (OS18O) around 275646.3336 Mhz, at 0.0644863671488 K
      |- Projecting Sulfur Dioxide (OS18O) around 276002.289 Mhz, at 0.380677669823 K
      |- Projecting Sulfur Dioxide (OS18O) around 276274.7786 Mhz, at 0.233642851264 K
      |- Projecting Sulfur Dioxide (OS18O) around 276277.2242 Mhz, at 0.154200006934 K
      |- Projecting Sulfur Dioxide (OS18O) around 276567.9332 Mhz, at 0.0292593682981 K
      |- Projecting Sulfur Dioxide (OS18O) around 276568.1446 Mhz, at 0.0292593682981 K
      |- Projecting Sulfur Dioxide (OS18O) around 276651.2492 Mhz, at 0.00141388962552 K
      |- Projecting Sulfur Dioxide (OS18O) around 276651.2621 Mhz, at 0.00141388962552 K
      |- Projecting Sulfur Dioxide (OS18O) around 277080.9497 Mhz, at 0.253078514041 K
      |- Projecting Sulfur Dioxide (OS18O) around 277088.3147 Mhz, at 0.253078260962 K
      |- Projecting Sulfur Dioxide (OS18O) around 277598.0815 Mhz, at 0.00662933815061 K
      |- Projecting Sulfur Dioxide (OS18O) around 277728.8297 Mhz, at 0.00142561415394 K
      |- Projecting Sulfur Dioxide (OS18O) around 278108.0163 Mhz, at 0.000245437136607 K
      |- Projecting Sulfur Dioxide (OS18O) around 278116.0342 Mhz, at 0.0141848501765 K
      |- Projecting Sulfur Dioxide (OS18O) around 278393.6459 Mhz, at 0.174290347574 K
*** Source: observed-H2C18O
  |- Projecting observed-H2C18O-c1
   --+ Generating template image
   --+ Generating template line distribution
   --+ Loading and correcting lines
      |- Projecting Formaldehyde (H2C18O) around 277062.652 Mhz, at 0.28918355687 K
      |- Projecting Formaldehyde (H2C18O) around 277562.802 Mhz, at 0.338751149215 K
      |- Projecting Formaldehyde (H2C18O) around 277675.2025 Mhz, at 0.412744337895 K
      |- Projecting Formaldehyde (H2C18O) around 277678.1029 Mhz, at 0.412744337895 K
      |- Projecting Formaldehyde (H2C18O) around 277853.3599 Mhz, at 0.209129845914 K
      |- Projecting Formaldehyde (H2C18O) around 278145.446 Mhz, at 0.338766912802 K
*** Source: observed-H213CS
  |- Projecting observed-H213CS-c1
   --+ Generating template image
   --+ Generating template line distribution
   --+ Loading and correcting lines
*** Source: observed-H2C34S
  |- Projecting observed-H2C34S-c1
   --+ Generating template image
   --+ Generating template line distribution
   --+ Loading and correcting lines
      |- Projecting Thioformaldehyde (H2C34S) around 277295.9149 Mhz, at 0.479923317514 K
*** Source: observed-CH3OHvt=0
  |- Projecting observed-CH3OHvt=0-c1
   --+ Generating template image
   --+ Generating template line distribution
   --+ Loading and correcting lines
      |- Projecting Methanol (CH3OHvt=0) around 275663.705 Mhz, at 0.281418272082 K
      |- Projecting Methanol (CH3OHvt=0) around 276648.18 Mhz, at 1.71270009769 K
      |- Projecting Methanol (CH3OHvt=0) around 276925.919 Mhz, at 1.23678012583 K
      |- Projecting Methanol (CH3OHvt=0) around 277171.928 Mhz, at 0.104251759894 K
      |- Projecting Methanol (CH3OHvt=0) around 277940.773 Mhz, at 0.549692304517 K
      |- Projecting Methanol (CH3OHvt=0) around 278186.616 Mhz, at 0.549713394783 K
      |- Projecting Methanol (CH3OHvt=0) around 278304.51 Mhz, at 0.894582064356 K
      |- Projecting Methanol (CH3OHvt=0) around 278342.257 Mhz, at 0.691819725004 K
      |- Projecting Methanol (CH3OHvt=0) around 278480.23 Mhz, at 0.766271676059 K
      |- Projecting Methanol (CH3OHvt=0) around 278599.055 Mhz, at 1.61440709113 K
      |- Projecting Methanol (CH3OHvt=0) around 278672.92 Mhz, at 0.84306346681 K
      |- Projecting Methanol (CH3OHvt=0) around 278723.25 Mhz, at 0.843071560258 K
      |- Projecting Methanol (CH3OHvt=0) around 278965.129 Mhz, at 0.43074701345 K
*** Source: observed-H213CO
  |- Projecting observed-H213CO-c1
   --+ Generating template image
   --+ Generating template line distribution
   --+ Loading and correcting lines
      |- Projecting Formaldehyde (H213CO) around 277195.2878 Mhz, at 4.92152277453e-05 K
      |- Projecting Formaldehyde (H213CO) around 277597.7118 Mhz, at 3.29840257347e-06 K
*** Source: observed-SO2v=0
  |- Projecting observed-SO2v=0-c1
   --+ Generating template image
   --+ Generating template line distribution
   --+ Loading and correcting lines
      |- Projecting Sulfur dioxide (SO2v=0) around 275184.4681 Mhz, at 0.00266998119978 K
      |- Projecting Sulfur dioxide (SO2v=0) around 275240.184 Mhz, at 1.04438276157 K
      |- Projecting Sulfur dioxide (SO2v=0) around 275297.6122 Mhz, at 3.41756648403e-06 K
      |- Projecting Sulfur dioxide (SO2v=0) around 275375.7013 Mhz, at 0.49374139972 K
      |- Projecting Sulfur dioxide (SO2v=0) around 276254.5765 Mhz, at 1.03385946418 K
      |- Projecting Sulfur dioxide (SO2v=0) around 276301.2521 Mhz, at 0.16651525571 K
      |- Projecting Sulfur dioxide (SO2v=0) around 276405.6375 Mhz, at 0.00013091024601 K
      |- Projecting Sulfur dioxide (SO2v=0) around 276558.3672 Mhz, at 0.399782652671 K
      |- Projecting Sulfur dioxide (SO2v=0) around 276641.1033 Mhz, at 9.95768621042e-07 K
      |- Projecting Sulfur dioxide (SO2v=0) around 276861.1198 Mhz, at 0.0154992116981 K
      |- Projecting Sulfur dioxide (SO2v=0) around 276992.9155 Mhz, at 0.0198319703124 K
      |- Projecting Sulfur dioxide (SO2v=0) around 277085.9287 Mhz, at 0.0702823123289 K
      |- Projecting Sulfur dioxide (SO2v=0) around 277629.5888 Mhz, at 9.0364278179e-06 K
      |- Projecting Sulfur dioxide (SO2v=0) around 278250.9723 Mhz, at 1.79275525578 K
      |- Projecting Sulfur dioxide (SO2v=0) around 278858.6075 Mhz, at 0.00106842065115 K
   -++ Saving FITS: data/cube_fixed_width_57.fits
