+++ Source 'observed-CH3OHvt=0' added
 |- Component added to 'observed-CH3OHvt=0' (observed-CH3OHvt=0-c1)
 ---+ Model: mol_list = ['CH3OHvt=0'] @ spa_form=('normal', 111.36076853785121, 96.61498347227555, 0.49371049097768144), spe_form=('skew', 8, 0), z=0.0, grad=('linear', 0.49371049097768144, 42.736571725306106)
+++ Source 'observed-33SO2' added
 |- Component added to 'observed-33SO2' (observed-33SO2-c1)
 ---+ Model: mol_list = ['33SO2'] @ spa_form=('normal', 79.03800641806343, 86.77474327617546, 2.6388893488227403), spe_form=('skew', 8, 0), z=0.0, grad=('linear', 2.6388893488227403, 124.13169648625276)
+++ Source 'observed-34SO2v=0' added
 |- Component added to 'observed-34SO2v=0' (observed-34SO2v=0-c1)
 ---+ Model: mol_list = ['34SO2v=0'] @ spa_form=('normal', 93.2542544975123, 51.60535189648728, 1.4886451737534512), spe_form=('skew', 8, 0), z=0.0, grad=('linear', 1.4886451737534512, 77.20944851665699)
+++ Source 'observed-OS18O' added
 |- Component added to 'observed-OS18O' (observed-OS18O-c1)
 ---+ Model: mol_list = ['OS18O'] @ spa_form=('normal', 82.23187372342207, 64.3699422992514, 1.0638014693562108), spe_form=('skew', 8, 0), z=0.0, grad=('linear', 1.0638014693562108, 81.830411473273)
+++ Source 'observed-OS17O' added
 |- Component added to 'observed-OS17O' (observed-OS17O-c1)
 ---+ Model: mol_list = ['OS17O'] @ spa_form=('normal', 58.26043702487104, 61.38520534834675, 0.9701110248518009), spe_form=('skew', 8, 0), z=0.0, grad=('linear', 0.9701110248518009, 133.64565605170037)
+++ Source 'observed-HC15Nv=0' added
 |- Component added to 'observed-HC15Nv=0' (observed-HC15Nv=0-c1)
 ---+ Model: mol_list = ['HC15Nv=0'] @ spa_form=('normal', 56.3453076421674, 79.30181484433493, 2.6077626733799937), spe_form=('skew', 8, 0), z=0.0, grad=('linear', 2.6077626733799937, 112.1387254234572)
+++ Source 'observed-H13CNv=0' added
 |- Component added to 'observed-H13CNv=0' (observed-H13CNv=0-c1)
 ---+ Model: mol_list = ['H13CNv=0'] @ spa_form=('normal', 84.13139155188819, 71.33415877628555, 1.7480625367527751), spe_form=('skew', 8, 0), z=0.0, grad=('linear', 1.7480625367527751, 138.96478123015126)
+++ Source 'observed-H2C18O' added
 |- Component added to 'observed-H2C18O' (observed-H2C18O-c1)
 ---+ Model: mol_list = ['H2C18O'] @ spa_form=('normal', 142.56839972527146, 58.903891956797246, 0.21545257312652782), spe_form=('skew', 8, 0), z=0.0, grad=('linear', 0.21545257312652782, 137.70444499725556)
[*] Generating cube observerd
  |- Angular Coordinates (deg): ra=0 dec=0
  |- FOV (arcsec): ra=[-0.002777777777777778, 0.002777777777777778] dec=[-0.002777777777777778, 0.002777777777777778]
!!! WARNING: max ALMA bandwidth exceeded
  |- Spectral (MHz): center=277000 bandwidth=[275000.0, 279000.0]
  |- Cube size: 2 x 2 x 4000 
  |- Band: 7
*** Source: observed-OS18O
  |- Projecting observed-OS18O-c1
   --+ Generating template image
   --+ Generating template line distribution
   --+ Loading and correcting lines
      |- Projecting Sulfur Dioxide (OS18O) around 275207.6031 Mhz, at 0.759497679519 K
      |- Projecting Sulfur Dioxide (OS18O) around 275282.0764 Mhz, at 1.40738108076 K
      |- Projecting Sulfur Dioxide (OS18O) around 275454.6038 Mhz, at 0.632940824406 K
      |- Projecting Sulfur Dioxide (OS18O) around 275552.9984 Mhz, at 1.7459582077 K
      |- Projecting Sulfur Dioxide (OS18O) around 275646.3336 Mhz, at 0.312162109131 K
      |- Projecting Sulfur Dioxide (OS18O) around 276002.289 Mhz, at 1.84276382072 K
      |- Projecting Sulfur Dioxide (OS18O) around 276274.7786 Mhz, at 1.13100564443 K
      |- Projecting Sulfur Dioxide (OS18O) around 276277.2242 Mhz, at 0.746443031616 K
      |- Projecting Sulfur Dioxide (OS18O) around 276567.9332 Mhz, at 0.141637163382 K
      |- Projecting Sulfur Dioxide (OS18O) around 276568.1446 Mhz, at 0.141637163382 K
      |- Projecting Sulfur Dioxide (OS18O) around 276651.2492 Mhz, at 0.00684428022689 K
      |- Projecting Sulfur Dioxide (OS18O) around 276651.2621 Mhz, at 0.00684428022689 K
      |- Projecting Sulfur Dioxide (OS18O) around 277080.9497 Mhz, at 1.22508874684 K
      |- Projecting Sulfur Dioxide (OS18O) around 277088.3147 Mhz, at 1.22508752175 K
      |- Projecting Sulfur Dioxide (OS18O) around 277598.0815 Mhz, at 0.0320909406242 K
      |- Projecting Sulfur Dioxide (OS18O) around 277728.8297 Mhz, at 0.00690103568828 K
      |- Projecting Sulfur Dioxide (OS18O) around 278108.0163 Mhz, at 0.00118809878134 K
      |- Projecting Sulfur Dioxide (OS18O) around 278116.0342 Mhz, at 0.0686652535191 K
      |- Projecting Sulfur Dioxide (OS18O) around 278393.6459 Mhz, at 0.843695263132 K
*** Source: observed-H2C18O
  |- Projecting observed-H2C18O-c1
   --+ Generating template image
   --+ Generating template line distribution
   --+ Loading and correcting lines
      |- Projecting Formaldehyde (H2C18O) around 277062.652 Mhz, at 0.655249052447 K
      |- Projecting Formaldehyde (H2C18O) around 277562.802 Mhz, at 0.767562208381 K
      |- Projecting Formaldehyde (H2C18O) around 277675.2025 Mhz, at 0.935220312095 K
      |- Projecting Formaldehyde (H2C18O) around 277678.1029 Mhz, at 0.935220312095 K
      |- Projecting Formaldehyde (H2C18O) around 277853.3599 Mhz, at 0.473858662148 K
      |- Projecting Formaldehyde (H2C18O) around 278145.446 Mhz, at 0.76759792644 K
*** Source: observed-H13CNv=0
  |- Projecting observed-H13CNv=0-c1
   --+ Generating template image
   --+ Generating template line distribution
   --+ Loading and correcting lines
*** Source: observed-OS17O
  |- Projecting observed-OS17O-c1
   --+ Generating template image
   --+ Generating template line distribution
   --+ Loading and correcting lines
      |- Projecting Sulfur Dioxide (OS17O) around 275054.7862 Mhz, at 0.0876182873018 K
      |- Projecting Sulfur Dioxide (OS17O) around 275142.6319 Mhz, at 0.108962370949 K
      |- Projecting Sulfur Dioxide (OS17O) around 275151.3474 Mhz, at 0.108962211138 K
      |- Projecting Sulfur Dioxide (OS17O) around 275431.4561 Mhz, at 0.095731391894 K
      |- Projecting Sulfur Dioxide (OS17O) around 275552.812 Mhz, at 0.00047824101184 K
      |- Projecting Sulfur Dioxide (OS17O) around 275846.0173 Mhz, at 0.0304628051248 K
      |- Projecting Sulfur Dioxide (OS17O) around 276201.24 Mhz, at 0.0644457726004 K
      |- Projecting Sulfur Dioxide (OS17O) around 277061.5867 Mhz, at 0.0811357790066 K
      |- Projecting Sulfur Dioxide (OS17O) around 277269.543 Mhz, at 0.0143052042121 K
      |- Projecting Sulfur Dioxide (OS17O) around 277365.4535 Mhz, at 0.100789750472 K
      |- Projecting Sulfur Dioxide (OS17O) around 278746.2917 Mhz, at 0.00679909355101 K
*** Source: observed-33SO2
  |- Projecting observed-33SO2-c1
   --+ Generating template image
   --+ Generating template line distribution
   --+ Loading and correcting lines
      |- Projecting Sulfur Dioxide (33SO2) around 275160.7805 Mhz, at 0.171480368141 K
      |- Projecting Sulfur Dioxide (33SO2) around 275160.8324 Mhz, at 0.171480368141 K
      |- Projecting Sulfur Dioxide (33SO2) around 275160.9909 Mhz, at 0.171480448166 K
      |- Projecting Sulfur Dioxide (33SO2) around 275161.0124 Mhz, at 0.171480448166 K
      |- Projecting Sulfur Dioxide (33SO2) around 275828.2515 Mhz, at 0.733076812667 K
      |- Projecting Sulfur Dioxide (33SO2) around 275828.3672 Mhz, at 0.733076812667 K
      |- Projecting Sulfur Dioxide (33SO2) around 275831.1722 Mhz, at 0.733076812667 K
      |- Projecting Sulfur Dioxide (33SO2) around 275831.2604 Mhz, at 0.733077154769 K
      |- Projecting Sulfur Dioxide (33SO2) around 276035.3021 Mhz, at 0.20117769158 K
      |- Projecting Sulfur Dioxide (33SO2) around 276035.3702 Mhz, at 0.20117769158 K
      |- Projecting Sulfur Dioxide (33SO2) around 276037.6419 Mhz, at 0.201177590992 K
      |- Projecting Sulfur Dioxide (33SO2) around 276037.6851 Mhz, at 0.20117769158 K
      |- Projecting Sulfur Dioxide (33SO2) around 276511.3338 Mhz, at 0.0741638638849 K
      |- Projecting Sulfur Dioxide (33SO2) around 276511.3828 Mhz, at 0.0741638638849 K
      |- Projecting Sulfur Dioxide (33SO2) around 276511.5322 Mhz, at 0.0741639009668 K
      |- Projecting Sulfur Dioxide (33SO2) around 276511.552 Mhz, at 0.0741638638849 K
      |- Projecting Sulfur Dioxide (33SO2) around 277417.4638 Mhz, at 0.0839395548956 K
      |- Projecting Sulfur Dioxide (33SO2) around 277417.5743 Mhz, at 0.0839395548956 K
      |- Projecting Sulfur Dioxide (33SO2) around 277421.53 Mhz, at 0.0839395548956 K
      |- Projecting Sulfur Dioxide (33SO2) around 277421.6173 Mhz, at 0.0839395940674 K
      |- Projecting Sulfur Dioxide (33SO2) around 277591.7772 Mhz, at 0.0292144297064 K
      |- Projecting Sulfur Dioxide (33SO2) around 277591.824 Mhz, at 0.0292144297064 K
      |- Projecting Sulfur Dioxide (33SO2) around 277591.9648 Mhz, at 0.0292144443136 K
      |- Projecting Sulfur Dioxide (33SO2) around 277591.9834 Mhz, at 0.0292144443136 K
      |- Projecting Sulfur Dioxide (33SO2) around 278410.6626 Mhz, at 0.0104832962304 K
      |- Projecting Sulfur Dioxide (33SO2) around 278410.7076 Mhz, at 0.0104832962304 K
      |- Projecting Sulfur Dioxide (33SO2) around 278410.8404 Mhz, at 0.0104832962304 K
      |- Projecting Sulfur Dioxide (33SO2) around 278410.858 Mhz, at 0.0104832962304 K
      |- Projecting Sulfur Dioxide (33SO2) around 278973.3616 Mhz, at 0.00342743095755 K
      |- Projecting Sulfur Dioxide (33SO2) around 278973.4051 Mhz, at 0.00342743095755 K
      |- Projecting Sulfur Dioxide (33SO2) around 278973.5305 Mhz, at 0.00342743095755 K
      |- Projecting Sulfur Dioxide (33SO2) around 278973.5472 Mhz, at 0.00342743095755 K
*** Source: observed-34SO2v=0
  |- Projecting observed-34SO2v=0-c1
   --+ Generating template image
   --+ Generating template line distribution
   --+ Loading and correcting lines
      |- Projecting Sulfur Dioxide (34SO2v=0) around 275434.2181 Mhz, at 1.24777253766 K
      |- Projecting Sulfur Dioxide (34SO2v=0) around 275795.981 Mhz, at 0.010825248223 K
      |- Projecting Sulfur Dioxide (34SO2v=0) around 275913.8166 Mhz, at 0.0117374748773 K
      |- Projecting Sulfur Dioxide (34SO2v=0) around 276129.3028 Mhz, at 0.0698816132374 K
      |- Projecting Sulfur Dioxide (34SO2v=0) around 276483.977 Mhz, at 1.04929050387 K
      |- Projecting Sulfur Dioxide (34SO2v=0) around 276625.149 Mhz, at 0.0291957418278 K
      |- Projecting Sulfur Dioxide (34SO2v=0) around 276769.4987 Mhz, at 4.03245991363e-05 K
      |- Projecting Sulfur Dioxide (34SO2v=0) around 276999.6054 Mhz, at 0.552382203407 K
      |- Projecting Sulfur Dioxide (34SO2v=0) around 277150.575 Mhz, at 0.61632203077 K
      |- Projecting Sulfur Dioxide (34SO2v=0) around 277188.8824 Mhz, at 0.0718388706958 K
      |- Projecting Sulfur Dioxide (34SO2v=0) around 277470.0761 Mhz, at 0.330109891693 K
      |- Projecting Sulfur Dioxide (34SO2v=0) around 277475.9774 Mhz, at 0.161247175217 K
      |- Projecting Sulfur Dioxide (34SO2v=0) around 278835.2175 Mhz, at 0.691840246166 K
*** Source: observed-CH3OHvt=0
  |- Projecting observed-CH3OHvt=0-c1
   --+ Generating template image
   --+ Generating template line distribution
   --+ Loading and correcting lines
      |- Projecting Methanol (CH3OHvt=0) around 275663.705 Mhz, at 0.0856913923687 K
      |- Projecting Methanol (CH3OHvt=0) around 276648.18 Mhz, at 0.521514310337 K
      |- Projecting Methanol (CH3OHvt=0) around 276925.919 Mhz, at 0.376597476248 K
      |- Projecting Methanol (CH3OHvt=0) around 277171.928 Mhz, at 0.0317444862272 K
      |- Projecting Methanol (CH3OHvt=0) around 277940.773 Mhz, at 0.167380385786 K
      |- Projecting Methanol (CH3OHvt=0) around 278186.616 Mhz, at 0.167386807737 K
      |- Projecting Methanol (CH3OHvt=0) around 278304.51 Mhz, at 0.272398739838 K
      |- Projecting Methanol (CH3OHvt=0) around 278342.257 Mhz, at 0.210657947208 K
      |- Projecting Methanol (CH3OHvt=0) around 278480.23 Mhz, at 0.23332844157 K
      |- Projecting Methanol (CH3OHvt=0) around 278599.055 Mhz, at 0.491584254515 K
      |- Projecting Methanol (CH3OHvt=0) around 278672.92 Mhz, at 0.256711413198 K
      |- Projecting Methanol (CH3OHvt=0) around 278723.25 Mhz, at 0.25671387764 K
      |- Projecting Methanol (CH3OHvt=0) around 278965.129 Mhz, at 0.131161743934 K
*** Source: observed-HC15Nv=0
  |- Projecting observed-HC15Nv=0-c1
   --+ Generating template image
   --+ Generating template line distribution
   --+ Loading and correcting lines
   -++ Saving FITS: data/cube_fixed_width_52.fits
