+++ Source 'observed-SO2v2=1' added
 |- Component added to 'observed-SO2v2=1' (observed-SO2v2=1-c1)
 ---+ Model: mol_list = ['SO2v2=1'] @ spa_form=('normal', 149.45978778233302, 40.859612610039996, 1.7140334473504688), spe_form=('skew', 8, 0), z=0.0, grad=('linear', 1.7140334473504688, 58.96507030979761)
+++ Source 'observed-OS18O' added
 |- Component added to 'observed-OS18O' (observed-OS18O-c1)
 ---+ Model: mol_list = ['OS18O'] @ spa_form=('normal', 86.91661363142961, 97.94747889391579, 2.831775596467772), spe_form=('skew', 8, 0), z=0.0, grad=('linear', 2.831775596467772, 41.652028856268686)
+++ Source 'observed-H213CS' added
 |- Component added to 'observed-H213CS' (observed-H213CS-c1)
 ---+ Model: mol_list = ['H213CS'] @ spa_form=('normal', 85.8530681791436, 40.68428955966896, 2.6824692151713196), spe_form=('skew', 8, 0), z=0.0, grad=('linear', 2.6824692151713196, 95.71223455681047)
[*] Generating cube observerd
  |- Angular Coordinates (deg): ra=0 dec=0
  |- FOV (arcsec): ra=[-0.002777777777777778, 0.002777777777777778] dec=[-0.002777777777777778, 0.002777777777777778]
!!! WARNING: max ALMA bandwidth exceeded
  |- Spectral (MHz): center=604000 bandwidth=[602000.0, 606000.0]
  |- Cube size: 2 x 2 x 4000 
  |- Band: 9
*** Source: observed-SO2v2=1
  |- Projecting observed-SO2v2=1-c1
   --+ Generating template image
   --+ Generating template line distribution
   --+ Loading and correcting lines
      |- Projecting Sulfur dioxide (SO2v2=1) around 602454.6493 Mhz, at 0.000384419702254 K
      |- Projecting Sulfur dioxide (SO2v2=1) around 603332.8487 Mhz, at 0.0919198974624 K
      |- Projecting Sulfur dioxide (SO2v2=1) around 603981.474 Mhz, at 0.00611851437596 K
      |- Projecting Sulfur dioxide (SO2v2=1) around 604022.2577 Mhz, at 0.00572789511196 K
      |- Projecting Sulfur dioxide (SO2v2=1) around 604315.0048 Mhz, at 0.110805471112 K
      |- Projecting Sulfur dioxide (SO2v2=1) around 604398.1207 Mhz, at 0.288048523801 K
      |- Projecting Sulfur dioxide (SO2v2=1) around 604728.5953 Mhz, at 0.0194604114135 K
      |- Projecting Sulfur dioxide (SO2v2=1) around 605781.546 Mhz, at 0.0674887028057 K
      |- Projecting Sulfur dioxide (SO2v2=1) around 605850.4063 Mhz, at 3.45671239904e-06 K
      |- Projecting Sulfur dioxide (SO2v2=1) around 605984.3296 Mhz, at 5.55134553632e-05 K
*** Source: observed-H213CS
  |- Projecting observed-H213CS-c1
   --+ Generating template image
   --+ Generating template line distribution
   --+ Loading and correcting lines
      |- Projecting Thioformaldehyde (H213CS) around 602149.9892 Mhz, at 0.857763552763 K
*** Source: observed-OS18O
  |- Projecting observed-OS18O-c1
   --+ Generating template image
   --+ Generating template line distribution
   --+ Loading and correcting lines
      |- Projecting Sulfur Dioxide (OS18O) around 602281.8842 Mhz, at 0.00379238230913 K
      |- Projecting Sulfur Dioxide (OS18O) around 602281.8842 Mhz, at 0.00379238230913 K
      |- Projecting Sulfur Dioxide (OS18O) around 602313.3835 Mhz, at 0.963179572037 K
      |- Projecting Sulfur Dioxide (OS18O) around 602454.8308 Mhz, at 0.217177443758 K
      |- Projecting Sulfur Dioxide (OS18O) around 602841.4703 Mhz, at 0.167403879458 K
      |- Projecting Sulfur Dioxide (OS18O) around 602894.7504 Mhz, at 0.0375099112941 K
      |- Projecting Sulfur Dioxide (OS18O) around 603090.155 Mhz, at 0.785252324981 K
      |- Projecting Sulfur Dioxide (OS18O) around 603331.9213 Mhz, at 0.000297341133768 K
      |- Projecting Sulfur Dioxide (OS18O) around 603608.7849 Mhz, at 0.674377425428 K
      |- Projecting Sulfur Dioxide (OS18O) around 604295.149 Mhz, at 0.00987441596148 K
      |- Projecting Sulfur Dioxide (OS18O) around 605850.3965 Mhz, at 0.436308487179 K
   -++ Saving FITS: data/cube_fixed_width_18.fits
