+++ Source 'observed-SO2v=0' added
 |- Component added to 'observed-SO2v=0' (observed-SO2v=0-c1)
 ---+ Model: mol_list = ['SO2v=0'] @ spa_form=('normal', 98.62860779539751, 83.07575640761902, 0.5845932619046332), spe_form=('skew', 8, 0), z=0.0, grad=('linear', 0.5845932619046332, 62.78396843951254)
+++ Source 'observed-33SO2' added
 |- Component added to 'observed-33SO2' (observed-33SO2-c1)
 ---+ Model: mol_list = ['33SO2'] @ spa_form=('normal', 127.71593827576612, 44.065807267228365, 2.3084309708827324), spe_form=('skew', 8, 0), z=0.0, grad=('linear', 2.3084309708827324, 84.15408085553186)
+++ Source 'observed-SO2v2=1' added
 |- Component added to 'observed-SO2v2=1' (observed-SO2v2=1-c1)
 ---+ Model: mol_list = ['SO2v2=1'] @ spa_form=('normal', 97.5218533125119, 79.50851476071557, 1.1978837904269792), spe_form=('skew', 8, 0), z=0.0, grad=('linear', 1.1978837904269792, 96.62760491025348)
+++ Source 'observed-H13CNv2=1' added
 |- Component added to 'observed-H13CNv2=1' (observed-H13CNv2=1-c1)
 ---+ Model: mol_list = ['H13CNv2=1'] @ spa_form=('normal', 78.79902672504147, 79.51713441627066, 2.1420951620041495), spe_form=('skew', 8, 0), z=0.0, grad=('linear', 2.1420951620041495, 136.29480265728583)
+++ Source 'observed-H2C34S' added
 |- Component added to 'observed-H2C34S' (observed-H2C34S-c1)
 ---+ Model: mol_list = ['H2C34S'] @ spa_form=('normal', 80.16708680281486, 69.78291009727437, 0.5925432414143116), spe_form=('skew', 8, 0), z=0.0, grad=('linear', 0.5925432414143116, 137.4575511639065)
+++ Source 'observed-H2C18O' added
 |- Component added to 'observed-H2C18O' (observed-H2C18O-c1)
 ---+ Model: mol_list = ['H2C18O'] @ spa_form=('normal', 76.14371216065197, 69.90353626436051, 2.4735147543076463), spe_form=('skew', 8, 0), z=0.0, grad=('linear', 2.4735147543076463, 26.5786562110536)
+++ Source 'observed-H213CO' added
 |- Component added to 'observed-H213CO' (observed-H213CO-c1)
 ---+ Model: mol_list = ['H213CO'] @ spa_form=('normal', 145.5963303911503, 93.910415434189, 2.386440032446753), spe_form=('skew', 8, 0), z=0.0, grad=('linear', 2.386440032446753, 125.56403736066022)
[*] Generating cube observerd
  |- Angular Coordinates (deg): ra=0 dec=0
  |- FOV (arcsec): ra=[-0.002777777777777778, 0.002777777777777778] dec=[-0.002777777777777778, 0.002777777777777778]
!!! WARNING: max ALMA bandwidth exceeded
  |- Spectral (MHz): center=604000 bandwidth=[602000.0, 606000.0]
  |- Cube size: 2 x 2 x 4000 
  |- Band: 9
*** Source: observed-H2C18O
  |- Projecting observed-H2C18O-c1
   --+ Generating template image
   --+ Generating template line distribution
   --+ Loading and correcting lines
*** Source: observed-H13CNv2=1
  |- Projecting observed-H13CNv2=1-c1
   --+ Generating template image
   --+ Generating template line distribution
   --+ Loading and correcting lines
*** Source: observed-H2C34S
  |- Projecting observed-H2C34S-c1
   --+ Generating template image
   --+ Generating template line distribution
   --+ Loading and correcting lines
*** Source: observed-33SO2
  |- Projecting observed-33SO2-c1
   --+ Generating template image
   --+ Generating template line distribution
   --+ Loading and correcting lines
      |- Projecting Sulfur Dioxide (33SO2) around 602337.0627 Mhz, at 1.04659132129 K
      |- Projecting Sulfur Dioxide (33SO2) around 602338.0039 Mhz, at 1.04659132129 K
      |- Projecting Sulfur Dioxide (33SO2) around 602348.9212 Mhz, at 1.04659030958 K
      |- Projecting Sulfur Dioxide (33SO2) around 602349.8184 Mhz, at 1.04658978629 K
      |- Projecting Sulfur Dioxide (33SO2) around 602488.3231 Mhz, at 1.24766959749 K
      |- Projecting Sulfur Dioxide (33SO2) around 602499.1576 Mhz, at 1.24766776758 K
      |- Projecting Sulfur Dioxide (33SO2) around 603112.9816 Mhz, at 1.41116041596 K
      |- Projecting Sulfur Dioxide (33SO2) around 603113.1191 Mhz, at 1.41116041596 K
      |- Projecting Sulfur Dioxide (33SO2) around 603113.2126 Mhz, at 1.41116041596 K
      |- Projecting Sulfur Dioxide (33SO2) around 603113.2683 Mhz, at 1.41116041596 K
      |- Projecting Sulfur Dioxide (33SO2) around 604736.5656 Mhz, at 0.780064832599 K
      |- Projecting Sulfur Dioxide (33SO2) around 604736.767 Mhz, at 0.780064832599 K
      |- Projecting Sulfur Dioxide (33SO2) around 604736.8741 Mhz, at 0.780064832599 K
      |- Projecting Sulfur Dioxide (33SO2) around 604736.8962 Mhz, at 0.780064832599 K
      |- Projecting Sulfur Dioxide (33SO2) around 604736.926 Mhz, at 0.780064832599 K
      |- Projecting Sulfur Dioxide (33SO2) around 604736.9663 Mhz, at 0.780064832599 K
      |- Projecting Sulfur Dioxide (33SO2) around 604736.9892 Mhz, at 0.780064832599 K
      |- Projecting Sulfur Dioxide (33SO2) around 605162.1267 Mhz, at 0.873145930456 K
      |- Projecting Sulfur Dioxide (33SO2) around 605162.2359 Mhz, at 0.873145930456 K
      |- Projecting Sulfur Dioxide (33SO2) around 605162.3107 Mhz, at 0.873145930456 K
      |- Projecting Sulfur Dioxide (33SO2) around 605162.3529 Mhz, at 0.873145930456 K
      |- Projecting Sulfur Dioxide (33SO2) around 605357.5302 Mhz, at 0.895647662314 K
      |- Projecting Sulfur Dioxide (33SO2) around 605366.9145 Mhz, at 0.895647662314 K
      |- Projecting Sulfur Dioxide (33SO2) around 605367.499 Mhz, at 0.895648975931 K
      |- Projecting Sulfur Dioxide (33SO2) around 605367.499 Mhz, at 0.895648975931 K
      |- Projecting Sulfur Dioxide (33SO2) around 605367.499 Mhz, at 0.895647662314 K
      |- Projecting Sulfur Dioxide (33SO2) around 605367.499 Mhz, at 0.895647662314 K
      |- Projecting Sulfur Dioxide (33SO2) around 605377.1052 Mhz, at 0.895648975931 K
*** Source: observed-SO2v2=1
  |- Projecting observed-SO2v2=1-c1
   --+ Generating template image
   --+ Generating template line distribution
   --+ Loading and correcting lines
*** Source: observed-H213CO
  |- Projecting observed-H213CO-c1
   --+ Generating template image
   --+ Generating template line distribution
   --+ Loading and correcting lines
      |- Projecting Formaldehyde (H213CO) around 602083.584 Mhz, at 0.907723239373 K
*** Source: observed-SO2v=0
  |- Projecting observed-SO2v=0-c1
   --+ Generating template image
   --+ Generating template line distribution
   --+ Loading and correcting lines
      |- Projecting Sulfur dioxide (SO2v=0) around 604367.4364 Mhz, at 0.688339968979 K
      |- Projecting Sulfur dioxide (SO2v=0) around 604406.5377 Mhz, at 0.656253856314 K
      |- Projecting Sulfur dioxide (SO2v=0) around 605532.5228 Mhz, at 0.83387954114 K
   -++ Saving FITS: data/cube_fixed_width_2.fits
