+++ Source 'observed-SO2v=0' added
 |- Component added to 'observed-SO2v=0' (observed-SO2v=0-c1)
 ---+ Model: mol_list = ['SO2v=0'] @ spa_form=('normal', 130.24852537995113, 44.282329490012394, 1.903987144625848), spe_form=('skew', 8, 0), z=0.0, grad=('linear', 1.903987144625848, 132.26826356701446)
+++ Source 'observed-34SO2v=0' added
 |- Component added to 'observed-34SO2v=0' (observed-34SO2v=0-c1)
 ---+ Model: mol_list = ['34SO2v=0'] @ spa_form=('normal', 87.66510700880355, 41.122368700262534, 1.8606496850329133), spe_form=('skew', 8, 0), z=0.0, grad=('linear', 1.8606496850329133, 93.46135448853042)
+++ Source 'observed-SO2v2=1' added
 |- Component added to 'observed-SO2v2=1' (observed-SO2v2=1-c1)
 ---+ Model: mol_list = ['SO2v2=1'] @ spa_form=('normal', 98.92519416628397, 50.489416560294536, 0.4425391492891921), spe_form=('skew', 8, 0), z=0.0, grad=('linear', 0.4425391492891921, 47.22166301138227)
+++ Source 'observed-H13CNv2=1' added
 |- Component added to 'observed-H13CNv2=1' (observed-H13CNv2=1-c1)
 ---+ Model: mol_list = ['H13CNv2=1'] @ spa_form=('normal', 62.42049929571458, 57.17654540726528, 0.8394137534651374), spe_form=('skew', 8, 0), z=0.0, grad=('linear', 0.8394137534651374, 132.1637630058499)
+++ Source 'observed-H13CNv=0' added
 |- Component added to 'observed-H13CNv=0' (observed-H13CNv=0-c1)
 ---+ Model: mol_list = ['H13CNv=0'] @ spa_form=('normal', 58.50627778680464, 46.87410013961823, 0.7346444186632793), spe_form=('skew', 8, 0), z=0.0, grad=('linear', 0.7346444186632793, 53.279555687657215)
+++ Source 'observed-H2C34S' added
 |- Component added to 'observed-H2C34S' (observed-H2C34S-c1)
 ---+ Model: mol_list = ['H2C34S'] @ spa_form=('normal', 123.18679358015353, 52.62635828395886, 1.1466912167615573), spe_form=('skew', 8, 0), z=0.0, grad=('linear', 1.1466912167615573, 124.38401695628083)
+++ Source 'observed-H213CO' added
 |- Component added to 'observed-H213CO' (observed-H213CO-c1)
 ---+ Model: mol_list = ['H213CO'] @ spa_form=('normal', 71.79509162958736, 88.3496637446591, 2.299431830591816), spe_form=('skew', 8, 0), z=0.0, grad=('linear', 2.299431830591816, 55.229937675087676)
[*] Generating cube observerd
  |- Angular Coordinates (deg): ra=0 dec=0
  |- FOV (arcsec): ra=[-0.002777777777777778, 0.002777777777777778] dec=[-0.002777777777777778, 0.002777777777777778]
!!! WARNING: max ALMA bandwidth exceeded
  |- Spectral (MHz): center=277000 bandwidth=[275000.0, 279000.0]
  |- Cube size: 2 x 2 x 4000 
  |- Band: 7
*** Source: observed-H13CNv=0
  |- Projecting observed-H13CNv=0-c1
   --+ Generating template image
   --+ Generating template line distribution
   --+ Loading and correcting lines
*** Source: observed-H13CNv2=1
  |- Projecting observed-H13CNv2=1-c1
   --+ Generating template image
   --+ Generating template line distribution
   --+ Loading and correcting lines
*** Source: observed-H2C34S
  |- Projecting observed-H2C34S-c1
   --+ Generating template image
   --+ Generating template line distribution
   --+ Loading and correcting lines
      |- Projecting Thioformaldehyde (H2C34S) around 277295.9149 Mhz, at 0.738285352802 K
*** Source: observed-34SO2v=0
  |- Projecting observed-34SO2v=0-c1
   --+ Generating template image
   --+ Generating template line distribution
   --+ Loading and correcting lines
      |- Projecting Sulfur Dioxide (34SO2v=0) around 275434.2181 Mhz, at 1.58226948063 K
      |- Projecting Sulfur Dioxide (34SO2v=0) around 275795.981 Mhz, at 0.0137272294161 K
      |- Projecting Sulfur Dioxide (34SO2v=0) around 275913.8166 Mhz, at 0.0148840014647 K
      |- Projecting Sulfur Dioxide (34SO2v=0) around 276129.3028 Mhz, at 0.0886151446244 K
      |- Projecting Sulfur Dioxide (34SO2v=0) around 276483.977 Mhz, at 1.33057932475 K
      |- Projecting Sulfur Dioxide (34SO2v=0) around 276625.149 Mhz, at 0.0370223978043 K
      |- Projecting Sulfur Dioxide (34SO2v=0) around 276769.4987 Mhz, at 5.11346263895e-05 K
      |- Projecting Sulfur Dioxide (34SO2v=0) around 276999.6054 Mhz, at 0.700462204222 K
      |- Projecting Sulfur Dioxide (34SO2v=0) around 277150.575 Mhz, at 0.7815427172 K
      |- Projecting Sulfur Dioxide (34SO2v=0) around 277188.8824 Mhz, at 0.0910970943778 K
      |- Projecting Sulfur Dioxide (34SO2v=0) around 277470.0761 Mhz, at 0.418604185552 K
      |- Projecting Sulfur Dioxide (34SO2v=0) around 277475.9774 Mhz, at 0.204473553059 K
      |- Projecting Sulfur Dioxide (34SO2v=0) around 278835.2175 Mhz, at 0.877305497552 K
*** Source: observed-SO2v2=1
  |- Projecting observed-SO2v2=1-c1
   --+ Generating template image
   --+ Generating template line distribution
   --+ Loading and correcting lines
      |- Projecting Sulfur dioxide (SO2v2=1) around 275061.7269 Mhz, at 0.106345126961 K
      |- Projecting Sulfur dioxide (SO2v2=1) around 276760.8235 Mhz, at 0.0376916626384 K
      |- Projecting Sulfur dioxide (SO2v2=1) around 277895.254 Mhz, at 4.7371871872e-05 K
      |- Projecting Sulfur dioxide (SO2v2=1) around 278469.1825 Mhz, at 0.00343507360418 K
      |- Projecting Sulfur dioxide (SO2v2=1) around 278709.8722 Mhz, at 0.00104380116863 K
      |- Projecting Sulfur dioxide (SO2v2=1) around 278755.1244 Mhz, at 0.0850135356274 K
      |- Projecting Sulfur dioxide (SO2v2=1) around 278849.6017 Mhz, at 0.099144989567 K
*** Source: observed-H213CO
  |- Projecting observed-H213CO-c1
   --+ Generating template image
   --+ Generating template line distribution
   --+ Loading and correcting lines
      |- Projecting Formaldehyde (H213CO) around 277195.2878 Mhz, at 0.000288251657695 K
      |- Projecting Formaldehyde (H213CO) around 277597.7118 Mhz, at 1.93186144433e-05 K
*** Source: observed-SO2v=0
  |- Projecting observed-SO2v=0-c1
   --+ Generating template image
   --+ Generating template line distribution
   --+ Loading and correcting lines
      |- Projecting Sulfur dioxide (SO2v=0) around 275184.4681 Mhz, at 0.00190957825789 K
      |- Projecting Sulfur dioxide (SO2v=0) around 275240.184 Mhz, at 0.746945564476 K
      |- Projecting Sulfur dioxide (SO2v=0) around 275297.6122 Mhz, at 2.44425341022e-06 K
      |- Projecting Sulfur dioxide (SO2v=0) around 275375.7013 Mhz, at 0.353125273692 K
      |- Projecting Sulfur dioxide (SO2v=0) around 276254.5765 Mhz, at 0.739419271815 K
      |- Projecting Sulfur dioxide (SO2v=0) around 276301.2521 Mhz, at 0.119092191337 K
      |- Projecting Sulfur dioxide (SO2v=0) around 276405.6375 Mhz, at 9.36273856673e-05 K
      |- Projecting Sulfur dioxide (SO2v=0) around 276558.3672 Mhz, at 0.285925706699 K
      |- Projecting Sulfur dioxide (SO2v=0) around 276641.1033 Mhz, at 7.121765909e-07 K
      |- Projecting Sulfur dioxide (SO2v=0) around 276861.1198 Mhz, at 0.0110850809269 K
      |- Projecting Sulfur dioxide (SO2v=0) around 276992.9155 Mhz, at 0.0141838823894 K
      |- Projecting Sulfur dioxide (SO2v=0) around 277085.9287 Mhz, at 0.050266112566 K
      |- Projecting Sulfur dioxide (SO2v=0) around 277629.5888 Mhz, at 6.46287924853e-06 K
      |- Projecting Sulfur dioxide (SO2v=0) around 278250.9723 Mhz, at 1.28218373164 K
      |- Projecting Sulfur dioxide (SO2v=0) around 278858.6075 Mhz, at 0.000764137532458 K
   -++ Saving FITS: data/cube_fixed_width_74.fits
