+++ Source 'observed-CH3OHvt=0' added
 |- Component added to 'observed-CH3OHvt=0' (observed-CH3OHvt=0-c1)
 ---+ Model: mol_list = ['CH3OHvt=0'] @ spa_form=('normal', 148.62748003694196, 66.8937618887307, 0.8346973851447249), spe_form=('skew', 8, 0), z=0.0, grad=('linear', 0.8346973851447249, 62.33983419522555)
+++ Source 'observed-33SO2' added
 |- Component added to 'observed-33SO2' (observed-33SO2-c1)
 ---+ Model: mol_list = ['33SO2'] @ spa_form=('normal', 71.4827363322722, 56.2720552220852, 2.4154237658018367), spe_form=('skew', 8, 0), z=0.0, grad=('linear', 2.4154237658018367, 44.622691941271185)
+++ Source 'observed-OS18O' added
 |- Component added to 'observed-OS18O' (observed-OS18O-c1)
 ---+ Model: mol_list = ['OS18O'] @ spa_form=('normal', 93.57422922816511, 61.71212979442743, 1.7393694983155872), spe_form=('skew', 8, 0), z=0.0, grad=('linear', 1.7393694983155872, 102.26167999889394)
+++ Source 'observed-OS17O' added
 |- Component added to 'observed-OS17O' (observed-OS17O-c1)
 ---+ Model: mol_list = ['OS17O'] @ spa_form=('normal', 84.95578144137782, 67.90575424882573, 2.3733142750364684), spe_form=('skew', 8, 0), z=0.0, grad=('linear', 2.3733142750364684, 54.2372884755753)
+++ Source 'observed-H13CNv2=1' added
 |- Component added to 'observed-H13CNv2=1' (observed-H13CNv2=1-c1)
 ---+ Model: mol_list = ['H13CNv2=1'] @ spa_form=('normal', 135.75910549707234, 57.527306613437496, 1.770262614192867), spe_form=('skew', 8, 0), z=0.0, grad=('linear', 1.770262614192867, 41.97069061147512)
+++ Source 'observed-H13CNv=0' added
 |- Component added to 'observed-H13CNv=0' (observed-H13CNv=0-c1)
 ---+ Model: mol_list = ['H13CNv=0'] @ spa_form=('normal', 125.07739814704878, 74.46107567882228, 0.23837633840352343), spe_form=('skew', 8, 0), z=0.0, grad=('linear', 0.23837633840352343, 64.42833070419817)
+++ Source 'observed-H213CS' added
 |- Component added to 'observed-H213CS' (observed-H213CS-c1)
 ---+ Model: mol_list = ['H213CS'] @ spa_form=('normal', 88.1330761054216, 49.62398118045367, 2.960162062369889), spe_form=('skew', 8, 0), z=0.0, grad=('linear', 2.960162062369889, 80.13093206680605)
+++ Source 'observed-H2C34S' added
 |- Component added to 'observed-H2C34S' (observed-H2C34S-c1)
 ---+ Model: mol_list = ['H2C34S'] @ spa_form=('normal', 132.81983344123967, 63.47046029483654, 2.386747904472586), spe_form=('skew', 8, 0), z=0.0, grad=('linear', 2.386747904472586, 137.5561477761869)
+++ Source 'observed-H2C18O' added
 |- Component added to 'observed-H2C18O' (observed-H2C18O-c1)
 ---+ Model: mol_list = ['H2C18O'] @ spa_form=('normal', 147.64335650965904, 94.8526021587977, 2.259348260275963), spe_form=('skew', 8, 0), z=0.0, grad=('linear', 2.259348260275963, 70.93965534649828)
+++ Source 'observed-H213CO' added
 |- Component added to 'observed-H213CO' (observed-H213CO-c1)
 ---+ Model: mol_list = ['H213CO'] @ spa_form=('normal', 67.4155873687429, 56.65450740917035, 0.6194349028282572), spe_form=('skew', 8, 0), z=0.0, grad=('linear', 0.6194349028282572, 69.77332696774852)
[*] Generating cube observerd
  |- Angular Coordinates (deg): ra=0 dec=0
  |- FOV (arcsec): ra=[-0.002777777777777778, 0.002777777777777778] dec=[-0.002777777777777778, 0.002777777777777778]
!!! WARNING: max ALMA bandwidth exceeded
  |- Spectral (MHz): center=277000 bandwidth=[275000.0, 279000.0]
  |- Cube size: 2 x 2 x 4000 
  |- Band: 7
*** Source: observed-OS18O
  |- Projecting observed-OS18O-c1
   --+ Generating template image
   --+ Generating template line distribution
   --+ Loading and correcting lines
      |- Projecting Sulfur Dioxide (OS18O) around 275207.6031 Mhz, at 0.532926709618 K
      |- Projecting Sulfur Dioxide (OS18O) around 275282.0764 Mhz, at 0.987535563013 K
      |- Projecting Sulfur Dioxide (OS18O) around 275454.6038 Mhz, at 0.444123899295 K
      |- Projecting Sulfur Dioxide (OS18O) around 275552.9984 Mhz, at 1.22510942147 K
      |- Projecting Sulfur Dioxide (OS18O) around 275646.3336 Mhz, at 0.21903888606 K
      |- Projecting Sulfur Dioxide (OS18O) around 276002.289 Mhz, at 1.29303628709 K
      |- Projecting Sulfur Dioxide (OS18O) around 276274.7786 Mhz, at 0.793607581562 K
      |- Projecting Sulfur Dioxide (OS18O) around 276277.2242 Mhz, at 0.523766483406 K
      |- Projecting Sulfur Dioxide (OS18O) around 277080.9497 Mhz, at 0.859624107422 K
      |- Projecting Sulfur Dioxide (OS18O) around 277088.3147 Mhz, at 0.859623247798 K
      |- Projecting Sulfur Dioxide (OS18O) around 278393.6459 Mhz, at 0.592006733695 K
*** Source: observed-H2C18O
  |- Projecting observed-H2C18O-c1
   --+ Generating template image
   --+ Generating template line distribution
   --+ Loading and correcting lines
      |- Projecting Formaldehyde (H2C18O) around 277062.652 Mhz, at 0.306417478316 K
      |- Projecting Formaldehyde (H2C18O) around 277562.802 Mhz, at 0.358939056019 K
      |- Projecting Formaldehyde (H2C18O) around 277675.2025 Mhz, at 0.437341875783 K
      |- Projecting Formaldehyde (H2C18O) around 277678.1029 Mhz, at 0.437341875783 K
      |- Projecting Formaldehyde (H2C18O) around 277853.3599 Mhz, at 0.221592958878 K
      |- Projecting Formaldehyde (H2C18O) around 278145.446 Mhz, at 0.358955759039 K
*** Source: observed-H213CS
  |- Projecting observed-H213CS-c1
   --+ Generating template image
   --+ Generating template line distribution
   --+ Loading and correcting lines
*** Source: observed-H13CNv2=1
  |- Projecting observed-H13CNv2=1-c1
   --+ Generating template image
   --+ Generating template line distribution
   --+ Loading and correcting lines
*** Source: observed-H2C34S
  |- Projecting observed-H2C34S-c1
   --+ Generating template image
   --+ Generating template line distribution
   --+ Loading and correcting lines
      |- Projecting Thioformaldehyde (H2C34S) around 277295.9149 Mhz, at 1.09822362495 K
*** Source: observed-33SO2
  |- Projecting observed-33SO2-c1
   --+ Generating template image
   --+ Generating template line distribution
   --+ Loading and correcting lines
*** Source: observed-OS17O
  |- Projecting observed-OS17O-c1
   --+ Generating template image
   --+ Generating template line distribution
   --+ Loading and correcting lines
      |- Projecting Sulfur Dioxide (OS17O) around 275054.7862 Mhz, at 0.774757856926 K
      |- Projecting Sulfur Dioxide (OS17O) around 275142.6319 Mhz, at 0.96349124825 K
      |- Projecting Sulfur Dioxide (OS17O) around 275151.3474 Mhz, at 0.963489835131 K
      |- Projecting Sulfur Dioxide (OS17O) around 275431.4561 Mhz, at 0.846497350135 K
      |- Projecting Sulfur Dioxide (OS17O) around 275846.0173 Mhz, at 0.269364973241 K
      |- Projecting Sulfur Dioxide (OS17O) around 276201.24 Mhz, at 0.56985670692 K
      |- Projecting Sulfur Dioxide (OS17O) around 277061.5867 Mhz, at 0.71743678402 K
      |- Projecting Sulfur Dioxide (OS17O) around 277269.543 Mhz, at 0.126492650103 K
      |- Projecting Sulfur Dioxide (OS17O) around 277365.4535 Mhz, at 0.891225490482 K
*** Source: observed-CH3OHvt=0
  |- Projecting observed-CH3OHvt=0-c1
   --+ Generating template image
   --+ Generating template line distribution
   --+ Loading and correcting lines
      |- Projecting Methanol (CH3OHvt=0) around 276648.18 Mhz, at 0.138230485779 K
      |- Projecting Methanol (CH3OHvt=0) around 278599.055 Mhz, at 0.130297345549 K
*** Source: observed-H13CNv=0
  |- Projecting observed-H13CNv=0-c1
   --+ Generating template image
   --+ Generating template line distribution
   --+ Loading and correcting lines
*** Source: observed-H213CO
  |- Projecting observed-H213CO-c1
   --+ Generating template image
   --+ Generating template line distribution
   --+ Loading and correcting lines
   -++ Saving FITS: data/cube_variable_width_81.fits
