+++ Source 'observed-CH3OHvt=0' added
 |- Component added to 'observed-CH3OHvt=0' (observed-CH3OHvt=0-c1)
 ---+ Model: mol_list = ['CH3OHvt=0'] @ spa_form=('normal', 75.86926252373043, 48.688011629515096, 0.7033564523180571), spe_form=('skew', 8, 0), z=0.0, grad=('linear', 0.7033564523180571, 32.41785183741527)
+++ Source 'observed-SO2v2=1' added
 |- Component added to 'observed-SO2v2=1' (observed-SO2v2=1-c1)
 ---+ Model: mol_list = ['SO2v2=1'] @ spa_form=('normal', 76.61769755025539, 68.17529597420037, 1.498020426851375), spe_form=('skew', 8, 0), z=0.0, grad=('linear', 1.498020426851375, 39.29467389184181)
+++ Source 'observed-HC15Nv=0' added
 |- Component added to 'observed-HC15Nv=0' (observed-HC15Nv=0-c1)
 ---+ Model: mol_list = ['HC15Nv=0'] @ spa_form=('normal', 131.33344645221612, 83.26069178710128, 0.7645555496017223), spe_form=('skew', 8, 0), z=0.0, grad=('linear', 0.7645555496017223, 69.45877910926056)
+++ Source 'observed-H213CS' added
 |- Component added to 'observed-H213CS' (observed-H213CS-c1)
 ---+ Model: mol_list = ['H213CS'] @ spa_form=('normal', 108.00810819867844, 82.23224191426708, 1.1719503195982073), spe_form=('skew', 8, 0), z=0.0, grad=('linear', 1.1719503195982073, 32.36221560965018)
+++ Source 'observed-H2C34S' added
 |- Component added to 'observed-H2C34S' (observed-H2C34S-c1)
 ---+ Model: mol_list = ['H2C34S'] @ spa_form=('normal', 55.70082754363291, 85.2307817557313, 1.2399379951288392), spe_form=('skew', 8, 0), z=0.0, grad=('linear', 1.2399379951288392, 47.75577593874915)
+++ Source 'observed-H213CO' added
 |- Component added to 'observed-H213CO' (observed-H213CO-c1)
 ---+ Model: mol_list = ['H213CO'] @ spa_form=('normal', 114.74196186830639, 68.97311496124911, 2.2205236164983755), spe_form=('skew', 8, 0), z=0.0, grad=('linear', 2.2205236164983755, 122.95046477693215)
[*] Generating cube observerd
  |- Angular Coordinates (deg): ra=0 dec=0
  |- FOV (arcsec): ra=[-0.002777777777777778, 0.002777777777777778] dec=[-0.002777777777777778, 0.002777777777777778]
!!! WARNING: max ALMA bandwidth exceeded
  |- Spectral (MHz): center=277000 bandwidth=[275000.0, 279000.0]
  |- Cube size: 2 x 2 x 4000 
  |- Band: 7
*** Source: observed-H213CS
  |- Projecting observed-H213CS-c1
   --+ Generating template image
   --+ Generating template line distribution
   --+ Loading and correcting lines
*** Source: observed-H2C34S
  |- Projecting observed-H2C34S-c1
   --+ Generating template image
   --+ Generating template line distribution
   --+ Loading and correcting lines
      |- Projecting Thioformaldehyde (H2C34S) around 277295.9149 Mhz, at 0.854825237398 K
*** Source: observed-CH3OHvt=0
  |- Projecting observed-CH3OHvt=0-c1
   --+ Generating template image
   --+ Generating template line distribution
   --+ Loading and correcting lines
      |- Projecting Methanol (CH3OHvt=0) around 275663.705 Mhz, at 0.0764967140186 K
      |- Projecting Methanol (CH3OHvt=0) around 276648.18 Mhz, at 0.465555873836 K
      |- Projecting Methanol (CH3OHvt=0) around 276925.919 Mhz, at 0.336188602429 K
      |- Projecting Methanol (CH3OHvt=0) around 277171.928 Mhz, at 0.0283383058375 K
      |- Projecting Methanol (CH3OHvt=0) around 277940.773 Mhz, at 0.149420486117 K
      |- Projecting Methanol (CH3OHvt=0) around 278186.616 Mhz, at 0.149426218993 K
      |- Projecting Methanol (CH3OHvt=0) around 278304.51 Mhz, at 0.243170380647 K
      |- Projecting Methanol (CH3OHvt=0) around 278342.257 Mhz, at 0.188054369265 K
      |- Projecting Methanol (CH3OHvt=0) around 278480.23 Mhz, at 0.208292321711 K
      |- Projecting Methanol (CH3OHvt=0) around 278599.055 Mhz, at 0.438837310192 K
      |- Projecting Methanol (CH3OHvt=0) around 278672.92 Mhz, at 0.229166302681 K
      |- Projecting Methanol (CH3OHvt=0) around 278723.25 Mhz, at 0.229168502688 K
      |- Projecting Methanol (CH3OHvt=0) around 278965.129 Mhz, at 0.117088101133 K
*** Source: observed-HC15Nv=0
  |- Projecting observed-HC15Nv=0-c1
   --+ Generating template image
   --+ Generating template line distribution
   --+ Loading and correcting lines
*** Source: observed-SO2v2=1
  |- Projecting observed-SO2v2=1-c1
   --+ Generating template image
   --+ Generating template line distribution
   --+ Loading and correcting lines
      |- Projecting Sulfur dioxide (SO2v2=1) around 275061.7269 Mhz, at 0.130248540854 K
      |- Projecting Sulfur dioxide (SO2v2=1) around 276760.8235 Mhz, at 0.0461636955196 K
      |- Projecting Sulfur dioxide (SO2v2=1) around 277895.254 Mhz, at 5.80197453818e-05 K
      |- Projecting Sulfur dioxide (SO2v2=1) around 278469.1825 Mhz, at 0.00420718219497 K
      |- Projecting Sulfur dioxide (SO2v2=1) around 278709.8722 Mhz, at 0.00127841851377 K
      |- Projecting Sulfur dioxide (SO2v2=1) around 278755.1244 Mhz, at 0.104122203666 K
      |- Projecting Sulfur dioxide (SO2v2=1) around 278849.6017 Mhz, at 0.121430013703 K
*** Source: observed-H213CO
  |- Projecting observed-H213CO-c1
   --+ Generating template image
   --+ Generating template line distribution
   --+ Loading and correcting lines
      |- Projecting Formaldehyde (H213CO) around 277195.2878 Mhz, at 0.000283911081163 K
      |- Projecting Formaldehyde (H213CO) around 277597.7118 Mhz, at 1.90277091796e-05 K
   -++ Saving FITS: data/cube_fixed_width_72.fits
