+++ Source 'observed-CH3OHvt=0' added
 |- Component added to 'observed-CH3OHvt=0' (observed-CH3OHvt=0-c1)
 ---+ Model: mol_list = ['CH3OHvt=0'] @ spa_form=('normal', 65.0858932302767, 61.93491910191591, 1.174476861623184), spe_form=('skew', 8, 0), z=0.0, grad=('linear', 1.174476861623184, 108.78285986485777)
+++ Source 'observed-SO2v=0' added
 |- Component added to 'observed-SO2v=0' (observed-SO2v=0-c1)
 ---+ Model: mol_list = ['SO2v=0'] @ spa_form=('normal', 73.44538046585845, 74.47020986556757, 1.5363598777511858), spe_form=('skew', 8, 0), z=0.0, grad=('linear', 1.5363598777511858, 140.35206697057032)
+++ Source 'observed-33SO2' added
 |- Component added to 'observed-33SO2' (observed-33SO2-c1)
 ---+ Model: mol_list = ['33SO2'] @ spa_form=('normal', 121.11426547590497, 83.79222503921866, 1.3593695348303958), spe_form=('skew', 8, 0), z=0.0, grad=('linear', 1.3593695348303958, 106.3706749041127)
+++ Source 'observed-SO2v2=1' added
 |- Component added to 'observed-SO2v2=1' (observed-SO2v2=1-c1)
 ---+ Model: mol_list = ['SO2v2=1'] @ spa_form=('normal', 148.4531701409877, 81.91321229047837, 0.2214072375151932), spe_form=('skew', 8, 0), z=0.0, grad=('linear', 0.2214072375151932, 60.43583305884552)
+++ Source 'observed-HC15Nv=0' added
 |- Component added to 'observed-HC15Nv=0' (observed-HC15Nv=0-c1)
 ---+ Model: mol_list = ['HC15Nv=0'] @ spa_form=('normal', 88.92741226503242, 90.34757540811702, 0.8175969352106861), spe_form=('skew', 8, 0), z=0.0, grad=('linear', 0.8175969352106861, 10.51455090649916)
+++ Source 'observed-H13CNv=0' added
 |- Component added to 'observed-H13CNv=0' (observed-H13CNv=0-c1)
 ---+ Model: mol_list = ['H13CNv=0'] @ spa_form=('normal', 99.20914426912195, 67.61536266964028, 2.330550966930579), spe_form=('skew', 8, 0), z=0.0, grad=('linear', 2.330550966930579, 19.979370659614553)
+++ Source 'observed-H2C34S' added
 |- Component added to 'observed-H2C34S' (observed-H2C34S-c1)
 ---+ Model: mol_list = ['H2C34S'] @ spa_form=('normal', 145.0749303519781, 44.3624098130362, 1.1171397198371529), spe_form=('skew', 8, 0), z=0.0, grad=('linear', 1.1171397198371529, 116.317639231109)
[*] Generating cube observerd
  |- Angular Coordinates (deg): ra=0 dec=0
  |- FOV (arcsec): ra=[-0.002777777777777778, 0.002777777777777778] dec=[-0.002777777777777778, 0.002777777777777778]
!!! WARNING: max ALMA bandwidth exceeded
  |- Spectral (MHz): center=604000 bandwidth=[602000.0, 606000.0]
  |- Cube size: 2 x 2 x 4000 
  |- Band: 9
*** Source: observed-H13CNv=0
  |- Projecting observed-H13CNv=0-c1
   --+ Generating template image
   --+ Generating template line distribution
   --+ Loading and correcting lines
*** Source: observed-H2C34S
  |- Projecting observed-H2C34S-c1
   --+ Generating template image
   --+ Generating template line distribution
   --+ Loading and correcting lines
      |- Projecting Thioformaldehyde (H2C34S) around 604710.9998 Mhz, at 1.24427520785 K
*** Source: observed-33SO2
  |- Projecting observed-33SO2-c1
   --+ Generating template image
   --+ Generating template line distribution
   --+ Loading and correcting lines
      |- Projecting Sulfur Dioxide (33SO2) around 602337.0627 Mhz, at 0.986508352708 K
      |- Projecting Sulfur Dioxide (33SO2) around 602338.0039 Mhz, at 0.986508352708 K
      |- Projecting Sulfur Dioxide (33SO2) around 602348.9212 Mhz, at 0.986507399084 K
      |- Projecting Sulfur Dioxide (33SO2) around 602349.8184 Mhz, at 0.98650690583 K
      |- Projecting Sulfur Dioxide (33SO2) around 602488.3231 Mhz, at 1.17604307843 K
      |- Projecting Sulfur Dioxide (33SO2) around 602499.1576 Mhz, at 1.17604135357 K
      |- Projecting Sulfur Dioxide (33SO2) around 603112.9816 Mhz, at 1.33014817631 K
      |- Projecting Sulfur Dioxide (33SO2) around 603113.1191 Mhz, at 1.33014817631 K
      |- Projecting Sulfur Dioxide (33SO2) around 603113.2126 Mhz, at 1.33014817631 K
      |- Projecting Sulfur Dioxide (33SO2) around 603113.2683 Mhz, at 1.33014817631 K
      |- Projecting Sulfur Dioxide (33SO2) around 604736.5656 Mhz, at 0.735282681367 K
      |- Projecting Sulfur Dioxide (33SO2) around 604736.767 Mhz, at 0.735282681367 K
      |- Projecting Sulfur Dioxide (33SO2) around 604736.8741 Mhz, at 0.735282681367 K
      |- Projecting Sulfur Dioxide (33SO2) around 604736.8962 Mhz, at 0.735282681367 K
      |- Projecting Sulfur Dioxide (33SO2) around 604736.926 Mhz, at 0.735282681367 K
      |- Projecting Sulfur Dioxide (33SO2) around 604736.9663 Mhz, at 0.735282681367 K
      |- Projecting Sulfur Dioxide (33SO2) around 604736.9892 Mhz, at 0.735282681367 K
      |- Projecting Sulfur Dioxide (33SO2) around 605162.1267 Mhz, at 0.823020156967 K
      |- Projecting Sulfur Dioxide (33SO2) around 605162.2359 Mhz, at 0.823020156967 K
      |- Projecting Sulfur Dioxide (33SO2) around 605162.3107 Mhz, at 0.823020156967 K
      |- Projecting Sulfur Dioxide (33SO2) around 605162.3529 Mhz, at 0.823020156967 K
      |- Projecting Sulfur Dioxide (33SO2) around 605357.5302 Mhz, at 0.844230103942 K
      |- Projecting Sulfur Dioxide (33SO2) around 605366.9145 Mhz, at 0.844230103942 K
      |- Projecting Sulfur Dioxide (33SO2) around 605367.499 Mhz, at 0.844231342147 K
      |- Projecting Sulfur Dioxide (33SO2) around 605367.499 Mhz, at 0.844231342147 K
      |- Projecting Sulfur Dioxide (33SO2) around 605367.499 Mhz, at 0.844230103942 K
      |- Projecting Sulfur Dioxide (33SO2) around 605367.499 Mhz, at 0.844230103942 K
      |- Projecting Sulfur Dioxide (33SO2) around 605377.1052 Mhz, at 0.844231342147 K
*** Source: observed-CH3OHvt=0
  |- Projecting observed-CH3OHvt=0-c1
   --+ Generating template image
   --+ Generating template line distribution
   --+ Loading and correcting lines
*** Source: observed-HC15Nv=0
  |- Projecting observed-HC15Nv=0-c1
   --+ Generating template image
   --+ Generating template line distribution
   --+ Loading and correcting lines
      |- Projecting Hydrogen Cyanide (HC15Nv=0) around 602274.1332 Mhz, at 0.861871255717 K
*** Source: observed-SO2v2=1
  |- Projecting observed-SO2v2=1-c1
   --+ Generating template image
   --+ Generating template line distribution
   --+ Loading and correcting lines
*** Source: observed-SO2v=0
  |- Projecting observed-SO2v=0-c1
   --+ Generating template image
   --+ Generating template line distribution
   --+ Loading and correcting lines
      |- Projecting Sulfur dioxide (SO2v=0) around 604367.4364 Mhz, at 0.979439248216 K
      |- Projecting Sulfur dioxide (SO2v=0) around 604406.5377 Mhz, at 0.933783904225 K
      |- Projecting Sulfur dioxide (SO2v=0) around 605532.5228 Mhz, at 1.18652757022 K
   -++ Saving FITS: data/cube_variable_width_35.fits
