+++ Source 'observed-CH3OHvt=0' added
 |- Component added to 'observed-CH3OHvt=0' (observed-CH3OHvt=0-c1)
 ---+ Model: mol_list = ['CH3OHvt=0'] @ spa_form=('normal', 121.42887049564635, 66.54786831812251, 2.267136126600563), spe_form=('skew', 8, 0), z=0.0, grad=('linear', 2.267136126600563, 52.47566468814163)
+++ Source 'observed-SO2v=0' added
 |- Component added to 'observed-SO2v=0' (observed-SO2v=0-c1)
 ---+ Model: mol_list = ['SO2v=0'] @ spa_form=('normal', 121.44339243281564, 46.85148212257949, 0.34918220428372193), spe_form=('skew', 8, 0), z=0.0, grad=('linear', 0.34918220428372193, 53.16485594589656)
+++ Source 'observed-33SO2' added
 |- Component added to 'observed-33SO2' (observed-33SO2-c1)
 ---+ Model: mol_list = ['33SO2'] @ spa_form=('normal', 92.93134199697266, 95.51400406413788, 3.112950595339014), spe_form=('skew', 8, 0), z=0.0, grad=('linear', 3.112950595339014, 87.75241753102748)
+++ Source 'observed-SO2v2=1' added
 |- Component added to 'observed-SO2v2=1' (observed-SO2v2=1-c1)
 ---+ Model: mol_list = ['SO2v2=1'] @ spa_form=('normal', 149.17227228457784, 97.5622221661136, 0.9808688049732376), spe_form=('skew', 8, 0), z=0.0, grad=('linear', 0.9808688049732376, 53.01194527354414)
+++ Source 'observed-HC15Nv=0' added
 |- Component added to 'observed-HC15Nv=0' (observed-HC15Nv=0-c1)
 ---+ Model: mol_list = ['HC15Nv=0'] @ spa_form=('normal', 67.5504206717472, 73.82616937403164, 2.4477251188717135), spe_form=('skew', 8, 0), z=0.0, grad=('linear', 2.4477251188717135, 72.63707795119461)
+++ Source 'observed-H13CNv=0' added
 |- Component added to 'observed-H13CNv=0' (observed-H13CNv=0-c1)
 ---+ Model: mol_list = ['H13CNv=0'] @ spa_form=('normal', 121.35866741862189, 96.66477200052375, 0.7552726221342005), spe_form=('skew', 8, 0), z=0.0, grad=('linear', 0.7552726221342005, 108.34345388880968)
+++ Source 'observed-H2C34S' added
 |- Component added to 'observed-H2C34S' (observed-H2C34S-c1)
 ---+ Model: mol_list = ['H2C34S'] @ spa_form=('normal', 125.78130296851096, 88.36596085200543, 0.40752355654821043), spe_form=('skew', 8, 0), z=0.0, grad=('linear', 0.40752355654821043, 35.235220835768345)
[*] Generating cube observerd
  |- Angular Coordinates (deg): ra=0 dec=0
  |- FOV (arcsec): ra=[-0.002777777777777778, 0.002777777777777778] dec=[-0.002777777777777778, 0.002777777777777778]
!!! WARNING: max ALMA bandwidth exceeded
  |- Spectral (MHz): center=277000 bandwidth=[275000.0, 279000.0]
  |- Cube size: 2 x 2 x 4000 
  |- Band: 7
*** Source: observed-H13CNv=0
  |- Projecting observed-H13CNv=0-c1
   --+ Generating template image
   --+ Generating template line distribution
   --+ Loading and correcting lines
*** Source: observed-H2C34S
  |- Projecting observed-H2C34S-c1
   --+ Generating template image
   --+ Generating template line distribution
   --+ Loading and correcting lines
      |- Projecting Thioformaldehyde (H2C34S) around 277295.9149 Mhz, at 0.282000649811 K
*** Source: observed-33SO2
  |- Projecting observed-33SO2-c1
   --+ Generating template image
   --+ Generating template line distribution
   --+ Loading and correcting lines
      |- Projecting Sulfur Dioxide (33SO2) around 275828.2515 Mhz, at 0.257246817135 K
      |- Projecting Sulfur Dioxide (33SO2) around 275828.3672 Mhz, at 0.257246817135 K
      |- Projecting Sulfur Dioxide (33SO2) around 275831.1722 Mhz, at 0.257246817135 K
      |- Projecting Sulfur Dioxide (33SO2) around 275831.2604 Mhz, at 0.257246937183 K
*** Source: observed-CH3OHvt=0
  |- Projecting observed-CH3OHvt=0-c1
   --+ Generating template image
   --+ Generating template line distribution
   --+ Loading and correcting lines
      |- Projecting Methanol (CH3OHvt=0) around 276648.18 Mhz, at 0.305524041486 K
      |- Projecting Methanol (CH3OHvt=0) around 276925.919 Mhz, at 0.220625936194 K
      |- Projecting Methanol (CH3OHvt=0) around 278304.51 Mhz, at 0.159582128892 K
      |- Projecting Methanol (CH3OHvt=0) around 278342.257 Mhz, at 0.123411891345 K
      |- Projecting Methanol (CH3OHvt=0) around 278480.23 Mhz, at 0.136693178018 K
      |- Projecting Methanol (CH3OHvt=0) around 278599.055 Mhz, at 0.287989811964 K
      |- Projecting Methanol (CH3OHvt=0) around 278672.92 Mhz, at 0.150391862508 K
      |- Projecting Methanol (CH3OHvt=0) around 278723.25 Mhz, at 0.150393306277 K
*** Source: observed-HC15Nv=0
  |- Projecting observed-HC15Nv=0-c1
   --+ Generating template image
   --+ Generating template line distribution
   --+ Loading and correcting lines
*** Source: observed-SO2v2=1
  |- Projecting observed-SO2v2=1-c1
   --+ Generating template image
   --+ Generating template line distribution
   --+ Loading and correcting lines
      |- Projecting Sulfur dioxide (SO2v2=1) around 275061.7269 Mhz, at 0.247681743621 K
      |- Projecting Sulfur dioxide (SO2v2=1) around 278755.1244 Mhz, at 0.1979996765 K
      |- Projecting Sulfur dioxide (SO2v2=1) around 278849.6017 Mhz, at 0.230912356674 K
*** Source: observed-SO2v=0
  |- Projecting observed-SO2v=0-c1
   --+ Generating template image
   --+ Generating template line distribution
   --+ Loading and correcting lines
      |- Projecting Sulfur dioxide (SO2v=0) around 275240.184 Mhz, at 1.04511849032 K
      |- Projecting Sulfur dioxide (SO2v=0) around 275375.7013 Mhz, at 0.494089222142 K
      |- Projecting Sulfur dioxide (SO2v=0) around 276254.5765 Mhz, at 1.03458777965 K
      |- Projecting Sulfur dioxide (SO2v=0) around 276301.2521 Mhz, at 0.166632559504 K
      |- Projecting Sulfur dioxide (SO2v=0) around 276558.3672 Mhz, at 0.400064284656 K
      |- Projecting Sulfur dioxide (SO2v=0) around 278250.9723 Mhz, at 1.79401818506 K
   -++ Saving FITS: data/cube_fixed_width_60.fits
