+++ Source 'observed-CH3OHvt=0' added
 |- Component added to 'observed-CH3OHvt=0' (observed-CH3OHvt=0-c1)
 ---+ Model: mol_list = ['CH3OHvt=0'] @ spa_form=('normal', 122.95513781188357, 87.15862486813542, 2.4547285901457987), spe_form=('skew', 8, 0), z=0.0, grad=('linear', 2.4547285901457987, 134.15154834944946)
+++ Source 'observed-SO2v=0' added
 |- Component added to 'observed-SO2v=0' (observed-SO2v=0-c1)
 ---+ Model: mol_list = ['SO2v=0'] @ spa_form=('normal', 123.90106874766322, 52.412882228979626, 2.141335203123707), spe_form=('skew', 8, 0), z=0.0, grad=('linear', 2.141335203123707, 36.30751546670556)
+++ Source 'observed-33SO2' added
 |- Component added to 'observed-33SO2' (observed-33SO2-c1)
 ---+ Model: mol_list = ['33SO2'] @ spa_form=('normal', 81.48862005642731, 92.23640583190209, 0.15016519299893788), spe_form=('skew', 8, 0), z=0.0, grad=('linear', 0.15016519299893788, 108.02274469088289)
+++ Source 'observed-34SO2v=0' added
 |- Component added to 'observed-34SO2v=0' (observed-34SO2v=0-c1)
 ---+ Model: mol_list = ['34SO2v=0'] @ spa_form=('normal', 89.71969653880791, 51.65735872786675, 2.1744827605711206), spe_form=('skew', 8, 0), z=0.0, grad=('linear', 2.1744827605711206, 69.47005848541457)
+++ Source 'observed-OS17O' added
 |- Component added to 'observed-OS17O' (observed-OS17O-c1)
 ---+ Model: mol_list = ['OS17O'] @ spa_form=('normal', 85.09462665722292, 63.91560039963493, 0.6607396565452864), spe_form=('skew', 8, 0), z=0.0, grad=('linear', 0.6607396565452864, 25.279089347018967)
+++ Source 'observed-HC15Nv=0' added
 |- Component added to 'observed-HC15Nv=0' (observed-HC15Nv=0-c1)
 ---+ Model: mol_list = ['HC15Nv=0'] @ spa_form=('normal', 135.89551761118292, 86.14938526432948, 1.566645586026071), spe_form=('skew', 8, 0), z=0.0, grad=('linear', 1.566645586026071, 70.22495512241551)
+++ Source 'observed-H13CNv2=1' added
 |- Component added to 'observed-H13CNv2=1' (observed-H13CNv2=1-c1)
 ---+ Model: mol_list = ['H13CNv2=1'] @ spa_form=('normal', 96.71092703364374, 55.28734839014841, 0.3979711506085079), spe_form=('skew', 8, 0), z=0.0, grad=('linear', 0.3979711506085079, 104.12406328728615)
+++ Source 'observed-H13CNv=0' added
 |- Component added to 'observed-H13CNv=0' (observed-H13CNv=0-c1)
 ---+ Model: mol_list = ['H13CNv=0'] @ spa_form=('normal', 56.97624718979266, 66.67851462679721, 1.140082287176718), spe_form=('skew', 8, 0), z=0.0, grad=('linear', 1.140082287176718, 91.19267264559664)
+++ Source 'observed-H2C34S' added
 |- Component added to 'observed-H2C34S' (observed-H2C34S-c1)
 ---+ Model: mol_list = ['H2C34S'] @ spa_form=('normal', 69.03202858664353, 89.39992006752007, 1.3507237803411547), spe_form=('skew', 8, 0), z=0.0, grad=('linear', 1.3507237803411547, 48.65759237535695)
[*] Generating cube observerd
  |- Angular Coordinates (deg): ra=0 dec=0
  |- FOV (arcsec): ra=[-0.002777777777777778, 0.002777777777777778] dec=[-0.002777777777777778, 0.002777777777777778]
!!! WARNING: max ALMA bandwidth exceeded
  |- Spectral (MHz): center=277000 bandwidth=[275000.0, 279000.0]
  |- Cube size: 2 x 2 x 4000 
  |- Band: 7
*** Source: observed-H13CNv2=1
  |- Projecting observed-H13CNv2=1-c1
   --+ Generating template image
   --+ Generating template line distribution
   --+ Loading and correcting lines
*** Source: observed-34SO2v=0
  |- Projecting observed-34SO2v=0-c1
   --+ Generating template image
   --+ Generating template line distribution
   --+ Loading and correcting lines
      |- Projecting Sulfur Dioxide (34SO2v=0) around 275434.2181 Mhz, at 0.124761524181 K
      |- Projecting Sulfur Dioxide (34SO2v=0) around 275795.981 Mhz, at 0.0010823883578 K
      |- Projecting Sulfur Dioxide (34SO2v=0) around 275913.8166 Mhz, at 0.00117359952359 K
      |- Projecting Sulfur Dioxide (34SO2v=0) around 276129.3028 Mhz, at 0.00698728038695 K
      |- Projecting Sulfur Dioxide (34SO2v=0) around 276483.977 Mhz, at 0.104915822893 K
      |- Projecting Sulfur Dioxide (34SO2v=0) around 276625.149 Mhz, at 0.00291920613742 K
      |- Projecting Sulfur Dioxide (34SO2v=0) around 276769.4987 Mhz, at 4.03195157644e-06 K
      |- Projecting Sulfur Dioxide (34SO2v=0) around 276999.6054 Mhz, at 0.0552312569381 K
      |- Projecting Sulfur Dioxide (34SO2v=0) around 277150.575 Mhz, at 0.0616244336406 K
      |- Projecting Sulfur Dioxide (34SO2v=0) around 277188.8824 Mhz, at 0.00718298145934 K
      |- Projecting Sulfur Dioxide (34SO2v=0) around 277470.0761 Mhz, at 0.0330068277607 K
      |- Projecting Sulfur Dioxide (34SO2v=0) around 277475.9774 Mhz, at 0.0161226848187 K
      |- Projecting Sulfur Dioxide (34SO2v=0) around 278835.2175 Mhz, at 0.0691753031876 K
*** Source: observed-33SO2
  |- Projecting observed-33SO2-c1
   --+ Generating template image
   --+ Generating template line distribution
   --+ Loading and correcting lines
      |- Projecting Sulfur Dioxide (33SO2) around 275160.7805 Mhz, at 0.186665946315 K
      |- Projecting Sulfur Dioxide (33SO2) around 275160.8324 Mhz, at 0.186665946315 K
      |- Projecting Sulfur Dioxide (33SO2) around 275160.9909 Mhz, at 0.186666033426 K
      |- Projecting Sulfur Dioxide (33SO2) around 275161.0124 Mhz, at 0.186666033426 K
      |- Projecting Sulfur Dioxide (33SO2) around 275828.2515 Mhz, at 0.7979950034 K
      |- Projecting Sulfur Dioxide (33SO2) around 275828.3672 Mhz, at 0.7979950034 K
      |- Projecting Sulfur Dioxide (33SO2) around 275831.1722 Mhz, at 0.7979950034 K
      |- Projecting Sulfur Dioxide (33SO2) around 275831.2604 Mhz, at 0.797995375798 K
      |- Projecting Sulfur Dioxide (33SO2) around 276035.3021 Mhz, at 0.218993139468 K
      |- Projecting Sulfur Dioxide (33SO2) around 276035.3702 Mhz, at 0.218993139468 K
      |- Projecting Sulfur Dioxide (33SO2) around 276037.6419 Mhz, at 0.218993029971 K
      |- Projecting Sulfur Dioxide (33SO2) around 276037.6851 Mhz, at 0.218993139468 K
      |- Projecting Sulfur Dioxide (33SO2) around 276511.3338 Mhz, at 0.0807315028799 K
      |- Projecting Sulfur Dioxide (33SO2) around 276511.3828 Mhz, at 0.0807315028799 K
      |- Projecting Sulfur Dioxide (33SO2) around 276511.5322 Mhz, at 0.0807315432457 K
      |- Projecting Sulfur Dioxide (33SO2) around 276511.552 Mhz, at 0.0807315028799 K
      |- Projecting Sulfur Dioxide (33SO2) around 277417.4638 Mhz, at 0.0913728878569 K
      |- Projecting Sulfur Dioxide (33SO2) around 277417.5743 Mhz, at 0.0913728878569 K
      |- Projecting Sulfur Dioxide (33SO2) around 277421.53 Mhz, at 0.0913728878569 K
      |- Projecting Sulfur Dioxide (33SO2) around 277421.6173 Mhz, at 0.0913729304976 K
      |- Projecting Sulfur Dioxide (33SO2) around 277591.7772 Mhz, at 0.0318015363876 K
      |- Projecting Sulfur Dioxide (33SO2) around 277591.824 Mhz, at 0.0318015363876 K
      |- Projecting Sulfur Dioxide (33SO2) around 277591.9648 Mhz, at 0.0318015522883 K
      |- Projecting Sulfur Dioxide (33SO2) around 277591.9834 Mhz, at 0.0318015522883 K
      |- Projecting Sulfur Dioxide (33SO2) around 278410.6626 Mhz, at 0.0114116527306 K
      |- Projecting Sulfur Dioxide (33SO2) around 278410.7076 Mhz, at 0.0114116527306 K
      |- Projecting Sulfur Dioxide (33SO2) around 278410.8404 Mhz, at 0.0114116527306 K
      |- Projecting Sulfur Dioxide (33SO2) around 278410.858 Mhz, at 0.0114116527306 K
      |- Projecting Sulfur Dioxide (33SO2) around 278973.3616 Mhz, at 0.00373094978775 K
      |- Projecting Sulfur Dioxide (33SO2) around 278973.4051 Mhz, at 0.00373094978775 K
      |- Projecting Sulfur Dioxide (33SO2) around 278973.5305 Mhz, at 0.00373094978775 K
      |- Projecting Sulfur Dioxide (33SO2) around 278973.5472 Mhz, at 0.00373094978775 K
*** Source: observed-OS17O
  |- Projecting observed-OS17O-c1
   --+ Generating template image
   --+ Generating template line distribution
   --+ Loading and correcting lines
      |- Projecting Sulfur Dioxide (OS17O) around 275054.7862 Mhz, at 0.731443765201 K
      |- Projecting Sulfur Dioxide (OS17O) around 275142.6319 Mhz, at 0.90962571087 K
      |- Projecting Sulfur Dioxide (OS17O) around 275151.3474 Mhz, at 0.909624376753 K
      |- Projecting Sulfur Dioxide (OS17O) around 275431.4561 Mhz, at 0.799172545951 K
      |- Projecting Sulfur Dioxide (OS17O) around 275552.812 Mhz, at 0.00399239036901 K
      |- Projecting Sulfur Dioxide (OS17O) around 275846.0173 Mhz, at 0.254305688518 K
      |- Projecting Sulfur Dioxide (OS17O) around 276201.24 Mhz, at 0.537997945563 K
      |- Projecting Sulfur Dioxide (OS17O) around 277061.5867 Mhz, at 0.677327319634 K
      |- Projecting Sulfur Dioxide (OS17O) around 277269.543 Mhz, at 0.119420873805 K
      |- Projecting Sulfur Dioxide (OS17O) around 277365.4535 Mhz, at 0.841400087232 K
      |- Projecting Sulfur Dioxide (OS17O) around 278746.2917 Mhz, at 0.0567593220554 K
*** Source: observed-CH3OHvt=0
  |- Projecting observed-CH3OHvt=0-c1
   --+ Generating template image
   --+ Generating template line distribution
   --+ Loading and correcting lines
      |- Projecting Methanol (CH3OHvt=0) around 275663.705 Mhz, at 0.255943543691 K
      |- Projecting Methanol (CH3OHvt=0) around 276648.18 Mhz, at 1.55766194228 K
      |- Projecting Methanol (CH3OHvt=0) around 276925.919 Mhz, at 1.12482350854 K
      |- Projecting Methanol (CH3OHvt=0) around 277171.928 Mhz, at 0.0948146140827 K
      |- Projecting Methanol (CH3OHvt=0) around 277940.773 Mhz, at 0.49993269917 K
      |- Projecting Methanol (CH3OHvt=0) around 278186.616 Mhz, at 0.49995188029 K
      |- Projecting Methanol (CH3OHvt=0) around 278304.51 Mhz, at 0.813602123202 K
      |- Projecting Methanol (CH3OHvt=0) around 278342.257 Mhz, at 0.629194368592 K
      |- Projecting Methanol (CH3OHvt=0) around 278480.23 Mhz, at 0.69690673157 K
      |- Projecting Methanol (CH3OHvt=0) around 278599.055 Mhz, at 1.46826667937 K
      |- Projecting Methanol (CH3OHvt=0) around 278672.92 Mhz, at 0.766747125748 K
      |- Projecting Methanol (CH3OHvt=0) around 278723.25 Mhz, at 0.766754486555 K
      |- Projecting Methanol (CH3OHvt=0) around 278965.129 Mhz, at 0.391754651328 K
*** Source: observed-HC15Nv=0
  |- Projecting observed-HC15Nv=0-c1
   --+ Generating template image
   --+ Generating template line distribution
   --+ Loading and correcting lines
*** Source: observed-H13CNv=0
  |- Projecting observed-H13CNv=0-c1
   --+ Generating template image
   --+ Generating template line distribution
   --+ Loading and correcting lines
*** Source: observed-H2C34S
  |- Projecting observed-H2C34S-c1
   --+ Generating template image
   --+ Generating template line distribution
   --+ Loading and correcting lines
      |- Projecting Thioformaldehyde (H2C34S) around 277295.9149 Mhz, at 0.880512801634 K
*** Source: observed-SO2v=0
  |- Projecting observed-SO2v=0-c1
   --+ Generating template image
   --+ Generating template line distribution
   --+ Loading and correcting lines
      |- Projecting Sulfur dioxide (SO2v=0) around 275184.4681 Mhz, at 0.00260652114279 K
      |- Projecting Sulfur dioxide (SO2v=0) around 275240.184 Mhz, at 1.01955989406 K
      |- Projecting Sulfur dioxide (SO2v=0) around 275297.6122 Mhz, at 3.33633783573e-06 K
      |- Projecting Sulfur dioxide (SO2v=0) around 275375.7013 Mhz, at 0.482006164518 K
      |- Projecting Sulfur dioxide (SO2v=0) around 276254.5765 Mhz, at 1.00928671418 K
      |- Projecting Sulfur dioxide (SO2v=0) around 276301.2521 Mhz, at 0.162557524615 K
      |- Projecting Sulfur dioxide (SO2v=0) around 276405.6375 Mhz, at 0.000127798774037 K
      |- Projecting Sulfur dioxide (SO2v=0) around 276558.3672 Mhz, at 0.390280626992 K
      |- Projecting Sulfur dioxide (SO2v=0) around 276641.1033 Mhz, at 9.72101213403e-07 K
      |- Projecting Sulfur dioxide (SO2v=0) around 276861.1198 Mhz, at 0.0151308267604 K
      |- Projecting Sulfur dioxide (SO2v=0) around 276992.9155 Mhz, at 0.0193606044591 K
      |- Projecting Sulfur dioxide (SO2v=0) around 277085.9287 Mhz, at 0.0686118438079 K
      |- Projecting Sulfur dioxide (SO2v=0) around 277629.5888 Mhz, at 8.82165019161e-06 K
      |- Projecting Sulfur dioxide (SO2v=0) around 278250.9723 Mhz, at 1.75014508657 K
      |- Projecting Sulfur dioxide (SO2v=0) around 278858.6075 Mhz, at 0.00104302645159 K
   -++ Saving FITS: data/cube_fixed_width_69.fits
