+++ Source 'observed-CH3OHvt=0' added
 |- Component added to 'observed-CH3OHvt=0' (observed-CH3OHvt=0-c1)
 ---+ Model: mol_list = ['CH3OHvt=0'] @ spa_form=('normal', 149.52090680978588, 50.40554381967549, 2.2988620158036737), spe_form=('skew', 8, 0), z=0.0, grad=('linear', 2.2988620158036737, 70.90860608498286)
+++ Source 'observed-33SO2' added
 |- Component added to 'observed-33SO2' (observed-33SO2-c1)
 ---+ Model: mol_list = ['33SO2'] @ spa_form=('normal', 71.79844631268884, 68.48988096839909, 0.4936207470824829), spe_form=('skew', 8, 0), z=0.0, grad=('linear', 0.4936207470824829, 67.67298691923351)
+++ Source 'observed-SO2v2=1' added
 |- Component added to 'observed-SO2v2=1' (observed-SO2v2=1-c1)
 ---+ Model: mol_list = ['SO2v2=1'] @ spa_form=('normal', 100.69816376215081, 76.4019334365826, 0.7711921946080004), spe_form=('skew', 8, 0), z=0.0, grad=('linear', 0.7711921946080004, 32.069135425845246)
+++ Source 'observed-H13CNv2=1' added
 |- Component added to 'observed-H13CNv2=1' (observed-H13CNv2=1-c1)
 ---+ Model: mol_list = ['H13CNv2=1'] @ spa_form=('normal', 132.9298250452968, 74.29794802109404, 3.0900574444068205), spe_form=('skew', 8, 0), z=0.0, grad=('linear', 3.0900574444068205, 55.53776340444887)
+++ Source 'observed-H213CS' added
 |- Component added to 'observed-H213CS' (observed-H213CS-c1)
 ---+ Model: mol_list = ['H213CS'] @ spa_form=('normal', 144.5597031425878, 46.375416883206086, 0.22016630793155775), spe_form=('skew', 8, 0), z=0.0, grad=('linear', 0.22016630793155775, 67.01333240839273)
+++ Source 'observed-H2C34S' added
 |- Component added to 'observed-H2C34S' (observed-H2C34S-c1)
 ---+ Model: mol_list = ['H2C34S'] @ spa_form=('normal', 80.64381663864751, 80.37634513414369, 0.9486206677801475), spe_form=('skew', 8, 0), z=0.0, grad=('linear', 0.9486206677801475, 28.848847970737232)
+++ Source 'observed-H2C18O' added
 |- Component added to 'observed-H2C18O' (observed-H2C18O-c1)
 ---+ Model: mol_list = ['H2C18O'] @ spa_form=('normal', 130.9734572914104, 52.59751920269858, 2.2128981852227323), spe_form=('skew', 8, 0), z=0.0, grad=('linear', 2.2128981852227323, 71.91915590647517)
+++ Source 'observed-H213CO' added
 |- Component added to 'observed-H213CO' (observed-H213CO-c1)
 ---+ Model: mol_list = ['H213CO'] @ spa_form=('normal', 52.988397092139735, 57.67111002788647, 1.233846888063737), spe_form=('skew', 8, 0), z=0.0, grad=('linear', 1.233846888063737, 18.906308578618884)
[*] Generating cube observerd
  |- Angular Coordinates (deg): ra=0 dec=0
  |- FOV (arcsec): ra=[-0.002777777777777778, 0.002777777777777778] dec=[-0.002777777777777778, 0.002777777777777778]
!!! WARNING: max ALMA bandwidth exceeded
  |- Spectral (MHz): center=277000 bandwidth=[275000.0, 279000.0]
  |- Cube size: 2 x 2 x 4000 
  |- Band: 7
*** Source: observed-H2C18O
  |- Projecting observed-H2C18O-c1
   --+ Generating template image
   --+ Generating template line distribution
   --+ Loading and correcting lines
      |- Projecting Formaldehyde (H2C18O) around 277062.652 Mhz, at 0.505057349517 K
      |- Projecting Formaldehyde (H2C18O) around 277562.802 Mhz, at 0.591626852579 K
      |- Projecting Formaldehyde (H2C18O) around 277675.2025 Mhz, at 0.7208555133 K
      |- Projecting Formaldehyde (H2C18O) around 277678.1029 Mhz, at 0.7208555133 K
      |- Projecting Formaldehyde (H2C18O) around 277853.3599 Mhz, at 0.365244022951 K
      |- Projecting Formaldehyde (H2C18O) around 278145.446 Mhz, at 0.591654383589 K
*** Source: observed-H213CS
  |- Projecting observed-H213CS-c1
   --+ Generating template image
   --+ Generating template line distribution
   --+ Loading and correcting lines
*** Source: observed-H13CNv2=1
  |- Projecting observed-H13CNv2=1-c1
   --+ Generating template image
   --+ Generating template line distribution
   --+ Loading and correcting lines
*** Source: observed-H2C34S
  |- Projecting observed-H2C34S-c1
   --+ Generating template image
   --+ Generating template line distribution
   --+ Loading and correcting lines
*** Source: observed-33SO2
  |- Projecting observed-33SO2-c1
   --+ Generating template image
   --+ Generating template line distribution
   --+ Loading and correcting lines
      |- Projecting Sulfur Dioxide (33SO2) around 275828.2515 Mhz, at 0.304439717122 K
      |- Projecting Sulfur Dioxide (33SO2) around 275828.3672 Mhz, at 0.304439717122 K
      |- Projecting Sulfur Dioxide (33SO2) around 275831.1722 Mhz, at 0.304439717122 K
      |- Projecting Sulfur Dioxide (33SO2) around 275831.2604 Mhz, at 0.304439859194 K
*** Source: observed-CH3OHvt=0
  |- Projecting observed-CH3OHvt=0-c1
   --+ Generating template image
   --+ Generating template line distribution
   --+ Loading and correcting lines
      |- Projecting Methanol (CH3OHvt=0) around 276648.18 Mhz, at 0.133424556084 K
      |- Projecting Methanol (CH3OHvt=0) around 278599.055 Mhz, at 0.125767231381 K
*** Source: observed-SO2v2=1
  |- Projecting observed-SO2v2=1-c1
   --+ Generating template image
   --+ Generating template line distribution
   --+ Loading and correcting lines
*** Source: observed-H213CO
  |- Projecting observed-H213CO-c1
   --+ Generating template image
   --+ Generating template line distribution
   --+ Loading and correcting lines
   -++ Saving FITS: data/cube_variable_width_90.fits
