+++ Source 'observed-CH3OHvt=0' added
 |- Component added to 'observed-CH3OHvt=0' (observed-CH3OHvt=0-c1)
 ---+ Model: mol_list = ['CH3OHvt=0'] @ spa_form=('normal', 119.3299744239155, 43.248487941181914, 0.09518896979592874), spe_form=('skew', 8, 0), z=0.0, grad=('linear', 0.09518896979592874, 88.8566962316958)
+++ Source 'observed-SO2v=0' added
 |- Component added to 'observed-SO2v=0' (observed-SO2v=0-c1)
 ---+ Model: mol_list = ['SO2v=0'] @ spa_form=('normal', 55.81256749628828, 86.37294918523027, 1.3940719996931685), spe_form=('skew', 8, 0), z=0.0, grad=('linear', 1.3940719996931685, 11.022586410667119)
+++ Source 'observed-34SO2v=0' added
 |- Component added to 'observed-34SO2v=0' (observed-34SO2v=0-c1)
 ---+ Model: mol_list = ['34SO2v=0'] @ spa_form=('normal', 69.26927831123598, 77.40572793321937, 0.27246623593593555), spe_form=('skew', 8, 0), z=0.0, grad=('linear', 0.27246623593593555, 89.04645402927027)
+++ Source 'observed-OS18O' added
 |- Component added to 'observed-OS18O' (observed-OS18O-c1)
 ---+ Model: mol_list = ['OS18O'] @ spa_form=('normal', 85.77824798938931, 93.54106998767665, 0.21179152676035823), spe_form=('skew', 8, 0), z=0.0, grad=('linear', 0.21179152676035823, 61.955942435452016)
+++ Source 'observed-OS17O' added
 |- Component added to 'observed-OS17O' (observed-OS17O-c1)
 ---+ Model: mol_list = ['OS17O'] @ spa_form=('normal', 99.13507672042095, 93.54158273526377, 2.5583491739814535), spe_form=('skew', 8, 0), z=0.0, grad=('linear', 2.5583491739814535, 110.98237632115368)
+++ Source 'observed-H2C34S' added
 |- Component added to 'observed-H2C34S' (observed-H2C34S-c1)
 ---+ Model: mol_list = ['H2C34S'] @ spa_form=('normal', 63.96726179407716, 53.09247757098178, 1.2784612129566324), spe_form=('skew', 8, 0), z=0.0, grad=('linear', 1.2784612129566324, 127.3545326345224)
+++ Source 'observed-H2C18O' added
 |- Component added to 'observed-H2C18O' (observed-H2C18O-c1)
 ---+ Model: mol_list = ['H2C18O'] @ spa_form=('normal', 52.756007860226696, 95.09890738599061, 1.8851104939691834), spe_form=('skew', 8, 0), z=0.0, grad=('linear', 1.8851104939691834, 80.09753077828702)
[*] Generating cube observerd
  |- Angular Coordinates (deg): ra=0 dec=0
  |- FOV (arcsec): ra=[-0.002777777777777778, 0.002777777777777778] dec=[-0.002777777777777778, 0.002777777777777778]
!!! WARNING: max ALMA bandwidth exceeded
  |- Spectral (MHz): center=277000 bandwidth=[275000.0, 279000.0]
  |- Cube size: 2 x 2 x 4000 
  |- Band: 7
*** Source: observed-OS18O
  |- Projecting observed-OS18O-c1
   --+ Generating template image
   --+ Generating template line distribution
   --+ Loading and correcting lines
      |- Projecting Sulfur Dioxide (OS18O) around 275282.0764 Mhz, at 0.170494413254 K
      |- Projecting Sulfur Dioxide (OS18O) around 275552.9984 Mhz, at 0.211510673446 K
      |- Projecting Sulfur Dioxide (OS18O) around 276002.289 Mhz, at 0.223237999055 K
      |- Projecting Sulfur Dioxide (OS18O) around 276274.7786 Mhz, at 0.137013454543 K
      |- Projecting Sulfur Dioxide (OS18O) around 277080.9497 Mhz, at 0.14841096696 K
      |- Projecting Sulfur Dioxide (OS18O) around 277088.3147 Mhz, at 0.148410818549 K
*** Source: observed-H2C18O
  |- Projecting observed-H2C18O-c1
   --+ Generating template image
   --+ Generating template line distribution
   --+ Loading and correcting lines
      |- Projecting Formaldehyde (H2C18O) around 277062.652 Mhz, at 0.472085834523 K
      |- Projecting Formaldehyde (H2C18O) around 277562.802 Mhz, at 0.553003845391 K
      |- Projecting Formaldehyde (H2C18O) around 277675.2025 Mhz, at 0.673796108289 K
      |- Projecting Formaldehyde (H2C18O) around 277678.1029 Mhz, at 0.673796108289 K
      |- Projecting Formaldehyde (H2C18O) around 277853.3599 Mhz, at 0.341399901505 K
      |- Projecting Formaldehyde (H2C18O) around 278145.446 Mhz, at 0.553029579102 K
*** Source: observed-34SO2v=0
  |- Projecting observed-34SO2v=0-c1
   --+ Generating template image
   --+ Generating template line distribution
   --+ Loading and correcting lines
      |- Projecting Sulfur Dioxide (34SO2v=0) around 275434.2181 Mhz, at 0.838486714335 K
      |- Projecting Sulfur Dioxide (34SO2v=0) around 276483.977 Mhz, at 0.705109401291 K
      |- Projecting Sulfur Dioxide (34SO2v=0) around 276999.6054 Mhz, at 0.371193566788 K
      |- Projecting Sulfur Dioxide (34SO2v=0) around 277150.575 Mhz, at 0.4141602888 K
      |- Projecting Sulfur Dioxide (34SO2v=0) around 277470.0761 Mhz, at 0.221829500251 K
      |- Projecting Sulfur Dioxide (34SO2v=0) around 278835.2175 Mhz, at 0.464907535104 K
*** Source: observed-H2C34S
  |- Projecting observed-H2C34S-c1
   --+ Generating template image
   --+ Generating template line distribution
   --+ Loading and correcting lines
      |- Projecting Thioformaldehyde (H2C34S) around 277295.9149 Mhz, at 0.547399874063 K
*** Source: observed-OS17O
  |- Projecting observed-OS17O-c1
   --+ Generating template image
   --+ Generating template line distribution
   --+ Loading and correcting lines
      |- Projecting Sulfur Dioxide (OS17O) around 275054.7862 Mhz, at 0.152003729118 K
      |- Projecting Sulfur Dioxide (OS17O) around 275142.6319 Mhz, at 0.189032303961 K
      |- Projecting Sulfur Dioxide (OS17O) around 275151.3474 Mhz, at 0.189032026714 K
      |- Projecting Sulfur Dioxide (OS17O) around 275431.4561 Mhz, at 0.166078669301 K
      |- Projecting Sulfur Dioxide (OS17O) around 277061.5867 Mhz, at 0.140757612979 K
      |- Projecting Sulfur Dioxide (OS17O) around 277365.4535 Mhz, at 0.174854113227 K
*** Source: observed-CH3OHvt=0
  |- Projecting observed-CH3OHvt=0-c1
   --+ Generating template image
   --+ Generating template line distribution
   --+ Loading and correcting lines
      |- Projecting Methanol (CH3OHvt=0) around 276648.18 Mhz, at 0.209549217068 K
      |- Projecting Methanol (CH3OHvt=0) around 276925.919 Mhz, at 0.151320308443 K
      |- Projecting Methanol (CH3OHvt=0) around 278599.055 Mhz, at 0.197523047048 K
*** Source: observed-SO2v=0
  |- Projecting observed-SO2v=0-c1
   --+ Generating template image
   --+ Generating template line distribution
   --+ Loading and correcting lines
      |- Projecting Sulfur dioxide (SO2v=0) around 275240.184 Mhz, at 0.137568992357 K
      |- Projecting Sulfur dioxide (SO2v=0) around 276254.5765 Mhz, at 0.136182834454 K
      |- Projecting Sulfur dioxide (SO2v=0) around 278250.9723 Mhz, at 0.236146691763 K
   -++ Saving FITS: data/cube_variable_width_96.fits
