+++ Source 'observed-CH3OHvt=0' added
 |- Component added to 'observed-CH3OHvt=0' (observed-CH3OHvt=0-c1)
 ---+ Model: mol_list = ['CH3OHvt=0'] @ spa_form=('normal', 145.41955389750905, 98.30431973736101, 1.748510752517446), spe_form=('skew', 8, 0), z=0.0, grad=('linear', 1.748510752517446, 28.936557357587446)
+++ Source 'observed-34SO2v=0' added
 |- Component added to 'observed-34SO2v=0' (observed-34SO2v=0-c1)
 ---+ Model: mol_list = ['34SO2v=0'] @ spa_form=('normal', 77.99443563500373, 44.224159585666115, 0.7794548650861989), spe_form=('skew', 8, 0), z=0.0, grad=('linear', 0.7794548650861989, 11.55884353570006)
+++ Source 'observed-OS18O' added
 |- Component added to 'observed-OS18O' (observed-OS18O-c1)
 ---+ Model: mol_list = ['OS18O'] @ spa_form=('normal', 95.28624815575807, 57.15692207030311, 0.2903136322947085), spe_form=('skew', 8, 0), z=0.0, grad=('linear', 0.2903136322947085, 106.11183207617111)
+++ Source 'observed-HC15Nv=0' added
 |- Component added to 'observed-HC15Nv=0' (observed-HC15Nv=0-c1)
 ---+ Model: mol_list = ['HC15Nv=0'] @ spa_form=('normal', 75.97079078957984, 53.23660706577922, 0.1734887883544319), spe_form=('skew', 8, 0), z=0.0, grad=('linear', 0.1734887883544319, 140.24745771461696)
+++ Source 'observed-H13CNv2=1' added
 |- Component added to 'observed-H13CNv2=1' (observed-H13CNv2=1-c1)
 ---+ Model: mol_list = ['H13CNv2=1'] @ spa_form=('normal', 116.3426522743954, 82.5997258161913, 2.271867390227828), spe_form=('skew', 8, 0), z=0.0, grad=('linear', 2.271867390227828, 68.59354220639901)
+++ Source 'observed-H13CNv=0' added
 |- Component added to 'observed-H13CNv=0' (observed-H13CNv=0-c1)
 ---+ Model: mol_list = ['H13CNv=0'] @ spa_form=('normal', 61.64738540835398, 61.20006811769127, 1.696349967037112), spe_form=('skew', 8, 0), z=0.0, grad=('linear', 1.696349967037112, 60.85655948190222)
[*] Generating cube observerd
  |- Angular Coordinates (deg): ra=0 dec=0
  |- FOV (arcsec): ra=[-0.002777777777777778, 0.002777777777777778] dec=[-0.002777777777777778, 0.002777777777777778]
!!! WARNING: max ALMA bandwidth exceeded
  |- Spectral (MHz): center=277000 bandwidth=[275000.0, 279000.0]
  |- Cube size: 2 x 2 x 4000 
  |- Band: 7
*** Source: observed-OS18O
  |- Projecting observed-OS18O-c1
   --+ Generating template image
   --+ Generating template line distribution
   --+ Loading and correcting lines
      |- Projecting Sulfur Dioxide (OS18O) around 275207.6031 Mhz, at 0.693561777405 K
      |- Projecting Sulfur Dioxide (OS18O) around 275282.0764 Mhz, at 1.28519908643 K
      |- Projecting Sulfur Dioxide (OS18O) around 275454.6038 Mhz, at 0.577991974175 K
      |- Projecting Sulfur Dioxide (OS18O) around 275552.9984 Mhz, at 1.59438259058 K
      |- Projecting Sulfur Dioxide (OS18O) around 275646.3336 Mhz, at 0.285061709977 K
      |- Projecting Sulfur Dioxide (OS18O) around 276002.289 Mhz, at 1.68278401014 K
      |- Projecting Sulfur Dioxide (OS18O) around 276274.7786 Mhz, at 1.03281722401 K
      |- Projecting Sulfur Dioxide (OS18O) around 276277.2242 Mhz, at 0.681640470668 K
      |- Projecting Sulfur Dioxide (OS18O) around 276567.9332 Mhz, at 0.129340912331 K
      |- Projecting Sulfur Dioxide (OS18O) around 276568.1446 Mhz, at 0.129340912331 K
      |- Projecting Sulfur Dioxide (OS18O) around 277080.9497 Mhz, at 1.11873248813 K
      |- Projecting Sulfur Dioxide (OS18O) around 277088.3147 Mhz, at 1.1187313694 K
      |- Projecting Sulfur Dioxide (OS18O) around 278393.6459 Mhz, at 0.770449735483 K
*** Source: observed-H13CNv2=1
  |- Projecting observed-H13CNv2=1-c1
   --+ Generating template image
   --+ Generating template line distribution
   --+ Loading and correcting lines
*** Source: observed-34SO2v=0
  |- Projecting observed-34SO2v=0-c1
   --+ Generating template image
   --+ Generating template line distribution
   --+ Loading and correcting lines
      |- Projecting Sulfur Dioxide (34SO2v=0) around 275434.2181 Mhz, at 0.727829266191 K
      |- Projecting Sulfur Dioxide (34SO2v=0) around 276483.977 Mhz, at 0.612054131988 K
      |- Projecting Sulfur Dioxide (34SO2v=0) around 276999.6054 Mhz, at 0.322206108589 K
      |- Projecting Sulfur Dioxide (34SO2v=0) around 277150.575 Mhz, at 0.359502391546 K
      |- Projecting Sulfur Dioxide (34SO2v=0) around 277470.0761 Mhz, at 0.192554037681 K
      |- Projecting Sulfur Dioxide (34SO2v=0) around 278835.2175 Mhz, at 0.403552381137 K
*** Source: observed-CH3OHvt=0
  |- Projecting observed-CH3OHvt=0-c1
   --+ Generating template image
   --+ Generating template line distribution
   --+ Loading and correcting lines
      |- Projecting Methanol (CH3OHvt=0) around 275663.705 Mhz, at 0.179719571668 K
      |- Projecting Methanol (CH3OHvt=0) around 276648.18 Mhz, at 1.09376596507 K
      |- Projecting Methanol (CH3OHvt=0) around 276925.919 Mhz, at 0.789833555644 K
      |- Projecting Methanol (CH3OHvt=0) around 277940.773 Mhz, at 0.351044958048 K
      |- Projecting Methanol (CH3OHvt=0) around 278186.616 Mhz, at 0.351058426731 K
      |- Projecting Methanol (CH3OHvt=0) around 278304.51 Mhz, at 0.571298744174 K
      |- Projecting Methanol (CH3OHvt=0) around 278342.257 Mhz, at 0.441810489878 K
      |- Projecting Methanol (CH3OHvt=0) around 278480.23 Mhz, at 0.489357056967 K
      |- Projecting Methanol (CH3OHvt=0) around 278599.055 Mhz, at 1.03099400323 K
      |- Projecting Methanol (CH3OHvt=0) around 278672.92 Mhz, at 0.538397894433 K
      |- Projecting Methanol (CH3OHvt=0) around 278723.25 Mhz, at 0.538403063078 K
      |- Projecting Methanol (CH3OHvt=0) around 278965.129 Mhz, at 0.275084017046 K
*** Source: observed-HC15Nv=0
  |- Projecting observed-HC15Nv=0-c1
   --+ Generating template image
   --+ Generating template line distribution
   --+ Loading and correcting lines
*** Source: observed-H13CNv=0
  |- Projecting observed-H13CNv=0-c1
   --+ Generating template image
   --+ Generating template line distribution
   --+ Loading and correcting lines
   -++ Saving FITS: data/cube_variable_width_86.fits
