+++ Source 'observed-SO2v2=1' added
 |- Component added to 'observed-SO2v2=1' (observed-SO2v2=1-c1)
 ---+ Model: mol_list = ['SO2v2=1'] @ spa_form=('normal', 127.76460397026217, 47.26527821200083, 2.1438418942705684), spe_form=('skew', 8, 0), z=0.0, grad=('linear', 2.1438418942705684, 12.368094195007888)
+++ Source 'observed-OS18O' added
 |- Component added to 'observed-OS18O' (observed-OS18O-c1)
 ---+ Model: mol_list = ['OS18O'] @ spa_form=('normal', 72.78895103366895, 60.95402531653228, 1.1751673180705957), spe_form=('skew', 8, 0), z=0.0, grad=('linear', 1.1751673180705957, 69.3764868006713)
+++ Source 'observed-OS17O' added
 |- Component added to 'observed-OS17O' (observed-OS17O-c1)
 ---+ Model: mol_list = ['OS17O'] @ spa_form=('normal', 130.0493944047205, 79.71664244221682, 1.5483445734785535), spe_form=('skew', 8, 0), z=0.0, grad=('linear', 1.5483445734785535, 94.2346824051935)
+++ Source 'observed-HC15Nv=0' added
 |- Component added to 'observed-HC15Nv=0' (observed-HC15Nv=0-c1)
 ---+ Model: mol_list = ['HC15Nv=0'] @ spa_form=('normal', 89.24313255539258, 90.72680653685438, 1.6172524492473204), spe_form=('skew', 8, 0), z=0.0, grad=('linear', 1.6172524492473204, 82.85636767321243)
[*] Generating cube observerd
  |- Angular Coordinates (deg): ra=0 dec=0
  |- FOV (arcsec): ra=[-0.002777777777777778, 0.002777777777777778] dec=[-0.002777777777777778, 0.002777777777777778]
!!! WARNING: max ALMA bandwidth exceeded
  |- Spectral (MHz): center=604000 bandwidth=[602000.0, 606000.0]
  |- Cube size: 2 x 2 x 4000 
  |- Band: 9
*** Source: observed-SO2v2=1
  |- Projecting observed-SO2v2=1-c1
   --+ Generating template image
   --+ Generating template line distribution
   --+ Loading and correcting lines
*** Source: observed-OS17O
  |- Projecting observed-OS17O-c1
   --+ Generating template image
   --+ Generating template line distribution
   --+ Loading and correcting lines
      |- Projecting Sulfur Dioxide (OS17O) around 603105.7123 Mhz, at 0.734391295391 K
      |- Projecting Sulfur Dioxide (OS17O) around 603106.5013 Mhz, at 0.734391295391 K
      |- Projecting Sulfur Dioxide (OS17O) around 604501.9322 Mhz, at 1.17428111214 K
      |- Projecting Sulfur Dioxide (OS17O) around 605172.0102 Mhz, at 0.753487593841 K
      |- Projecting Sulfur Dioxide (OS17O) around 605172.0102 Mhz, at 0.753487593841 K
      |- Projecting Sulfur Dioxide (OS17O) around 605240.925 Mhz, at 0.78194821716 K
      |- Projecting Sulfur Dioxide (OS17O) around 605724.232 Mhz, at 0.508784299282 K
*** Source: observed-HC15Nv=0
  |- Projecting observed-HC15Nv=0-c1
   --+ Generating template image
   --+ Generating template line distribution
   --+ Loading and correcting lines
*** Source: observed-OS18O
  |- Projecting observed-OS18O-c1
   --+ Generating template image
   --+ Generating template line distribution
   --+ Loading and correcting lines
      |- Projecting Sulfur Dioxide (OS18O) around 602313.3835 Mhz, at 0.497187099235 K
   -++ Saving FITS: data/cube_fixed_width_14.fits
