+++ Source 'observed-CH3OHvt=0' added
 |- Component added to 'observed-CH3OHvt=0' (observed-CH3OHvt=0-c1)
 ---+ Model: mol_list = ['CH3OHvt=0'] @ spa_form=('normal', 74.92597630232463, 60.465970669825516, 1.9561380798748447), spe_form=('skew', 8, 0), z=0.0, grad=('linear', 1.9561380798748447, 65.44270885807487)
+++ Source 'observed-33SO2' added
 |- Component added to 'observed-33SO2' (observed-33SO2-c1)
 ---+ Model: mol_list = ['33SO2'] @ spa_form=('normal', 107.78814841558874, 50.93005389454562, 2.307248686599521), spe_form=('skew', 8, 0), z=0.0, grad=('linear', 2.307248686599521, 12.743361143757106)
+++ Source 'observed-OS18O' added
 |- Component added to 'observed-OS18O' (observed-OS18O-c1)
 ---+ Model: mol_list = ['OS18O'] @ spa_form=('normal', 90.32719774900407, 57.109631797395856, 2.7283861547929025), spe_form=('skew', 8, 0), z=0.0, grad=('linear', 2.7283861547929025, 134.40729560872006)
+++ Source 'observed-OS17O' added
 |- Component added to 'observed-OS17O' (observed-OS17O-c1)
 ---+ Model: mol_list = ['OS17O'] @ spa_form=('normal', 132.60832055946096, 54.08002317403754, 0.08184288948261782), spe_form=('skew', 8, 0), z=0.0, grad=('linear', 0.08184288948261782, 61.892952002619545)
+++ Source 'observed-H13CNv2=1' added
 |- Component added to 'observed-H13CNv2=1' (observed-H13CNv2=1-c1)
 ---+ Model: mol_list = ['H13CNv2=1'] @ spa_form=('normal', 116.01157434660074, 67.12941865041276, 0.8477369072039993), spe_form=('skew', 8, 0), z=0.0, grad=('linear', 0.8477369072039993, 146.54217041493288)
+++ Source 'observed-H13CNv=0' added
 |- Component added to 'observed-H13CNv=0' (observed-H13CNv=0-c1)
 ---+ Model: mol_list = ['H13CNv=0'] @ spa_form=('normal', 120.23920414084128, 50.90091328409592, 1.4191670584282183), spe_form=('skew', 8, 0), z=0.0, grad=('linear', 1.4191670584282183, 37.69824116538243)
+++ Source 'observed-H213CS' added
 |- Component added to 'observed-H213CS' (observed-H213CS-c1)
 ---+ Model: mol_list = ['H213CS'] @ spa_form=('normal', 94.96264753516394, 61.51351491156496, 1.9364342358823976), spe_form=('skew', 8, 0), z=0.0, grad=('linear', 1.9364342358823976, 52.24344918684087)
+++ Source 'observed-H2C34S' added
 |- Component added to 'observed-H2C34S' (observed-H2C34S-c1)
 ---+ Model: mol_list = ['H2C34S'] @ spa_form=('normal', 61.20144104098748, 66.56121294626408, 0.6165476322604642), spe_form=('skew', 8, 0), z=0.0, grad=('linear', 0.6165476322604642, 106.63056272475418)
+++ Source 'observed-H2C18O' added
 |- Component added to 'observed-H2C18O' (observed-H2C18O-c1)
 ---+ Model: mol_list = ['H2C18O'] @ spa_form=('normal', 57.93763022876646, 73.4606646449429, 0.702858697247493), spe_form=('skew', 8, 0), z=0.0, grad=('linear', 0.702858697247493, 100.03667834631567)
+++ Source 'observed-H213CO' added
 |- Component added to 'observed-H213CO' (observed-H213CO-c1)
 ---+ Model: mol_list = ['H213CO'] @ spa_form=('normal', 97.81602751042702, 45.86111968531429, 1.7900049868367172), spe_form=('skew', 8, 0), z=0.0, grad=('linear', 1.7900049868367172, 133.52740160351945)
[*] Generating cube observerd
  |- Angular Coordinates (deg): ra=0 dec=0
  |- FOV (arcsec): ra=[-0.002777777777777778, 0.002777777777777778] dec=[-0.002777777777777778, 0.002777777777777778]
!!! WARNING: max ALMA bandwidth exceeded
  |- Spectral (MHz): center=604000 bandwidth=[602000.0, 606000.0]
  |- Cube size: 2 x 2 x 4000 
  |- Band: 9
*** Source: observed-OS18O
  |- Projecting observed-OS18O-c1
   --+ Generating template image
   --+ Generating template line distribution
   --+ Loading and correcting lines
      |- Projecting Sulfur Dioxide (OS18O) around 602313.3835 Mhz, at 1.25997875284 K
      |- Projecting Sulfur Dioxide (OS18O) around 603090.155 Mhz, at 1.02722407516 K
      |- Projecting Sulfur Dioxide (OS18O) around 603608.7849 Mhz, at 0.882183605326 K
      |- Projecting Sulfur Dioxide (OS18O) around 605850.3965 Mhz, at 0.570754861804 K
*** Source: observed-H2C18O
  |- Projecting observed-H2C18O-c1
   --+ Generating template image
   --+ Generating template line distribution
   --+ Loading and correcting lines
      |- Projecting Formaldehyde (H2C18O) around 603231.51 Mhz, at 0.895532240777 K
*** Source: observed-H213CS
  |- Projecting observed-H213CS-c1
   --+ Generating template image
   --+ Generating template line distribution
   --+ Loading and correcting lines
      |- Projecting Thioformaldehyde (H213CS) around 602149.9892 Mhz, at 0.537001268945 K
*** Source: observed-H13CNv2=1
  |- Projecting observed-H13CNv2=1-c1
   --+ Generating template image
   --+ Generating template line distribution
   --+ Loading and correcting lines
*** Source: observed-H2C34S
  |- Projecting observed-H2C34S-c1
   --+ Generating template image
   --+ Generating template line distribution
   --+ Loading and correcting lines
      |- Projecting Thioformaldehyde (H2C34S) around 604710.9998 Mhz, at 1.59431663143 K
*** Source: observed-33SO2
  |- Projecting observed-33SO2-c1
   --+ Generating template image
   --+ Generating template line distribution
   --+ Loading and correcting lines
      |- Projecting Sulfur Dioxide (33SO2) around 602337.0627 Mhz, at 1.18169706043 K
      |- Projecting Sulfur Dioxide (33SO2) around 602338.0039 Mhz, at 1.18169706043 K
      |- Projecting Sulfur Dioxide (33SO2) around 602348.9212 Mhz, at 1.18169591812 K
      |- Projecting Sulfur Dioxide (33SO2) around 602349.8184 Mhz, at 1.18169532727 K
      |- Projecting Sulfur Dioxide (33SO2) around 602488.3231 Mhz, at 1.40873277444 K
      |- Projecting Sulfur Dioxide (33SO2) around 602499.1576 Mhz, at 1.4087307083 K
      |- Projecting Sulfur Dioxide (33SO2) around 603112.9816 Mhz, at 1.59332882035 K
      |- Projecting Sulfur Dioxide (33SO2) around 603113.1191 Mhz, at 1.59332882035 K
      |- Projecting Sulfur Dioxide (33SO2) around 603113.2126 Mhz, at 1.59332882035 K
      |- Projecting Sulfur Dioxide (33SO2) around 603113.2683 Mhz, at 1.59332882035 K
      |- Projecting Sulfur Dioxide (33SO2) around 604736.5656 Mhz, at 0.880764345046 K
      |- Projecting Sulfur Dioxide (33SO2) around 604736.767 Mhz, at 0.880764345046 K
      |- Projecting Sulfur Dioxide (33SO2) around 604736.8741 Mhz, at 0.880764345046 K
      |- Projecting Sulfur Dioxide (33SO2) around 604736.8962 Mhz, at 0.880764345046 K
      |- Projecting Sulfur Dioxide (33SO2) around 604736.926 Mhz, at 0.880764345046 K
      |- Projecting Sulfur Dioxide (33SO2) around 604736.9663 Mhz, at 0.880764345046 K
      |- Projecting Sulfur Dioxide (33SO2) around 604736.9892 Mhz, at 0.880764345046 K
      |- Projecting Sulfur Dioxide (33SO2) around 605162.1267 Mhz, at 0.985861394373 K
      |- Projecting Sulfur Dioxide (33SO2) around 605162.2359 Mhz, at 0.985861394373 K
      |- Projecting Sulfur Dioxide (33SO2) around 605162.3107 Mhz, at 0.985861394373 K
      |- Projecting Sulfur Dioxide (33SO2) around 605162.3529 Mhz, at 0.985861394373 K
      |- Projecting Sulfur Dioxide (33SO2) around 605357.5302 Mhz, at 1.011267902 K
      |- Projecting Sulfur Dioxide (33SO2) around 605366.9145 Mhz, at 1.011267902 K
      |- Projecting Sulfur Dioxide (33SO2) around 605367.499 Mhz, at 1.0112693852 K
      |- Projecting Sulfur Dioxide (33SO2) around 605367.499 Mhz, at 1.0112693852 K
      |- Projecting Sulfur Dioxide (33SO2) around 605367.499 Mhz, at 1.011267902 K
      |- Projecting Sulfur Dioxide (33SO2) around 605367.499 Mhz, at 1.011267902 K
      |- Projecting Sulfur Dioxide (33SO2) around 605377.1052 Mhz, at 1.0112693852 K
*** Source: observed-OS17O
  |- Projecting observed-OS17O-c1
   --+ Generating template image
   --+ Generating template line distribution
   --+ Loading and correcting lines
      |- Projecting Sulfur Dioxide (OS17O) around 603105.7123 Mhz, at 0.760228526659 K
      |- Projecting Sulfur Dioxide (OS17O) around 603106.5013 Mhz, at 0.760228526659 K
      |- Projecting Sulfur Dioxide (OS17O) around 604501.9322 Mhz, at 1.2155944731 K
      |- Projecting Sulfur Dioxide (OS17O) around 605172.0102 Mhz, at 0.779996667876 K
      |- Projecting Sulfur Dioxide (OS17O) around 605172.0102 Mhz, at 0.779996667876 K
      |- Projecting Sulfur Dioxide (OS17O) around 605240.925 Mhz, at 0.809458588067 K
      |- Projecting Sulfur Dioxide (OS17O) around 605724.232 Mhz, at 0.526684263088 K
*** Source: observed-CH3OHvt=0
  |- Projecting observed-CH3OHvt=0-c1
   --+ Generating template image
   --+ Generating template line distribution
   --+ Loading and correcting lines
      |- Projecting Methanol (CH3OHvt=0) around 602233.197 Mhz, at 0.885525188182 K
      |- Projecting Methanol (CH3OHvt=0) around 605587.005 Mhz, at 0.788634105474 K
*** Source: observed-H13CNv=0
  |- Projecting observed-H13CNv=0-c1
   --+ Generating template image
   --+ Generating template line distribution
   --+ Loading and correcting lines
      |- Projecting Hydrogen Cyanide (H13CNv=0) around 604267.914 Mhz, at 0.877910390106 K
*** Source: observed-H213CO
  |- Projecting observed-H213CO-c1
   --+ Generating template image
   --+ Generating template line distribution
   --+ Loading and correcting lines
      |- Projecting Formaldehyde (H213CO) around 602083.584 Mhz, at 0.73274623725 K
   -++ Saving FITS: data/cube_fixed_width_6.fits
