+++ Source 'observed-CH3OHvt=0' added
 |- Component added to 'observed-CH3OHvt=0' (observed-CH3OHvt=0-c1)
 ---+ Model: mol_list = ['CH3OHvt=0'] @ spa_form=('normal', 55.844090257500525, 67.96073301201186, 0.7401507597446014), spe_form=('skew', 8, 0), z=0.0, grad=('linear', 0.7401507597446014, 144.84383959772194)
+++ Source 'observed-SO2v=0' added
 |- Component added to 'observed-SO2v=0' (observed-SO2v=0-c1)
 ---+ Model: mol_list = ['SO2v=0'] @ spa_form=('normal', 102.35577758855266, 67.97426770005208, 0.6450104703124766), spe_form=('skew', 8, 0), z=0.0, grad=('linear', 0.6450104703124766, 77.66476762027324)
+++ Source 'observed-H13CNv2=1' added
 |- Component added to 'observed-H13CNv2=1' (observed-H13CNv2=1-c1)
 ---+ Model: mol_list = ['H13CNv2=1'] @ spa_form=('normal', 131.19575415462404, 91.46047513675472, 2.5079205934934476), spe_form=('skew', 8, 0), z=0.0, grad=('linear', 2.5079205934934476, 12.34825946952688)
+++ Source 'observed-H2C34S' added
 |- Component added to 'observed-H2C34S' (observed-H2C34S-c1)
 ---+ Model: mol_list = ['H2C34S'] @ spa_form=('normal', 121.0102089272989, 43.22965388721436, 0.03850097876453162), spe_form=('skew', 8, 0), z=0.0, grad=('linear', 0.03850097876453162, 145.93320745264867)
+++ Source 'observed-H213CO' added
 |- Component added to 'observed-H213CO' (observed-H213CO-c1)
 ---+ Model: mol_list = ['H213CO'] @ spa_form=('normal', 147.76298950362138, 42.36455955292755, 0.5247263130874326), spe_form=('skew', 8, 0), z=0.0, grad=('linear', 0.5247263130874326, 40.19290581753659)
[*] Generating cube observerd
  |- Angular Coordinates (deg): ra=0 dec=0
  |- FOV (arcsec): ra=[-0.002777777777777778, 0.002777777777777778] dec=[-0.002777777777777778, 0.002777777777777778]
!!! WARNING: max ALMA bandwidth exceeded
  |- Spectral (MHz): center=604000 bandwidth=[602000.0, 606000.0]
  |- Cube size: 2 x 2 x 4000 
  |- Band: 9
*** Source: observed-H13CNv2=1
  |- Projecting observed-H13CNv2=1-c1
   --+ Generating template image
   --+ Generating template line distribution
   --+ Loading and correcting lines
      |- Projecting Hydrogen Cyanide (H13CNv2=1) around 604090.544 Mhz, at 0.136416854932 K
*** Source: observed-H2C34S
  |- Projecting observed-H2C34S-c1
   --+ Generating template image
   --+ Generating template line distribution
   --+ Loading and correcting lines
      |- Projecting Thioformaldehyde (H2C34S) around 604710.9998 Mhz, at 1.27468692552 K
      |- Projecting Thioformaldehyde (H2C34S) around 605200.1552 Mhz, at 0.00934078048224 K
      |- Projecting Thioformaldehyde (H2C34S) around 605200.1552 Mhz, at 0.00934078048224 K
      |- Projecting Thioformaldehyde (H2C34S) around 605585.4505 Mhz, at 0.0231312468003 K
      |- Projecting Thioformaldehyde (H2C34S) around 605585.4505 Mhz, at 0.0231312468003 K
      |- Projecting Thioformaldehyde (H2C34S) around 605935.8198 Mhz, at 0.0526735278843 K
      |- Projecting Thioformaldehyde (H2C34S) around 605935.8198 Mhz, at 0.0526735278843 K
*** Source: observed-H213CO
  |- Projecting observed-H213CO-c1
   --+ Generating template image
   --+ Generating template line distribution
   --+ Loading and correcting lines
      |- Projecting Formaldehyde (H213CO) around 602083.584 Mhz, at 0.49517382549 K
*** Source: observed-CH3OHvt=0
  |- Projecting observed-CH3OHvt=0-c1
   --+ Generating template image
   --+ Generating template line distribution
   --+ Loading and correcting lines
      |- Projecting Methanol (CH3OHvt=0) around 602233.197 Mhz, at 0.988431232624 K
      |- Projecting Methanol (CH3OHvt=0) around 604903.184 Mhz, at 0.507256117853 K
      |- Projecting Methanol (CH3OHvt=0) around 605587.005 Mhz, at 0.880280528851 K
*** Source: observed-SO2v=0
  |- Projecting observed-SO2v=0-c1
   --+ Generating template image
   --+ Generating template line distribution
   --+ Loading and correcting lines
      |- Projecting Sulfur dioxide (SO2v=0) around 604367.4364 Mhz, at 0.23508367385 K
      |- Projecting Sulfur dioxide (SO2v=0) around 604406.5377 Mhz, at 0.224125540392 K
      |- Projecting Sulfur dioxide (SO2v=0) around 604987.346 Mhz, at 1.97604661313e-06 K
      |- Projecting Sulfur dioxide (SO2v=0) around 605118.5165 Mhz, at 0.00323632192416 K
      |- Projecting Sulfur dioxide (SO2v=0) around 605532.5228 Mhz, at 0.284788730735 K
   -++ Saving FITS: data/cube_fixed_width_12.fits
