+++ Source 'observed-SO2v=0' added
 |- Component added to 'observed-SO2v=0' (observed-SO2v=0-c1)
 ---+ Model: mol_list = ['SO2v=0'] @ spa_form=('normal', 50.76640859497395, 59.16378654646543, 0.1576808842886466), spe_form=('skew', 8, 0), z=0.0, grad=('linear', 0.1576808842886466, 42.969256827245935)
+++ Source 'observed-34SO2v=0' added
 |- Component added to 'observed-34SO2v=0' (observed-34SO2v=0-c1)
 ---+ Model: mol_list = ['34SO2v=0'] @ spa_form=('normal', 133.63947885454718, 98.53837107972427, 1.6702425263652105), spe_form=('skew', 8, 0), z=0.0, grad=('linear', 1.6702425263652105, 49.16193404983486)
+++ Source 'observed-SO2v2=1' added
 |- Component added to 'observed-SO2v2=1' (observed-SO2v2=1-c1)
 ---+ Model: mol_list = ['SO2v2=1'] @ spa_form=('normal', 118.32882659803782, 66.17283025444226, 2.881595985707623), spe_form=('skew', 8, 0), z=0.0, grad=('linear', 2.881595985707623, 99.70273871882202)
+++ Source 'observed-OS18O' added
 |- Component added to 'observed-OS18O' (observed-OS18O-c1)
 ---+ Model: mol_list = ['OS18O'] @ spa_form=('normal', 57.66943774964267, 46.00133141034282, 1.6865612101217187), spe_form=('skew', 8, 0), z=0.0, grad=('linear', 1.6865612101217187, 88.79009831551379)
+++ Source 'observed-OS17O' added
 |- Component added to 'observed-OS17O' (observed-OS17O-c1)
 ---+ Model: mol_list = ['OS17O'] @ spa_form=('normal', 92.39976005143181, 72.11784802777403, 1.8063142173086661), spe_form=('skew', 8, 0), z=0.0, grad=('linear', 1.8063142173086661, 64.889568257738)
+++ Source 'observed-HC15Nv=0' added
 |- Component added to 'observed-HC15Nv=0' (observed-HC15Nv=0-c1)
 ---+ Model: mol_list = ['HC15Nv=0'] @ spa_form=('normal', 145.98793640028188, 71.34359426297632, 1.1776200191354333), spe_form=('skew', 8, 0), z=0.0, grad=('linear', 1.1776200191354333, 62.48712619701946)
+++ Source 'observed-H13CNv2=1' added
 |- Component added to 'observed-H13CNv2=1' (observed-H13CNv2=1-c1)
 ---+ Model: mol_list = ['H13CNv2=1'] @ spa_form=('normal', 124.8383746420212, 49.27153238616702, 1.0722221731950872), spe_form=('skew', 8, 0), z=0.0, grad=('linear', 1.0722221731950872, 77.6266888232224)
+++ Source 'observed-H213CS' added
 |- Component added to 'observed-H213CS' (observed-H213CS-c1)
 ---+ Model: mol_list = ['H213CS'] @ spa_form=('normal', 146.72592625694955, 97.90155358161992, 2.159236245374355), spe_form=('skew', 8, 0), z=0.0, grad=('linear', 2.159236245374355, 102.59367389327632)
+++ Source 'observed-H2C34S' added
 |- Component added to 'observed-H2C34S' (observed-H2C34S-c1)
 ---+ Model: mol_list = ['H2C34S'] @ spa_form=('normal', 57.1192406732714, 54.98233827620151, 0.025746705580315096), spe_form=('skew', 8, 0), z=0.0, grad=('linear', 0.025746705580315096, 114.06136027955176)
[*] Generating cube observerd
  |- Angular Coordinates (deg): ra=0 dec=0
  |- FOV (arcsec): ra=[-0.002777777777777778, 0.002777777777777778] dec=[-0.002777777777777778, 0.002777777777777778]
!!! WARNING: max ALMA bandwidth exceeded
  |- Spectral (MHz): center=277000 bandwidth=[275000.0, 279000.0]
  |- Cube size: 2 x 2 x 4000 
  |- Band: 7
*** Source: observed-OS18O
  |- Projecting observed-OS18O-c1
   --+ Generating template image
   --+ Generating template line distribution
   --+ Loading and correcting lines
      |- Projecting Sulfur Dioxide (OS18O) around 275282.0764 Mhz, at 0.123277407227 K
      |- Projecting Sulfur Dioxide (OS18O) around 275552.9984 Mhz, at 0.152934556187 K
      |- Projecting Sulfur Dioxide (OS18O) around 276002.289 Mhz, at 0.16141409676 K
*** Source: observed-H213CS
  |- Projecting observed-H213CS-c1
   --+ Generating template image
   --+ Generating template line distribution
   --+ Loading and correcting lines
*** Source: observed-H13CNv2=1
  |- Projecting observed-H13CNv2=1-c1
   --+ Generating template image
   --+ Generating template line distribution
   --+ Loading and correcting lines
*** Source: observed-34SO2v=0
  |- Projecting observed-34SO2v=0-c1
   --+ Generating template image
   --+ Generating template line distribution
   --+ Loading and correcting lines
      |- Projecting Sulfur Dioxide (34SO2v=0) around 275434.2181 Mhz, at 0.633185817982 K
      |- Projecting Sulfur Dioxide (34SO2v=0) around 276483.977 Mhz, at 0.532465530331 K
      |- Projecting Sulfur Dioxide (34SO2v=0) around 276999.6054 Mhz, at 0.280307962187 K
      |- Projecting Sulfur Dioxide (34SO2v=0) around 277150.575 Mhz, at 0.3127544143 K
      |- Projecting Sulfur Dioxide (34SO2v=0) around 277470.0761 Mhz, at 0.167515228528 K
      |- Projecting Sulfur Dioxide (34SO2v=0) around 278835.2175 Mhz, at 0.351076353231 K
*** Source: observed-OS17O
  |- Projecting observed-OS17O-c1
   --+ Generating template image
   --+ Generating template line distribution
   --+ Loading and correcting lines
      |- Projecting Sulfur Dioxide (OS17O) around 275054.7862 Mhz, at 0.491760492535 K
      |- Projecting Sulfur Dioxide (OS17O) around 275142.6319 Mhz, at 0.611554857504 K
      |- Projecting Sulfur Dioxide (OS17O) around 275151.3474 Mhz, at 0.611553960558 K
      |- Projecting Sulfur Dioxide (OS17O) around 275431.4561 Mhz, at 0.537295556425 K
      |- Projecting Sulfur Dioxide (OS17O) around 275846.0173 Mhz, at 0.170973486397 K
      |- Projecting Sulfur Dioxide (OS17O) around 276201.24 Mhz, at 0.361703998694 K
      |- Projecting Sulfur Dioxide (OS17O) around 277061.5867 Mhz, at 0.455377203494 K
      |- Projecting Sulfur Dioxide (OS17O) around 277365.4535 Mhz, at 0.565685758771 K
*** Source: observed-HC15Nv=0
  |- Projecting observed-HC15Nv=0-c1
   --+ Generating template image
   --+ Generating template line distribution
   --+ Loading and correcting lines
*** Source: observed-SO2v2=1
  |- Projecting observed-SO2v2=1-c1
   --+ Generating template image
   --+ Generating template line distribution
   --+ Loading and correcting lines
*** Source: observed-H2C34S
  |- Projecting observed-H2C34S-c1
   --+ Generating template image
   --+ Generating template line distribution
   --+ Loading and correcting lines
      |- Projecting Thioformaldehyde (H2C34S) around 277295.9149 Mhz, at 1.12866725242 K
*** Source: observed-SO2v=0
  |- Projecting observed-SO2v=0-c1
   --+ Generating template image
   --+ Generating template line distribution
   --+ Loading and correcting lines
      |- Projecting Sulfur dioxide (SO2v=0) around 275240.184 Mhz, at 0.742389181412 K
      |- Projecting Sulfur dioxide (SO2v=0) around 275375.7013 Mhz, at 0.350971202374 K
      |- Projecting Sulfur dioxide (SO2v=0) around 276254.5765 Mhz, at 0.734908799289 K
      |- Projecting Sulfur dioxide (SO2v=0) around 276558.3672 Mhz, at 0.284181554101 K
      |- Projecting Sulfur dioxide (SO2v=0) around 278250.9723 Mhz, at 1.27436238492 K
   -++ Saving FITS: data/cube_variable_width_75.fits
