+++ Source 'observed-SO2v=0' added
 |- Component added to 'observed-SO2v=0' (observed-SO2v=0-c1)
 ---+ Model: mol_list = ['SO2v=0'] @ spa_form=('normal', 116.17611143096099, 58.29361915222321, 2.251549831964655), spe_form=('skew', 8, 0), z=0.0, grad=('linear', 2.251549831964655, 80.26839922384077)
+++ Source 'observed-33SO2' added
 |- Component added to 'observed-33SO2' (observed-33SO2-c1)
 ---+ Model: mol_list = ['33SO2'] @ spa_form=('normal', 103.32862429357965, 63.10312243684316, 2.9216276236490697), spe_form=('skew', 8, 0), z=0.0, grad=('linear', 2.9216276236490697, 49.44738285086295)
+++ Source 'observed-H213CS' added
 |- Component added to 'observed-H213CS' (observed-H213CS-c1)
 ---+ Model: mol_list = ['H213CS'] @ spa_form=('normal', 58.202902631048325, 95.31992006617227, 3.0782647065290702), spe_form=('skew', 8, 0), z=0.0, grad=('linear', 3.0782647065290702, 136.72382651311761)
[*] Generating cube observerd
  |- Angular Coordinates (deg): ra=0 dec=0
  |- FOV (arcsec): ra=[-0.002777777777777778, 0.002777777777777778] dec=[-0.002777777777777778, 0.002777777777777778]
!!! WARNING: max ALMA bandwidth exceeded
  |- Spectral (MHz): center=277000 bandwidth=[275000.0, 279000.0]
  |- Cube size: 2 x 2 x 4000 
  |- Band: 7
*** Source: observed-33SO2
  |- Projecting observed-33SO2-c1
   --+ Generating template image
   --+ Generating template line distribution
   --+ Loading and correcting lines
      |- Projecting Sulfur Dioxide (33SO2) around 275160.7805 Mhz, at 0.176784870126 K
      |- Projecting Sulfur Dioxide (33SO2) around 275160.8324 Mhz, at 0.176784870126 K
      |- Projecting Sulfur Dioxide (33SO2) around 275160.9909 Mhz, at 0.176784952625 K
      |- Projecting Sulfur Dioxide (33SO2) around 275161.0124 Mhz, at 0.176784952625 K
      |- Projecting Sulfur Dioxide (33SO2) around 275828.2515 Mhz, at 0.755753504172 K
      |- Projecting Sulfur Dioxide (33SO2) around 275828.3672 Mhz, at 0.755753504172 K
      |- Projecting Sulfur Dioxide (33SO2) around 275831.1722 Mhz, at 0.755753504172 K
      |- Projecting Sulfur Dioxide (33SO2) around 275831.2604 Mhz, at 0.755753856857 K
      |- Projecting Sulfur Dioxide (33SO2) around 276035.3021 Mhz, at 0.207400838147 K
      |- Projecting Sulfur Dioxide (33SO2) around 276035.3702 Mhz, at 0.207400838147 K
      |- Projecting Sulfur Dioxide (33SO2) around 276037.6419 Mhz, at 0.207400734447 K
      |- Projecting Sulfur Dioxide (33SO2) around 276037.6851 Mhz, at 0.207400838147 K
*** Source: observed-H213CS
  |- Projecting observed-H213CS-c1
   --+ Generating template image
   --+ Generating template line distribution
   --+ Loading and correcting lines
*** Source: observed-SO2v=0
  |- Projecting observed-SO2v=0-c1
   --+ Generating template image
   --+ Generating template line distribution
   --+ Loading and correcting lines
      |- Projecting Sulfur dioxide (SO2v=0) around 275240.184 Mhz, at 1.08048136513 K
      |- Projecting Sulfur dioxide (SO2v=0) around 275375.7013 Mhz, at 0.51080734116 K
      |- Projecting Sulfur dioxide (SO2v=0) around 276254.5765 Mhz, at 1.06959433487 K
      |- Projecting Sulfur dioxide (SO2v=0) around 276301.2521 Mhz, at 0.172270777942 K
      |- Projecting Sulfur dioxide (SO2v=0) around 276558.3672 Mhz, at 0.413600953797 K
      |- Projecting Sulfur dioxide (SO2v=0) around 278250.9723 Mhz, at 1.85472100592 K
   -++ Saving FITS: data/cube_fixed_width_59.fits
