+++ Source 'observed-SO2v=0' added
 |- Component added to 'observed-SO2v=0' (observed-SO2v=0-c1)
 ---+ Model: mol_list = ['SO2v=0'] @ spa_form=('normal', 86.76571722693134, 40.884988938936196, 1.3953624545695111), spe_form=('skew', 8, 0), z=0.0, grad=('linear', 1.3953624545695111, 83.57346609253109)
+++ Source 'observed-34SO2v=0' added
 |- Component added to 'observed-34SO2v=0' (observed-34SO2v=0-c1)
 ---+ Model: mol_list = ['34SO2v=0'] @ spa_form=('normal', 106.26975435933372, 64.49271333542579, 1.7825282059498666), spe_form=('skew', 8, 0), z=0.0, grad=('linear', 1.7825282059498666, 55.42327470063252)
+++ Source 'observed-SO2v2=1' added
 |- Component added to 'observed-SO2v2=1' (observed-SO2v2=1-c1)
 ---+ Model: mol_list = ['SO2v2=1'] @ spa_form=('normal', 101.11091070558359, 61.61647418347566, 2.64914413492693), spe_form=('skew', 8, 0), z=0.0, grad=('linear', 2.64914413492693, 68.65274965477727)
+++ Source 'observed-OS18O' added
 |- Component added to 'observed-OS18O' (observed-OS18O-c1)
 ---+ Model: mol_list = ['OS18O'] @ spa_form=('normal', 100.95105268365859, 47.668545086145144, 2.046092897970806), spe_form=('skew', 8, 0), z=0.0, grad=('linear', 2.046092897970806, 83.82146976420819)
+++ Source 'observed-OS17O' added
 |- Component added to 'observed-OS17O' (observed-OS17O-c1)
 ---+ Model: mol_list = ['OS17O'] @ spa_form=('normal', 89.41655347895134, 93.57974344287757, 1.4081973175552214), spe_form=('skew', 8, 0), z=0.0, grad=('linear', 1.4081973175552214, 92.40643339709712)
+++ Source 'observed-HC15Nv=0' added
 |- Component added to 'observed-HC15Nv=0' (observed-HC15Nv=0-c1)
 ---+ Model: mol_list = ['HC15Nv=0'] @ spa_form=('normal', 64.97481210822184, 58.16211611983795, 1.6186313714959344), spe_form=('skew', 8, 0), z=0.0, grad=('linear', 1.6186313714959344, 121.1158298860878)
+++ Source 'observed-H13CNv2=1' added
 |- Component added to 'observed-H13CNv2=1' (observed-H13CNv2=1-c1)
 ---+ Model: mol_list = ['H13CNv2=1'] @ spa_form=('normal', 130.5172805041775, 74.45535305685772, 1.5343943800257496), spe_form=('skew', 8, 0), z=0.0, grad=('linear', 1.5343943800257496, 10.312650073657728)
+++ Source 'observed-H213CS' added
 |- Component added to 'observed-H213CS' (observed-H213CS-c1)
 ---+ Model: mol_list = ['H213CS'] @ spa_form=('normal', 101.63311571877682, 49.710901424330316, 2.3956756395059204), spe_form=('skew', 8, 0), z=0.0, grad=('linear', 2.3956756395059204, 123.45557389779)
+++ Source 'observed-H2C34S' added
 |- Component added to 'observed-H2C34S' (observed-H2C34S-c1)
 ---+ Model: mol_list = ['H2C34S'] @ spa_form=('normal', 134.17541544029166, 61.222688285713716, 2.5736421527852085), spe_form=('skew', 8, 0), z=0.0, grad=('linear', 2.5736421527852085, 145.36965333938116)
[*] Generating cube observerd
  |- Angular Coordinates (deg): ra=0 dec=0
  |- FOV (arcsec): ra=[-0.002777777777777778, 0.002777777777777778] dec=[-0.002777777777777778, 0.002777777777777778]
!!! WARNING: max ALMA bandwidth exceeded
  |- Spectral (MHz): center=604000 bandwidth=[602000.0, 606000.0]
  |- Cube size: 2 x 2 x 4000 
  |- Band: 9
*** Source: observed-OS18O
  |- Projecting observed-OS18O-c1
   --+ Generating template image
   --+ Generating template line distribution
   --+ Loading and correcting lines
      |- Projecting Sulfur Dioxide (OS18O) around 602313.3835 Mhz, at 0.916474757466 K
      |- Projecting Sulfur Dioxide (OS18O) around 603090.155 Mhz, at 0.747175246422 K
      |- Projecting Sulfur Dioxide (OS18O) around 603608.7849 Mhz, at 0.641676698045 K
*** Source: observed-H213CS
  |- Projecting observed-H213CS-c1
   --+ Generating template image
   --+ Generating template line distribution
   --+ Loading and correcting lines
      |- Projecting Thioformaldehyde (H213CS) around 602149.9892 Mhz, at 1.22159556235 K
*** Source: observed-H13CNv2=1
  |- Projecting observed-H13CNv2=1-c1
   --+ Generating template image
   --+ Generating template line distribution
   --+ Loading and correcting lines
*** Source: observed-34SO2v=0
  |- Projecting observed-34SO2v=0-c1
   --+ Generating template image
   --+ Generating template line distribution
   --+ Loading and correcting lines
      |- Projecting Sulfur Dioxide (34SO2v=0) around 604376.563 Mhz, at 0.540033484529 K
      |- Projecting Sulfur Dioxide (34SO2v=0) around 605499.8855 Mhz, at 0.566702332645 K
*** Source: observed-OS17O
  |- Projecting observed-OS17O-c1
   --+ Generating template image
   --+ Generating template line distribution
   --+ Loading and correcting lines
      |- Projecting Sulfur Dioxide (OS17O) around 603105.7123 Mhz, at 0.738860671754 K
      |- Projecting Sulfur Dioxide (OS17O) around 603106.5013 Mhz, at 0.738860671754 K
      |- Projecting Sulfur Dioxide (OS17O) around 604501.9322 Mhz, at 1.18142758063 K
      |- Projecting Sulfur Dioxide (OS17O) around 605172.0102 Mhz, at 0.758073186921 K
      |- Projecting Sulfur Dioxide (OS17O) around 605172.0102 Mhz, at 0.758073186921 K
      |- Projecting Sulfur Dioxide (OS17O) around 605240.925 Mhz, at 0.786707016592 K
      |- Projecting Sulfur Dioxide (OS17O) around 605724.232 Mhz, at 0.511880671115 K
*** Source: observed-HC15Nv=0
  |- Projecting observed-HC15Nv=0-c1
   --+ Generating template image
   --+ Generating template line distribution
   --+ Loading and correcting lines
*** Source: observed-SO2v2=1
  |- Projecting observed-SO2v2=1-c1
   --+ Generating template image
   --+ Generating template line distribution
   --+ Loading and correcting lines
*** Source: observed-H2C34S
  |- Projecting observed-H2C34S-c1
   --+ Generating template image
   --+ Generating template line distribution
   --+ Loading and correcting lines
      |- Projecting Thioformaldehyde (H2C34S) around 604710.9998 Mhz, at 1.17482907002 K
*** Source: observed-SO2v=0
  |- Projecting observed-SO2v=0-c1
   --+ Generating template image
   --+ Generating template line distribution
   --+ Loading and correcting lines
   -++ Saving FITS: data/cube_fixed_width_0.fits
