+++ Source 'observed-SO2v=0' added
 |- Component added to 'observed-SO2v=0' (observed-SO2v=0-c1)
 ---+ Model: mol_list = ['SO2v=0'] @ spa_form=('normal', 123.19243823660558, 91.88059127226117, 0.9237388069511266), spe_form=('skew', 8, 0), z=0.0, grad=('linear', 0.9237388069511266, 71.1402464212834)
+++ Source 'observed-34SO2v=0' added
 |- Component added to 'observed-34SO2v=0' (observed-34SO2v=0-c1)
 ---+ Model: mol_list = ['34SO2v=0'] @ spa_form=('normal', 69.21860853823596, 77.74175210194807, 2.722294880907318), spe_form=('skew', 8, 0), z=0.0, grad=('linear', 2.722294880907318, 74.80488535088197)
+++ Source 'observed-OS18O' added
 |- Component added to 'observed-OS18O' (observed-OS18O-c1)
 ---+ Model: mol_list = ['OS18O'] @ spa_form=('normal', 123.24721591338991, 74.2405955394797, 2.975692035279818), spe_form=('skew', 8, 0), z=0.0, grad=('linear', 2.975692035279818, 28.17531053088851)
+++ Source 'observed-H13CNv2=1' added
 |- Component added to 'observed-H13CNv2=1' (observed-H13CNv2=1-c1)
 ---+ Model: mol_list = ['H13CNv2=1'] @ spa_form=('normal', 100.01662333041344, 78.64715105316634, 1.8709706283899439), spe_form=('skew', 8, 0), z=0.0, grad=('linear', 1.8709706283899439, 109.57957039871489)
+++ Source 'observed-H13CNv=0' added
 |- Component added to 'observed-H13CNv=0' (observed-H13CNv=0-c1)
 ---+ Model: mol_list = ['H13CNv=0'] @ spa_form=('normal', 72.13788060349391, 70.63365444051354, 1.9357739982245235), spe_form=('skew', 8, 0), z=0.0, grad=('linear', 1.9357739982245235, 70.98299634489496)
+++ Source 'observed-H213CS' added
 |- Component added to 'observed-H213CS' (observed-H213CS-c1)
 ---+ Model: mol_list = ['H213CS'] @ spa_form=('normal', 68.4739893353493, 60.34179784916961, 0.11217201308103628), spe_form=('skew', 8, 0), z=0.0, grad=('linear', 0.11217201308103628, 53.331394171205574)
+++ Source 'observed-H213CO' added
 |- Component added to 'observed-H213CO' (observed-H213CO-c1)
 ---+ Model: mol_list = ['H213CO'] @ spa_form=('normal', 63.99367971836814, 79.43153160212253, 2.745017224098606), spe_form=('skew', 8, 0), z=0.0, grad=('linear', 2.745017224098606, 107.06462268062901)
[*] Generating cube observerd
  |- Angular Coordinates (deg): ra=0 dec=0
  |- FOV (arcsec): ra=[-0.002777777777777778, 0.002777777777777778] dec=[-0.002777777777777778, 0.002777777777777778]
!!! WARNING: max ALMA bandwidth exceeded
  |- Spectral (MHz): center=604000 bandwidth=[602000.0, 606000.0]
  |- Cube size: 2 x 2 x 4000 
  |- Band: 9
*** Source: observed-OS18O
  |- Projecting observed-OS18O-c1
   --+ Generating template image
   --+ Generating template line distribution
   --+ Loading and correcting lines
      |- Projecting Sulfur Dioxide (OS18O) around 602313.3835 Mhz, at 0.626436006012 K
      |- Projecting Sulfur Dioxide (OS18O) around 603090.155 Mhz, at 0.510715077908 K
*** Source: observed-H213CS
  |- Projecting observed-H213CS-c1
   --+ Generating template image
   --+ Generating template line distribution
   --+ Loading and correcting lines
      |- Projecting Thioformaldehyde (H213CS) around 602149.9892 Mhz, at 0.807750431217 K
*** Source: observed-H13CNv2=1
  |- Projecting observed-H13CNv2=1-c1
   --+ Generating template image
   --+ Generating template line distribution
   --+ Loading and correcting lines
*** Source: observed-34SO2v=0
  |- Projecting observed-34SO2v=0-c1
   --+ Generating template image
   --+ Generating template line distribution
   --+ Loading and correcting lines
      |- Projecting Sulfur Dioxide (34SO2v=0) around 604376.563 Mhz, at 0.511883486799 K
      |- Projecting Sulfur Dioxide (34SO2v=0) around 605499.8855 Mhz, at 0.537162184053 K
*** Source: observed-H13CNv=0
  |- Projecting observed-H13CNv=0-c1
   --+ Generating template image
   --+ Generating template line distribution
   --+ Loading and correcting lines
*** Source: observed-H213CO
  |- Projecting observed-H213CO-c1
   --+ Generating template image
   --+ Generating template line distribution
   --+ Loading and correcting lines
      |- Projecting Formaldehyde (H213CO) around 602083.584 Mhz, at 0.504590429603 K
*** Source: observed-SO2v=0
  |- Projecting observed-SO2v=0-c1
   --+ Generating template image
   --+ Generating template line distribution
   --+ Loading and correcting lines
      |- Projecting Sulfur dioxide (SO2v=0) around 604367.4364 Mhz, at 0.548784355602 K
      |- Projecting Sulfur dioxide (SO2v=0) around 604406.5377 Mhz, at 0.523203454513 K
      |- Projecting Sulfur dioxide (SO2v=0) around 605532.5228 Mhz, at 0.664816903359 K
   -++ Saving FITS: data/cube_fixed_width_16.fits
