+++ Source 'observed-CH3OHvt=0' added
 |- Component added to 'observed-CH3OHvt=0' (observed-CH3OHvt=0-c1)
 ---+ Model: mol_list = ['CH3OHvt=0'] @ spa_form=('normal', 84.32240337745266, 68.9694007458703, 1.3689826671023668), spe_form=('skew', 8, 0), z=0.0, grad=('linear', 1.3689826671023668, 83.38452687660424)
+++ Source 'observed-SO2v=0' added
 |- Component added to 'observed-SO2v=0' (observed-SO2v=0-c1)
 ---+ Model: mol_list = ['SO2v=0'] @ spa_form=('normal', 97.8040856894354, 73.89999934815964, 0.26654928833825337), spe_form=('skew', 8, 0), z=0.0, grad=('linear', 0.26654928833825337, 36.54378272362749)
+++ Source 'observed-OS18O' added
 |- Component added to 'observed-OS18O' (observed-OS18O-c1)
 ---+ Model: mol_list = ['OS18O'] @ spa_form=('normal', 130.69099456467472, 72.55271363185615, 0.12880847512044946), spe_form=('skew', 8, 0), z=0.0, grad=('linear', 0.12880847512044946, 49.91104214221925)
+++ Source 'observed-H213CS' added
 |- Component added to 'observed-H213CS' (observed-H213CS-c1)
 ---+ Model: mol_list = ['H213CS'] @ spa_form=('normal', 84.30389075971536, 88.12027369303036, 1.7899105963944242), spe_form=('skew', 8, 0), z=0.0, grad=('linear', 1.7899105963944242, 91.3386827759904)
+++ Source 'observed-H2C34S' added
 |- Component added to 'observed-H2C34S' (observed-H2C34S-c1)
 ---+ Model: mol_list = ['H2C34S'] @ spa_form=('normal', 74.2877295589367, 95.85600379207027, 3.054986601696788), spe_form=('skew', 8, 0), z=0.0, grad=('linear', 3.054986601696788, 123.81423296046886)
+++ Source 'observed-H2C18O' added
 |- Component added to 'observed-H2C18O' (observed-H2C18O-c1)
 ---+ Model: mol_list = ['H2C18O'] @ spa_form=('normal', 130.38831057693852, 51.88074001315286, 0.524005566521542), spe_form=('skew', 8, 0), z=0.0, grad=('linear', 0.524005566521542, 136.27319318583497)
+++ Source 'observed-H213CO' added
 |- Component added to 'observed-H213CO' (observed-H213CO-c1)
 ---+ Model: mol_list = ['H213CO'] @ spa_form=('normal', 70.06349399274478, 80.18779402099247, 1.8870770829475003), spe_form=('skew', 8, 0), z=0.0, grad=('linear', 1.8870770829475003, 58.16613803701083)
[*] Generating cube observerd
  |- Angular Coordinates (deg): ra=0 dec=0
  |- FOV (arcsec): ra=[-0.002777777777777778, 0.002777777777777778] dec=[-0.002777777777777778, 0.002777777777777778]
!!! WARNING: max ALMA bandwidth exceeded
  |- Spectral (MHz): center=604000 bandwidth=[602000.0, 606000.0]
  |- Cube size: 2 x 2 x 4000 
  |- Band: 9
*** Source: observed-OS18O
  |- Projecting observed-OS18O-c1
   --+ Generating template image
   --+ Generating template line distribution
   --+ Loading and correcting lines
      |- Projecting Sulfur Dioxide (OS18O) around 602281.8842 Mhz, at 0.00407119708368 K
      |- Projecting Sulfur Dioxide (OS18O) around 602281.8842 Mhz, at 0.00407119708368 K
      |- Projecting Sulfur Dioxide (OS18O) around 602313.3835 Mhz, at 1.0339922363 K
      |- Projecting Sulfur Dioxide (OS18O) around 602454.8308 Mhz, at 0.233144262259 K
      |- Projecting Sulfur Dioxide (OS18O) around 602841.4703 Mhz, at 0.179711360904 K
      |- Projecting Sulfur Dioxide (OS18O) around 602894.7504 Mhz, at 0.0402676283722 K
      |- Projecting Sulfur Dioxide (OS18O) around 603090.155 Mhz, at 0.842983833067 K
      |- Projecting Sulfur Dioxide (OS18O) around 603331.9213 Mhz, at 0.000319201561967 K
      |- Projecting Sulfur Dioxide (OS18O) around 603608.7849 Mhz, at 0.723957445189 K
      |- Projecting Sulfur Dioxide (OS18O) around 604295.149 Mhz, at 0.0106003799692 K
      |- Projecting Sulfur Dioxide (OS18O) around 605850.3965 Mhz, at 0.468385752225 K
*** Source: observed-H2C18O
  |- Projecting observed-H2C18O-c1
   --+ Generating template image
   --+ Generating template line distribution
   --+ Loading and correcting lines
      |- Projecting Formaldehyde (H2C18O) around 603231.51 Mhz, at 0.100239186037 K
*** Source: observed-H213CS
  |- Projecting observed-H213CS-c1
   --+ Generating template image
   --+ Generating template line distribution
   --+ Loading and correcting lines
      |- Projecting Thioformaldehyde (H213CS) around 602149.9892 Mhz, at 0.320975005837 K
*** Source: observed-H2C34S
  |- Projecting observed-H2C34S-c1
   --+ Generating template image
   --+ Generating template line distribution
   --+ Loading and correcting lines
      |- Projecting Thioformaldehyde (H2C34S) around 604710.9998 Mhz, at 1.0590415974 K
      |- Projecting Thioformaldehyde (H2C34S) around 605200.1552 Mhz, at 0.00776055271678 K
      |- Projecting Thioformaldehyde (H2C34S) around 605200.1552 Mhz, at 0.00776055271678 K
      |- Projecting Thioformaldehyde (H2C34S) around 605585.4505 Mhz, at 0.0192180150834 K
      |- Projecting Thioformaldehyde (H2C34S) around 605585.4505 Mhz, at 0.0192180150834 K
      |- Projecting Thioformaldehyde (H2C34S) around 605935.8198 Mhz, at 0.0437624768832 K
      |- Projecting Thioformaldehyde (H2C34S) around 605935.8198 Mhz, at 0.0437624768832 K
*** Source: observed-CH3OHvt=0
  |- Projecting observed-CH3OHvt=0-c1
   --+ Generating template image
   --+ Generating template line distribution
   --+ Loading and correcting lines
      |- Projecting Methanol (CH3OHvt=0) around 602233.197 Mhz, at 0.14085851514 K
      |- Projecting Methanol (CH3OHvt=0) around 604903.184 Mhz, at 0.0722876222421 K
      |- Projecting Methanol (CH3OHvt=0) around 605587.005 Mhz, at 0.12544626688 K
*** Source: observed-H213CO
  |- Projecting observed-H213CO-c1
   --+ Generating template image
   --+ Generating template line distribution
   --+ Loading and correcting lines
      |- Projecting Formaldehyde (H213CO) around 602083.584 Mhz, at 0.139082477402 K
*** Source: observed-SO2v=0
  |- Projecting observed-SO2v=0-c1
   --+ Generating template image
   --+ Generating template line distribution
   --+ Loading and correcting lines
      |- Projecting Sulfur dioxide (SO2v=0) around 604367.4364 Mhz, at 0.280169550911 K
      |- Projecting Sulfur dioxide (SO2v=0) around 604406.5377 Mhz, at 0.267109795295 K
      |- Projecting Sulfur dioxide (SO2v=0) around 604987.346 Mhz, at 2.3550256941e-06 K
      |- Projecting Sulfur dioxide (SO2v=0) around 605118.5165 Mhz, at 0.00385700480704 K
      |- Projecting Sulfur dioxide (SO2v=0) around 605532.5228 Mhz, at 0.339407367121 K
   -++ Saving FITS: data/cube_fixed_width_7.fits
