+++ Source 'observed-SO2v=0' added
 |- Component added to 'observed-SO2v=0' (observed-SO2v=0-c1)
 ---+ Model: mol_list = ['SO2v=0'] @ spa_form=('normal', 149.85348923360033, 73.1736414879658, 2.7811845564602007), spe_form=('skew', 8, 0), z=0.0, grad=('linear', 2.7811845564602007, 104.43101683574396)
+++ Source 'observed-33SO2' added
 |- Component added to 'observed-33SO2' (observed-33SO2-c1)
 ---+ Model: mol_list = ['33SO2'] @ spa_form=('normal', 61.21039598377295, 59.43082329198086, 2.4191336386366036), spe_form=('skew', 8, 0), z=0.0, grad=('linear', 2.4191336386366036, 112.12937053534847)
+++ Source 'observed-SO2v2=1' added
 |- Component added to 'observed-SO2v2=1' (observed-SO2v2=1-c1)
 ---+ Model: mol_list = ['SO2v2=1'] @ spa_form=('normal', 142.99934175987045, 74.74616897055327, 0.794399391767414), spe_form=('skew', 8, 0), z=0.0, grad=('linear', 0.794399391767414, 19.628971258497774)
+++ Source 'observed-HC15Nv=0' added
 |- Component added to 'observed-HC15Nv=0' (observed-HC15Nv=0-c1)
 ---+ Model: mol_list = ['HC15Nv=0'] @ spa_form=('normal', 75.0168150867242, 82.22483326093482, 1.5508682445906266), spe_form=('skew', 8, 0), z=0.0, grad=('linear', 1.5508682445906266, 111.02297785194673)
[*] Generating cube observerd
  |- Angular Coordinates (deg): ra=0 dec=0
  |- FOV (arcsec): ra=[-0.002777777777777778, 0.002777777777777778] dec=[-0.002777777777777778, 0.002777777777777778]
!!! WARNING: max ALMA bandwidth exceeded
  |- Spectral (MHz): center=604000 bandwidth=[602000.0, 606000.0]
  |- Cube size: 2 x 2 x 4000 
  |- Band: 9
*** Source: observed-SO2v2=1
  |- Projecting observed-SO2v2=1-c1
   --+ Generating template image
   --+ Generating template line distribution
   --+ Loading and correcting lines
*** Source: observed-33SO2
  |- Projecting observed-33SO2-c1
   --+ Generating template image
   --+ Generating template line distribution
   --+ Loading and correcting lines
      |- Projecting Sulfur Dioxide (33SO2) around 602488.3231 Mhz, at 0.512979490023 K
      |- Projecting Sulfur Dioxide (33SO2) around 602499.1576 Mhz, at 0.512978737654 K
      |- Projecting Sulfur Dioxide (33SO2) around 603112.9816 Mhz, at 0.580198757729 K
      |- Projecting Sulfur Dioxide (33SO2) around 603113.1191 Mhz, at 0.580198757729 K
      |- Projecting Sulfur Dioxide (33SO2) around 603113.2126 Mhz, at 0.580198757729 K
      |- Projecting Sulfur Dioxide (33SO2) around 603113.2683 Mhz, at 0.580198757729 K
*** Source: observed-HC15Nv=0
  |- Projecting observed-HC15Nv=0-c1
   --+ Generating template image
   --+ Generating template line distribution
   --+ Loading and correcting lines
*** Source: observed-SO2v=0
  |- Projecting observed-SO2v=0-c1
   --+ Generating template image
   --+ Generating template line distribution
   --+ Loading and correcting lines
      |- Projecting Sulfur dioxide (SO2v=0) around 604367.4364 Mhz, at 0.792012267736 K
      |- Projecting Sulfur dioxide (SO2v=0) around 604406.5377 Mhz, at 0.755093599636 K
      |- Projecting Sulfur dioxide (SO2v=0) around 605532.5228 Mhz, at 0.959471854259 K
   -++ Saving FITS: data/cube_variable_width_26.fits
