+++ Source 'observed-CH3OHvt=0' added
 |- Component added to 'observed-CH3OHvt=0' (observed-CH3OHvt=0-c1)
 ---+ Model: mol_list = ['CH3OHvt=0'] @ spa_form=('normal', 61.730892441377435, 54.023035356532034, 2.206841649703678), spe_form=('skew', 8, 0), z=0.0, grad=('linear', 2.206841649703678, 132.72786311372676)
+++ Source 'observed-SO2v=0' added
 |- Component added to 'observed-SO2v=0' (observed-SO2v=0-c1)
 ---+ Model: mol_list = ['SO2v=0'] @ spa_form=('normal', 83.48545188965304, 54.86777490032532, 1.6064564174701925), spe_form=('skew', 8, 0), z=0.0, grad=('linear', 1.6064564174701925, 18.788733377408114)
+++ Source 'observed-34SO2v=0' added
 |- Component added to 'observed-34SO2v=0' (observed-34SO2v=0-c1)
 ---+ Model: mol_list = ['34SO2v=0'] @ spa_form=('normal', 136.32802851656825, 53.45899790242159, 0.6949322935352329), spe_form=('skew', 8, 0), z=0.0, grad=('linear', 0.6949322935352329, 29.926017475181467)
+++ Source 'observed-OS18O' added
 |- Component added to 'observed-OS18O' (observed-OS18O-c1)
 ---+ Model: mol_list = ['OS18O'] @ spa_form=('normal', 60.106964991451186, 61.38423895182596, 2.512682672246902), spe_form=('skew', 8, 0), z=0.0, grad=('linear', 2.512682672246902, 114.54545506006522)
+++ Source 'observed-OS17O' added
 |- Component added to 'observed-OS17O' (observed-OS17O-c1)
 ---+ Model: mol_list = ['OS17O'] @ spa_form=('normal', 63.36929869684809, 47.4677412313254, 2.3199848308707773), spe_form=('skew', 8, 0), z=0.0, grad=('linear', 2.3199848308707773, 105.57254924078704)
+++ Source 'observed-H2C34S' added
 |- Component added to 'observed-H2C34S' (observed-H2C34S-c1)
 ---+ Model: mol_list = ['H2C34S'] @ spa_form=('normal', 63.50835191531124, 62.32272233525745, 0.8888670091763771), spe_form=('skew', 8, 0), z=0.0, grad=('linear', 0.8888670091763771, 143.64759176238306)
+++ Source 'observed-H2C18O' added
 |- Component added to 'observed-H2C18O' (observed-H2C18O-c1)
 ---+ Model: mol_list = ['H2C18O'] @ spa_form=('normal', 120.3615210990144, 46.86959537026571, 3.0105915016213083), spe_form=('skew', 8, 0), z=0.0, grad=('linear', 3.0105915016213083, 129.77784746087247)
[*] Generating cube observerd
  |- Angular Coordinates (deg): ra=0 dec=0
  |- FOV (arcsec): ra=[-0.002777777777777778, 0.002777777777777778] dec=[-0.002777777777777778, 0.002777777777777778]
!!! WARNING: max ALMA bandwidth exceeded
  |- Spectral (MHz): center=604000 bandwidth=[602000.0, 606000.0]
  |- Cube size: 2 x 2 x 4000 
  |- Band: 9
*** Source: observed-OS18O
  |- Projecting observed-OS18O-c1
   --+ Generating template image
   --+ Generating template line distribution
   --+ Loading and correcting lines
*** Source: observed-H2C18O
  |- Projecting observed-H2C18O-c1
   --+ Generating template image
   --+ Generating template line distribution
   --+ Loading and correcting lines
      |- Projecting Formaldehyde (H2C18O) around 603231.51 Mhz, at 0.60774986313 K
*** Source: observed-34SO2v=0
  |- Projecting observed-34SO2v=0-c1
   --+ Generating template image
   --+ Generating template line distribution
   --+ Loading and correcting lines
*** Source: observed-H2C34S
  |- Projecting observed-H2C34S-c1
   --+ Generating template image
   --+ Generating template line distribution
   --+ Loading and correcting lines
      |- Projecting Thioformaldehyde (H2C34S) around 604710.9998 Mhz, at 0.622882098722 K
*** Source: observed-OS17O
  |- Projecting observed-OS17O-c1
   --+ Generating template image
   --+ Generating template line distribution
   --+ Loading and correcting lines
      |- Projecting Sulfur Dioxide (OS17O) around 603105.7123 Mhz, at 0.697815326075 K
      |- Projecting Sulfur Dioxide (OS17O) around 603106.5013 Mhz, at 0.697815326075 K
      |- Projecting Sulfur Dioxide (OS17O) around 604501.9322 Mhz, at 1.1157966636 K
      |- Projecting Sulfur Dioxide (OS17O) around 605172.0102 Mhz, at 0.7159605435 K
      |- Projecting Sulfur Dioxide (OS17O) around 605172.0102 Mhz, at 0.7159605435 K
      |- Projecting Sulfur Dioxide (OS17O) around 605240.925 Mhz, at 0.743003700556 K
      |- Projecting Sulfur Dioxide (OS17O) around 605724.232 Mhz, at 0.48344456686 K
*** Source: observed-CH3OHvt=0
  |- Projecting observed-CH3OHvt=0-c1
   --+ Generating template image
   --+ Generating template line distribution
   --+ Loading and correcting lines
*** Source: observed-SO2v=0
  |- Projecting observed-SO2v=0-c1
   --+ Generating template image
   --+ Generating template line distribution
   --+ Loading and correcting lines
      |- Projecting Sulfur dioxide (SO2v=0) around 604367.4364 Mhz, at 0.666906582506 K
      |- Projecting Sulfur dioxide (SO2v=0) around 604406.5377 Mhz, at 0.635819560529 K
      |- Projecting Sulfur dioxide (SO2v=0) around 605532.5228 Mhz, at 0.807914373806 K
   -++ Saving FITS: data/cube_variable_width_46.fits
