+++ Source 'observed-CH3OHvt=0' added
 |- Component added to 'observed-CH3OHvt=0' (observed-CH3OHvt=0-c1)
 ---+ Model: mol_list = ['CH3OHvt=0'] @ spa_form=('normal', 130.6654952184942, 56.29908725922474, 1.1256831466568291), spe_form=('skew', 8, 0), z=0.0, grad=('linear', 1.1256831466568291, 61.62689660544551)
+++ Source 'observed-SO2v=0' added
 |- Component added to 'observed-SO2v=0' (observed-SO2v=0-c1)
 ---+ Model: mol_list = ['SO2v=0'] @ spa_form=('normal', 83.773041722625, 70.87876438461744, 2.3039474818978776), spe_form=('skew', 8, 0), z=0.0, grad=('linear', 2.3039474818978776, 148.66781254954577)
+++ Source 'observed-H13CNv2=1' added
 |- Component added to 'observed-H13CNv2=1' (observed-H13CNv2=1-c1)
 ---+ Model: mol_list = ['H13CNv2=1'] @ spa_form=('normal', 135.55392108567577, 83.3187216361737, 1.610104554826088), spe_form=('skew', 8, 0), z=0.0, grad=('linear', 1.610104554826088, 81.90707937292416)
+++ Source 'observed-H2C34S' added
 |- Component added to 'observed-H2C34S' (observed-H2C34S-c1)
 ---+ Model: mol_list = ['H2C34S'] @ spa_form=('normal', 87.81411607897026, 46.403640049697074, 2.985275194068778), spe_form=('skew', 8, 0), z=0.0, grad=('linear', 2.985275194068778, 54.073864659347805)
+++ Source 'observed-H213CO' added
 |- Component added to 'observed-H213CO' (observed-H213CO-c1)
 ---+ Model: mol_list = ['H213CO'] @ spa_form=('normal', 121.48042537172363, 61.084503360604096, 2.693466380237165), spe_form=('skew', 8, 0), z=0.0, grad=('linear', 2.693466380237165, 96.89173836284483)
[*] Generating cube observerd
  |- Angular Coordinates (deg): ra=0 dec=0
  |- FOV (arcsec): ra=[-0.002777777777777778, 0.002777777777777778] dec=[-0.002777777777777778, 0.002777777777777778]
!!! WARNING: max ALMA bandwidth exceeded
  |- Spectral (MHz): center=277000 bandwidth=[275000.0, 279000.0]
  |- Cube size: 2 x 2 x 4000 
  |- Band: 7
*** Source: observed-H13CNv2=1
  |- Projecting observed-H13CNv2=1-c1
   --+ Generating template image
   --+ Generating template line distribution
   --+ Loading and correcting lines
*** Source: observed-H2C34S
  |- Projecting observed-H2C34S-c1
   --+ Generating template image
   --+ Generating template line distribution
   --+ Loading and correcting lines
      |- Projecting Thioformaldehyde (H2C34S) around 277295.9149 Mhz, at 0.661507714212 K
*** Source: observed-H213CO
  |- Projecting observed-H213CO-c1
   --+ Generating template image
   --+ Generating template line distribution
   --+ Loading and correcting lines
      |- Projecting Formaldehyde (H213CO) around 277195.2878 Mhz, at 3.70442205471e-05 K
      |- Projecting Formaldehyde (H213CO) around 277597.7118 Mhz, at 2.48270216318e-06 K
*** Source: observed-CH3OHvt=0
  |- Projecting observed-CH3OHvt=0-c1
   --+ Generating template image
   --+ Generating template line distribution
   --+ Loading and correcting lines
      |- Projecting Methanol (CH3OHvt=0) around 275663.705 Mhz, at 0.159476686657 K
      |- Projecting Methanol (CH3OHvt=0) around 276648.18 Mhz, at 0.970568594557 K
      |- Projecting Methanol (CH3OHvt=0) around 276925.919 Mhz, at 0.700869901344 K
      |- Projecting Methanol (CH3OHvt=0) around 277171.928 Mhz, at 0.0590783431475 K
      |- Projecting Methanol (CH3OHvt=0) around 277940.773 Mhz, at 0.311504675076 K
      |- Projecting Methanol (CH3OHvt=0) around 278186.616 Mhz, at 0.311516626701 K
      |- Projecting Methanol (CH3OHvt=0) around 278304.51 Mhz, at 0.506949966364 K
      |- Projecting Methanol (CH3OHvt=0) around 278342.257 Mhz, at 0.392046744838 K
      |- Projecting Methanol (CH3OHvt=0) around 278480.23 Mhz, at 0.434237859088 K
      |- Projecting Methanol (CH3OHvt=0) around 278599.055 Mhz, at 0.914867012379 K
      |- Projecting Methanol (CH3OHvt=0) around 278672.92 Mhz, at 0.477754935149 K
      |- Projecting Methanol (CH3OHvt=0) around 278723.25 Mhz, at 0.477759521619 K
      |- Projecting Methanol (CH3OHvt=0) around 278965.129 Mhz, at 0.244099666963 K
*** Source: observed-SO2v=0
  |- Projecting observed-SO2v=0-c1
   --+ Generating template image
   --+ Generating template line distribution
   --+ Loading and correcting lines
      |- Projecting Sulfur dioxide (SO2v=0) around 275184.4681 Mhz, at 0.00141184972057 K
      |- Projecting Sulfur dioxide (SO2v=0) around 275240.184 Mhz, at 0.552255390492 K
      |- Projecting Sulfur dioxide (SO2v=0) around 275297.6122 Mhz, at 1.8071626444e-06 K
      |- Projecting Sulfur dioxide (SO2v=0) around 275375.7013 Mhz, at 0.261083732456 K
      |- Projecting Sulfur dioxide (SO2v=0) around 276254.5765 Mhz, at 0.546690814049 K
      |- Projecting Sulfur dioxide (SO2v=0) around 276301.2521 Mhz, at 0.0880510009821 K
      |- Projecting Sulfur dioxide (SO2v=0) around 276405.6375 Mhz, at 6.92235564297e-05 K
      |- Projecting Sulfur dioxide (SO2v=0) around 276558.3672 Mhz, at 0.211399625776 K
      |- Projecting Sulfur dioxide (SO2v=0) around 276641.1033 Mhz, at 5.26548894607e-07 K
      |- Projecting Sulfur dioxide (SO2v=0) around 276861.1198 Mhz, at 0.00819577220495 K
      |- Projecting Sulfur dioxide (SO2v=0) around 276992.9155 Mhz, at 0.0104868759923 K
      |- Projecting Sulfur dioxide (SO2v=0) around 277085.9287 Mhz, at 0.0371643302322 K
      |- Projecting Sulfur dioxide (SO2v=0) around 277629.5888 Mhz, at 4.77834004624e-06 K
      |- Projecting Sulfur dioxide (SO2v=0) around 278250.9723 Mhz, at 0.947984580236 K
      |- Projecting Sulfur dioxide (SO2v=0) around 278858.6075 Mhz, at 0.000564966299349 K
   -++ Saving FITS: data/cube_fixed_width_62.fits
