+++ Source 'observed-CH3OHvt=0' added
 |- Component added to 'observed-CH3OHvt=0' (observed-CH3OHvt=0-c1)
 ---+ Model: mol_list = ['CH3OHvt=0'] @ spa_form=('normal', 149.4744779992672, 51.63153653293119, 2.14914460295918), spe_form=('skew', 8, 0), z=0.0, grad=('linear', 2.14914460295918, 20.503627214208137)
+++ Source 'observed-SO2v=0' added
 |- Component added to 'observed-SO2v=0' (observed-SO2v=0-c1)
 ---+ Model: mol_list = ['SO2v=0'] @ spa_form=('normal', 77.7653782241419, 58.787067743894255, 3.1081142670388493), spe_form=('skew', 8, 0), z=0.0, grad=('linear', 3.1081142670388493, 146.16183923266112)
+++ Source 'observed-33SO2' added
 |- Component added to 'observed-33SO2' (observed-33SO2-c1)
 ---+ Model: mol_list = ['33SO2'] @ spa_form=('normal', 98.78933042502284, 89.68492306010793, 1.2675951778030394), spe_form=('skew', 8, 0), z=0.0, grad=('linear', 1.2675951778030394, 32.469390174967984)
+++ Source 'observed-34SO2v=0' added
 |- Component added to 'observed-34SO2v=0' (observed-34SO2v=0-c1)
 ---+ Model: mol_list = ['34SO2v=0'] @ spa_form=('normal', 77.66156081860102, 54.06642638120649, 0.3355772864672125), spe_form=('skew', 8, 0), z=0.0, grad=('linear', 0.3355772864672125, 59.945324750743694)
+++ Source 'observed-SO2v2=1' added
 |- Component added to 'observed-SO2v2=1' (observed-SO2v2=1-c1)
 ---+ Model: mol_list = ['SO2v2=1'] @ spa_form=('normal', 85.48019078622794, 58.24108106248649, 0.9538828730903545), spe_form=('skew', 8, 0), z=0.0, grad=('linear', 0.9538828730903545, 21.42959641647749)
+++ Source 'observed-OS18O' added
 |- Component added to 'observed-OS18O' (observed-OS18O-c1)
 ---+ Model: mol_list = ['OS18O'] @ spa_form=('normal', 58.29925597112311, 66.44391718395515, 0.6384245892185216), spe_form=('skew', 8, 0), z=0.0, grad=('linear', 0.6384245892185216, 145.0390155001308)
+++ Source 'observed-OS17O' added
 |- Component added to 'observed-OS17O' (observed-OS17O-c1)
 ---+ Model: mol_list = ['OS17O'] @ spa_form=('normal', 104.70192263740867, 51.06540570353775, 2.4059695278440763), spe_form=('skew', 8, 0), z=0.0, grad=('linear', 2.4059695278440763, 50.85653617093701)
+++ Source 'observed-HC15Nv=0' added
 |- Component added to 'observed-HC15Nv=0' (observed-HC15Nv=0-c1)
 ---+ Model: mol_list = ['HC15Nv=0'] @ spa_form=('normal', 148.1832772845711, 69.42972712499403, 1.7599900538965056), spe_form=('skew', 8, 0), z=0.0, grad=('linear', 1.7599900538965056, 15.171038989012773)
+++ Source 'observed-H13CNv2=1' added
 |- Component added to 'observed-H13CNv2=1' (observed-H13CNv2=1-c1)
 ---+ Model: mol_list = ['H13CNv2=1'] @ spa_form=('normal', 53.86864001022752, 62.71736981013751, 2.4789082025353135), spe_form=('skew', 8, 0), z=0.0, grad=('linear', 2.4789082025353135, 88.81352696924012)
+++ Source 'observed-H13CNv=0' added
 |- Component added to 'observed-H13CNv=0' (observed-H13CNv=0-c1)
 ---+ Model: mol_list = ['H13CNv=0'] @ spa_form=('normal', 148.87631845477392, 45.35430389373915, 2.4444568264421638), spe_form=('skew', 8, 0), z=0.0, grad=('linear', 2.4444568264421638, 107.72070112426066)
+++ Source 'observed-H213CS' added
 |- Component added to 'observed-H213CS' (observed-H213CS-c1)
 ---+ Model: mol_list = ['H213CS'] @ spa_form=('normal', 93.43802020854615, 71.85268693721801, 0.8697718089523465), spe_form=('skew', 8, 0), z=0.0, grad=('linear', 0.8697718089523465, 83.59329725353591)
+++ Source 'observed-H2C34S' added
 |- Component added to 'observed-H2C34S' (observed-H2C34S-c1)
 ---+ Model: mol_list = ['H2C34S'] @ spa_form=('normal', 132.15083564524366, 98.37463223014447, 2.7732324187780932), spe_form=('skew', 8, 0), z=0.0, grad=('linear', 2.7732324187780932, 12.07933698500781)
+++ Source 'observed-H2C18O' added
 |- Component added to 'observed-H2C18O' (observed-H2C18O-c1)
 ---+ Model: mol_list = ['H2C18O'] @ spa_form=('normal', 83.4186806251704, 69.12578523500903, 0.7293335771053059), spe_form=('skew', 8, 0), z=0.0, grad=('linear', 0.7293335771053059, 52.675904836312796)
+++ Source 'observed-H213CO' added
 |- Component added to 'observed-H213CO' (observed-H213CO-c1)
 ---+ Model: mol_list = ['H213CO'] @ spa_form=('normal', 119.65079954013478, 74.65965812561402, 2.1788976961239723), spe_form=('skew', 8, 0), z=0.0, grad=('linear', 2.1788976961239723, 140.0234167994704)
[*] Generating cube observerd
  |- Angular Coordinates (deg): ra=0 dec=0
  |- FOV (arcsec): ra=[-0.002777777777777778, 0.002777777777777778] dec=[-0.002777777777777778, 0.002777777777777778]
!!! WARNING: max ALMA bandwidth exceeded
  |- Spectral (MHz): center=604000 bandwidth=[602000.0, 606000.0]
  |- Cube size: 2 x 2 x 4000 
  |- Band: 9
*** Source: observed-OS18O
  |- Projecting observed-OS18O-c1
   --+ Generating template image
   --+ Generating template line distribution
   --+ Loading and correcting lines
*** Source: observed-H13CNv=0
  |- Projecting observed-H13CNv=0-c1
   --+ Generating template image
   --+ Generating template line distribution
   --+ Loading and correcting lines
      |- Projecting Hydrogen Cyanide (H13CNv=0) around 604267.914 Mhz, at 0.779549184688 K
*** Source: observed-H213CS
  |- Projecting observed-H213CS-c1
   --+ Generating template image
   --+ Generating template line distribution
   --+ Loading and correcting lines
      |- Projecting Thioformaldehyde (H213CS) around 602149.9892 Mhz, at 1.29705499465 K
*** Source: observed-H13CNv2=1
  |- Projecting observed-H13CNv2=1-c1
   --+ Generating template image
   --+ Generating template line distribution
   --+ Loading and correcting lines
*** Source: observed-OS17O
  |- Projecting observed-OS17O-c1
   --+ Generating template image
   --+ Generating template line distribution
   --+ Loading and correcting lines
*** Source: observed-33SO2
  |- Projecting observed-33SO2-c1
   --+ Generating template image
   --+ Generating template line distribution
   --+ Loading and correcting lines
      |- Projecting Sulfur Dioxide (33SO2) around 603112.9816 Mhz, at 0.486923387641 K
      |- Projecting Sulfur Dioxide (33SO2) around 603113.1191 Mhz, at 0.486923387641 K
      |- Projecting Sulfur Dioxide (33SO2) around 603113.2126 Mhz, at 0.486923387641 K
      |- Projecting Sulfur Dioxide (33SO2) around 603113.2683 Mhz, at 0.486923387641 K
*** Source: observed-34SO2v=0
  |- Projecting observed-34SO2v=0-c1
   --+ Generating template image
   --+ Generating template line distribution
   --+ Loading and correcting lines
*** Source: observed-CH3OHvt=0
  |- Projecting observed-CH3OHvt=0-c1
   --+ Generating template image
   --+ Generating template line distribution
   --+ Loading and correcting lines
*** Source: observed-HC15Nv=0
  |- Projecting observed-HC15Nv=0-c1
   --+ Generating template image
   --+ Generating template line distribution
   --+ Loading and correcting lines
      |- Projecting Hydrogen Cyanide (HC15Nv=0) around 602274.1332 Mhz, at 0.852303870196 K
*** Source: observed-SO2v2=1
  |- Projecting observed-SO2v2=1-c1
   --+ Generating template image
   --+ Generating template line distribution
   --+ Loading and correcting lines
*** Source: observed-H2C18O
  |- Projecting observed-H2C18O-c1
   --+ Generating template image
   --+ Generating template line distribution
   --+ Loading and correcting lines
      |- Projecting Formaldehyde (H2C18O) around 603231.51 Mhz, at 0.694639843711 K
*** Source: observed-H2C34S
  |- Projecting observed-H2C34S-c1
   --+ Generating template image
   --+ Generating template line distribution
   --+ Loading and correcting lines
*** Source: observed-H213CO
  |- Projecting observed-H213CO-c1
   --+ Generating template image
   --+ Generating template line distribution
   --+ Loading and correcting lines
      |- Projecting Formaldehyde (H213CO) around 602083.584 Mhz, at 0.980806162129 K
*** Source: observed-SO2v=0
  |- Projecting observed-SO2v=0-c1
   --+ Generating template image
   --+ Generating template line distribution
   --+ Loading and correcting lines
      |- Projecting Sulfur dioxide (SO2v=0) around 604367.4364 Mhz, at 0.527714693593 K
      |- Projecting Sulfur dioxide (SO2v=0) around 604406.5377 Mhz, at 0.503115928627 K
      |- Projecting Sulfur dioxide (SO2v=0) around 605532.5228 Mhz, at 0.639292364788 K
   -++ Saving FITS: data/cube_3.fits
