+++ Source 'observed-CH3OHvt=0' added
 |- Component added to 'observed-CH3OHvt=0' (observed-CH3OHvt=0-c1)
 ---+ Model: mol_list = ['CH3OHvt=0'] @ spa_form=('normal', 144.80692285448077, 44.72225952436101, 1.6462432765926733), spe_form=('skew', 8, 0), z=0.0, grad=('linear', 1.6462432765926733, 66.20172949721392)
+++ Source 'observed-33SO2' added
 |- Component added to 'observed-33SO2' (observed-33SO2-c1)
 ---+ Model: mol_list = ['33SO2'] @ spa_form=('normal', 64.81324911935242, 40.662227223018796, 2.6375057332006695), spe_form=('skew', 8, 0), z=0.0, grad=('linear', 2.6375057332006695, 57.69408167097673)
+++ Source 'observed-OS17O' added
 |- Component added to 'observed-OS17O' (observed-OS17O-c1)
 ---+ Model: mol_list = ['OS17O'] @ spa_form=('normal', 89.4192245881822, 40.14975510601027, 0.5658026795091373), spe_form=('skew', 8, 0), z=0.0, grad=('linear', 0.5658026795091373, 51.5776325665609)
+++ Source 'observed-HC15Nv=0' added
 |- Component added to 'observed-HC15Nv=0' (observed-HC15Nv=0-c1)
 ---+ Model: mol_list = ['HC15Nv=0'] @ spa_form=('normal', 141.44557115609393, 87.23338204913118, 2.010501333738231), spe_form=('skew', 8, 0), z=0.0, grad=('linear', 2.010501333738231, 148.89603409464982)
+++ Source 'observed-H13CNv=0' added
 |- Component added to 'observed-H13CNv=0' (observed-H13CNv=0-c1)
 ---+ Model: mol_list = ['H13CNv=0'] @ spa_form=('normal', 64.99779012913287, 47.73690089135914, 1.252460358565858), spe_form=('skew', 8, 0), z=0.0, grad=('linear', 1.252460358565858, 140.6120847894485)
+++ Source 'observed-H2C18O' added
 |- Component added to 'observed-H2C18O' (observed-H2C18O-c1)
 ---+ Model: mol_list = ['H2C18O'] @ spa_form=('normal', 105.81748011338902, 81.94567292795696, 0.5124608623811494), spe_form=('skew', 8, 0), z=0.0, grad=('linear', 0.5124608623811494, 18.37075267438729)
+++ Source 'observed-H213CO' added
 |- Component added to 'observed-H213CO' (observed-H213CO-c1)
 ---+ Model: mol_list = ['H213CO'] @ spa_form=('normal', 66.98278964787335, 95.3811916680913, 1.4095839786977193), spe_form=('skew', 8, 0), z=0.0, grad=('linear', 1.4095839786977193, 88.8487629814583)
[*] Generating cube observerd
  |- Angular Coordinates (deg): ra=0 dec=0
  |- FOV (arcsec): ra=[-0.002777777777777778, 0.002777777777777778] dec=[-0.002777777777777778, 0.002777777777777778]
!!! WARNING: max ALMA bandwidth exceeded
  |- Spectral (MHz): center=604000 bandwidth=[602000.0, 606000.0]
  |- Cube size: 2 x 2 x 4000 
  |- Band: 9
*** Source: observed-H2C18O
  |- Projecting observed-H2C18O-c1
   --+ Generating template image
   --+ Generating template line distribution
   --+ Loading and correcting lines
      |- Projecting Formaldehyde (H2C18O) around 603231.51 Mhz, at 1.04822722836 K
*** Source: observed-H13CNv=0
  |- Projecting observed-H13CNv=0-c1
   --+ Generating template image
   --+ Generating template line distribution
   --+ Loading and correcting lines
      |- Projecting Hydrogen Cyanide (H13CNv=0) around 604267.914 Mhz, at 0.122087723808 K
*** Source: observed-33SO2
  |- Projecting observed-33SO2-c1
   --+ Generating template image
   --+ Generating template line distribution
   --+ Loading and correcting lines
      |- Projecting Sulfur Dioxide (33SO2) around 602337.0627 Mhz, at 1.06337231632 K
      |- Projecting Sulfur Dioxide (33SO2) around 602338.0039 Mhz, at 1.06337231632 K
      |- Projecting Sulfur Dioxide (33SO2) around 602348.9212 Mhz, at 1.06337128839 K
      |- Projecting Sulfur Dioxide (33SO2) around 602349.8184 Mhz, at 1.06337075671 K
      |- Projecting Sulfur Dioxide (33SO2) around 602488.3231 Mhz, at 1.26767467196 K
      |- Projecting Sulfur Dioxide (33SO2) around 602499.1576 Mhz, at 1.2676728127 K
      |- Projecting Sulfur Dioxide (33SO2) around 603032.3367 Mhz, at 0.307010986694 K
      |- Projecting Sulfur Dioxide (33SO2) around 603032.5397 Mhz, at 0.307010986694 K
      |- Projecting Sulfur Dioxide (33SO2) around 603036.2959 Mhz, at 0.307011283471 K
      |- Projecting Sulfur Dioxide (33SO2) around 603036.4592 Mhz, at 0.307011283471 K
      |- Projecting Sulfur Dioxide (33SO2) around 603112.9816 Mhz, at 1.43378689437 K
      |- Projecting Sulfur Dioxide (33SO2) around 603113.1191 Mhz, at 1.43378689437 K
      |- Projecting Sulfur Dioxide (33SO2) around 603113.2126 Mhz, at 1.43378689437 K
      |- Projecting Sulfur Dioxide (33SO2) around 603113.2683 Mhz, at 1.43378689437 K
      |- Projecting Sulfur Dioxide (33SO2) around 604736.5656 Mhz, at 0.792572354699 K
      |- Projecting Sulfur Dioxide (33SO2) around 604736.767 Mhz, at 0.792572354699 K
      |- Projecting Sulfur Dioxide (33SO2) around 604736.8741 Mhz, at 0.792572354699 K
      |- Projecting Sulfur Dioxide (33SO2) around 604736.8962 Mhz, at 0.792572354699 K
      |- Projecting Sulfur Dioxide (33SO2) around 604736.926 Mhz, at 0.792572354699 K
      |- Projecting Sulfur Dioxide (33SO2) around 604736.9663 Mhz, at 0.792572354699 K
      |- Projecting Sulfur Dioxide (33SO2) around 604736.9892 Mhz, at 0.792572354699 K
      |- Projecting Sulfur Dioxide (33SO2) around 605162.1267 Mhz, at 0.887145910413 K
      |- Projecting Sulfur Dioxide (33SO2) around 605162.2359 Mhz, at 0.887145910413 K
      |- Projecting Sulfur Dioxide (33SO2) around 605162.3107 Mhz, at 0.887145910413 K
      |- Projecting Sulfur Dioxide (33SO2) around 605162.3529 Mhz, at 0.887145910413 K
      |- Projecting Sulfur Dioxide (33SO2) around 605357.5302 Mhz, at 0.91000843396 K
      |- Projecting Sulfur Dioxide (33SO2) around 605366.9145 Mhz, at 0.91000843396 K
      |- Projecting Sulfur Dioxide (33SO2) around 605367.499 Mhz, at 0.91000976864 K
      |- Projecting Sulfur Dioxide (33SO2) around 605367.499 Mhz, at 0.91000976864 K
      |- Projecting Sulfur Dioxide (33SO2) around 605367.499 Mhz, at 0.91000843396 K
      |- Projecting Sulfur Dioxide (33SO2) around 605367.499 Mhz, at 0.91000843396 K
      |- Projecting Sulfur Dioxide (33SO2) around 605377.1052 Mhz, at 0.91000976864 K
*** Source: observed-OS17O
  |- Projecting observed-OS17O-c1
   --+ Generating template image
   --+ Generating template line distribution
   --+ Loading and correcting lines
      |- Projecting Sulfur Dioxide (OS17O) around 603060.5049 Mhz, at 0.00658433246848 K
      |- Projecting Sulfur Dioxide (OS17O) around 603060.5049 Mhz, at 0.00658433246848 K
      |- Projecting Sulfur Dioxide (OS17O) around 603105.7123 Mhz, at 0.135983999108 K
      |- Projecting Sulfur Dioxide (OS17O) around 603106.5013 Mhz, at 0.135983999108 K
      |- Projecting Sulfur Dioxide (OS17O) around 604501.9322 Mhz, at 0.217436457524 K
      |- Projecting Sulfur Dioxide (OS17O) around 604606.0077 Mhz, at 0.0320023602703 K
      |- Projecting Sulfur Dioxide (OS17O) around 605172.0102 Mhz, at 0.139519976519 K
      |- Projecting Sulfur Dioxide (OS17O) around 605172.0102 Mhz, at 0.139519976519 K
      |- Projecting Sulfur Dioxide (OS17O) around 605240.925 Mhz, at 0.14478990469 K
      |- Projecting Sulfur Dioxide (OS17O) around 605724.232 Mhz, at 0.0942093460719 K
*** Source: observed-CH3OHvt=0
  |- Projecting observed-CH3OHvt=0-c1
   --+ Generating template image
   --+ Generating template line distribution
   --+ Loading and correcting lines
      |- Projecting Methanol (CH3OHvt=0) around 602233.197 Mhz, at 0.788541419267 K
      |- Projecting Methanol (CH3OHvt=0) around 604903.184 Mhz, at 0.404674038923 K
      |- Projecting Methanol (CH3OHvt=0) around 605587.005 Mhz, at 0.702261962858 K
*** Source: observed-HC15Nv=0
  |- Projecting observed-HC15Nv=0-c1
   --+ Generating template image
   --+ Generating template line distribution
   --+ Loading and correcting lines
      |- Projecting Hydrogen Cyanide (HC15Nv=0) around 602274.1332 Mhz, at 0.632942345007 K
*** Source: observed-H213CO
  |- Projecting observed-H213CO-c1
   --+ Generating template image
   --+ Generating template line distribution
   --+ Loading and correcting lines
      |- Projecting Formaldehyde (H213CO) around 602083.584 Mhz, at 0.0733383616308 K
   -++ Saving FITS: data/cube_fixed_width_13.fits
