+++ Source 'observed-CH3OHvt=0' added
 |- Component added to 'observed-CH3OHvt=0' (observed-CH3OHvt=0-c1)
 ---+ Model: mol_list = ['CH3OHvt=0'] @ spa_form=('normal', 131.16992688633547, 63.15064273010926, 2.314189044329056), spe_form=('skew', 8, 0), z=0.0, grad=('linear', 2.314189044329056, 52.294658012565854)
+++ Source 'observed-34SO2v=0' added
 |- Component added to 'observed-34SO2v=0' (observed-34SO2v=0-c1)
 ---+ Model: mol_list = ['34SO2v=0'] @ spa_form=('normal', 102.15220574207106, 76.10369867981765, 2.1796817423924035), spe_form=('skew', 8, 0), z=0.0, grad=('linear', 2.1796817423924035, 113.78521897658285)
+++ Source 'observed-SO2v2=1' added
 |- Component added to 'observed-SO2v2=1' (observed-SO2v2=1-c1)
 ---+ Model: mol_list = ['SO2v2=1'] @ spa_form=('normal', 105.98642704780538, 86.56346267347921, 2.339233229772777), spe_form=('skew', 8, 0), z=0.0, grad=('linear', 2.339233229772777, 116.06613619738621)
+++ Source 'observed-OS17O' added
 |- Component added to 'observed-OS17O' (observed-OS17O-c1)
 ---+ Model: mol_list = ['OS17O'] @ spa_form=('normal', 148.19917731294504, 98.92346909643912, 1.1748840806663585), spe_form=('skew', 8, 0), z=0.0, grad=('linear', 1.1748840806663585, 68.69666844230565)
+++ Source 'observed-H13CNv2=1' added
 |- Component added to 'observed-H13CNv2=1' (observed-H13CNv2=1-c1)
 ---+ Model: mol_list = ['H13CNv2=1'] @ spa_form=('normal', 71.13097361767959, 66.28735584756797, 1.5443993411584414), spe_form=('skew', 8, 0), z=0.0, grad=('linear', 1.5443993411584414, 68.9915942010904)
+++ Source 'observed-H2C34S' added
 |- Component added to 'observed-H2C34S' (observed-H2C34S-c1)
 ---+ Model: mol_list = ['H2C34S'] @ spa_form=('normal', 116.61779304862367, 42.78731985382466, 0.22338224374935514), spe_form=('skew', 8, 0), z=0.0, grad=('linear', 0.22338224374935514, 134.87689311807847)
[*] Generating cube observerd
  |- Angular Coordinates (deg): ra=0 dec=0
  |- FOV (arcsec): ra=[-0.002777777777777778, 0.002777777777777778] dec=[-0.002777777777777778, 0.002777777777777778]
!!! WARNING: max ALMA bandwidth exceeded
  |- Spectral (MHz): center=277000 bandwidth=[275000.0, 279000.0]
  |- Cube size: 2 x 2 x 4000 
  |- Band: 7
*** Source: observed-H13CNv2=1
  |- Projecting observed-H13CNv2=1-c1
   --+ Generating template image
   --+ Generating template line distribution
   --+ Loading and correcting lines
*** Source: observed-H2C34S
  |- Projecting observed-H2C34S-c1
   --+ Generating template image
   --+ Generating template line distribution
   --+ Loading and correcting lines
      |- Projecting Thioformaldehyde (H2C34S) around 277295.9149 Mhz, at 0.322453116413 K
*** Source: observed-34SO2v=0
  |- Projecting observed-34SO2v=0-c1
   --+ Generating template image
   --+ Generating template line distribution
   --+ Loading and correcting lines
      |- Projecting Sulfur Dioxide (34SO2v=0) around 275434.2181 Mhz, at 0.131712715125 K
*** Source: observed-CH3OHvt=0
  |- Projecting observed-CH3OHvt=0-c1
   --+ Generating template image
   --+ Generating template line distribution
   --+ Loading and correcting lines
      |- Projecting Methanol (CH3OHvt=0) around 275663.705 Mhz, at 0.170993072704 K
      |- Projecting Methanol (CH3OHvt=0) around 276648.18 Mhz, at 1.04065684917 K
      |- Projecting Methanol (CH3OHvt=0) around 276925.919 Mhz, at 0.751482241753 K
      |- Projecting Methanol (CH3OHvt=0) around 277940.773 Mhz, at 0.333999549836 K
      |- Projecting Methanol (CH3OHvt=0) around 278186.616 Mhz, at 0.334012364531 K
      |- Projecting Methanol (CH3OHvt=0) around 278304.51 Mhz, at 0.543558649686 K
      |- Projecting Methanol (CH3OHvt=0) around 278342.257 Mhz, at 0.420357852602 K
      |- Projecting Methanol (CH3OHvt=0) around 278480.23 Mhz, at 0.465595739203 K
      |- Projecting Methanol (CH3OHvt=0) around 278599.055 Mhz, at 0.980932855084 K
      |- Projecting Methanol (CH3OHvt=0) around 278672.92 Mhz, at 0.512255340094 K
      |- Projecting Methanol (CH3OHvt=0) around 278723.25 Mhz, at 0.512260257769 K
      |- Projecting Methanol (CH3OHvt=0) around 278965.129 Mhz, at 0.261726983265 K
*** Source: observed-OS17O
  |- Projecting observed-OS17O-c1
   --+ Generating template image
   --+ Generating template line distribution
   --+ Loading and correcting lines
      |- Projecting Sulfur Dioxide (OS17O) around 275054.7862 Mhz, at 0.807131501529 K
      |- Projecting Sulfur Dioxide (OS17O) around 275142.6319 Mhz, at 1.00375121202 K
      |- Projecting Sulfur Dioxide (OS17O) around 275151.3474 Mhz, at 1.00374973985 K
      |- Projecting Sulfur Dioxide (OS17O) around 275431.4561 Mhz, at 0.881868665347 K
      |- Projecting Sulfur Dioxide (OS17O) around 275846.0173 Mhz, at 0.28062052339 K
      |- Projecting Sulfur Dioxide (OS17O) around 276201.24 Mhz, at 0.593668454474 K
      |- Projecting Sulfur Dioxide (OS17O) around 277061.5867 Mhz, at 0.747415238918 K
      |- Projecting Sulfur Dioxide (OS17O) around 277269.543 Mhz, at 0.131778208762 K
      |- Projecting Sulfur Dioxide (OS17O) around 277365.4535 Mhz, at 0.928465793413 K
*** Source: observed-SO2v2=1
  |- Projecting observed-SO2v2=1-c1
   --+ Generating template image
   --+ Generating template line distribution
   --+ Loading and correcting lines
      |- Projecting Sulfur dioxide (SO2v2=1) around 275061.7269 Mhz, at 0.259958139744 K
      |- Projecting Sulfur dioxide (SO2v2=1) around 278755.1244 Mhz, at 0.207813570837 K
      |- Projecting Sulfur dioxide (SO2v2=1) around 278849.6017 Mhz, at 0.242357574714 K
   -++ Saving FITS: data/cube_variable_width_92.fits
