data/cube_fixed_width_: ('CH3OHvt=0', 'SO2v2=1', 'OS18O', 'OS17O', 'HC15Nv=0', 'H13CNv2=1', 'H13CNv=0', 'H2C18O')
data/cube_fixed_width_: ('SO2v=0', '33SO2', '34SO2v=0', 'SO2v2=1', 'OS18O', 'HC15Nv=0', 'H13CNv2=1', 'H13CNv=0', 'H213CS', 'H2C34S', 'H2C18O', 'H213CO')
data/cube_fixed_width_: ('CH3OHvt=0', '33SO2', '34SO2v=0', 'OS18O', 'OS17O', 'HC15Nv=0', 'H13CNv=0', 'H2C18O')
data/cube_fixed_width_: ('33SO2', 'SO2v2=1', 'OS18O', 'HC15Nv=0', 'H13CNv2=1', 'H2C18O', 'H213CO')
data/cube_fixed_width_: ('SO2v=0', '33SO2', '34SO2v=0', 'H213CO')
data/cube_fixed_width_: ('CH3OHvt=0', 'SO2v2=1', 'OS18O', 'OS17O', 'H13CNv2=1', 'H2C34S', 'H2C18O')
data/cube_fixed_width_: ('CH3OHvt=0', 'SO2v=0', '33SO2', '34SO2v=0', 'OS17O', 'HC15Nv=0', 'H13CNv2=1')
data/cube_fixed_width_: ('CH3OHvt=0', 'SO2v=0', 'OS18O', 'H213CS', 'H2C34S', 'H2C18O', 'H213CO')
data/cube_fixed_width_: ('33SO2', '34SO2v=0', 'SO2v2=1', 'OS18O', 'H13CNv=0', 'H2C34S')
data/cube_fixed_width_: ('CH3OHvt=0', 'SO2v=0', '33SO2', '34SO2v=0', 'HC15Nv=0', 'H2C18O')
data/cube_fixed_width_: ('CH3OHvt=0', '34SO2v=0', 'SO2v2=1', 'OS17O', 'HC15Nv=0', 'H13CNv=0', 'H213CS', 'H213CO')
data/cube_fixed_width_: ('33SO2', '34SO2v=0', 'SO2v2=1', 'H13CNv2=1', 'H13CNv=0', 'H213CS', 'H2C18O')
data/cube_fixed_width_: ('CH3OHvt=0', 'SO2v=0', 'H13CNv2=1', 'H2C34S', 'H213CO')
data/cube_fixed_width_: ('CH3OHvt=0', '33SO2', 'OS17O', 'HC15Nv=0', 'H13CNv=0', 'H2C18O', 'H213CO')
data/cube_fixed_width_: ('CH3OHvt=0', 'SO2v=0', '34SO2v=0', 'SO2v2=1', 'OS18O', 'H13CNv2=1', 'H13CNv=0', 'H213CS', 'H2C34S')
data/cube_fixed_width_: ('CH3OHvt=0', 'SO2v=0', '33SO2', 'OS17O', 'HC15Nv=0', 'H13CNv=0', 'H213CS', 'H2C34S', 'H213CO')
data/cube_fixed_width_: ('SO2v=0', '34SO2v=0', 'SO2v2=1', 'HC15Nv=0', 'H13CNv2=1', 'H13CNv=0', 'H213CS', 'H2C34S', 'H213CO')
data/cube_fixed_width_: ('CH3OHvt=0', 'SO2v=0', 'SO2v2=1', 'HC15Nv=0', 'H13CNv2=1', 'H2C34S')
data/cube_fixed_width_: ('SO2v2=1', 'OS18O', 'H213CS')
data/cube_fixed_width_: ('CH3OHvt=0', 'SO2v=0', '33SO2', '34SO2v=0', 'OS17O', 'HC15Nv=0', 'H13CNv2=1', 'H13CNv=0', 'H2C34S')
data/cube_fixed_width_: ('SO2v=0', 'OS18O', 'OS17O', 'H13CNv2=1', 'H13CNv=0', 'H2C18O', 'H213CO')
data/cube_fixed_width_: ('SO2v=0', 'H13CNv=0', 'H2C34S')
data/cube_fixed_width_: ('CH3OHvt=0', 'SO2v2=1', 'HC15Nv=0', 'H213CS', 'H2C34S', 'H213CO')
data/cube_fixed_width_: ('33SO2', '34SO2v=0', 'OS18O', 'H13CNv2=1', 'H2C34S', 'H2C18O', 'H213CO')
data/cube_fixed_width_: ('SO2v=0', '34SO2v=0', 'SO2v2=1', 'H13CNv2=1', 'H13CNv=0', 'H2C34S', 'H213CO')
