+++ Source 'observed-CH3OHvt=0' added
 |- Component added to 'observed-CH3OHvt=0' (observed-CH3OHvt=0-c1)
 ---+ Model: mol_list = ['CH3OHvt=0'] @ spa_form=('normal', 120.1833036474408, 46.206133156772644, 1.9032446796992484), spe_form=('skew', 8, 0), z=0.0, grad=('linear', 1.9032446796992484, 62.37421739378962)
+++ Source 'observed-34SO2v=0' added
 |- Component added to 'observed-34SO2v=0' (observed-34SO2v=0-c1)
 ---+ Model: mol_list = ['34SO2v=0'] @ spa_form=('normal', 99.47917188670527, 71.95220305503935, 0.4543850481216132), spe_form=('skew', 8, 0), z=0.0, grad=('linear', 0.4543850481216132, 54.06112347811847)
+++ Source 'observed-OS18O' added
 |- Component added to 'observed-OS18O' (observed-OS18O-c1)
 ---+ Model: mol_list = ['OS18O'] @ spa_form=('normal', 93.54085697860535, 74.84675490428789, 0.08027239393028551), spe_form=('skew', 8, 0), z=0.0, grad=('linear', 0.08027239393028551, 81.5491598396778)
+++ Source 'observed-HC15Nv=0' added
 |- Component added to 'observed-HC15Nv=0' (observed-HC15Nv=0-c1)
 ---+ Model: mol_list = ['HC15Nv=0'] @ spa_form=('normal', 143.27320000516866, 78.4862941559416, 1.8308475087115366), spe_form=('skew', 8, 0), z=0.0, grad=('linear', 1.8308475087115366, 108.80152893906592)
+++ Source 'observed-H13CNv2=1' added
 |- Component added to 'observed-H13CNv2=1' (observed-H13CNv2=1-c1)
 ---+ Model: mol_list = ['H13CNv2=1'] @ spa_form=('normal', 149.41208128301253, 84.61741783059047, 3.1155284957683413), spe_form=('skew', 8, 0), z=0.0, grad=('linear', 3.1155284957683413, 137.96136179877712)
+++ Source 'observed-H13CNv=0' added
 |- Component added to 'observed-H13CNv=0' (observed-H13CNv=0-c1)
 ---+ Model: mol_list = ['H13CNv=0'] @ spa_form=('normal', 99.24203033936553, 77.5349677003604, 2.485434017353085), spe_form=('skew', 8, 0), z=0.0, grad=('linear', 2.485434017353085, 99.39873605974861)
[*] Generating cube observerd
  |- Angular Coordinates (deg): ra=0 dec=0
  |- FOV (arcsec): ra=[-0.002777777777777778, 0.002777777777777778] dec=[-0.002777777777777778, 0.002777777777777778]
!!! WARNING: max ALMA bandwidth exceeded
  |- Spectral (MHz): center=277000 bandwidth=[275000.0, 279000.0]
  |- Cube size: 2 x 2 x 4000 
  |- Band: 7
*** Source: observed-OS18O
  |- Projecting observed-OS18O-c1
   --+ Generating template image
   --+ Generating template line distribution
   --+ Loading and correcting lines
      |- Projecting Sulfur Dioxide (OS18O) around 275207.6031 Mhz, at 0.652265271575 K
      |- Projecting Sulfur Dioxide (OS18O) around 275282.0764 Mhz, at 1.20867492767 K
      |- Projecting Sulfur Dioxide (OS18O) around 275454.6038 Mhz, at 0.543576800634 K
      |- Projecting Sulfur Dioxide (OS18O) around 275552.9984 Mhz, at 1.49944882679 K
      |- Projecting Sulfur Dioxide (OS18O) around 275646.3336 Mhz, at 0.26808838049 K
      |- Projecting Sulfur Dioxide (OS18O) around 276002.289 Mhz, at 1.58258659161 K
      |- Projecting Sulfur Dioxide (OS18O) around 276274.7786 Mhz, at 0.971320550029 K
      |- Projecting Sulfur Dioxide (OS18O) around 276277.2242 Mhz, at 0.641053791028 K
      |- Projecting Sulfur Dioxide (OS18O) around 276567.9332 Mhz, at 0.12163961172 K
      |- Projecting Sulfur Dioxide (OS18O) around 276568.1446 Mhz, at 0.12163961172 K
      |- Projecting Sulfur Dioxide (OS18O) around 277080.9497 Mhz, at 1.05212019169 K
      |- Projecting Sulfur Dioxide (OS18O) around 277088.3147 Mhz, at 1.05211913957 K
      |- Projecting Sulfur Dioxide (OS18O) around 278393.6459 Mhz, at 0.724575116914 K
